------------------------------------------------------------------------------------------------------------------------------------------------------------------------------------------------------------------------------------------------------------
      name:  <unnamed>
       log:  E:\analyses\covid-vs-noncovid-deaths-research\analysis/output/an_covidvsnoncovid_full_2019.log
  log type:  text
 opened on:  19 Feb 2021, 22:57:13

. 
. use  ./analysis/cr_create_analysis_dataset_`1'_STSET.dta, clear

. 
. `check'

.         
. `genoutput1'

. `genoutput2'

.         
. foreach outcome of local outcomes{
  2.         tab `outcome'
  3. }

primarycare |
      death |      Freq.     Percent        Cum.
------------+-----------------------------------
          0 | 17,132,364       99.25       99.25
          1 |    129,364        0.75      100.00
------------+-----------------------------------
      Total | 17,261,728      100.00

.         
. **MULTIVARIATE
. cap prog drop baselogistic 

. prog define baselogistic
  1.         syntax , outcome(string) age(string) bp(string) [ethnicity(real 0) if(string)] 
  2. 
.         if `ethnicity'==1 local ethnicity "i.ethnicity"
  3.         else local ethnicity
  4. 
. cap logistic `outcome' `age'                    ///
>                         i.male                                                  ///
>                         i.obese4cat                                             ///
>                         i.smoke_nomiss                                  ///
>                         `ethnicity'                                             ///
>                         i.imd                                                   ///
>                         `bp'                                                    ///
>                         i.chronic_respiratory_disease   ///
>                         i.asthmacat                                             ///
>                         i.chronic_cardiac_disease               ///
>                         i.diabcat                                               ///
>                         i.cancer_exhaem_cat                             ///
>                         i.cancer_haem_cat                               ///
>                         i.chronic_liver_disease                 ///
>                         i.stroke                                                ///     
>                         i.dementia                                              ///
>                         i.other_neuro                                   ///
>                         i.reduced_kidney_function_cat2  ///
>                         i.organ_transplant                              ///
>                         i.spleen                                                ///
>                         i.ra_sle_psoriasis                      ///
>                         i.other_immunosuppression               ///
>                         i.stp
  5.                         
. end                     

. 
. foreach outcome of local outcomes{
  2.         baselogistic, outcome(`outcome') age("age1 age2 age3")  bp("i.htdiag_or_highbp") ethnicity(0)
  3.         if _rc==0{
  4.         estimates
  5.         estimates save ./analysis/output/models/an_covidvsnoncovid_full_`1'_`outcome'_agespline_bmicat_noeth, replace
  6.         }
  7.         else di "WARNING AGE SPLINE MODEL DID NOT FIT (OUTCOME `outcome')"
  8.          
.         *Age group model (not adj ethnicity)
.         baselogistic, outcome(`outcome') age("ib3.agegroup") bp("i.htdiag_or_highbp") ethnicity(0)
  9.         if _rc==0{
 10.         estimates
 11.         estimates save ./analysis/output/models/an_covidvsnoncovid_full_`1'_`outcome'_agegroup_bmicat_noeth, replace
 12.         }
 13.         else di "WARNING GROUP MODEL DID NOT FIT (OUTCOME `outcome')"
 14. 
.         *Complete case ethnicity model
.         baselogistic, outcome(`outcome') age("age1 age2 age3") bp("i.htdiag_or_highbp") ethnicity(1)
 15.         if _rc==0{
 16.         estimates
 17.         estimates save ./analysis/output/models/an_covidvsnoncovid_full_`1'_`outcome'_agespline_bmicat_CCeth, replace
 18.          }
 19.          else di "WARNING CC ETHNICITY MODEL WITH AGESPLINE DID NOT FIT (OUTCOME `outcome')"
 20. } 

------------------------------------------------------------------------------------------------------------------------------------------------------------------------------------------------------------------------------------------------------------
active results
------------------------------------------------------------------------------------------------------------------------------------------------------------------------------------------------------------------------------------------------------------

Logistic regression                             Number of obs     = 17,261,728
                                                LR chi2(69)       =  427966.81
                                                Prob > chi2       =     0.0000
Log likelihood = -547952.49                     Pseudo R2         =     0.2808

-----------------------------------------------------------------------------------------------
             primarycaredeath | Odds Ratio   Std. Err.      z    P>|z|     [95% Conf. Interval]
------------------------------+----------------------------------------------------------------
                         age1 |   1.106228   .0035765    31.23   0.000      1.09924     1.11326
                         age2 |   .8862864    .006799   -15.74   0.000     .8730602    .8997129
                         age3 |   1.477119   .0276598    20.83   0.000     1.423889    1.532338
                       1.male |   1.126507   .0068744    19.52   0.000     1.113114    1.140062
                              |
                    obese4cat |
           Obese I (30-34.9)  |   .7611018    .006902   -30.10   0.000     .7476935    .7747504
          Obese II (35-39.9)  |   .8911772   .0126361    -8.13   0.000     .8667518    .9162909
             Obese III (40+)  |   1.214724   .0237535     9.95   0.000     1.169049    1.262184
                              |
                 smoke_nomiss |
                      Former  |   1.164748   .0079102    22.46   0.000     1.149347    1.180355
                     Current  |   2.102513   .0207649    75.24   0.000     2.062206    2.143608
                              |
                          imd |
                           2  |   1.086853   .0101413     8.93   0.000     1.067157    1.106912
                           3  |   1.172105   .0109685    16.97   0.000     1.150803    1.193802
                           4  |   1.287011   .0122924    26.42   0.000     1.263143    1.311331
             5 most deprived  |   1.409225   .0139004    34.78   0.000     1.382243    1.436735
                              |
           1.htdiag_or_highbp |   .9719239   .0067621    -4.09   0.000     .9587603    .9852682
1.chronic_respiratory_disease |   1.950434    .014992    86.91   0.000     1.921271    1.980041
                              |
                    asthmacat |
                 Yes, no OCS  |   .9545702   .0091388    -4.86   0.000     .9368254     .972651
                Yes with OCS  |   .9350893   .0178495    -3.52   0.000     .9007513    .9707363
                              |
    1.chronic_cardiac_disease |   1.474903   .0098947    57.92   0.000     1.455637    1.494425
                              |
                      diabcat |
         Controlled diabetes  |   1.164121   .0095778    18.47   0.000     1.145499    1.183045
       Uncontrolled diabetes  |   1.522063   .0177967    35.93   0.000     1.487578    1.557346
  Diabetes, no hba1c measure  |   1.740064   .0299633    32.17   0.000     1.682317    1.799793
                              |
            cancer_exhaem_cat |
                   Last year  |    10.3706   .1305612   185.79   0.000     10.11784    10.62968
               2-5 years ago  |   3.504335   .0386151   113.80   0.000     3.429463    3.580843
                    5+ years  |   1.583368   .0144412    50.39   0.000     1.555316    1.611927
                              |
              cancer_haem_cat |
                   Last year  |   4.581918   .1922781    36.27   0.000     4.220142    4.974708
               2-5 years ago  |   2.497684   .0768865    29.74   0.000     2.351445    2.653017
                    5+ years  |   1.862526   .0445376    26.01   0.000     1.777248    1.951896
                              |
      1.chronic_liver_disease |   3.721087   .0706537    69.20   0.000     3.585153    3.862175
                     1.stroke |   1.475985   .0132637    43.32   0.000     1.450217    1.502212
                   1.dementia |   2.790069   .0429477    66.66   0.000      2.70715    2.875527
                1.other_neuro |   2.638409   .0374979    68.26   0.000     2.565928    2.712936
                              |
 reduced_kidney_function_cat2 |
Stage 3a/3b egfr 30-60        |   1.144615   .0082316    18.78   0.000     1.128594    1.160863
         Stage 4 egfr 15-<30  |   2.195602   .0324593    53.20   0.000     2.132896    2.260152
Stage 5 egfr <15 or dialysis  |   6.062166   .1556338    70.19   0.000     5.764677    6.375007
                              |
           1.organ_transplant |   .9048985   .0463293    -1.95   0.051      .818502    1.000414
                     1.spleen |   1.558079   .0694412     9.95   0.000     1.427751    1.700302
           1.ra_sle_psoriasis |   1.135884   .0121327    11.93   0.000     1.112352    1.159915
    1.other_immunosuppression |   2.283119   .1003304    18.79   0.000     2.094705    2.488479
                              |
                          stp |
                           2  |   .5121763    .124552    -2.75   0.006     .3179967    .8249286
                           3  |   .5535646   .1347028    -2.43   0.015     .3435891    .8918611
                           4  |    .503352   .1232203    -2.80   0.005     .3115287    .8132901
                           5  |   .6143056    .150748    -1.99   0.047     .3797548     .993724
                           6  |    .510489   .1242291    -2.76   0.006     .3168428    .8224867
                           7  |   .3838242   .0958858    -3.83   0.000     .2352273    .6262922
                           8  |   .5393076   .1312926    -2.54   0.011     .3346681    .8690779
                           9  |   .5089806    .123957    -2.77   0.006      .315791    .8203566
                          10  |   .5489517   .1336226    -2.46   0.014     .3406745    .8845626
                          11  |   .5393082   .1313079    -2.54   0.011     .3346501    .8691267
                          12  |   .4736548   .1157364    -3.06   0.002     .2934087    .7646293
                          13  |     .37633   .0918246    -4.01   0.000     .2332789    .6071029
                          14  |   .5203815   .1268579    -2.68   0.007     .3227135    .8391248
                          15  |   .4957097   .1207527    -2.88   0.004     .3075236    .7990544
                          16  |   .4917494   .1196972    -2.92   0.004     .3051772    .7923839
                          17  |   .5158102   .1256144    -2.72   0.007     .3200355    .8313458
                          18  |   .4984813   .1214211    -2.86   0.004     .3092513    .8035008
                          19  |   .4770573   .1162408    -3.04   0.002     .2959136    .7690883
                          20  |   .5672904    .138064    -2.33   0.020     .3520828     .914042
                          21  |   .3176245    .077405    -4.71   0.000     .1970046    .5120962
                          22  |   .3143597   .0795995    -4.57   0.000     .1913783    .5163698
                          23  |   .4678265   .1139217    -3.12   0.002     .2902729    .7539857
                          24  |   .5223884   .1314249    -2.58   0.010     .3190394    .8553478
                          25  |    .488732   .1194462    -2.93   0.003     .3027171    .7890502
                          26  |   .5146637   .1252994    -2.73   0.006     .3193677    .8293847
                          27  |   .4984999   .1213939    -2.86   0.004     .3093014    .8034303
                          28  |   .4927802   .1199785    -2.91   0.004     .3057799     .794141
                          29  |   .4962319   .1209129    -2.88   0.004     .3078075    .8000004
                          30  |   .5279298   .1287201    -2.62   0.009     .3273677    .8513663
                          31  |   .4818427   .1249331    -2.82   0.005     .2898706    .8009518
                          32  |    .551238   .1340637    -2.45   0.014     .3422339    .8878823
                              |
                        _cons |   .0000226   6.04e-06   -39.99   0.000     .0000134    .0000381
-----------------------------------------------------------------------------------------------
Note: _cons estimates baseline odds.
file ./analysis/output/models/an_covidvsnoncovid_full_2019_primarycaredeath_agespline_bmicat_noeth.ster saved

------------------------------------------------------------------------------------------------------------------------------------------------------------------------------------------------------------------------------------------------------------
active results
------------------------------------------------------------------------------------------------------------------------------------------------------------------------------------------------------------------------------------------------------------

Logistic regression                             Number of obs     = 17,261,728
                                                LR chi2(71)       =  402904.31
                                                Prob > chi2       =     0.0000
Log likelihood = -560483.75                     Pseudo R2         =     0.2644

-----------------------------------------------------------------------------------------------
             primarycaredeath | Odds Ratio   Std. Err.      z    P>|z|     [95% Conf. Interval]
------------------------------+----------------------------------------------------------------
                     agegroup |
                      18-<40  |   .1759963   .0042907   -71.26   0.000     .1677844    .1846101
                      40-<50  |    .487458   .0103455   -33.86   0.000     .4675972    .5081625
                      60-<70  |   2.051501   .0291641    50.55   0.000     1.995129    2.109465
                      70-<80  |   4.182759   .0560922   106.71   0.000     4.074253    4.294156
                         80+  |   14.32383    .192325   198.25   0.000      13.9518    14.70578
                              |
                       1.male |   1.048489    .006319     7.86   0.000     1.036177    1.060948
                              |
                    obese4cat |
           Obese I (30-34.9)  |   .6913858   .0062259   -40.98   0.000     .6792902    .7036967
          Obese II (35-39.9)  |   .7831087   .0110542   -17.32   0.000     .7617399     .805077
             Obese III (40+)  |   1.035471   .0202035     1.79   0.074     .9966204    1.075836
                              |
                 smoke_nomiss |
                      Former  |   1.161043   .0078374    22.12   0.000     1.145783    1.176506
                     Current  |   1.901583   .0185708    65.81   0.000     1.865531    1.938332
                              |
                          imd |
                           2  |   1.086921   .0100837     8.98   0.000     1.067335    1.106865
                           3  |   1.172262   .0109076    17.08   0.000     1.151077    1.193837
                           4  |   1.286637   .0122268    26.52   0.000     1.262894    1.310825
             5 most deprived  |   1.402407   .0137691    34.45   0.000     1.375678    1.429655
                              |
           1.htdiag_or_highbp |   1.022513   .0070867     3.21   0.001     1.008717    1.036497
1.chronic_respiratory_disease |   1.924291   .0147458    85.42   0.000     1.895606    1.953411
                              |
                    asthmacat |
                 Yes, no OCS  |   .9271709   .0088312    -7.94   0.000     .9100227    .9446423
                Yes with OCS  |   .9030355   .0171772    -5.36   0.000     .8699887    .9373376
                              |
    1.chronic_cardiac_disease |   1.556748   .0104246    66.10   0.000     1.536449    1.577314
                              |
                      diabcat |
         Controlled diabetes  |   1.126247   .0092473    14.48   0.000     1.108267    1.144518
       Uncontrolled diabetes  |   1.406485   .0164031    29.25   0.000       1.3747    1.439004
  Diabetes, no hba1c measure  |   1.790373   .0305968    34.08   0.000     1.731398    1.851357
                              |
            cancer_exhaem_cat |
                   Last year  |    10.0512    .125721   184.50   0.000     9.807784    10.30065
               2-5 years ago  |    3.42464   .0375207   112.36   0.000     3.351885    3.498975
                    5+ years  |   1.623337   .0147274    53.40   0.000     1.594727     1.65246
                              |
              cancer_haem_cat |
                   Last year  |   4.361521   .1823226    35.23   0.000     4.018423    4.733914
               2-5 years ago  |   2.373251   .0728707    28.15   0.000      2.23464     2.52046
                    5+ years  |   1.831725   .0435723    25.44   0.000     1.748285    1.919148
                              |
      1.chronic_liver_disease |   3.500473    .066336    66.11   0.000     3.372842    3.632934
                     1.stroke |   1.560536   .0139641    49.73   0.000     1.533405    1.588146
                   1.dementia |   3.154488   .0482754    75.07   0.000     3.061275    3.250539
                1.other_neuro |    2.55008   .0360613    66.20   0.000     2.480371    2.621747
                              |
 reduced_kidney_function_cat2 |
Stage 3a/3b egfr 30-60        |   1.358372   .0096055    43.31   0.000     1.339676     1.37733
         Stage 4 egfr 15-<30  |   2.920352    .042517    73.61   0.000     2.838198    3.004884
Stage 5 egfr <15 or dialysis  |   6.480822   .1648928    73.45   0.000     6.165564      6.8122
                              |
           1.organ_transplant |   .7816759     .03999    -4.81   0.000     .7070983    .8641191
                     1.spleen |   1.498927   .0664951     9.12   0.000     1.374104    1.635089
           1.ra_sle_psoriasis |   1.107114   .0117759     9.57   0.000     1.084272    1.130436
    1.other_immunosuppression |   2.135119   .0935064    17.32   0.000     1.959495    2.326484
                              |
                          stp |
                           2  |   .4928164   .1191187    -2.93   0.003     .3068606    .7914604
                           3  |   .5301121   .1282153    -2.62   0.009     .3299835    .8516148
                           4  |   .4746826   .1155001    -3.06   0.002     .2946377     .764748
                           5  |   .5837793   .1423939    -2.21   0.027      .361931     .941611
                           6  |   .4912336   .1188201    -2.94   0.003     .3057726    .7891827
                           7  |   .3730885   .0926432    -3.97   0.000     .2293223    .6069843
                           8  |   .5164196   .1249601    -2.73   0.006     .3213914    .8297959
                           9  |   .4911456   .1188898    -2.94   0.003     .3056068    .7893278
                          10  |   .5310301   .1284785    -2.62   0.009     .3305048    .8532191
                          11  |   .5248549   .1270152    -2.66   0.008      .326624     .843394
                          12  |   .4535053   .1101444    -3.26   0.001     .2817397    .7299895
                          13  |   .3675612   .0891435    -4.13   0.000     .2285022     .591247
                          14  |   .4989531   .1208988    -2.87   0.004     .3103197    .8022505
                          15  |   .4860579    .117685    -2.98   0.003     .3024084    .7812358
                          16  |   .4843139   .1171739    -3.00   0.003     .3014318    .7781528
                          17  |   .4993224   .1208631    -2.87   0.004     .3107021      .80245
                          18  |   .4774324    .115591    -3.05   0.002     .2970488    .7673546
                          19  |   .4661177   .1128885    -3.15   0.002      .289964    .7492852
                          20  |   .5517598   .1334716    -2.46   0.014     .3434337    .8864558
                          21  |   .3109376   .0753173    -4.82   0.000     .1934148    .4998695
                          22  |   .2994477   .0753706    -4.79   0.000     .1828414    .4904191
                          23  |    .464788   .1124964    -3.17   0.002     .2892223    .7469269
                          24  |   .5080942   .1270654    -2.71   0.007     .3112244     .829497
                          25  |    .476768   .1158167    -3.05   0.002     .2961644    .7675054
                          26  |   .5060638   .1224596    -2.81   0.005     .3149399    .8131729
                          27  |   .4873586   .1179623    -2.97   0.003     .3032635    .7832079
                          28  |   .4886477   .1182521    -2.96   0.003     .3040928    .7852096
                          29  |   .4935643   .1195345    -2.92   0.004     .3070397    .7934016
                          30  |   .5135835   .1244641    -2.75   0.006     .3193942    .8258383
                          31  |   .4654682   .1199602    -2.97   0.003     .2808786    .7713673
                          32  |   .5273783   .1274844    -2.65   0.008     .3283668    .8470034
                              |
                        _cons |   .0028745   .0006955   -24.18   0.000     .0017889    .0046187
-----------------------------------------------------------------------------------------------
Note: _cons estimates baseline odds.
file ./analysis/output/models/an_covidvsnoncovid_full_2019_primarycaredeath_agegroup_bmicat_noeth.ster saved

------------------------------------------------------------------------------------------------------------------------------------------------------------------------------------------------------------------------------------------------------------
active results
------------------------------------------------------------------------------------------------------------------------------------------------------------------------------------------------------------------------------------------------------------

Logistic regression                             Number of obs     = 12,867,303
                                                LR chi2(73)       =  302221.78
                                                Prob > chi2       =     0.0000
Log likelihood = -389522.89                     Pseudo R2         =     0.2795

-----------------------------------------------------------------------------------------------
             primarycaredeath | Odds Ratio   Std. Err.      z    P>|z|     [95% Conf. Interval]
------------------------------+----------------------------------------------------------------
                         age1 |   1.114652   .0044834    26.99   0.000     1.105899    1.123474
                         age2 |   .8642536   .0081325   -15.50   0.000     .8484603    .8803409
                         age3 |   1.578271   .0360569    19.97   0.000      1.50916    1.650547
                       1.male |   1.138811   .0082836    17.87   0.000     1.122691    1.155163
                              |
                    obese4cat |
           Obese I (30-34.9)  |   .7620973   .0080905   -25.59   0.000      .746404    .7781206
          Obese II (35-39.9)  |   .8741059   .0145664    -8.07   0.000     .8460175    .9031268
             Obese III (40+)  |    1.19529    .027362     7.79   0.000     1.142846    1.250139
                              |
                 smoke_nomiss |
                      Former  |     1.1613   .0095446    18.19   0.000     1.142742    1.180158
                     Current  |   2.074074   .0244988    61.76   0.000     2.026609    2.122651
                              |
                    ethnicity |
                       Mixed  |   .8481295   .0486213    -2.87   0.004     .7579921    .9489856
      Asian or Asian British  |   .7578773    .016755   -12.54   0.000     .7257393    .7914384
                       Black  |   .7029348   .0257244    -9.63   0.000     .6542816    .7552059
                       Other  |   .6565643   .0310811    -8.89   0.000     .5983872    .7203976
                              |
                          imd |
                           2  |    1.09606    .012473     8.06   0.000     1.071884    1.120782
                           3  |   1.190576    .013571    15.30   0.000     1.164273    1.217474
                           4  |   1.324628   .0152742    24.38   0.000     1.295026    1.354905
             5 most deprived  |     1.4649   .0173063    32.32   0.000      1.43137    1.499215
                              |
           1.htdiag_or_highbp |   .9754758   .0081381    -2.98   0.003      .959655    .9915574
1.chronic_respiratory_disease |   1.975089   .0177501    75.73   0.000     1.940604    2.010187
                              |
                    asthmacat |
                 Yes, no OCS  |   .9686284   .0108276    -2.85   0.004     .9476375    .9900844
                Yes with OCS  |   .9245241   .0205481    -3.53   0.000     .8851152    .9656876
                              |
    1.chronic_cardiac_disease |   1.487315    .011871    49.74   0.000      1.46423    1.510765
                              |
                      diabcat |
         Controlled diabetes  |   1.190213   .0115373    17.96   0.000     1.167814    1.213042
       Uncontrolled diabetes  |    1.56332   .0214513    32.56   0.000     1.521836    1.605934
  Diabetes, no hba1c measure  |   1.804578   .0365065    29.18   0.000     1.734426    1.877567
                              |
            cancer_exhaem_cat |
                   Last year  |   10.55135   .1566928   158.66   0.000     10.24867    10.86298
               2-5 years ago  |   3.551842    .046355    97.12   0.000      3.46214    3.643868
                    5+ years  |   1.589837   .0173331    42.53   0.000     1.556225    1.624174
                              |
              cancer_haem_cat |
                   Last year  |   4.864674   .2389315    32.21   0.000     4.418211    5.356253
               2-5 years ago  |   2.520326   .0919623    25.33   0.000     2.346378    2.707171
                    5+ years  |   1.821755   .0523062    20.89   0.000     1.722068    1.927212
                              |
      1.chronic_liver_disease |   3.763229   .0824232    60.51   0.000     3.605101    3.928293
                     1.stroke |   1.488907   .0158443    37.40   0.000     1.458174    1.520287
                   1.dementia |   2.857613   .0518157    57.91   0.000      2.75784    2.960996
                1.other_neuro |   2.565285   .0435489    55.49   0.000     2.481335    2.652075
                              |
 reduced_kidney_function_cat2 |
Stage 3a/3b egfr 30-60        |   1.147275   .0099123    15.90   0.000     1.128011    1.166868
         Stage 4 egfr 15-<30  |   2.200463   .0389474    44.56   0.000     2.125436    2.278138
Stage 5 egfr <15 or dialysis  |   6.376409   .1927326    61.29   0.000     6.009632    6.765572
                              |
           1.organ_transplant |   .8793385   .0534694    -2.11   0.034     .7805444     .990637
                     1.spleen |   1.569051   .0818898     8.63   0.000     1.416486    1.738049
           1.ra_sle_psoriasis |   1.140888   .0143548    10.48   0.000     1.113097    1.169373
    1.other_immunosuppression |   2.296292   .1172268    16.28   0.000     2.077652     2.53794
                              |
                          stp |
                           2  |   .4948632   .1395669    -2.49   0.013     .2847211    .8601034
                           3  |   .5250778   .1482048    -2.28   0.022      .301974    .9130149
                           4  |   .4423963   .1256824    -2.87   0.004     .2535068    .7720283
                           5  |    .571705   .1628382    -1.96   0.050     .3271335    .9991229
                           6  |   .4813949   .1358592    -2.59   0.010     .2768698     .837004
                           7  |   .3262802    .094827    -3.85   0.000     .1845888    .5767346
                           8  |   .5109657   .1442796    -2.38   0.017     .2937926    .8886741
                           9  |   .4825289   .1363028    -2.58   0.010     .2773827    .8393968
                          10  |    .516426   .1457886    -2.34   0.019     .2969691     .898059
                          11  |   .5247008   .1481492    -2.28   0.022     .3016998    .9125326
                          12  |   .4802298   .1360639    -2.59   0.010     .2755989     .836798
                          13  |   .3587277    .101499    -3.62   0.000     .2060271    .6246048
                          14  |     .47791   .1351222    -2.61   0.009     .2745878    .8317851
                          15  |   .4717334   .1332524    -2.66   0.008     .2711779     .820614
                          16  |   .4566514   .1289264    -2.78   0.005     .2625821    .7941535
                          17  |   .4547316   .1284365    -2.79   0.005     .2614194    .7909925
                          18  |   .4696118   .1327133    -2.67   0.007     .2698905    .8171287
                          19  |    .465344   .1315472    -2.71   0.007     .2673927    .8098391
                          20  |   .5217434   .1473118    -2.30   0.021     .3000021    .9073812
                          21  |   .3372204   .0952821    -3.85   0.000     .1938232    .5867079
                          22  |   .3182967   .0935126    -3.90   0.000     .1789604    .5661185
                          23  |   .4397637   .1242887    -2.91   0.004     .2527247    .7652286
                          24  |   .4155685   .1240893    -2.94   0.003     .2314583    .7461264
                          25  |   .4620129   .1314344    -2.71   0.007     .2645467    .8068741
                          26  |   .4637859   .1310186    -2.72   0.007     .2665967    .8068268
                          27  |   .4814396   .1360416    -2.59   0.010     .2767042    .8376603
                          28  |   .4592977   .1297084    -2.76   0.006     .2640644    .7988748
                          29  |   .4609633   .1303467    -2.74   0.006     .2648328    .8023445
                          30  |   .4980811   .1409178    -2.46   0.014     .2860731    .8672077
                          31  |   .5042929   .1514999    -2.28   0.023     .2798753    .9086594
                          32  |   .5192303   .1464512    -2.32   0.020     .2987273    .9024957
                              |
                        _cons |   .0000185   5.82e-06   -34.63   0.000     9.98e-06    .0000343
-----------------------------------------------------------------------------------------------
Note: _cons estimates baseline odds.
file ./analysis/output/models/an_covidvsnoncovid_full_2019_primarycaredeath_agespline_bmicat_CCeth.ster saved

. 
end of do-file

. exit, clear
