------------------------------------------------------------------------------------------------------------------------------------------------------------------------------------------------------------------------------------------------------------
      name:  <unnamed>
       log:  E:\analyses\covid-vs-noncovid-deaths-research\analysis/output/an_covidvsnoncovid_full_MAIN.log
  log type:  text
 opened on:  19 Feb 2021, 22:57:13

. 
. use  ./analysis/cr_create_analysis_dataset_`1'_STSET.dta, clear

. 
. `check'

.         
. `genoutput1'

. `genoutput2'

.         
. foreach outcome of local outcomes{
  2.         tab `outcome'
  3. }

 coviddeath |      Freq.     Percent        Cum.
------------+-----------------------------------
          0 | 17,439,452       99.90       99.90
          1 |     17,063        0.10      100.00
------------+-----------------------------------
      Total | 17,456,515      100.00

noncoviddea |
         th |      Freq.     Percent        Cum.
------------+-----------------------------------
          0 | 17,322,199       99.23       99.23
          1 |    134,316        0.77      100.00
------------+-----------------------------------
      Total | 17,456,515      100.00

.         
. **MULTIVARIATE
. cap prog drop baselogistic 

. prog define baselogistic
  1.         syntax , outcome(string) age(string) bp(string) [ethnicity(real 0) if(string)] 
  2. 
.         if `ethnicity'==1 local ethnicity "i.ethnicity"
  3.         else local ethnicity
  4. 
. cap logistic `outcome' `age'                    ///
>                         i.male                                                  ///
>                         i.obese4cat                                             ///
>                         i.smoke_nomiss                                  ///
>                         `ethnicity'                                             ///
>                         i.imd                                                   ///
>                         `bp'                                                    ///
>                         i.chronic_respiratory_disease   ///
>                         i.asthmacat                                             ///
>                         i.chronic_cardiac_disease               ///
>                         i.diabcat                                               ///
>                         i.cancer_exhaem_cat                             ///
>                         i.cancer_haem_cat                               ///
>                         i.chronic_liver_disease                 ///
>                         i.stroke                                                ///     
>                         i.dementia                                              ///
>                         i.other_neuro                                   ///
>                         i.reduced_kidney_function_cat2  ///
>                         i.organ_transplant                              ///
>                         i.spleen                                                ///
>                         i.ra_sle_psoriasis                      ///
>                         i.other_immunosuppression               ///
>                         i.stp
  5.                         
. end                     

. 
. foreach outcome of local outcomes{
  2.         baselogistic, outcome(`outcome') age("age1 age2 age3")  bp("i.htdiag_or_highbp") ethnicity(0)
  3.         if _rc==0{
  4.         estimates
  5.         estimates save ./analysis/output/models/an_covidvsnoncovid_full_`1'_`outcome'_agespline_bmicat_noeth, replace
  6.         }
  7.         else di "WARNING AGE SPLINE MODEL DID NOT FIT (OUTCOME `outcome')"
  8.          
.         *Age group model (not adj ethnicity)
.         baselogistic, outcome(`outcome') age("ib3.agegroup") bp("i.htdiag_or_highbp") ethnicity(0)
  9.         if _rc==0{
 10.         estimates
 11.         estimates save ./analysis/output/models/an_covidvsnoncovid_full_`1'_`outcome'_agegroup_bmicat_noeth, replace
 12.         }
 13.         else di "WARNING GROUP MODEL DID NOT FIT (OUTCOME `outcome')"
 14. 
.         *Complete case ethnicity model
.         baselogistic, outcome(`outcome') age("age1 age2 age3") bp("i.htdiag_or_highbp") ethnicity(1)
 15.         if _rc==0{
 16.         estimates
 17.         estimates save ./analysis/output/models/an_covidvsnoncovid_full_`1'_`outcome'_agespline_bmicat_CCeth, replace
 18.          }
 19.          else di "WARNING CC ETHNICITY MODEL WITH AGESPLINE DID NOT FIT (OUTCOME `outcome')"
 20. } 

------------------------------------------------------------------------------------------------------------------------------------------------------------------------------------------------------------------------------------------------------------
active results
------------------------------------------------------------------------------------------------------------------------------------------------------------------------------------------------------------------------------------------------------------

Logistic regression                             Number of obs     = 17,456,515
                                                LR chi2(69)       =   63687.49
                                                Prob > chi2       =     0.0000
Log likelihood = -103466.99                     Pseudo R2         =     0.2353

-----------------------------------------------------------------------------------------------
                   coviddeath | Odds Ratio   Std. Err.      z    P>|z|     [95% Conf. Interval]
------------------------------+----------------------------------------------------------------
                         age1 |   1.177276   .0213173     9.01   0.000     1.136228    1.219808
                         age2 |   .8705876   .0342121    -3.53   0.000     .8060504    .9402921
                         age3 |   1.399564   .1271471     3.70   0.000     1.171286    1.672331
                       1.male |   1.560917   .0254632    27.30   0.000       1.5118    1.611631
                              |
                    obese4cat |
           Obese I (30-34.9)  |   1.060831   .0231004     2.71   0.007     1.016508    1.107087
          Obese II (35-39.9)  |   1.412953     .04518    10.81   0.000      1.32712    1.504338
             Obese III (40+)  |   2.037969   .0879143    16.50   0.000     1.872744    2.217772
                              |
                 smoke_nomiss |
                      Former  |   1.207456   .0211325    10.77   0.000      1.16674    1.249594
                     Current  |   .9236354   .0316665    -2.32   0.021     .8636095    .9878334
                              |
                          imd |
                           2  |   1.129659   .0294512     4.68   0.000     1.073386    1.188883
                           3  |   1.271278   .0331025     9.22   0.000     1.208027    1.337842
                           4  |   1.576588   .0403472    17.79   0.000      1.49946    1.657684
             5 most deprived  |   1.791973   .0464935    22.48   0.000     1.703126    1.885455
                              |
           1.htdiag_or_highbp |   .9042107   .0168718    -5.40   0.000     .8717399    .9378909
1.chronic_respiratory_disease |   1.644879   .0331465    24.70   0.000     1.581179    1.711145
                              |
                    asthmacat |
                 Yes, no OCS  |   1.006037   .0249876     0.24   0.809      .958235    1.056223
                Yes with OCS  |   1.172606   .0527057     3.54   0.000     1.073724    1.280594
                              |
    1.chronic_cardiac_disease |   1.233062   .0213179    12.12   0.000      1.19198     1.27556
                              |
                      diabcat |
         Controlled diabetes  |    1.25358    .025403    11.15   0.000     1.204766     1.30437
       Uncontrolled diabetes  |   1.930278    .050266    25.26   0.000      1.83423    2.031355
  Diabetes, no hba1c measure  |   1.785685   .0733889    14.11   0.000     1.647486    1.935477
                              |
            cancer_exhaem_cat |
                   Last year  |   1.420239   .0841968     5.92   0.000     1.264443    1.595231
               2-5 years ago  |   1.096175   .0439316     2.29   0.022     1.013366    1.185751
                    5+ years  |   .9692078   .0247858    -1.22   0.221     .9218259    1.019025
                              |
              cancer_haem_cat |
                   Last year  |   2.407463   .3208567     6.59   0.000     1.854023     3.12611
               2-5 years ago  |   2.236214   .1767682    10.18   0.000     1.915259    2.610953
                    5+ years  |   1.635945   .1018786     7.90   0.000     1.447971     1.84832
                              |
      1.chronic_liver_disease |   1.745772   .1101648     8.83   0.000     1.542672    1.975612
                     1.stroke |   1.526762   .0331988    19.46   0.000     1.463061    1.593237
                   1.dementia |   3.622951   .1111989    41.94   0.000     3.411431    3.847586
                1.other_neuro |   2.712952   .0891975    30.36   0.000     2.543642    2.893532
                              |
 reduced_kidney_function_cat2 |
Stage 3a/3b egfr 30-60        |   1.300483   .0238688    14.32   0.000     1.254533    1.348117
         Stage 4 egfr 15-<30  |   2.042502   .0730098    19.98   0.000     1.904303    2.190731
Stage 5 egfr <15 or dialysis  |   4.581323   .2759041    25.27   0.000     4.071257    5.155294
                              |
           1.organ_transplant |   1.619371   .1872567     4.17   0.000     1.290973    2.031307
                     1.spleen |     1.2617   .1680409     1.75   0.081      .971825     1.63804
           1.ra_sle_psoriasis |   1.224452   .0331561     7.48   0.000     1.161162    1.291192
    1.other_immunosuppression |    2.03358   .2477441     5.83   0.000     1.601631    2.582024
                              |
                          stp |
                           2  |   .6066331   .4332302    -0.70   0.484      .149636    2.459327
                           3  |   .4239612   .3030411    -1.20   0.230      .104448    1.720886
                           4  |    .791047   .5666951    -0.33   0.744     .1942734    3.221004
                           5  |   .8392396   .6025192    -0.24   0.807     .2054844    3.427623
                           6  |   .6195353   .4426355    -0.67   0.503     .1527262    2.513151
                           7  |   .7290257   .5267297    -0.44   0.662     .1769048    3.004319
                           8  |   .5677729   .4058109    -0.79   0.428     .1398896    2.304431
                           9  |   .1923381   .1378528    -2.30   0.021     .0472054     .783681
                          10  |   .5430442    .388134    -0.85   0.393      .133798    2.204047
                          11  |   .5565653   .3978688    -0.82   0.412     .1370953    2.259487
                          12  |   .6957801   .4979838    -0.51   0.612     .1710999    2.829398
                          13  |   .6412137   .4585802    -0.62   0.534     .1578499     2.60472
                          14  |    .636559   .4553441    -0.63   0.528     .1566593    2.586552
                          15  |   .3787953   .2710722    -1.36   0.175     .0931689    1.540063
                          16  |    .244469   .1749282    -1.97   0.049     .0601384    .9937923
                          17  |   .3885266   .2779373    -1.32   0.186       .09561     1.57884
                          18  |   .6659647   .4760664    -0.57   0.570     .1640468    2.703551
                          19  |   .6022009   .4306395    -0.71   0.478     .1482652    2.445927
                          20  |   .6418898   .4586871    -0.62   0.535     .1581982     2.60447
                          21  |   .7325639   .5234973    -0.44   0.663      .180538    2.972504
                          22  |   .6525814   .4738512    -0.59   0.557     .1572395    2.708368
                          23  |   .3434037   .2456777    -1.49   0.135     .0844965    1.395633
                          24  |   .6881065   .5023166    -0.51   0.609     .1645432    2.877607
                          25  |   .1384693   .1002199    -2.73   0.006     .0335181    .5720413
                          26  |   .1331542   .0955224    -2.81   0.005     .0326376    .5432399
                          27  |   .3890669   .2783026    -1.32   0.187     .0957532    1.580867
                          28  |   .1929633   .1382302    -2.30   0.022     .0473928    .7856646
                          29  |   .2970956   .2127991    -1.69   0.090     .0729811    1.209433
                          30  |    .505382   .3617397    -0.95   0.340     .1242656    2.055362
                          31  |    .393762   .3004019    -1.22   0.222     .0882776    1.756376
                          32  |   .6087097   .4347498    -0.70   0.487     .1501305    2.468036
                              |
                        _cons |   7.86e-08   7.64e-08   -16.83   0.000     1.17e-08    5.28e-07
-----------------------------------------------------------------------------------------------
Note: _cons estimates baseline odds.
file ./analysis/output/models/an_covidvsnoncovid_full_MAIN_coviddeath_agespline_bmicat_noeth.ster saved

------------------------------------------------------------------------------------------------------------------------------------------------------------------------------------------------------------------------------------------------------------
active results
------------------------------------------------------------------------------------------------------------------------------------------------------------------------------------------------------------------------------------------------------------

Logistic regression                             Number of obs     = 17,456,515
                                                LR chi2(71)       =   60525.83
                                                Prob > chi2       =     0.0000
Log likelihood = -105047.82                     Pseudo R2         =     0.2237

-----------------------------------------------------------------------------------------------
                   coviddeath | Odds Ratio   Std. Err.      z    P>|z|     [95% Conf. Interval]
------------------------------+----------------------------------------------------------------
                     agegroup |
                      18-<40  |    .057311   .0070504   -23.24   0.000     .0450322    .0729377
                      40-<50  |   .3504385    .026718   -13.75   0.000     .3017969    .4069198
                      60-<70  |   2.536697   .1136165    20.78   0.000     2.323507    2.769448
                      70-<80  |    6.55232   .2714015    45.38   0.000     6.041402    7.106446
                         80+  |   23.35925   .9621219    76.50   0.000     21.54763    25.32318
                              |
                       1.male |   1.439283   .0232466    22.55   0.000     1.394434    1.485574
                              |
                    obese4cat |
           Obese I (30-34.9)  |   .9566201   .0206671    -2.05   0.040      .916959    .9979967
          Obese II (35-39.9)  |   1.234918   .0392357     6.64   0.000     1.160363    1.314264
             Obese III (40+)  |   1.731583   .0743499    12.79   0.000     1.591823    1.883613
                              |
                 smoke_nomiss |
                      Former  |   1.200904   .0209988    10.47   0.000     1.160445    1.242775
                     Current  |    .838505   .0286098    -5.16   0.000     .7842646    .8964966
                              |
                          imd |
                           2  |    1.13243   .0294885     4.78   0.000     1.076084    1.191726
                           3  |   1.275738   .0331881     9.36   0.000     1.212321    1.342472
                           4  |   1.584139   .0405245    17.98   0.000     1.506671    1.665591
             5 most deprived  |   1.790196   .0464317    22.45   0.000     1.701466    1.883553
                              |
           1.htdiag_or_highbp |   .9395512   .0175602    -3.34   0.001     .9057566    .9746067
1.chronic_respiratory_disease |    1.61211   .0325127    23.68   0.000     1.549629     1.67711
                              |
                    asthmacat |
                 Yes, no OCS  |    .978907   .0242743    -0.86   0.390     .9324679    1.027659
                Yes with OCS  |   1.130944   .0507596     2.74   0.006     1.035707    1.234937
                              |
    1.chronic_cardiac_disease |   1.290837   .0223691    14.73   0.000      1.24773    1.335432
                              |
                      diabcat |
         Controlled diabetes  |   1.201692   .0243682     9.06   0.000     1.154868    1.250415
       Uncontrolled diabetes  |   1.771739   .0461142    21.98   0.000     1.683623    1.864466
  Diabetes, no hba1c measure  |   1.849598   .0759022    14.99   0.000     1.706658     2.00451
                              |
            cancer_exhaem_cat |
                   Last year  |   1.395044   .0826353     5.62   0.000      1.24213    1.566782
               2-5 years ago  |   1.070786   .0428795     1.71   0.088     .9899577    1.158215
                    5+ years  |   .9866171     .02521    -0.53   0.598     .9384232    1.037286
                              |
              cancer_haem_cat |
                   Last year  |    2.28854     .30452     6.22   0.000     1.763174    2.970448
               2-5 years ago  |   2.113315   .1667273     9.48   0.000     1.810547    2.466713
                    5+ years  |   1.603952    .099771     7.60   0.000     1.419855     1.81192
                              |
      1.chronic_liver_disease |   1.642421   .1036198     7.86   0.000     1.451385    1.858603
                     1.stroke |   1.595533   .0347608    21.44   0.000     1.528837    1.665138
                   1.dementia |   4.020292   .1232778    45.37   0.000     3.785789    4.269321
                1.other_neuro |   2.596281   .0852972    29.04   0.000      2.43437     2.76896
                              |
 reduced_kidney_function_cat2 |
Stage 3a/3b egfr 30-60        |   1.520333   .0274399    23.21   0.000     1.467492    1.575077
         Stage 4 egfr 15-<30  |   2.684501   .0948338    27.95   0.000     2.504919    2.876958
Stage 5 egfr <15 or dialysis  |   5.021841   .3023583    26.80   0.000      4.46286    5.650836
                              |
           1.organ_transplant |   1.412639   .1639327     2.98   0.003     1.125257    1.773416
                     1.spleen |   1.214284   .1616373     1.46   0.145      .935436    1.576255
           1.ra_sle_psoriasis |   1.189127   .0321584     6.41   0.000     1.127739    1.253857
    1.other_immunosuppression |   1.879457   .2291938     5.17   0.000     1.479896    2.386897
                              |
                          stp |
                           2  |   .6048457   .4311252    -0.71   0.481     .1495962    2.445506
                           3  |   .4225189   .3014311    -1.21   0.227     .1043726    1.710431
                           4  |   .7713168   .5515014    -0.36   0.716     .1899384    3.132224
                           5  |   .8214565   .5886247    -0.27   0.784      .201672    3.345981
                           6  |   .6204976   .4424733    -0.67   0.503     .1533745    2.510308
                           7  |   .7325493    .528261    -0.43   0.666      .178243    3.010657
                           8  |   .5652284   .4032181    -0.80   0.424     .1396371    2.287954
                           9  |   .1936123   .1385009    -2.30   0.022     .0476458    .7867584
                          10  |    .545926   .3894463    -0.85   0.396     .1348694    2.209805
                          11  |   .5617881   .4008316    -0.81   0.419     .1387543    2.274566
                          12  |   .6904219   .4931981    -0.52   0.604     .1702412    2.800042
                          13  |   .6507426   .4645014    -0.60   0.547     .1606275    2.636323
                          14  |   .6391904   .4563495    -0.63   0.531     .1577304     2.59027
                          15  |   .3874551   .2767376    -1.33   0.184     .0955555     1.57104
                          16  |   .2505793   .1789574    -1.94   0.053     .0618071    1.015902
                          17  |   .3940759   .2813661    -1.30   0.192     .0972368    1.597089
                          18  |   .6618477   .4722161    -0.58   0.563     .1634713    2.679629
                          19  |   .6129953   .4375181    -0.69   0.493      .151329    2.483088
                          20  |   .6493792   .4631477    -0.61   0.545     .1604751     2.62778
                          21  |   .7419087   .5291563    -0.42   0.676     .1833338     3.00233
                          22  |   .6324974   .4584054    -0.63   0.527     .1528081    2.618008
                          23  |   .3564841   .2545465    -1.44   0.149     .0879513    1.444902
                          24  |   .6947658   .5062152    -0.50   0.617     .1665874    2.897575
                          25  |   .1398909   .1010586    -2.72   0.006     .0339526    .5763759
                          26  |   .1361668   .0974975    -2.78   0.005     .0334655    .5540442
                          27  |   .3967047   .2832219    -1.30   0.195     .0978957    1.607575
                          28  |   .2000593   .1430395    -2.25   0.024     .0492677     .812373
                          29  |   .3068593   .2193713    -1.65   0.098     .0755826    1.245824
                          30  |   .5127157   .3662857    -0.94   0.350     .1264083     2.07959
                          31  |    .393123   .2993606    -1.23   0.220      .088378     1.74869
                          32  |   .6054641    .431602    -0.70   0.482     .1497317    2.448291
                              |
                        _cons |   .0002253   .0001608   -11.77   0.000     .0000556    .0009127
-----------------------------------------------------------------------------------------------
Note: _cons estimates baseline odds.
file ./analysis/output/models/an_covidvsnoncovid_full_MAIN_coviddeath_agegroup_bmicat_noeth.ster saved

------------------------------------------------------------------------------------------------------------------------------------------------------------------------------------------------------------------------------------------------------------
active results
------------------------------------------------------------------------------------------------------------------------------------------------------------------------------------------------------------------------------------------------------------

Logistic regression                             Number of obs     = 13,029,214
                                                LR chi2(73)       =   47608.10
                                                Prob > chi2       =     0.0000
Log likelihood = -77365.999                     Pseudo R2         =     0.2353

-----------------------------------------------------------------------------------------------
                   coviddeath | Odds Ratio   Std. Err.      z    P>|z|     [95% Conf. Interval]
------------------------------+----------------------------------------------------------------
                         age1 |   1.180787   .0250228     7.84   0.000     1.132747    1.230863
                         age2 |   .8617151   .0394655    -3.25   0.001     .7877343    .9426439
                         age3 |   1.439545   .1520964     3.45   0.001     1.170283     1.77076
                       1.male |   1.530121   .0288921    22.53   0.000     1.474529    1.587809
                              |
                    obese4cat |
           Obese I (30-34.9)  |   1.073444   .0266546     2.85   0.004     1.022453    1.126978
          Obese II (35-39.9)  |   1.445033   .0524193    10.15   0.000      1.34586    1.551513
             Obese III (40+)  |   2.081913   .1024485    14.90   0.000     1.890497     2.29271
                              |
                 smoke_nomiss |
                      Former  |   1.240541   .0255917    10.45   0.000     1.191383    1.291728
                     Current  |   .9476364   .0375537    -1.36   0.175     .8768184    1.024174
                              |
                    ethnicity |
                       Mixed  |   1.326921   .1544916     2.43   0.015     1.056187    1.667053
      Asian or Asian British  |    1.62475   .0618219    12.76   0.000      1.50799    1.750552
                       Black  |   1.351002   .0830914     4.89   0.000     1.197579    1.524081
                       Other  |    1.30709   .1122069     3.12   0.002     1.104675    1.546596
                              |
                          imd |
                           2  |   1.186956   .0369938     5.50   0.000     1.116619    1.261722
                           3  |    1.32841    .041271     9.14   0.000     1.249934    1.411813
                           4  |   1.628064    .049523    16.02   0.000     1.533838    1.728079
             5 most deprived  |   1.827726   .0563136    19.57   0.000      1.72062      1.9415
                              |
           1.htdiag_or_highbp |   .9208635   .0201411    -3.77   0.000     .8822218    .9611978
1.chronic_respiratory_disease |   1.673651   .0384988    22.39   0.000     1.599871    1.750834
                              |
                    asthmacat |
                 Yes, no OCS  |   .9637336   .0275513    -1.29   0.196     .9112191    1.019275
                Yes with OCS  |   1.142957   .0577527     2.64   0.008     1.035188    1.261945
                              |
    1.chronic_cardiac_disease |   1.216184   .0243122     9.79   0.000     1.169455    1.264781
                              |
                      diabcat |
         Controlled diabetes  |    1.23695   .0288261     9.12   0.000     1.181723    1.294759
       Uncontrolled diabetes  |   1.868455   .0557545    20.95   0.000     1.762313    1.980991
  Diabetes, no hba1c measure  |   1.726091    .081919    11.50   0.000     1.572774    1.894353
                              |
            cancer_exhaem_cat |
                   Last year  |   1.377316   .0962969     4.58   0.000     1.200938    1.579598
               2-5 years ago  |   1.149222   .0524829     3.05   0.002     1.050827    1.256831
                    5+ years  |   .9777138   .0291066    -0.76   0.449     .9222983    1.036459
                              |
              cancer_haem_cat |
                   Last year  |   2.077887   .3449053     4.41   0.000     1.500833    2.876813
               2-5 years ago  |   2.327856   .2103535     9.35   0.000     1.950017    2.778905
                    5+ years  |   1.699244   .1206017     7.47   0.000     1.478573    1.952849
                              |
      1.chronic_liver_disease |   1.719861   .1232065     7.57   0.000     1.494567    1.979116
                     1.stroke |      1.544    .038641    17.36   0.000     1.470093    1.621624
                   1.dementia |   3.605476   .1275512    36.25   0.000     3.363951    3.864343
                1.other_neuro |    2.67878   .1019047    25.90   0.000     2.486315    2.886144
                              |
 reduced_kidney_function_cat2 |
Stage 3a/3b egfr 30-60        |   1.313301   .0280116    12.78   0.000     1.259531    1.369367
         Stage 4 egfr 15-<30  |    2.05307   .0849157    17.39   0.000     1.893206    2.226434
Stage 5 egfr <15 or dialysis  |   4.180835    .295085    20.27   0.000       3.6407    4.801104
                              |
           1.organ_transplant |   1.681865   .2229373     3.92   0.000     1.297063    2.180826
                     1.spleen |   1.178064   .1843702     1.05   0.295     .8668693    1.600974
           1.ra_sle_psoriasis |   1.197236   .0376527     5.72   0.000     1.125667    1.273356
    1.other_immunosuppression |   2.111147     .28315     5.57   0.000     1.623133    2.745888
                              |
                          stp |
                           2  |   .4219411   .3011263    -1.21   0.227     .1041779    1.708944
                           3  |   .2962846   .2117427    -1.70   0.089     .0730112    1.202343
                           4  |    .468306   .3358652    -1.06   0.290     .1148299    1.909873
                           5  |   .6315608    .453812    -0.64   0.522     .1544468    2.582566
                           6  |   .4278947   .3055459    -1.19   0.235     .1055653    1.734414
                           7  |    .491803   .3567086    -0.98   0.328     .1186883     2.03786
                           8  |   .3962186   .2830952    -1.30   0.195     .0976693    1.607355
                           9  |   .1343275   .0963495    -2.80   0.005     .0329322    .5479095
                          10  |   .3707898   .2649113    -1.39   0.165     .0914083    1.504076
                          11  |   .3686172   .2633828    -1.40   0.162     .0908612    1.495452
                          12  |    .455638   .3260545    -1.10   0.272     .1120728    1.852421
                          13  |   .4077977   .2915811    -1.25   0.210     .1004208    1.656021
                          14  |   .4253107   .3041929    -1.20   0.232     .1046901    1.727854
                          15  |   .2653537   .1898443    -1.85   0.064     .0652894    1.078469
                          16  |     .16755   .1199075    -2.50   0.013     .0412079    .6812528
                          17  |   .2665024   .1906019    -1.85   0.064      .065603    1.082626
                          18  |   .4507793   .3221905    -1.11   0.265     .1110645    1.829586
                          19  |   .4420871    .316136    -1.14   0.254     .1088465    1.795565
                          20  |   .4343844   .3103494    -1.17   0.243     .1070845    1.762065
                          21  |   .4409591   .3149532    -1.15   0.252     .1087505    1.787992
                          22  |   .3808239   .2778271    -1.32   0.186     .0911458    1.591152
                          23  |   .2558912   .1831904    -1.90   0.057     .0629053    1.040934
                          24  |    .395732   .2967689    -1.24   0.216     .0910049    1.720828
                          25  |   .0874473   .0644722    -3.31   0.001     .0206149    .3709464
                          26  |   .0925536   .0665516    -3.31   0.001     .0226114    .3788426
                          27  |   .2723995   .1949615    -1.82   0.069     .0669862    1.107713
                          28  |   .1339057   .0959785    -2.81   0.005     .0328617     .545642
                          29  |   .2045414   .1466981    -2.21   0.027     .0501528     .834194
                          30  |   .3377793   .2419672    -1.52   0.130     .0829616    1.375273
                          31  |   .3890008   .2965777    -1.24   0.216     .0872945    1.733461
                          32  |   .4343641    .310026    -1.17   0.243     .1072289    1.759528
                              |
                        _cons |   9.64e-08   1.01e-07   -15.36   0.000     1.23e-08    7.57e-07
-----------------------------------------------------------------------------------------------
Note: _cons estimates baseline odds.
file ./analysis/output/models/an_covidvsnoncovid_full_MAIN_coviddeath_agespline_bmicat_CCeth.ster saved

------------------------------------------------------------------------------------------------------------------------------------------------------------------------------------------------------------------------------------------------------------
active results
------------------------------------------------------------------------------------------------------------------------------------------------------------------------------------------------------------------------------------------------------------

Logistic regression                             Number of obs     = 17,456,515
                                                LR chi2(69)       =  457735.67
                                                Prob > chi2       =     0.0000
Log likelihood = -558682.73                     Pseudo R2         =     0.2906

-----------------------------------------------------------------------------------------------
                noncoviddeath | Odds Ratio   Std. Err.      z    P>|z|     [95% Conf. Interval]
------------------------------+----------------------------------------------------------------
                         age1 |   1.160811   .0050183    34.49   0.000     1.151017    1.170689
                         age2 |     .81827   .0081186   -20.21   0.000     .8025116    .8343379
                         age3 |   1.740389   .0409355    23.56   0.000     1.661978      1.8225
                       1.male |   1.102279   .0066149    16.23   0.000      1.08939     1.11532
                              |
                    obese4cat |
           Obese I (30-34.9)  |   .7405682   .0065614   -33.90   0.000      .727819    .7535407
          Obese II (35-39.9)  |   .8795127   .0121549    -9.29   0.000     .8560093    .9036614
             Obese III (40+)  |    1.22865   .0232291    10.89   0.000     1.183955    1.275033
                              |
                 smoke_nomiss |
                      Former  |   1.159965   .0076884    22.39   0.000     1.144993    1.175132
                     Current  |   2.047454   .0202969    72.29   0.000     2.008057    2.087625
                              |
                          imd |
                           2  |   1.093223   .0099763     9.77   0.000     1.073843    1.112952
                           3  |   1.179581   .0108346    17.98   0.000     1.158535    1.201008
                           4  |   1.318671   .0123571    29.52   0.000     1.294672    1.343114
             5 most deprived  |   1.441676   .0140853    37.44   0.000     1.414332    1.469549
                              |
           1.htdiag_or_highbp |   .9861531   .0067561    -2.04   0.042     .9729999    .9994842
1.chronic_respiratory_disease |   1.811268   .0138364    77.76   0.000     1.784352    1.838591
                              |
                    asthmacat |
                 Yes, no OCS  |   .9324457   .0088252    -7.39   0.000     .9153081    .9499042
                Yes with OCS  |   .9003941   .0168885    -5.59   0.000     .8678943    .9341109
                              |
    1.chronic_cardiac_disease |   1.416039   .0093328    52.78   0.000     1.397865     1.43445
                              |
                      diabcat |
         Controlled diabetes  |   1.138528   .0090937    16.24   0.000     1.120844    1.156492
       Uncontrolled diabetes  |   1.506508   .0168383    36.66   0.000     1.473864    1.539874
  Diabetes, no hba1c measure  |   1.790978   .0296642    35.18   0.000     1.733771    1.850073
                              |
            cancer_exhaem_cat |
                   Last year  |   10.48094   .1318461   186.78   0.000     10.22568    10.74256
               2-5 years ago  |   3.490988   .0375611   116.19   0.000     3.418141    3.565388
                    5+ years  |   1.552054   .0137131    49.75   0.000     1.525408    1.579165
                              |
              cancer_haem_cat |
                   Last year  |   4.999784   .2054029    39.17   0.000     4.612983    5.419018
               2-5 years ago  |   2.602323   .0761072    32.70   0.000      2.45735    2.755849
                    5+ years  |   1.716306    .040684    22.79   0.000     1.638391    1.797927
                              |
      1.chronic_liver_disease |   3.601412    .066713    69.17   0.000     3.473002     3.73457
                     1.stroke |   1.482797    .012994    44.95   0.000     1.457547    1.508485
                   1.dementia |   2.970757   .0442275    73.14   0.000     2.885325    3.058719
                1.other_neuro |   2.636246   .0367658    69.51   0.000     2.565162      2.7093
                              |
 reduced_kidney_function_cat2 |
Stage 3a/3b egfr 30-60        |   1.154028   .0080939    20.43   0.000     1.138273    1.170002
         Stage 4 egfr 15-<30  |   2.213131   .0320902    54.79   0.000     2.151121    2.276929
Stage 5 egfr <15 or dialysis  |   5.851986   .1500529    68.90   0.000     5.565156      6.1536
                              |
           1.organ_transplant |   .8273078   .0429959    -3.65   0.000     .7471872    .9160197
                     1.spleen |   1.615683   .0700269    11.07   0.000     1.484101    1.758931
           1.ra_sle_psoriasis |   1.116398    .011684    10.52   0.000     1.093732    1.139535
    1.other_immunosuppression |   2.277349   .0976996    19.18   0.000     2.093691    2.477118
                              |
                          stp |
                           2  |   .9819859   .3360357    -0.05   0.958      .502139    1.920377
                           3  |    1.04033   .3561174     0.12   0.908     .5318563    2.034921
                           4  |   .9977177   .3425132    -0.01   0.995     .5090881     1.95534
                           5  |   1.074177   .3693967     0.21   0.835     .5474668    2.107628
                           6  |   .9897748   .3388191    -0.03   0.976     .5060035    1.936062
                           7  |   1.177983   .4067989     0.47   0.635     .5986724    2.317869
                           8  |   .9752973   .3339381    -0.07   0.942     .4985272     1.90803
                           9  |   1.026095   .3513674     0.08   0.940     .5244559    2.007548
                          10  |   .9840596   .3369186    -0.05   0.963     .5030257    1.925097
                          11  |   1.030984   .3530135     0.09   0.929     .5269831    2.017006
                          12  |   1.026727    .352085     0.08   0.939     .5242771    2.010707
                          13  |   .9465505   .3243124    -0.16   0.873     .4836157    1.852623
                          14  |    1.02425   .3509162     0.07   0.944     .5233321    2.004631
                          15  |   .9417427   .3225379    -0.18   0.861     .4812867    1.842726
                          16  |   .9584431   .3281267    -0.12   0.901     .4899527    1.874901
                          17  |   .9553554   .3271603    -0.13   0.894     .4882834    1.869209
                          18  |   .9552361   .3271432    -0.13   0.894     .4881987    1.869067
                          19  |   1.032615   .3536608     0.09   0.925     .5277281    2.020537
                          20  |   1.049116   .3591566     0.14   0.889     .5363167    2.052228
                          21  |   .7437876   .2547383    -0.86   0.387     .3801216    1.455376
                          22  |   .8265528   .2872248    -0.55   0.584     .4182928     1.63328
                          23  |   .9854504   .3374202    -0.04   0.966     .5037113    1.927915
                          24  |   1.198776   .4162042     0.52   0.602     .6070276    2.367377
                          25  |   .8624227   .2958794    -0.43   0.666     .4402411    1.689467
                          26  |   .9344891   .3199714    -0.20   0.843      .477662    1.828217
                          27  |   1.027422   .3518013     0.08   0.937     .5251548    2.010065
                          28  |   .9582678   .3281052    -0.12   0.901     .4898246    1.874706
                          29  |   .9460301   .3240461    -0.16   0.871     .4834379    1.851268
                          30  |   1.041582   .3568741     0.12   0.905     .5321679    2.038628
                          31  |   .9910548   .3498633    -0.03   0.980     .4961415    1.979656
                          32  |   1.017181   .3481003     0.05   0.960     .5201156    1.989285
                              |
                        _cons |   1.59e-06   5.95e-07   -35.60   0.000     7.60e-07    3.31e-06
-----------------------------------------------------------------------------------------------
Note: _cons estimates baseline odds.
file ./analysis/output/models/an_covidvsnoncovid_full_MAIN_noncoviddeath_agespline_bmicat_noeth.ster saved

------------------------------------------------------------------------------------------------------------------------------------------------------------------------------------------------------------------------------------------------------------
active results
------------------------------------------------------------------------------------------------------------------------------------------------------------------------------------------------------------------------------------------------------------

Logistic regression                             Number of obs     = 17,456,515
                                                LR chi2(71)       =  430169.14
                                                Prob > chi2       =     0.0000
Log likelihood =    -572466                     Pseudo R2         =     0.2731

-----------------------------------------------------------------------------------------------
                noncoviddeath | Odds Ratio   Std. Err.      z    P>|z|     [95% Conf. Interval]
------------------------------+----------------------------------------------------------------
                     agegroup |
                      18-<40  |   .1104876   .0032876   -74.03   0.000     .1042283    .1171227
                      40-<50  |   .4318177   .0097128   -37.33   0.000     .4131945    .4512802
                      60-<70  |   2.160891   .0308904    53.90   0.000     2.101187    2.222291
                      70-<80  |   4.549357   .0611552   112.70   0.000      4.43106    4.670812
                         80+  |   15.77489   .2121378   205.12   0.000     15.36454     16.1962
                              |
                       1.male |   1.023156   .0060595     3.87   0.000     1.011349    1.035102
                              |
                    obese4cat |
           Obese I (30-34.9)  |   .6703695   .0058965   -45.47   0.000     .6589116    .6820267
          Obese II (35-39.9)  |   .7672692   .0105502   -19.27   0.000     .7468673    .7882284
             Obese III (40+)  |   1.035924   .0195404     1.87   0.061     .9983252     1.07494
                              |
                 smoke_nomiss |
                      Former  |   1.154841   .0076009    21.87   0.000     1.140039    1.169834
                     Current  |   1.836897   .0180018    62.05   0.000     1.801951    1.872521
                              |
                          imd |
                           2  |   1.093353    .009912     9.84   0.000     1.074097    1.112953
                           3  |   1.178988   .0107611    18.04   0.000     1.158084    1.200269
                           4  |    1.31627   .0122623    29.50   0.000     1.292454    1.340524
             5 most deprived  |    1.43039   .0138993    36.84   0.000     1.403405    1.457893
                              |
           1.htdiag_or_highbp |   1.041494   .0070978     5.97   0.000     1.027675    1.055499
1.chronic_respiratory_disease |   1.784392   .0135785    76.10   0.000     1.757976    1.811205
                              |
                    asthmacat |
                 Yes, no OCS  |   .9076002   .0085398   -10.30   0.000     .8910158    .9244932
                Yes with OCS  |   .8698799   .0162423    -7.47   0.000     .8386211    .9023039
                              |
    1.chronic_cardiac_disease |   1.499335     .00985    61.65   0.000     1.480153    1.518765
                              |
                      diabcat |
         Controlled diabetes  |   1.103727   .0087899    12.39   0.000     1.086633     1.12109
       Uncontrolled diabetes  |   1.392625   .0155173    29.72   0.000     1.362541    1.423372
  Diabetes, no hba1c measure  |   1.853676    .030421    37.61   0.000     1.795001     1.91427
                              |
            cancer_exhaem_cat |
                   Last year  |   10.10996   .1261799   185.37   0.000     9.865652    10.36032
               2-5 years ago  |   3.390615     .03624   114.24   0.000     3.320325    3.462394
                    5+ years  |   1.588613   .0139492    52.71   0.000     1.561507    1.616189
                              |
              cancer_haem_cat |
                   Last year  |   4.773987   .1949461    38.28   0.000      4.40679    5.171781
               2-5 years ago  |   2.470144   .0720161    31.02   0.000     2.332952    2.615404
                    5+ years  |   1.686273   .0397085    22.19   0.000     1.610215    1.765925
                              |
      1.chronic_liver_disease |   3.369222   .0623091    65.68   0.000     3.249285    3.493586
                     1.stroke |   1.568318   .0136723    51.62   0.000     1.541749    1.595345
                   1.dementia |   3.370993   .0497729    82.30   0.000     3.274838    3.469971
                1.other_neuro |    2.52674     .03504    66.84   0.000     2.458988    2.596359
                              |
 reduced_kidney_function_cat2 |
Stage 3a/3b egfr 30-60        |   1.382616   .0095094    47.10   0.000     1.364103    1.401381
         Stage 4 egfr 15-<30  |   2.976369   .0423997    76.57   0.000     2.894417    3.060642
Stage 5 egfr <15 or dialysis  |   6.292868   .1596608    72.50   0.000     5.987592    6.613709
                              |
           1.organ_transplant |   .7111409   .0369334    -6.56   0.000     .6423151    .7873415
                     1.spleen |    1.55367   .0669764    10.22   0.000     1.427791    1.690647
           1.ra_sle_psoriasis |   1.086396   .0113137     7.96   0.000     1.064446    1.108798
    1.other_immunosuppression |   2.118242   .0906769    17.53   0.000      1.94777    2.303634
                              |
                          stp |
                           2  |   .9693324   .3303359    -0.09   0.927     .4970434    1.890389
                           3  |   1.023029   .3487484     0.07   0.947     .5244636    1.995542
                           4  |   .9598133    .328138    -0.12   0.905     .4911121    1.875827
                           5  |   1.037487   .3553039     0.11   0.914     .5302434    2.029972
                           6  |   .9779212   .3333787    -0.07   0.948      .501331    1.907581
                           7  |   1.162525   .3997851     0.44   0.661     .5924878    2.280999
                           8  |   .9567289    .326227    -0.13   0.897     .4903936    1.866522
                           9  |   1.014083   .3458189     0.04   0.967     .5197567    1.978551
                          10  |   .9767408   .3330317    -0.07   0.945     .5006702    1.905491
                          11  |   1.022814   .3487684     0.07   0.947     .5242593    1.995479
                          12  |   1.003244   .3426099     0.01   0.992      .513712    1.959268
                          13  |   .9504678   .3243081    -0.15   0.882     .4869673    1.855133
                          14  |   1.014128   .3460121     0.04   0.967      .519601    1.979319
                          15  |   .9504446   .3241724    -0.15   0.882     .4870838    1.854599
                          16  |   .9696525   .3305925    -0.09   0.928     .4970593    1.891577
                          17  |   .9559005   .3259933    -0.13   0.895       .48992    1.865092
                          18  |   .9367615   .3194909    -0.19   0.848     .4800861    1.827843
                          19  |   1.037018   .3537008     0.11   0.915     .5314507    2.023531
                          20  |   1.050188   .3580378     0.14   0.886     .5383555    2.048637
                          21  |   .7460285   .2544502    -0.86   0.390     .3823257    1.455718
                          22  |    .793755    .274686    -0.67   0.504     .4028289    1.564056
                          23  |   1.006693   .3432682     0.02   0.984     .5159998    1.964015
                          24  |   1.199553    .414723     0.53   0.599     .6091619    2.362145
                          25  |   .8597617   .2937466    -0.44   0.658     .4401048    1.679577
                          26  |   .9410888   .3208988    -0.18   0.859     .4823721    1.836027
                          27  |   1.029186   .3509484     0.08   0.933     .5275185    2.007938
                          28  |   .9779225   .3334503    -0.07   0.948     .5012602    1.907856
                          29  |    .965486   .3293425    -0.10   0.918     .4947522    1.884101
                          30  |   1.040853   .3551485     0.12   0.907     .5332755    2.031548
                          31  |   .9722495   .3417812    -0.08   0.936     .4881456    1.936449
                          32  |   .9981864   .3401887    -0.01   0.996      .511819    1.946735
                              |
                        _cons |   .0014177   .0004834   -19.24   0.000     .0007267    .0027658
-----------------------------------------------------------------------------------------------
Note: _cons estimates baseline odds.
file ./analysis/output/models/an_covidvsnoncovid_full_MAIN_noncoviddeath_agegroup_bmicat_noeth.ster saved

------------------------------------------------------------------------------------------------------------------------------------------------------------------------------------------------------------------------------------------------------------
active results
------------------------------------------------------------------------------------------------------------------------------------------------------------------------------------------------------------------------------------------------------------

Logistic regression                             Number of obs     = 13,029,214
                                                LR chi2(73)       =  324456.64
                                                Prob > chi2       =     0.0000
Log likelihood = -401444.22                     Pseudo R2         =     0.2878

-----------------------------------------------------------------------------------------------
                noncoviddeath | Odds Ratio   Std. Err.      z    P>|z|     [95% Conf. Interval]
------------------------------+----------------------------------------------------------------
                         age1 |   1.178602   .0064398    30.08   0.000     1.166048    1.191292
                         age2 |   .7863417   .0097148   -19.46   0.000     .7675298    .8056147
                         age3 |   1.916955   .0557901    22.36   0.000     1.810669    2.029481
                       1.male |   1.120051   .0079683    15.94   0.000     1.104542    1.135778
                              |
                    obese4cat |
           Obese I (30-34.9)  |   .7390292   .0076327   -29.28   0.000     .7242198    .7541414
          Obese II (35-39.9)  |   .8715401   .0140061    -8.56   0.000     .8445164    .8994285
             Obese III (40+)  |   1.192157   .0263779     7.94   0.000     1.141562    1.244994
                              |
                 smoke_nomiss |
                      Former  |   1.152744   .0091933    17.82   0.000     1.134865    1.170904
                     Current  |   2.023928     .02382    59.91   0.000     1.977776    2.071157
                              |
                    ethnicity |
                       Mixed  |   .8494456   .0469859    -2.95   0.003     .7621712    .9467137
      Asian or Asian British  |   .7547503   .0160245   -13.25   0.000     .7239874    .7868204
                       Black  |   .7731375   .0256549    -7.75   0.000      .724455    .8250914
                       Other  |   .6712446   .0299195    -8.94   0.000     .6150919    .7325235
                              |
                          imd |
                           2  |   1.112015   .0123105     9.59   0.000     1.088147    1.136407
                           3  |   1.198146   .0133587    16.21   0.000     1.172247    1.224616
                           4  |   1.363339   .0153599    27.51   0.000     1.333564    1.393778
             5 most deprived  |   1.526164    .017741    36.37   0.000     1.491785    1.561335
                              |
           1.htdiag_or_highbp |   1.000539   .0081882     0.07   0.947     .9846187    1.016717
1.chronic_respiratory_disease |   1.811781   .0161278    66.76   0.000     1.780445    1.843668
                              |
                    asthmacat |
                 Yes, no OCS  |   .9502096   .0104316    -4.65   0.000     .9299824    .9708768
                Yes with OCS  |   .9162386      .0197    -4.07   0.000     .8784296     .955675
                              |
    1.chronic_cardiac_disease |   1.423788   .0111043    45.30   0.000      1.40219    1.445719
                              |
                      diabcat |
         Controlled diabetes  |   1.165662   .0109141    16.37   0.000     1.144466    1.187251
       Uncontrolled diabetes  |   1.542595   .0201493    33.19   0.000     1.503604    1.582597
  Diabetes, no hba1c measure  |   1.874062   .0362773    32.45   0.000     1.804292     1.94653
                              |
            cancer_exhaem_cat |
                   Last year  |   10.50736   .1548881   159.56   0.000     10.20813    10.81536
               2-5 years ago  |   3.490934   .0443582    98.39   0.000     3.405067    3.578966
                    5+ years  |   1.541959   .0162357    41.13   0.000     1.510464    1.574111
                              |
              cancer_haem_cat |
                   Last year  |   4.975604   .2422395    32.96   0.000     4.522772    5.473775
               2-5 years ago  |   2.636635   .0910975    28.06   0.000     2.463998    2.821367
                    5+ years  |   1.701273    .047911    18.87   0.000     1.609913    1.797817
                              |
      1.chronic_liver_disease |   3.574934    .076531    59.51   0.000     3.428039    3.728123
                     1.stroke |   1.487149   .0153799    38.37   0.000     1.457309    1.517601
                   1.dementia |   3.017638   .0526994    63.24   0.000     2.916097    3.122715
                1.other_neuro |   2.630619   .0431965    58.90   0.000     2.547304     2.71666
                              |
 reduced_kidney_function_cat2 |
Stage 3a/3b egfr 30-60        |   1.154026   .0096744    17.09   0.000      1.13522    1.173145
         Stage 4 egfr 15-<30  |    2.23356   .0384678    46.66   0.000     2.159423    2.310243
Stage 5 egfr <15 or dialysis  |   5.886273   .1781357    58.57   0.000     5.547286    6.245975
                              |
           1.organ_transplant |   .7887552   .0491512    -3.81   0.000     .6980711    .8912198
                     1.spleen |   1.567678   .0800164     8.81   0.000     1.418438     1.73262
           1.ra_sle_psoriasis |   1.115043   .0137011     8.86   0.000      1.08851    1.142222
    1.other_immunosuppression |   2.295051   .1136311    16.78   0.000     2.082803    2.528928
                              |
                          stp |
                           2  |    .783017   .2828713    -0.68   0.498      .385716    1.589552
                           3  |    .815555   .2947684    -0.56   0.573     .4016068    1.656172
                           4  |   .7472123   .2710313    -0.80   0.422     .3670231    1.521229
                           5  |   .8318097   .3024195    -0.51   0.612     .4079006    1.696265
                           6  |   .7854781   .2838694    -0.67   0.504     .3868232    1.594982
                           7  |   .9041141    .330397    -0.28   0.783     .4417357    1.850478
                           8  |   .7837308   .2833348    -0.67   0.500     .3858692    1.591819
                           9  |   .8082838   .2922516    -0.59   0.556     .3979188    1.641849
                          10  |   .7864438   .2842788    -0.66   0.506     .3872404    1.597183
                          11  |   .8329588   .3011146    -0.51   0.613      .410123    1.691737
                          12  |   .8585249   .3108992    -0.42   0.674     .4221878    1.745822
                          13  |   .7472555   .2703356    -0.81   0.421     .3677297    1.518481
                          14  |   .8049318   .2911959    -0.60   0.549     .3961179    1.635663
                          15  |   .7420221   .2683133    -0.83   0.409     .3652788    1.507333
                          16  |   .7296213   .2637425    -0.87   0.383     .3592579    1.481797
                          17  |   .6910734   .2498802    -1.02   0.307      .340208    1.403796
                          18  |   .7598778   .2748303    -0.76   0.448     .3740104    1.543845
                          19  |   .8180558   .2958965    -0.56   0.579     .4026219    1.662143
                          20  |    .823425   .2976669    -0.54   0.591     .4054301    1.672369
                          21  |   .6499267   .2349996    -1.19   0.233     .3199544    1.320203
                          22  |   .7492646   .2753962    -0.79   0.432     .3645621    1.539923
                          23  |   .7931384   .2868347    -0.64   0.522     .3904056    1.611321
                          24  |   .9232303   .3421808    -0.22   0.829     .4465042     1.90895
                          25  |   .6405294   .2326873    -1.23   0.220     .3142825    1.305443
                          26  |   .7233528    .261573    -0.90   0.370     .3560783     1.46945
                          27  |   .8302999   .3002605    -0.51   0.607     .4087106    1.686763
                          28  |   .7453671   .2694726    -0.81   0.416      .366974    1.513928
                          29  |   .7380046   .2670154    -0.84   0.401     .3631518    1.499788
                          30  |   .8215778   .2973314    -0.54   0.587        .4042    1.669941
                          31  |   .7446411   .2803288    -0.78   0.433     .3560429     1.55737
                          32  |   .7976564   .2881771    -0.63   0.531     .3929109    1.619339
                              |
                        _cons |   1.16e-06   4.77e-07   -33.27   0.000     5.19e-07    2.60e-06
-----------------------------------------------------------------------------------------------
Note: _cons estimates baseline odds.
file ./analysis/output/models/an_covidvsnoncovid_full_MAIN_noncoviddeath_agespline_bmicat_CCeth.ster saved

. 
end of do-file

. exit, clear
