------------------------------------------------------------------------------------------------------------------------------------------------------------------------------------------------------------------------------------------------------------
      name:  <unnamed>
       log:  e:\analyses\covid-vs-noncovid-deaths-research\analysis/output/an_covidvsnoncovid_agesex_2019.log
  log type:  text
 opened on:  14 Dec 2020, 18:55:10

. 
.         cap prog drop baselogistic 

.         prog define baselogistic
  1.                 syntax , age(string) addvariable(string)
  2. 
.         cap logistic _d `age'                   ///
>                                 i.male                          ///
>                                 i.`addvariable'                 
  3.         end                     

.         
.         
. use  ./analysis/cr_create_analysis_dataset_`1'_STSET.dta, clear

.         
. `check'

.         
. `genoutput1'

. `genoutput2'

. 
. if "`2'"=="SA_anywhereonDC"{
.         replace coviddeath = 1 if onsdeath>=1 & onsdeath<. & died_ons_covid_flag_any==1
.         replace noncoviddeath = 0 if died_ons_covid_flag_any==1
. }

. 
. if "`2'"=="SA_u071only"{
.         replace coviddeath = 0 if died_ons_covidconf_flag_und!=1
.         replace noncoviddeath = 1 if onsdeath>=1 & onsdeath<. & died_ons_covidconf_flag_und!=1
. }

. 
.         
. foreach outcome of local outcomes{
  2.         tab `outcome'
  3. }

primarycare |
      death |      Freq.     Percent        Cum.
------------+-----------------------------------
          0 | 17,132,364       99.25       99.25
          1 |    129,364        0.75      100.00
------------+-----------------------------------
      Total | 17,261,728      100.00

.         
.         foreach outcome of local outcomes {
  2.         
.         foreach addvariable of any asthmacat    ///
>                 cancer_exhaem_cat                                       ///
>                 cancer_haem_cat                                         ///
>                 chronic_cardiac_disease                         ///
>                 reduced_kidney_function_cat2            ///
>                 dialysis                                                        ///
>                 chronic_liver_disease                           ///
>                 chronic_respiratory_disease             ///
>                 diabcat                                                         ///
>                 ethnicity                                                       ///
>                 htdiag_or_highbp                                        ///
>                  bpcat                                                          ///
>                  hypertension                                           ///
>                 imd                                                             ///
>                 obese4cat                                                       ///
>                  bmicat                                                         ///
>                 organ_transplant                                        ///
>                 other_immunosuppression                         ///
>                 other_neuro                                             ///
>                 ra_sle_psoriasis                                        ///  
>                 smoke                                                           ///
>                 smoke_nomiss                                            ///
>                 spleen                                                          ///
>                 stroke                                                          ///
>                 dementia {
  3.                         cap logistic `outcome' age1 age2 age3 male i.`addvariable'
  4.                         if _rc==0{
  5.                         estimates
  6.                         estimates save ./analysis/output/models/an_covidvsnoncovid_agesex_`1'`2'_`outcome'_`addvariable', replace
  7.                         }
  8.                 else di "MODEL DID NOT FIT (adding `addvariable')"
  9.          }
 10. 
.          cap logistic `outcome' age1 age2 age3 i.male
 11.                         if _rc==0{
 12.                         estimates
 13.                         estimates save ./analysis/output/models/an_covidvsnoncovid_agesex_`1'`2'_`outcome'_MALE, replace
 14.                         }
 15.          cap logistic `outcome' ib3.agegroup i.male
 16.                         if _rc==0{
 17.                         estimates
 18.                         estimates save ./analysis/output/models/an_covidvsnoncovid_agesex_`1'`2'_`outcome'_AGEGROUP, replace
 19.                         }
 20.          
. }

------------------------------------------------------------------------------------------------------------------------------------------------------------------------------------------------------------------------------------------------------------
active results
------------------------------------------------------------------------------------------------------------------------------------------------------------------------------------------------------------------------------------------------------------

Logistic regression                             Number of obs     = 17,261,728
                                                LR chi2(6)        =  335940.08
                                                Prob > chi2       =     0.0000
Log likelihood = -593965.86                     Pseudo R2         =     0.2205

----------------------------------------------------------------------------------
primarycaredeath | Odds Ratio   Std. Err.      z    P>|z|     [95% Conf. Interval]
-----------------+----------------------------------------------------------------
            age1 |   1.086947   .0033489    27.06   0.000     1.080403    1.093531
            age2 |   .9654584   .0070815    -4.79   0.000     .9516783    .9794382
            age3 |   1.183376   .0212014     9.40   0.000     1.142543    1.225668
            male |    1.38173   .0079885    55.93   0.000     1.366161    1.397476
                 |
       asthmacat |
    Yes, no OCS  |   1.041724   .0096818     4.40   0.000      1.02292    1.060874
   Yes with OCS  |   1.305119   .0239889    14.49   0.000     1.258939    1.352994
                 |
           _cons |   .0000255   2.69e-06  -100.12   0.000     .0000207    .0000313
----------------------------------------------------------------------------------
Note: _cons estimates baseline odds.
(note: file ./analysis/output/models/an_covidvsnoncovid_agesex_2019_primarycaredeath_asthmacat.ster not found)
file ./analysis/output/models/an_covidvsnoncovid_agesex_2019_primarycaredeath_asthmacat.ster saved

------------------------------------------------------------------------------------------------------------------------------------------------------------------------------------------------------------------------------------------------------------
active results
------------------------------------------------------------------------------------------------------------------------------------------------------------------------------------------------------------------------------------------------------------

Logistic regression                             Number of obs     = 17,261,728
                                                LR chi2(7)        =  370272.41
                                                Prob > chi2       =     0.0000
Log likelihood = -576799.69                     Pseudo R2         =     0.2430

-----------------------------------------------------------------------------------
 primarycaredeath | Odds Ratio   Std. Err.      z    P>|z|     [95% Conf. Interval]
------------------+----------------------------------------------------------------
             age1 |   1.100661   .0034672    30.45   0.000     1.093887    1.107478
             age2 |   .9149099   .0068297   -11.91   0.000     .9016215    .9283942
             age3 |   1.369082   .0249217    17.26   0.000     1.321097    1.418809
             male |   1.294823   .0075518    44.30   0.000     1.280106    1.309709
                  |
cancer_exhaem_cat |
       Last year  |   10.32913   .1264871   190.68   0.000     10.08417    10.58004
   2-5 years ago  |   3.520441   .0379111   116.87   0.000     3.446915    3.595535
        5+ years  |   1.600812   .0143048    52.65   0.000     1.573019    1.629096
                  |
            _cons |   .0000186   2.02e-06  -100.60   0.000     .0000151     .000023
-----------------------------------------------------------------------------------
Note: _cons estimates baseline odds.
(note: file ./analysis/output/models/an_covidvsnoncovid_agesex_2019_primarycaredeath_cancer_exhaem_cat.ster not found)
file ./analysis/output/models/an_covidvsnoncovid_agesex_2019_primarycaredeath_cancer_exhaem_cat.ster saved

------------------------------------------------------------------------------------------------------------------------------------------------------------------------------------------------------------------------------------------------------------
active results
------------------------------------------------------------------------------------------------------------------------------------------------------------------------------------------------------------------------------------------------------------

Logistic regression                             Number of obs     = 17,261,728
                                                LR chi2(7)        =  338602.69
                                                Prob > chi2       =     0.0000
Log likelihood = -592634.56                     Pseudo R2         =     0.2222

----------------------------------------------------------------------------------
primarycaredeath | Odds Ratio   Std. Err.      z    P>|z|     [95% Conf. Interval]
-----------------+----------------------------------------------------------------
            age1 |   1.088172   .0033591    27.37   0.000     1.081608    1.094775
            age2 |    .961042   .0070596    -5.41   0.000     .9473046    .9749786
            age3 |   1.197611   .0214846    10.05   0.000     1.156234     1.24047
            male |   1.367131   .0079029    54.10   0.000     1.351729    1.382709
                 |
 cancer_haem_cat |
      Last year  |    5.37689   .2135549    42.35   0.000     4.974207    5.812173
  2-5 years ago  |   2.750579   .0814477    34.17   0.000     2.595488    2.914936
       5+ years  |   2.000017   .0461806    30.02   0.000     1.911522    2.092609
                 |
           _cons |    .000025   2.65e-06  -100.09   0.000     .0000203    .0000308
----------------------------------------------------------------------------------
Note: _cons estimates baseline odds.
(note: file ./analysis/output/models/an_covidvsnoncovid_agesex_2019_primarycaredeath_cancer_haem_cat.ster not found)
file ./analysis/output/models/an_covidvsnoncovid_agesex_2019_primarycaredeath_cancer_haem_cat.ster saved

------------------------------------------------------------------------------------------------------------------------------------------------------------------------------------------------------------------------------------------------------------
active results
------------------------------------------------------------------------------------------------------------------------------------------------------------------------------------------------------------------------------------------------------------

Logistic regression                             Number of obs     = 17,261,728
                                                LR chi2(5)        =  344188.18
                                                Prob > chi2       =     0.0000
Log likelihood = -589841.81                     Pseudo R2         =     0.2259

-------------------------------------------------------------------------------------------
         primarycaredeath | Odds Ratio   Std. Err.      z    P>|z|     [95% Conf. Interval]
--------------------------+----------------------------------------------------------------
                     age1 |   1.089796   .0033723    27.79   0.000     1.083206    1.096425
                     age2 |   .9538326   .0070223    -6.42   0.000     .9401679    .9676958
                     age3 |   1.210231   .0217562    10.61   0.000     1.168332    1.253632
                     male |    1.28541   .0075017    43.02   0.000      1.27079    1.300197
1.chronic_cardiac_disease |   1.819508   .0115437    94.35   0.000     1.797023    1.842274
                    _cons |   .0000248   2.63e-06   -99.91   0.000     .0000202    .0000306
-------------------------------------------------------------------------------------------
Note: _cons estimates baseline odds.
(note: file ./analysis/output/models/an_covidvsnoncovid_agesex_2019_primarycaredeath_chronic_cardiac_disease.ster not found)
file ./analysis/output/models/an_covidvsnoncovid_agesex_2019_primarycaredeath_chronic_cardiac_disease.ster saved

------------------------------------------------------------------------------------------------------------------------------------------------------------------------------------------------------------------------------------------------------------
active results
------------------------------------------------------------------------------------------------------------------------------------------------------------------------------------------------------------------------------------------------------------

Logistic regression                             Number of obs     = 17,261,728
                                                LR chi2(7)        =  345068.47
                                                Prob > chi2       =     0.0000
Log likelihood = -589401.67                     Pseudo R2         =     0.2264

-----------------------------------------------------------------------------------------------
             primarycaredeath | Odds Ratio   Std. Err.      z    P>|z|     [95% Conf. Interval]
------------------------------+----------------------------------------------------------------
                         age1 |   1.082229   .0033137    25.81   0.000     1.075754    1.088743
                         age2 |   .9804789   .0071671    -2.70   0.007     .9665318    .9946273
                         age3 |   1.120647   .0200422     6.37   0.000     1.082046    1.160626
                         male |   1.361233   .0078859    53.23   0.000     1.345864    1.376777
                              |
 reduced_kidney_function_cat2 |
Stage 3a/3b egfr 30-60        |   1.279646   .0088994    35.46   0.000     1.262322    1.297208
         Stage 4 egfr 15-<30  |   2.747095   .0390125    71.16   0.000     2.671686    2.824632
Stage 5 egfr <15 or dialysis  |    7.19045   .1643628    86.30   0.000     6.875414     7.51992
                              |
                        _cons |   .0000292   3.06e-06   -99.56   0.000     .0000238    .0000359
-----------------------------------------------------------------------------------------------
Note: _cons estimates baseline odds.
(note: file ./analysis/output/models/an_covidvsnoncovid_agesex_2019_primarycaredeath_reduced_kidney_function_cat2.ster not found)
file ./analysis/output/models/an_covidvsnoncovid_agesex_2019_primarycaredeath_reduced_kidney_function_cat2.ster saved

------------------------------------------------------------------------------------------------------------------------------------------------------------------------------------------------------------------------------------------------------------
active results
------------------------------------------------------------------------------------------------------------------------------------------------------------------------------------------------------------------------------------------------------------

Logistic regression                             Number of obs     = 17,261,728
                                                LR chi2(5)        =  338170.96
                                                Prob > chi2       =     0.0000
Log likelihood = -592850.42                     Pseudo R2         =     0.2219

----------------------------------------------------------------------------------
primarycaredeath | Odds Ratio   Std. Err.      z    P>|z|     [95% Conf. Interval]
-----------------+----------------------------------------------------------------
            age1 |   1.087019   .0033502    27.07   0.000     1.080473    1.093606
            age2 |   .9643235   .0070752    -4.95   0.000     .9505556    .9782909
            age3 |   1.187893   .0212882     9.61   0.000     1.146893    1.230358
            male |   1.370812    .007923    54.57   0.000      1.35537    1.386429
      1.dialysis |   6.260839   .1897745    60.52   0.000     5.899721    6.644061
           _cons |   .0000257   2.72e-06  -100.01   0.000     .0000209    .0000317
----------------------------------------------------------------------------------
Note: _cons estimates baseline odds.
(note: file ./analysis/output/models/an_covidvsnoncovid_agesex_2019_primarycaredeath_dialysis.ster not found)
file ./analysis/output/models/an_covidvsnoncovid_agesex_2019_primarycaredeath_dialysis.ster saved

------------------------------------------------------------------------------------------------------------------------------------------------------------------------------------------------------------------------------------------------------------
active results
------------------------------------------------------------------------------------------------------------------------------------------------------------------------------------------------------------------------------------------------------------

Logistic regression                             Number of obs     = 17,261,728
                                                LR chi2(5)        =  340908.27
                                                Prob > chi2       =     0.0000
Log likelihood = -591481.76                     Pseudo R2         =     0.2237

-----------------------------------------------------------------------------------------
       primarycaredeath | Odds Ratio   Std. Err.      z    P>|z|     [95% Conf. Interval]
------------------------+----------------------------------------------------------------
                   age1 |   1.086942   .0033518    27.04   0.000     1.080393    1.093532
                   age2 |   .9619637   .0070608    -5.28   0.000     .9482238    .9759027
                   age3 |   1.198975   .0214952    10.12   0.000     1.157577    1.241853
                   male |   1.374635   .0079486    55.03   0.000     1.359144    1.390303
1.chronic_liver_disease |   4.856076   .0885338    86.68   0.000     4.685617    5.032737
                  _cons |   .0000257   2.71e-06   -99.98   0.000     .0000209    .0000316
-----------------------------------------------------------------------------------------
Note: _cons estimates baseline odds.
(note: file ./analysis/output/models/an_covidvsnoncovid_agesex_2019_primarycaredeath_chronic_liver_disease.ster not found)
file ./analysis/output/models/an_covidvsnoncovid_agesex_2019_primarycaredeath_chronic_liver_disease.ster saved

------------------------------------------------------------------------------------------------------------------------------------------------------------------------------------------------------------------------------------------------------------
active results
------------------------------------------------------------------------------------------------------------------------------------------------------------------------------------------------------------------------------------------------------------

Logistic regression                             Number of obs     = 17,261,728
                                                LR chi2(5)        =  349813.25
                                                Prob > chi2       =     0.0000
Log likelihood = -587029.27                     Pseudo R2         =     0.2296

-----------------------------------------------------------------------------------------------
             primarycaredeath | Odds Ratio   Std. Err.      z    P>|z|     [95% Conf. Interval]
------------------------------+----------------------------------------------------------------
                         age1 |   1.097574   .0034375    29.73   0.000     1.090857    1.104332
                         age2 |   .9278396   .0068938   -10.08   0.000      .914426      .94145
                         age3 |   1.315597   .0238431    15.13   0.000     1.269686    1.363169
                         male |   1.327837   .0076928    48.94   0.000     1.312845    1.343001
1.chronic_respiratory_disease |    2.48392   .0176937   127.73   0.000     2.449482    2.518843
                        _cons |   .0000199   2.15e-06  -100.62   0.000     .0000162    .0000246
-----------------------------------------------------------------------------------------------
Note: _cons estimates baseline odds.
(note: file ./analysis/output/models/an_covidvsnoncovid_agesex_2019_primarycaredeath_chronic_respiratory_disease.ster not found)
file ./analysis/output/models/an_covidvsnoncovid_agesex_2019_primarycaredeath_chronic_respiratory_disease.ster saved

------------------------------------------------------------------------------------------------------------------------------------------------------------------------------------------------------------------------------------------------------------
active results
------------------------------------------------------------------------------------------------------------------------------------------------------------------------------------------------------------------------------------------------------------

Logistic regression                             Number of obs     = 17,261,728
                                                LR chi2(7)        =  340513.49
                                                Prob > chi2       =     0.0000
Log likelihood = -591679.16                     Pseudo R2         =     0.2235

---------------------------------------------------------------------------------------------
           primarycaredeath | Odds Ratio   Std. Err.      z    P>|z|     [95% Conf. Interval]
----------------------------+----------------------------------------------------------------
                       age1 |   1.089427   .0033719    27.67   0.000     1.082839    1.096056
                       age2 |   .9513323   .0070072    -6.77   0.000     .9376971    .9651658
                       age3 |   1.233372   .0221879    11.66   0.000     1.190642    1.277635
                       male |   1.346442   .0078015    51.34   0.000     1.331238     1.36182
                            |
                    diabcat |
       Controlled diabetes  |   1.350954    .010509    38.67   0.000     1.330513    1.371709
     Uncontrolled diabetes  |   1.839431   .0203506    55.09   0.000     1.799974    1.879753
Diabetes, no hba1c measure  |   1.975953   .0327414    41.10   0.000     1.912812    2.041178
                            |
                      _cons |   .0000243   2.58e-06  -100.10   0.000     .0000197    .0000299
---------------------------------------------------------------------------------------------
Note: _cons estimates baseline odds.
(note: file ./analysis/output/models/an_covidvsnoncovid_agesex_2019_primarycaredeath_diabcat.ster not found)
file ./analysis/output/models/an_covidvsnoncovid_agesex_2019_primarycaredeath_diabcat.ster saved

------------------------------------------------------------------------------------------------------------------------------------------------------------------------------------------------------------------------------------------------------------
active results
------------------------------------------------------------------------------------------------------------------------------------------------------------------------------------------------------------------------------------------------------------

Logistic regression                             Number of obs     = 12,867,303
                                                LR chi2(8)        =  234355.46
                                                Prob > chi2       =     0.0000
Log likelihood = -423456.05                     Pseudo R2         =     0.2167

-----------------------------------------------------------------------------------------
       primarycaredeath | Odds Ratio   Std. Err.      z    P>|z|     [95% Conf. Interval]
------------------------+----------------------------------------------------------------
                   age1 |   1.093792   .0042013    23.34   0.000     1.085589    1.102057
                   age2 |   .9420645   .0084816    -6.63   0.000     .9255867    .9588357
                   age3 |   1.268197   .0277239    10.87   0.000     1.215006    1.323715
                   male |   1.400024   .0096258    48.94   0.000     1.381285    1.419018
                        |
              ethnicity |
                 Mixed  |     .81391   .0457868    -3.66   0.000     .7289399    .9087849
Asian or Asian British  |   .7416358   .0153665   -14.43   0.000     .7121214    .7723735
                 Black  |   .7259497   .0254092    -9.15   0.000     .6778185    .7774987
                 Other  |   .5959594   .0276087   -11.17   0.000     .5442313    .6526041
                        |
                  _cons |   .0000219   2.91e-06   -80.88   0.000     .0000169    .0000284
-----------------------------------------------------------------------------------------
Note: _cons estimates baseline odds.
(note: file ./analysis/output/models/an_covidvsnoncovid_agesex_2019_primarycaredeath_ethnicity.ster not found)
file ./analysis/output/models/an_covidvsnoncovid_agesex_2019_primarycaredeath_ethnicity.ster saved

------------------------------------------------------------------------------------------------------------------------------------------------------------------------------------------------------------------------------------------------------------
active results
------------------------------------------------------------------------------------------------------------------------------------------------------------------------------------------------------------------------------------------------------------

Logistic regression                             Number of obs     = 17,261,728
                                                LR chi2(5)        =  335855.66
                                                Prob > chi2       =     0.0000
Log likelihood = -594008.07                     Pseudo R2         =     0.2204

------------------------------------------------------------------------------------
  primarycaredeath | Odds Ratio   Std. Err.      z    P>|z|     [95% Conf. Interval]
-------------------+----------------------------------------------------------------
              age1 |   1.087002   .0033513    27.06   0.000     1.080454    1.093591
              age2 |   .9622809   .0070703    -5.23   0.000     .9485226    .9762388
              age3 |   1.194092   .0214365     9.88   0.000     1.152808    1.236855
              male |   1.378621   .0079635    55.59   0.000     1.363101    1.394318
1.htdiag_or_highbp |   1.076719   .0071783    11.09   0.000     1.062741     1.09088
             _cons |   .0000256   2.70e-06  -100.03   0.000     .0000208    .0000315
------------------------------------------------------------------------------------
Note: _cons estimates baseline odds.
(note: file ./analysis/output/models/an_covidvsnoncovid_agesex_2019_primarycaredeath_htdiag_or_highbp.ster not found)
file ./analysis/output/models/an_covidvsnoncovid_agesex_2019_primarycaredeath_htdiag_or_highbp.ster saved

------------------------------------------------------------------------------------------------------------------------------------------------------------------------------------------------------------------------------------------------------------
active results
------------------------------------------------------------------------------------------------------------------------------------------------------------------------------------------------------------------------------------------------------------

Logistic regression                             Number of obs     = 15,542,217
                                                LR chi2(7)        =  324877.58
                                                Prob > chi2       =     0.0000
Log likelihood = -581400.57                     Pseudo R2         =     0.2184

----------------------------------------------------------------------------------
primarycaredeath | Odds Ratio   Std. Err.      z    P>|z|     [95% Conf. Interval]
-----------------+----------------------------------------------------------------
            age1 |   1.092185   .0038068    25.30   0.000      1.08475    1.099672
            age2 |   .9704299   .0078396    -3.72   0.000     .9551857    .9859174
            age3 |   1.153551   .0225308     7.31   0.000     1.110226    1.198567
            male |   1.387252   .0080515    56.40   0.000     1.371561    1.403123
                 |
           bpcat |
       Elevated  |    .585907   .0055137   -56.81   0.000     .5751995    .5968138
  High, stage I  |   .4907951    .003944   -88.57   0.000     .4831257    .4985863
 High, stage II  |   .4560677   .0036699   -97.57   0.000     .4489313    .4633175
                 |
           _cons |   .0000337   4.09e-06   -85.02   0.000     .0000266    .0000428
----------------------------------------------------------------------------------
Note: _cons estimates baseline odds.
(note: file ./analysis/output/models/an_covidvsnoncovid_agesex_2019_primarycaredeath_bpcat.ster not found)
file ./analysis/output/models/an_covidvsnoncovid_agesex_2019_primarycaredeath_bpcat.ster saved

------------------------------------------------------------------------------------------------------------------------------------------------------------------------------------------------------------------------------------------------------------
active results
------------------------------------------------------------------------------------------------------------------------------------------------------------------------------------------------------------------------------------------------------------

Logistic regression                             Number of obs     = 17,261,728
                                                LR chi2(5)        =  337041.66
                                                Prob > chi2       =     0.0000
Log likelihood = -593415.07                     Pseudo R2         =     0.2212

----------------------------------------------------------------------------------
primarycaredeath | Odds Ratio   Std. Err.      z    P>|z|     [95% Conf. Interval]
-----------------+----------------------------------------------------------------
            age1 |   1.089575   .0033714    27.73   0.000     1.082988    1.096203
            age2 |   .9514986   .0070114    -6.75   0.000     .9378552    .9653404
            age3 |   1.227771   .0220931    11.40   0.000     1.185224    1.271846
            male |    1.38145   .0079835    55.91   0.000     1.365891    1.397187
  1.hypertension |   1.252945   .0078611    35.94   0.000     1.237631    1.268447
           _cons |    .000024   2.55e-06  -100.23   0.000     .0000195    .0000295
----------------------------------------------------------------------------------
Note: _cons estimates baseline odds.
(note: file ./analysis/output/models/an_covidvsnoncovid_agesex_2019_primarycaredeath_hypertension.ster not found)
file ./analysis/output/models/an_covidvsnoncovid_agesex_2019_primarycaredeath_hypertension.ster saved

------------------------------------------------------------------------------------------------------------------------------------------------------------------------------------------------------------------------------------------------------------
active results
------------------------------------------------------------------------------------------------------------------------------------------------------------------------------------------------------------------------------------------------------------

Logistic regression                             Number of obs     = 17,261,728
                                                LR chi2(8)        =  339849.45
                                                Prob > chi2       =     0.0000
Log likelihood = -592011.18                     Pseudo R2         =     0.2230

----------------------------------------------------------------------------------
primarycaredeath | Odds Ratio   Std. Err.      z    P>|z|     [95% Conf. Interval]
-----------------+----------------------------------------------------------------
            age1 |    1.08707    .003355    27.05   0.000     1.080514    1.093665
            age2 |   .9701985   .0071308    -4.12   0.000     .9563225    .9842758
            age3 |   1.165696   .0209281     8.54   0.000     1.125391    1.207445
            male |   1.383813   .0080017    56.18   0.000     1.368218    1.399585
                 |
             imd |
              2  |   1.113271   .0101226    11.80   0.000     1.093607    1.133289
              3  |   1.224777   .0110744    22.42   0.000     1.203263    1.246676
              4  |   1.410112   .0128778    37.63   0.000     1.385096    1.435579
5 most deprived  |   1.707331    .015583    58.61   0.000     1.677061    1.738148
                 |
           _cons |   .0000193   2.05e-06  -102.42   0.000     .0000157    .0000238
----------------------------------------------------------------------------------
Note: _cons estimates baseline odds.
(note: file ./analysis/output/models/an_covidvsnoncovid_agesex_2019_primarycaredeath_imd.ster not found)
file ./analysis/output/models/an_covidvsnoncovid_agesex_2019_primarycaredeath_imd.ster saved

------------------------------------------------------------------------------------------------------------------------------------------------------------------------------------------------------------------------------------------------------------
active results
------------------------------------------------------------------------------------------------------------------------------------------------------------------------------------------------------------------------------------------------------------

Logistic regression                             Number of obs     = 17,261,728
                                                LR chi2(7)        =  336593.46
                                                Prob > chi2       =     0.0000
Log likelihood = -593639.17                     Pseudo R2         =     0.2209

-------------------------------------------------------------------------------------
   primarycaredeath | Odds Ratio   Std. Err.      z    P>|z|     [95% Conf. Interval]
--------------------+----------------------------------------------------------------
               age1 |   1.086158   .0033418    26.86   0.000     1.079628    1.092728
               age2 |    .968922   .0071016    -4.31   0.000     .9551027    .9829414
               age3 |   1.171312   .0209783     8.83   0.000     1.130909    1.213159
               male |   1.387303   .0080319    56.54   0.000      1.37165    1.403135
                    |
          obese4cat |
 Obese I (30-34.9)  |   .8419008   .0073756   -19.64   0.000     .8275682    .8564815
Obese II (35-39.9)  |   1.052286   .0144422     3.71   0.000     1.024357    1.080977
   Obese III (40+)  |   1.478497   .0280882    20.58   0.000     1.424457    1.534586
                    |
              _cons |   .0000262   2.77e-06  -100.03   0.000     .0000213    .0000322
-------------------------------------------------------------------------------------
Note: _cons estimates baseline odds.
(note: file ./analysis/output/models/an_covidvsnoncovid_agesex_2019_primarycaredeath_obese4cat.ster not found)
file ./analysis/output/models/an_covidvsnoncovid_agesex_2019_primarycaredeath_obese4cat.ster saved

------------------------------------------------------------------------------------------------------------------------------------------------------------------------------------------------------------------------------------------------------------
active results
------------------------------------------------------------------------------------------------------------------------------------------------------------------------------------------------------------------------------------------------------------

Logistic regression                             Number of obs     = 13,675,831
                                                LR chi2(9)        =  282966.99
                                                Prob > chi2       =     0.0000
Log likelihood = -515699.73                     Pseudo R2         =     0.2153

---------------------------------------------------------------------------------------
     primarycaredeath | Odds Ratio   Std. Err.      z    P>|z|     [95% Conf. Interval]
----------------------+----------------------------------------------------------------
                 age1 |   1.103786   .0043066    25.31   0.000     1.095378     1.11226
                 age2 |   .9392131    .008433    -6.98   0.000     .9228293    .9558877
                 age3 |   1.246853   .0269874    10.19   0.000     1.195065    1.300885
                 male |   1.547145   .0096711    69.82   0.000     1.528306    1.566217
                      |
               bmicat |
  Normal (18.5-24.9)  |   .4223489   .0052394   -69.48   0.000     .4122038    .4327438
Overweight (25-29.9)  |   .2917105   .0037607   -95.56   0.000      .284432    .2991752
   Obese I (30-34.9)  |   .3171168   .0045111   -80.74   0.000     .3083974    .3260827
  Obese II (35-39.9)  |   .3973412   .0070404   -52.09   0.000     .3837792    .4113825
     Obese III (40+)  |   .5576837   .0123103   -26.45   0.000     .5340704     .582341
                      |
                _cons |   .0000383   5.22e-06   -74.61   0.000     .0000293    .0000501
---------------------------------------------------------------------------------------
Note: _cons estimates baseline odds.
(note: file ./analysis/output/models/an_covidvsnoncovid_agesex_2019_primarycaredeath_bmicat.ster not found)
file ./analysis/output/models/an_covidvsnoncovid_agesex_2019_primarycaredeath_bmicat.ster saved

------------------------------------------------------------------------------------------------------------------------------------------------------------------------------------------------------------------------------------------------------------
active results
------------------------------------------------------------------------------------------------------------------------------------------------------------------------------------------------------------------------------------------------------------

Logistic regression                             Number of obs     = 17,261,728
                                                LR chi2(5)        =  336430.30
                                                Prob > chi2       =     0.0000
Log likelihood = -593720.75                     Pseudo R2         =     0.2208

------------------------------------------------------------------------------------
  primarycaredeath | Odds Ratio   Std. Err.      z    P>|z|     [95% Conf. Interval]
-------------------+----------------------------------------------------------------
              age1 |   1.086574   .0033463    26.96   0.000     1.080035    1.093152
              age2 |   .9660571   .0070838    -4.71   0.000     .9522725    .9800413
              age3 |   1.181944   .0211703     9.33   0.000     1.141171    1.224174
              male |   1.375961   .0079479    55.25   0.000     1.360472    1.391627
1.organ_transplant |   4.397485   .2039137    31.94   0.000     4.015446    4.815874
             _cons |    .000026   2.74e-06  -100.00   0.000     .0000211     .000032
------------------------------------------------------------------------------------
Note: _cons estimates baseline odds.
(note: file ./analysis/output/models/an_covidvsnoncovid_agesex_2019_primarycaredeath_organ_transplant.ster not found)
file ./analysis/output/models/an_covidvsnoncovid_agesex_2019_primarycaredeath_organ_transplant.ster saved

------------------------------------------------------------------------------------------------------------------------------------------------------------------------------------------------------------------------------------------------------------
active results
------------------------------------------------------------------------------------------------------------------------------------------------------------------------------------------------------------------------------------------------------------

Logistic regression                             Number of obs     = 17,261,728
                                                LR chi2(5)        =  336282.42
                                                Prob > chi2       =     0.0000
Log likelihood = -593794.69                     Pseudo R2         =     0.2207

-------------------------------------------------------------------------------------------
         primarycaredeath | Odds Ratio   Std. Err.      z    P>|z|     [95% Conf. Interval]
--------------------------+----------------------------------------------------------------
                     age1 |   1.086081   .0033428    26.83   0.000     1.079549    1.092652
                     age2 |   .9676922   .0070925    -4.48   0.000     .9538905    .9816935
                     age3 |   1.176472   .0210636     9.08   0.000     1.135904    1.218489
                     male |   1.376238   .0079489    55.29   0.000     1.360746    1.391906
1.other_immunosuppression |   3.155711   .1328281    27.30   0.000     2.905822    3.427089
                    _cons |   .0000263   2.77e-06   -99.97   0.000     .0000214    .0000323
-------------------------------------------------------------------------------------------
Note: _cons estimates baseline odds.
(note: file ./analysis/output/models/an_covidvsnoncovid_agesex_2019_primarycaredeath_other_immunosuppression.ster not found)
file ./analysis/output/models/an_covidvsnoncovid_agesex_2019_primarycaredeath_other_immunosuppression.ster saved

------------------------------------------------------------------------------------------------------------------------------------------------------------------------------------------------------------------------------------------------------------
active results
------------------------------------------------------------------------------------------------------------------------------------------------------------------------------------------------------------------------------------------------------------

Logistic regression                             Number of obs     = 17,261,728
                                                LR chi2(5)        =  340217.36
                                                Prob > chi2       =     0.0000
Log likelihood = -591827.22                     Pseudo R2         =     0.2233

----------------------------------------------------------------------------------
primarycaredeath | Odds Ratio   Std. Err.      z    P>|z|     [95% Conf. Interval]
-----------------+----------------------------------------------------------------
            age1 |   1.088284   .0033602    27.40   0.000     1.081718     1.09489
            age2 |    .960232   .0070549    -5.52   0.000     .9465038    .9741594
            age3 |   1.200358   .0215379    10.18   0.000     1.158878    1.243323
            male |   1.366534   .0078993    54.02   0.000     1.351139    1.382104
   1.other_neuro |   2.790197   .0379622    75.42   0.000     2.716776    2.865603
           _cons |   .0000248   2.63e-06  -100.14   0.000     .0000202    .0000306
----------------------------------------------------------------------------------
Note: _cons estimates baseline odds.
(note: file ./analysis/output/models/an_covidvsnoncovid_agesex_2019_primarycaredeath_other_neuro.ster not found)
file ./analysis/output/models/an_covidvsnoncovid_agesex_2019_primarycaredeath_other_neuro.ster saved

------------------------------------------------------------------------------------------------------------------------------------------------------------------------------------------------------------------------------------------------------------
active results
------------------------------------------------------------------------------------------------------------------------------------------------------------------------------------------------------------------------------------------------------------

Logistic regression                             Number of obs     = 17,261,728
                                                LR chi2(5)        =  336250.04
                                                Prob > chi2       =     0.0000
Log likelihood = -593810.88                     Pseudo R2         =     0.2207

------------------------------------------------------------------------------------
  primarycaredeath | Odds Ratio   Std. Err.      z    P>|z|     [95% Conf. Interval]
-------------------+----------------------------------------------------------------
              age1 |   1.086967    .003351    27.05   0.000     1.080419    1.093554
              age2 |   .9642979   .0070764    -4.95   0.000     .9505277    .9782676
              age3 |   1.187878   .0212914     9.61   0.000     1.146872     1.23035
              male |   1.380929   .0079768    55.88   0.000     1.365383    1.396652
1.ra_sle_psoriasis |   1.275676   .0132399    23.46   0.000     1.249988    1.301892
             _cons |   .0000255   2.70e-06  -100.05   0.000     .0000208    .0000314
------------------------------------------------------------------------------------
Note: _cons estimates baseline odds.
(note: file ./analysis/output/models/an_covidvsnoncovid_agesex_2019_primarycaredeath_ra_sle_psoriasis.ster not found)
file ./analysis/output/models/an_covidvsnoncovid_agesex_2019_primarycaredeath_ra_sle_psoriasis.ster saved

------------------------------------------------------------------------------------------------------------------------------------------------------------------------------------------------------------------------------------------------------------
active results
------------------------------------------------------------------------------------------------------------------------------------------------------------------------------------------------------------------------------------------------------------

Logistic regression                             Number of obs     = 16,594,247
                                                LR chi2(6)        =  337951.81
                                                Prob > chi2       =     0.0000
Log likelihood = -583100.22                     Pseudo R2         =     0.2247

----------------------------------------------------------------------------------
primarycaredeath | Odds Ratio   Std. Err.      z    P>|z|     [95% Conf. Interval]
-----------------+----------------------------------------------------------------
            age1 |   1.086768   .0036345    24.88   0.000     1.079668    1.093915
            age2 |   .9675847   .0075858    -4.20   0.000     .9528305    .9825673
            age3 |    1.18567   .0225537     8.95   0.000     1.142279    1.230709
            male |   1.291252   .0076185    43.32   0.000     1.276406     1.30627
                 |
           smoke |
         Former  |   1.412528   .0092467    52.76   0.000      1.39452    1.430767
        Current  |   2.752443   .0258803   107.68   0.000     2.702183    2.803638
                 |
           _cons |   .0000179   2.06e-06   -94.69   0.000     .0000142    .0000224
----------------------------------------------------------------------------------
Note: _cons estimates baseline odds.
(note: file ./analysis/output/models/an_covidvsnoncovid_agesex_2019_primarycaredeath_smoke.ster not found)
file ./analysis/output/models/an_covidvsnoncovid_agesex_2019_primarycaredeath_smoke.ster saved

------------------------------------------------------------------------------------------------------------------------------------------------------------------------------------------------------------------------------------------------------------
active results
------------------------------------------------------------------------------------------------------------------------------------------------------------------------------------------------------------------------------------------------------------

Logistic regression                             Number of obs     = 17,261,728
                                                LR chi2(6)        =  346709.49
                                                Prob > chi2       =     0.0000
Log likelihood = -588581.15                     Pseudo R2         =     0.2275

----------------------------------------------------------------------------------
primarycaredeath | Odds Ratio   Std. Err.      z    P>|z|     [95% Conf. Interval]
-----------------+----------------------------------------------------------------
            age1 |   1.080778   .0033866    24.79   0.000      1.07416    1.087436
            age2 |    .980204   .0072992    -2.69   0.007     .9660017    .9946151
            age3 |   1.148868   .0208698     7.64   0.000     1.108683    1.190509
            male |   1.282651   .0075301    42.40   0.000     1.267977    1.297495
                 |
    smoke_nomiss |
         Former  |   1.421203     .00923    54.12   0.000     1.403227    1.439409
        Current  |   2.762652   .0258522   108.59   0.000     2.712444    2.813789
                 |
           _cons |   .0000216   2.32e-06   -99.97   0.000     .0000175    .0000267
----------------------------------------------------------------------------------
Note: _cons estimates baseline odds.
(note: file ./analysis/output/models/an_covidvsnoncovid_agesex_2019_primarycaredeath_smoke_nomiss.ster not found)
file ./analysis/output/models/an_covidvsnoncovid_agesex_2019_primarycaredeath_smoke_nomiss.ster saved

------------------------------------------------------------------------------------------------------------------------------------------------------------------------------------------------------------------------------------------------------------
active results
------------------------------------------------------------------------------------------------------------------------------------------------------------------------------------------------------------------------------------------------------------

Logistic regression                             Number of obs     = 17,261,728
                                                LR chi2(5)        =  335987.66
                                                Prob > chi2       =     0.0000
Log likelihood = -593942.07                     Pseudo R2         =     0.2205

----------------------------------------------------------------------------------
primarycaredeath | Odds Ratio   Std. Err.      z    P>|z|     [95% Conf. Interval]
-----------------+----------------------------------------------------------------
            age1 |   1.086702    .003347    27.00   0.000     1.080162    1.093282
            age2 |   .9660529   .0070841    -4.71   0.000     .9522677    .9800377
            age3 |   1.181359   .0211604     9.30   0.000     1.140605    1.223569
            male |   1.376648   .0079506    55.35   0.000     1.361153     1.39232
        1.spleen |   2.144003   .0922959    17.72   0.000     1.970527     2.33275
           _cons |   .0000259   2.74e-06  -100.02   0.000     .0000211    .0000319
----------------------------------------------------------------------------------
Note: _cons estimates baseline odds.
(note: file ./analysis/output/models/an_covidvsnoncovid_agesex_2019_primarycaredeath_spleen.ster not found)
file ./analysis/output/models/an_covidvsnoncovid_agesex_2019_primarycaredeath_spleen.ster saved

------------------------------------------------------------------------------------------------------------------------------------------------------------------------------------------------------------------------------------------------------------
active results
------------------------------------------------------------------------------------------------------------------------------------------------------------------------------------------------------------------------------------------------------------

Logistic regression                             Number of obs     = 17,261,728
                                                LR chi2(5)        =  340847.96
                                                Prob > chi2       =     0.0000
Log likelihood = -591511.92                     Pseudo R2         =     0.2237

----------------------------------------------------------------------------------
primarycaredeath | Odds Ratio   Std. Err.      z    P>|z|     [95% Conf. Interval]
-----------------+----------------------------------------------------------------
            age1 |   1.086338   .0033445    26.90   0.000     1.079803    1.092913
            age2 |   .9669149   .0070902    -4.59   0.000     .9531178    .9809117
            age3 |   1.171747    .020992     8.85   0.000     1.131318    1.213622
            male |   1.357012   .0078524    52.76   0.000     1.341709     1.37249
        1.stroke |   1.909117   .0162515    75.96   0.000     1.877529    1.941237
           _cons |   .0000264   2.78e-06   -99.90   0.000     .0000215    .0000324
----------------------------------------------------------------------------------
Note: _cons estimates baseline odds.
(note: file ./analysis/output/models/an_covidvsnoncovid_agesex_2019_primarycaredeath_stroke.ster not found)
file ./analysis/output/models/an_covidvsnoncovid_agesex_2019_primarycaredeath_stroke.ster saved

------------------------------------------------------------------------------------------------------------------------------------------------------------------------------------------------------------------------------------------------------------
active results
------------------------------------------------------------------------------------------------------------------------------------------------------------------------------------------------------------------------------------------------------------

Logistic regression                             Number of obs     = 17,261,728
                                                LR chi2(5)        =  340753.50
                                                Prob > chi2       =     0.0000
Log likelihood = -591559.15                     Pseudo R2         =     0.2236

----------------------------------------------------------------------------------
primarycaredeath | Odds Ratio   Std. Err.      z    P>|z|     [95% Conf. Interval]
-----------------+----------------------------------------------------------------
            age1 |   1.084547   .0033303    26.43   0.000      1.07804    1.091094
            age2 |   .9737173   .0071285    -3.64   0.000     .9598455    .9877896
            age3 |    1.15113   .0205989     7.87   0.000     1.111457    1.192219
            male |    1.38392   .0080111    56.13   0.000     1.368307    1.399711
      1.dementia |   3.226212   .0477347    79.16   0.000     3.133997     3.32114
           _cons |   .0000273   2.88e-06   -99.86   0.000     .0000222    .0000336
----------------------------------------------------------------------------------
Note: _cons estimates baseline odds.
(note: file ./analysis/output/models/an_covidvsnoncovid_agesex_2019_primarycaredeath_dementia.ster not found)
file ./analysis/output/models/an_covidvsnoncovid_agesex_2019_primarycaredeath_dementia.ster saved

------------------------------------------------------------------------------------------------------------------------------------------------------------------------------------------------------------------------------------------------------------
active results
------------------------------------------------------------------------------------------------------------------------------------------------------------------------------------------------------------------------------------------------------------

Logistic regression                             Number of obs     = 17,261,728
                                                LR chi2(4)        =  335731.70
                                                Prob > chi2       =     0.0000
Log likelihood = -594070.05                     Pseudo R2         =     0.2203

----------------------------------------------------------------------------------
primarycaredeath | Odds Ratio   Std. Err.      z    P>|z|     [95% Conf. Interval]
-----------------+----------------------------------------------------------------
            age1 |   1.086681   .0033467    26.99   0.000     1.080142    1.093261
            age2 |    .966323   .0070856    -4.67   0.000     .9525348    .9803108
            age3 |   1.180299   .0211401     9.26   0.000     1.139584    1.222469
          1.male |   1.377418   .0079545    55.45   0.000     1.361916    1.393098
           _cons |    .000026   2.74e-06  -100.02   0.000     .0000211    .0000319
----------------------------------------------------------------------------------
Note: _cons estimates baseline odds.
(note: file ./analysis/output/models/an_covidvsnoncovid_agesex_2019_primarycaredeath_MALE.ster not found)
file ./analysis/output/models/an_covidvsnoncovid_agesex_2019_primarycaredeath_MALE.ster saved

------------------------------------------------------------------------------------------------------------------------------------------------------------------------------------------------------------------------------------------------------------
active results
------------------------------------------------------------------------------------------------------------------------------------------------------------------------------------------------------------------------------------------------------------

Logistic regression                             Number of obs     = 17,261,728
                                                LR chi2(6)        =  306379.68
                                                Prob > chi2       =     0.0000
Log likelihood = -608746.06                     Pseudo R2         =     0.2011

----------------------------------------------------------------------------------
primarycaredeath | Odds Ratio   Std. Err.      z    P>|z|     [95% Conf. Interval]
-----------------+----------------------------------------------------------------
        agegroup |
         18-<40  |   .1461104   .0035359   -79.48   0.000     .1393419    .1532077
         40-<50  |   .4339662   .0091806   -39.46   0.000     .4163406     .452338
         60-<70  |   2.506114    .035198    65.41   0.000     2.438068    2.576059
         70-<80  |   6.480353   .0828698   146.14   0.000      6.31995    6.644827
            80+  |   27.25679   .3291273   273.73   0.000     26.61929    27.90957
                 |
          1.male |   1.273001   .0072514    42.37   0.000     1.258868    1.287294
           _cons |   .0022257   .0000264  -514.79   0.000     .0021745     .002278
----------------------------------------------------------------------------------
Note: _cons estimates baseline odds.
(note: file ./analysis/output/models/an_covidvsnoncovid_agesex_2019_primarycaredeath_AGEGROUP.ster not found)
file ./analysis/output/models/an_covidvsnoncovid_agesex_2019_primarycaredeath_AGEGROUP.ster saved

. 
. log close
      name:  <unnamed>
       log:  e:\analyses\covid-vs-noncovid-deaths-research\analysis/output/an_covidvsnoncovid_agesex_2019.log
  log type:  text
 closed on:  14 Dec 2020, 19:43:16
------------------------------------------------------------------------------------------------------------------------------------------------------------------------------------------------------------------------------------------------------------
