------------------------------------------------------------------------------------------------------------------------------------------------------------------------------------------------------------------------------------------------------------
      name:  <unnamed>
       log:  E:\analyses\covid-vs-noncovid-deaths-research\analysis/output/an_cox_covnoncov_agesex.log
  log type:  text
 opened on:  19 Feb 2021, 22:57:13

. 
. use  ./analysis/cr_create_analysis_dataset_MAIN_STSET.dta, clear

. 
. gen onsdeath_cnc = onsdeath

. recode onsdeath_cnc 2/6=2
(onsdeath_cnc: 93950 changes made)

. 
. forvalues outcome = 1/2{
  2.     
. if `outcome'==1 local outcomename "cov"
  3. else if `outcome'==2 local outcomename "noncov"
  4. 
. stset stime_onsdeath, fail(onsdeath_cnc==`outcome') id(patient_id) enter(enter_date) origin(enter_date)
  5. 
.         foreach addvariable of any asthmacat    ///
>                 cancer_exhaem_cat                                       ///
>                 cancer_haem_cat                                         ///
>                 chronic_cardiac_disease                         ///
>                 reduced_kidney_function_cat2            ///
>                 chronic_liver_disease                           ///
>                 chronic_respiratory_disease             ///
>                 diabcat                                                         ///
>                 ethnicity                                                       ///
>                 htdiag_or_highbp                                        ///
>                 imd                                                             ///
>                 obese4cat                                                       ///
>                 organ_transplant                                        ///
>                 other_immunosuppression                         ///
>                 other_neuro                                             ///
>                 ra_sle_psoriasis                                        ///  
>                 smoke_nomiss                                            ///
>                 spleen                                                          ///
>                 stroke                                                          ///
>                 dementia {
  6.                         cap stcox age1 age2 age3 male i.`addvariable', strata(stp)
  7.                         if _rc==0{
  8.                         estimates
  9.                         estimates save ./analysis/output/models/an_cox_covnoncov_agesex_`outcomename'_`addvariable', replace
 10.                         }
 11.                 else di "MODEL DID NOT FIT (adding `addvariable')"
 12.          }
 13. 
.          cap stcox age1 age2 age3 i.male, strata(stp)
 14.                         if _rc==0{
 15.                         estimates
 16.                         estimates save ./analysis/output/models/an_cox_covnoncov_agesex_`outcomename'__MALE, replace
 17.                         }
 18.          cap stcox ib3.agegroup i.male, strata(stp)
 19.                         if _rc==0{
 20.                         estimates
 21.                         estimates save ./analysis/output/models/an_cox_covnoncov_agesex_`outcomename'__AGEGROUP, replace
 22.                         }
 23.          
. }

                id:  patient_id
     failure event:  onsdeath_cnc == 1
obs. time interval:  (stime_onsdeath[_n-1], stime_onsdeath]
 enter on or after:  time enter_date
 exit on or before:  failure
    t for analysis:  (time-origin)
            origin:  time enter_date

------------------------------------------------------------------------------
   17456515  total observations
          0  exclusions
------------------------------------------------------------------------------
   17456515  observations remaining, representing
   17456515  subjects
     17,063  failures in single-failure-per-subject data
 4.9000e+09  total analysis time at risk and under observation
                                                at risk from t =         0
                                     earliest observed entry t =         0
                                          last observed exit t =       282

------------------------------------------------------------------------------------------------------------------------------------------------------------------------------------------------------------------------------------------------------------
active results
------------------------------------------------------------------------------------------------------------------------------------------------------------------------------------------------------------------------------------------------------------

Stratified Cox regr. -- Breslow method for ties

No. of subjects =   17,456,515                  Number of obs    =  17,456,515
No. of failures =       17,063
Time at risk    =   4900030028
                                                LR chi2(6)       =    54320.05
Log likelihood  =   -203135.52                  Prob > chi2      =      0.0000

-------------------------------------------------------------------------------
           _t | Haz. Ratio   Std. Err.      z    P>|z|     [95% Conf. Interval]
--------------+----------------------------------------------------------------
         age1 |   1.167138   .0205801     8.77   0.000     1.127491    1.208179
         age2 |   .9087867   .0347875    -2.50   0.012     .8430994    .9795918
         age3 |   1.277723   .1130607     2.77   0.006      1.07428    1.519695
         male |   1.743433   .0271657    35.67   0.000     1.690994    1.797498
              |
    asthmacat |
 Yes, no OCS  |   1.146761   .0280011     5.61   0.000     1.093173    1.202977
Yes with OCS  |   1.606788   .0701711    10.86   0.000     1.474977    1.750379
-------------------------------------------------------------------------------
                                                             Stratified by stp
(note: file ./analysis/output/models/an_cox_covnoncov_agesex_cov_asthmacat.ster not found)
file ./analysis/output/models/an_cox_covnoncov_agesex_cov_asthmacat.ster saved

------------------------------------------------------------------------------------------------------------------------------------------------------------------------------------------------------------------------------------------------------------
active results
------------------------------------------------------------------------------------------------------------------------------------------------------------------------------------------------------------------------------------------------------------

Stratified Cox regr. -- Breslow method for ties

No. of subjects =   17,456,515                  Number of obs    =  17,456,515
No. of failures =       17,063
Time at risk    =   4900030028
                                                LR chi2(7)       =    54258.20
Log likelihood  =   -203166.45                  Prob > chi2      =      0.0000

-----------------------------------------------------------------------------------
               _t | Haz. Ratio   Std. Err.      z    P>|z|     [95% Conf. Interval]
------------------+----------------------------------------------------------------
             age1 |   1.167433   .0206086     8.77   0.000     1.127731    1.208532
             age2 |   .9074186   .0347753    -2.54   0.011     .8417572    .9782019
             age3 |   1.282374   .1135987     2.81   0.005     1.077982    1.525521
             male |   1.720971   .0268397    34.81   0.000     1.669162    1.774388
                  |
cancer_exhaem_cat |
       Last year  |    1.58999   .0930146     7.93   0.000     1.417748    1.783158
   2-5 years ago  |    1.14841   .0455387     3.49   0.000     1.062536    1.241224
        5+ years  |   .9997717   .0252501    -0.01   0.993     .9514873    1.050506
-----------------------------------------------------------------------------------
                                                             Stratified by stp
(note: file ./analysis/output/models/an_cox_covnoncov_agesex_cov_cancer_exhaem_cat.ster not found)
file ./analysis/output/models/an_cox_covnoncov_agesex_cov_cancer_exhaem_cat.ster saved

------------------------------------------------------------------------------------------------------------------------------------------------------------------------------------------------------------------------------------------------------------
active results
------------------------------------------------------------------------------------------------------------------------------------------------------------------------------------------------------------------------------------------------------------

Stratified Cox regr. -- Breslow method for ties

No. of subjects =   17,456,515                  Number of obs    =  17,456,515
No. of failures =       17,063
Time at risk    =   4900030028
                                                LR chi2(7)       =    54389.38
Log likelihood  =   -203100.85                  Prob > chi2      =      0.0000

---------------------------------------------------------------------------------
             _t | Haz. Ratio   Std. Err.      z    P>|z|     [95% Conf. Interval]
----------------+----------------------------------------------------------------
           age1 |   1.167633   .0206165     8.78   0.000     1.127917    1.208748
           age2 |   .9070608    .034761    -2.55   0.011     .8414264     .977815
           age3 |   1.283293   .1136705     2.82   0.005      1.07877    1.526592
           male |   1.721066   .0268001    34.87   0.000     1.669332    1.774403
                |
cancer_haem_cat |
     Last year  |   2.689554   .3508536     7.58   0.000     2.082767    3.473121
 2-5 years ago  |   2.304128   .1787613    10.76   0.000     1.979101    2.682535
      5+ years  |   1.719932   .1052066     8.87   0.000     1.525612    1.939003
---------------------------------------------------------------------------------
                                                             Stratified by stp
(note: file ./analysis/output/models/an_cox_covnoncov_agesex_cov_cancer_haem_cat.ster not found)
file ./analysis/output/models/an_cox_covnoncov_agesex_cov_cancer_haem_cat.ster saved

------------------------------------------------------------------------------------------------------------------------------------------------------------------------------------------------------------------------------------------------------------
active results
------------------------------------------------------------------------------------------------------------------------------------------------------------------------------------------------------------------------------------------------------------

Stratified Cox regr. -- Breslow method for ties

No. of subjects =   17,456,515                  Number of obs    =  17,456,515
No. of failures =       17,063
Time at risk    =   4900030028
                                                LR chi2(5)       =    55040.38
Log likelihood  =   -202775.35                  Prob > chi2      =      0.0000

-------------------------------------------------------------------------------------------
                       _t | Haz. Ratio   Std. Err.      z    P>|z|     [95% Conf. Interval]
--------------------------+----------------------------------------------------------------
                     age1 |   1.171045   .0207881     8.89   0.000     1.131001    1.212506
                     age2 |   .8971608   .0345449    -2.82   0.005     .8319458    .9674879
                     age3 |    1.30947   .1164997     3.03   0.002     1.099934    1.558922
                     male |   1.633206   .0256486    31.24   0.000     1.583702    1.684258
1.chronic_cardiac_disease |   1.637488   .0271659    29.73   0.000       1.5851    1.691608
-------------------------------------------------------------------------------------------
                                                             Stratified by stp
(note: file ./analysis/output/models/an_cox_covnoncov_agesex_cov_chronic_cardiac_disease.ster not found)
file ./analysis/output/models/an_cox_covnoncov_agesex_cov_chronic_cardiac_disease.ster saved

------------------------------------------------------------------------------------------------------------------------------------------------------------------------------------------------------------------------------------------------------------
active results
------------------------------------------------------------------------------------------------------------------------------------------------------------------------------------------------------------------------------------------------------------

Stratified Cox regr. -- Breslow method for ties

No. of subjects =   17,456,515                  Number of obs    =  17,456,515
No. of failures =       17,063
Time at risk    =   4900030028
                                                LR chi2(7)       =    55828.31
Log likelihood  =   -202381.39                  Prob > chi2      =      0.0000

-----------------------------------------------------------------------------------------------
                           _t | Haz. Ratio   Std. Err.      z    P>|z|     [95% Conf. Interval]
------------------------------+----------------------------------------------------------------
                         age1 |   1.154852   .0199938     8.32   0.000     1.116322    1.194712
                         age2 |   .9395115   .0354244    -1.65   0.098     .8725843    1.011572
                         age3 |   1.150191   .1004308     1.60   0.109     .9692731    1.364879
                         male |   1.706806   .0265762    34.34   0.000     1.655504    1.759697
                              |
 reduced_kidney_function_cat2 |
Stage 3a/3b egfr 30-60        |   1.497833   .0270304    22.39   0.000     1.445781     1.55176
         Stage 4 egfr 15-<30  |   2.803477   .0971051    29.76   0.000     2.619471    3.000409
Stage 5 egfr <15 or dialysis  |   6.700635   .3559612    35.81   0.000     6.038056    7.435921
-----------------------------------------------------------------------------------------------
                                                             Stratified by stp
(note: file ./analysis/output/models/an_cox_covnoncov_agesex_cov_reduced_kidney_function_cat2.ster not found)
file ./analysis/output/models/an_cox_covnoncov_agesex_cov_reduced_kidney_function_cat2.ster saved

------------------------------------------------------------------------------------------------------------------------------------------------------------------------------------------------------------------------------------------------------------
active results
------------------------------------------------------------------------------------------------------------------------------------------------------------------------------------------------------------------------------------------------------------

Stratified Cox regr. -- Breslow method for ties

No. of subjects =   17,456,515                  Number of obs    =  17,456,515
No. of failures =       17,063
Time at risk    =   4900030028
                                                LR chi2(5)       =    54335.88
Log likelihood  =    -203127.6                  Prob > chi2      =      0.0000

-----------------------------------------------------------------------------------------
                     _t | Haz. Ratio   Std. Err.      z    P>|z|     [95% Conf. Interval]
------------------------+----------------------------------------------------------------
                   age1 |   1.166042   .0205418     8.72   0.000     1.126468    1.207007
                   age2 |    .909937   .0348043    -2.47   0.014     .8442161    .9807741
                   age3 |   1.274996   .1127381     2.75   0.006     1.072121    1.516261
                   male |   1.729529   .0269247    35.19   0.000     1.677554    1.783113
1.chronic_liver_disease |   2.315374   .1433045    13.56   0.000      2.05087    2.613992
-----------------------------------------------------------------------------------------
                                                             Stratified by stp
(note: file ./analysis/output/models/an_cox_covnoncov_agesex_cov_chronic_liver_disease.ster not found)
file ./analysis/output/models/an_cox_covnoncov_agesex_cov_chronic_liver_disease.ster saved

------------------------------------------------------------------------------------------------------------------------------------------------------------------------------------------------------------------------------------------------------------
active results
------------------------------------------------------------------------------------------------------------------------------------------------------------------------------------------------------------------------------------------------------------

Stratified Cox regr. -- Breslow method for ties

No. of subjects =   17,456,515                  Number of obs    =  17,456,515
No. of failures =       17,063
Time at risk    =   4900030028
                                                LR chi2(5)       =    55348.78
Log likelihood  =   -202621.15                  Prob > chi2      =      0.0000

-----------------------------------------------------------------------------------------------
                           _t | Haz. Ratio   Std. Err.      z    P>|z|     [95% Conf. Interval]
------------------------------+----------------------------------------------------------------
                         age1 |   1.181694   .0213398     9.24   0.000       1.1406    1.224268
                         age2 |   .8717511   .0340648    -3.51   0.000      .807478    .9411402
                         age3 |     1.4197   .1280296     3.89   0.000     1.189692    1.694176
                         male |   1.681236   .0261917    33.35   0.000     1.630677    1.733363
1.chronic_respiratory_disease |    1.99116   .0377222    36.35   0.000     1.918581    2.066484
-----------------------------------------------------------------------------------------------
                                                             Stratified by stp
(note: file ./analysis/output/models/an_cox_covnoncov_agesex_cov_chronic_respiratory_disease.ster not found)
file ./analysis/output/models/an_cox_covnoncov_agesex_cov_chronic_respiratory_disease.ster saved

------------------------------------------------------------------------------------------------------------------------------------------------------------------------------------------------------------------------------------------------------------
active results
------------------------------------------------------------------------------------------------------------------------------------------------------------------------------------------------------------------------------------------------------------

Stratified Cox regr. -- Breslow method for ties

No. of subjects =   17,456,515                  Number of obs    =  17,456,515
No. of failures =       17,063
Time at risk    =   4900030028
                                                LR chi2(7)       =    55825.22
Log likelihood  =   -202382.93                  Prob > chi2      =      0.0000

---------------------------------------------------------------------------------------------
                         _t | Haz. Ratio   Std. Err.      z    P>|z|     [95% Conf. Interval]
----------------------------+----------------------------------------------------------------
                       age1 |    1.17555   .0210351     9.04   0.000     1.135036    1.217509
                       age2 |   .8773525   .0340227    -3.37   0.001     .8131403    .9466354
                       age3 |   1.405911   .1259252     3.80   0.000     1.179552    1.675709
                       male |   1.666778   .0260253    32.72   0.000     1.616542    1.718575
                            |
                    diabcat |
       Controlled diabetes  |    1.52425   .0298241    21.54   0.000     1.466902    1.583839
     Uncontrolled diabetes  |   2.573435   .0638364    38.11   0.000     2.451311    2.701643
Diabetes, no hba1c measure  |   2.213654   .0890591    19.75   0.000     2.045806    2.395273
---------------------------------------------------------------------------------------------
                                                             Stratified by stp
(note: file ./analysis/output/models/an_cox_covnoncov_agesex_cov_diabcat.ster not found)
file ./analysis/output/models/an_cox_covnoncov_agesex_cov_diabcat.ster saved

------------------------------------------------------------------------------------------------------------------------------------------------------------------------------------------------------------------------------------------------------------
active results
------------------------------------------------------------------------------------------------------------------------------------------------------------------------------------------------------------------------------------------------------------

Stratified Cox regr. -- Breslow method for ties

No. of subjects =   13,029,214                  Number of obs    =  13,029,214
No. of failures =       12,761
Time at risk    =   3658057529
                                                LR chi2(8)       =    40318.76
Log likelihood  =   -148817.05                  Prob > chi2      =      0.0000

-----------------------------------------------------------------------------------------
                     _t | Haz. Ratio   Std. Err.      z    P>|z|     [95% Conf. Interval]
------------------------+----------------------------------------------------------------
                   age1 |   1.172706     .02435     7.67   0.000     1.125938    1.221415
                   age2 |    .897365   .0402401    -2.41   0.016     .8218625    .9798038
                   age3 |   1.322657   .1367481     2.70   0.007     1.080046    1.619765
                   male |   1.704339   .0306235    29.67   0.000     1.645363    1.765429
                        |
              ethnicity |
                 Mixed  |   1.490969   .1714422     3.47   0.001     1.190122    1.867867
Asian or Asian British  |   1.908869   .0690164    17.88   0.000     1.778281    2.049047
                 Black  |    1.72871   .1030637     9.18   0.000     1.538064    1.942986
                 Other  |   1.337723   .1131865     3.44   0.001       1.1333    1.579019
-----------------------------------------------------------------------------------------
                                                             Stratified by stp
(note: file ./analysis/output/models/an_cox_covnoncov_agesex_cov_ethnicity.ster not found)
file ./analysis/output/models/an_cox_covnoncov_agesex_cov_ethnicity.ster saved

------------------------------------------------------------------------------------------------------------------------------------------------------------------------------------------------------------------------------------------------------------
active results
------------------------------------------------------------------------------------------------------------------------------------------------------------------------------------------------------------------------------------------------------------

Stratified Cox regr. -- Breslow method for ties

No. of subjects =   17,456,515                  Number of obs    =  17,456,515
No. of failures =       17,063
Time at risk    =   4900030028
                                                LR chi2(5)       =    54216.32
Log likelihood  =   -203187.38                  Prob > chi2      =      0.0000

------------------------------------------------------------------------------------
                _t | Haz. Ratio   Std. Err.      z    P>|z|     [95% Conf. Interval]
-------------------+----------------------------------------------------------------
              age1 |   1.166876   .0205942     8.74   0.000     1.127202    1.207946
              age2 |   .9059116   .0347236    -2.58   0.010     .8403481    .9765904
              age3 |   1.288767   .1142067     2.86   0.004     1.083287    1.533224
              male |    1.73369   .0270001    35.33   0.000      1.68157    1.787425
1.htdiag_or_highbp |   1.090607   .0197461     4.79   0.000     1.052583    1.130003
------------------------------------------------------------------------------------
                                                             Stratified by stp
(note: file ./analysis/output/models/an_cox_covnoncov_agesex_cov_htdiag_or_highbp.ster not found)
file ./analysis/output/models/an_cox_covnoncov_agesex_cov_htdiag_or_highbp.ster saved

------------------------------------------------------------------------------------------------------------------------------------------------------------------------------------------------------------------------------------------------------------
active results
------------------------------------------------------------------------------------------------------------------------------------------------------------------------------------------------------------------------------------------------------------

Stratified Cox regr. -- Breslow method for ties

No. of subjects =   17,456,515                  Number of obs    =  17,456,515
No. of failures =       17,063
Time at risk    =   4900030028
                                                LR chi2(8)       =    55350.96
Log likelihood  =   -202620.06                  Prob > chi2      =      0.0000

----------------------------------------------------------------------------------
              _t | Haz. Ratio   Std. Err.      z    P>|z|     [95% Conf. Interval]
-----------------+----------------------------------------------------------------
            age1 |   1.163287   .0203933     8.63   0.000     1.123996    1.203952
            age2 |   .9238103   .0352113    -2.08   0.038     .8573123    .9954663
            age3 |   1.220983   .1076486     2.26   0.024     1.027219    1.451297
            male |   1.745954    .027197    35.78   0.000     1.693454    1.800081
                 |
             imd |
              2  |   1.169047   .0302632     6.03   0.000     1.111212    1.229892
              3  |   1.368333   .0353119    12.15   0.000     1.300844    1.439323
              4  |   1.772594   .0447456    22.68   0.000     1.687029      1.8625
5 most deprived  |   2.117426   .0537636    29.55   0.000      2.01463    2.225467
----------------------------------------------------------------------------------
                                                             Stratified by stp
(note: file ./analysis/output/models/an_cox_covnoncov_agesex_cov_imd.ster not found)
file ./analysis/output/models/an_cox_covnoncov_agesex_cov_imd.ster saved

------------------------------------------------------------------------------------------------------------------------------------------------------------------------------------------------------------------------------------------------------------
active results
------------------------------------------------------------------------------------------------------------------------------------------------------------------------------------------------------------------------------------------------------------

Stratified Cox regr. -- Breslow method for ties

No. of subjects =   17,456,515                  Number of obs    =  17,456,515
No. of failures =       17,063
Time at risk    =   4900030028
                                                LR chi2(7)       =    54923.32
Log likelihood  =   -202833.88                  Prob > chi2      =      0.0000

-------------------------------------------------------------------------------------
                 _t | Haz. Ratio   Std. Err.      z    P>|z|     [95% Conf. Interval]
--------------------+----------------------------------------------------------------
               age1 |   1.165074   .0205748     8.65   0.000     1.125438    1.206106
               age2 |   .9044455     .03467    -2.62   0.009     .8389835    .9750153
               age3 |   1.310183   .1160986     3.05   0.002     1.101298    1.558687
               male |    1.78378   .0278669    37.05   0.000      1.72999    1.839243
                    |
          obese4cat |
 Obese I (30-34.9)  |   1.218753   .0258977     9.31   0.000     1.169037    1.270583
Obese II (35-39.9)  |   1.779919   .0554597    18.50   0.000     1.674473    1.892006
   Obese III (40+)  |   2.756645    .116011    24.09   0.000     2.538393    2.993663
-------------------------------------------------------------------------------------
                                                             Stratified by stp
(note: file ./analysis/output/models/an_cox_covnoncov_agesex_cov_obese4cat.ster not found)
file ./analysis/output/models/an_cox_covnoncov_agesex_cov_obese4cat.ster saved

------------------------------------------------------------------------------------------------------------------------------------------------------------------------------------------------------------------------------------------------------------
active results
------------------------------------------------------------------------------------------------------------------------------------------------------------------------------------------------------------------------------------------------------------

Stratified Cox regr. -- Breslow method for ties

No. of subjects =   17,456,515                  Number of obs    =  17,456,515
No. of failures =       17,063
Time at risk    =   4900030028
                                                LR chi2(5)       =    54360.09
Log likelihood  =    -203115.5                  Prob > chi2      =      0.0000

------------------------------------------------------------------------------------
                _t | Haz. Ratio   Std. Err.      z    P>|z|     [95% Conf. Interval]
-------------------+----------------------------------------------------------------
              age1 |   1.165378   .0205029     8.70   0.000     1.125878    1.206264
              age2 |   .9118964   .0348404    -2.41   0.016     .8461046    .9828042
              age3 |   1.267519   .1119631     2.68   0.007     1.066021    1.507104
              male |   1.728165   .0269048    35.14   0.000     1.676229     1.78171
1.organ_transplant |   5.530376   .5726757    16.52   0.000     4.514524    6.774815
------------------------------------------------------------------------------------
                                                             Stratified by stp
(note: file ./analysis/output/models/an_cox_covnoncov_agesex_cov_organ_transplant.ster not found)
file ./analysis/output/models/an_cox_covnoncov_agesex_cov_organ_transplant.ster saved

------------------------------------------------------------------------------------------------------------------------------------------------------------------------------------------------------------------------------------------------------------
active results
------------------------------------------------------------------------------------------------------------------------------------------------------------------------------------------------------------------------------------------------------------

Stratified Cox regr. -- Breslow method for ties

No. of subjects =   17,456,515                  Number of obs    =  17,456,515
No. of failures =       17,063
Time at risk    =   4900030028
                                                LR chi2(5)       =    54238.16
Log likelihood  =   -203176.46                  Prob > chi2      =      0.0000

-------------------------------------------------------------------------------------------
                       _t | Haz. Ratio   Std. Err.      z    P>|z|     [95% Conf. Interval]
--------------------------+----------------------------------------------------------------
                     age1 |   1.164911   .0204826     8.68   0.000      1.12545    1.205756
                     age2 |   .9135383   .0348838    -2.37   0.018     .8476631    .9845329
                     age3 |   1.260938    .111323     2.63   0.009     1.060583    1.499142
                     male |   1.729521   .0269227    35.19   0.000      1.67755    1.783101
1.other_immunosuppression |   2.528617   .3031064     7.74   0.000     1.999168    3.198284
-------------------------------------------------------------------------------------------
                                                             Stratified by stp
(note: file ./analysis/output/models/an_cox_covnoncov_agesex_cov_other_immunosuppression.ster not found)
file ./analysis/output/models/an_cox_covnoncov_agesex_cov_other_immunosuppression.ster saved

------------------------------------------------------------------------------------------------------------------------------------------------------------------------------------------------------------------------------------------------------------
active results
------------------------------------------------------------------------------------------------------------------------------------------------------------------------------------------------------------------------------------------------------------

Stratified Cox regr. -- Breslow method for ties

No. of subjects =   17,456,515                  Number of obs    =  17,456,515
No. of failures =       17,063
Time at risk    =   4900030028
                                                LR chi2(5)       =    55169.65
Log likelihood  =   -202710.72                  Prob > chi2      =      0.0000

-------------------------------------------------------------------------------
           _t | Haz. Ratio   Std. Err.      z    P>|z|     [95% Conf. Interval]
--------------+----------------------------------------------------------------
         age1 |   1.170252   .0207522     8.87   0.000     1.130277     1.21164
         age2 |   .9001695   .0346228    -2.73   0.006     .8348049    .9706522
         age3 |   1.308359   .1162768     3.02   0.002     1.099205    1.557311
         male |   1.709647   .0266165    34.45   0.000     1.658267    1.762618
1.other_neuro |   3.188753   .1009582    36.63   0.000     2.996893    3.392896
-------------------------------------------------------------------------------
                                                             Stratified by stp
(note: file ./analysis/output/models/an_cox_covnoncov_agesex_cov_other_neuro.ster not found)
file ./analysis/output/models/an_cox_covnoncov_agesex_cov_other_neuro.ster saved

------------------------------------------------------------------------------------------------------------------------------------------------------------------------------------------------------------------------------------------------------------
active results
------------------------------------------------------------------------------------------------------------------------------------------------------------------------------------------------------------------------------------------------------------

Stratified Cox regr. -- Breslow method for ties

No. of subjects =   17,456,515                  Number of obs    =  17,456,515
No. of failures =       17,063
Time at risk    =   4900030028
                                                LR chi2(5)       =    54301.82
Log likelihood  =   -203144.63                  Prob > chi2      =      0.0000

------------------------------------------------------------------------------------
                _t | Haz. Ratio   Std. Err.      z    P>|z|     [95% Conf. Interval]
-------------------+----------------------------------------------------------------
              age1 |    1.16689   .0205935     8.75   0.000     1.127217    1.207958
              age2 |   .9080174   .0347843    -2.52   0.012      .842338     .978818
              age3 |   1.281322    .113458     2.80   0.005     1.077175    1.524158
              male |   1.735949   .0270252    35.43   0.000     1.683781    1.789734
1.ra_sle_psoriasis |   1.336088   .0356967    10.84   0.000     1.267924    1.407917
------------------------------------------------------------------------------------
                                                             Stratified by stp
(note: file ./analysis/output/models/an_cox_covnoncov_agesex_cov_ra_sle_psoriasis.ster not found)
file ./analysis/output/models/an_cox_covnoncov_agesex_cov_ra_sle_psoriasis.ster saved

------------------------------------------------------------------------------------------------------------------------------------------------------------------------------------------------------------------------------------------------------------
active results
------------------------------------------------------------------------------------------------------------------------------------------------------------------------------------------------------------------------------------------------------------

Stratified Cox regr. -- Breslow method for ties

No. of subjects =   17,456,515                  Number of obs    =  17,456,515
No. of failures =       17,063
Time at risk    =   4900030028
                                                LR chi2(6)       =    54689.06
Log likelihood  =   -202951.01                  Prob > chi2      =      0.0000

------------------------------------------------------------------------------
          _t | Haz. Ratio   Std. Err.      z    P>|z|     [95% Conf. Interval]
-------------+----------------------------------------------------------------
        age1 |   1.170716   .0210358     8.77   0.000     1.130204     1.21268
        age2 |   .8944714   .0348028    -2.87   0.004     .8287953     .965352
        age3 |   1.333111   .1197393     3.20   0.001     1.117923    1.589721
        male |   1.619891   .0256179    30.50   0.000     1.570451    1.670888
             |
smoke_nomiss |
     Former  |   1.448103   .0244714    21.91   0.000     1.400925    1.496869
    Current  |   1.187375   .0397048     5.14   0.000      1.11205    1.267801
------------------------------------------------------------------------------
                                                             Stratified by stp
(note: file ./analysis/output/models/an_cox_covnoncov_agesex_cov_smoke_nomiss.ster not found)
file ./analysis/output/models/an_cox_covnoncov_agesex_cov_smoke_nomiss.ster saved

------------------------------------------------------------------------------------------------------------------------------------------------------------------------------------------------------------------------------------------------------------
active results
------------------------------------------------------------------------------------------------------------------------------------------------------------------------------------------------------------------------------------------------------------

Stratified Cox regr. -- Breslow method for ties

No. of subjects =   17,456,515                  Number of obs    =  17,456,515
No. of failures =       17,063
Time at risk    =   4900030028
                                                LR chi2(5)       =    54201.84
Log likelihood  =   -203194.62                  Prob > chi2      =      0.0000

------------------------------------------------------------------------------
          _t | Haz. Ratio   Std. Err.      z    P>|z|     [95% Conf. Interval]
-------------+----------------------------------------------------------------
        age1 |   1.165687   .0205167     8.71   0.000     1.126161    1.206601
        age2 |   .9119383   .0348531    -2.41   0.016     .8461232    .9828729
        age3 |   1.266148   .1118732     2.67   0.008     1.064816    1.505546
        male |   1.730199   .0269322    35.22   0.000      1.67821    1.783799
    1.spleen |   1.516313   .1994554     3.16   0.002     1.171715    1.962256
------------------------------------------------------------------------------
                                                             Stratified by stp
(note: file ./analysis/output/models/an_cox_covnoncov_agesex_cov_spleen.ster not found)
file ./analysis/output/models/an_cox_covnoncov_agesex_cov_spleen.ster saved

------------------------------------------------------------------------------------------------------------------------------------------------------------------------------------------------------------------------------------------------------------
active results
------------------------------------------------------------------------------------------------------------------------------------------------------------------------------------------------------------------------------------------------------------

Stratified Cox regr. -- Breslow method for ties

No. of subjects =   17,456,515                  Number of obs    =  17,456,515
No. of failures =       17,063
Time at risk    =   4900030028
                                                LR chi2(5)       =    55232.02
Log likelihood  =   -202679.53                  Prob > chi2      =      0.0000

------------------------------------------------------------------------------
          _t | Haz. Ratio   Std. Err.      z    P>|z|     [95% Conf. Interval]
-------------+----------------------------------------------------------------
        age1 |   1.164809   .0204796     8.68   0.000     1.125354    1.205648
        age2 |   .9137763   .0348945    -2.36   0.018      .847881    .9847928
        age3 |   1.250671   .1104315     2.53   0.011     1.051923     1.48697
        male |   1.698001   .0264556    33.98   0.000     1.646933    1.750653
    1.stroke |   2.053043   .0425393    34.72   0.000     1.971338    2.138135
------------------------------------------------------------------------------
                                                             Stratified by stp
(note: file ./analysis/output/models/an_cox_covnoncov_agesex_cov_stroke.ster not found)
file ./analysis/output/models/an_cox_covnoncov_agesex_cov_stroke.ster saved

------------------------------------------------------------------------------------------------------------------------------------------------------------------------------------------------------------------------------------------------------------
active results
------------------------------------------------------------------------------------------------------------------------------------------------------------------------------------------------------------------------------------------------------------

Stratified Cox regr. -- Breslow method for ties

No. of subjects =   17,456,515                  Number of obs    =  17,456,515
No. of failures =       17,063
Time at risk    =   4900030028
                                                LR chi2(5)       =    56125.71
Log likelihood  =   -202232.69                  Prob > chi2      =      0.0000

------------------------------------------------------------------------------
          _t | Haz. Ratio   Std. Err.      z    P>|z|     [95% Conf. Interval]
-------------+----------------------------------------------------------------
        age1 |   1.157382   .0201098     8.41   0.000     1.118631    1.197476
        age2 |   .9335637   .0353079    -1.82   0.069     .8668641    1.005395
        age3 |   1.181991   .1034834     1.91   0.056     .9956144    1.403256
        male |   1.751038   .0272941    35.94   0.000     1.698352    1.805359
  1.dementia |   4.728903   .1381339    53.19   0.000      4.46577    5.007541
------------------------------------------------------------------------------
                                                             Stratified by stp
(note: file ./analysis/output/models/an_cox_covnoncov_agesex_cov_dementia.ster not found)
file ./analysis/output/models/an_cox_covnoncov_agesex_cov_dementia.ster saved

------------------------------------------------------------------------------------------------------------------------------------------------------------------------------------------------------------------------------------------------------------
active results
------------------------------------------------------------------------------------------------------------------------------------------------------------------------------------------------------------------------------------------------------------

Stratified Cox regr. -- Breslow method for ties

No. of subjects =   17,456,515                  Number of obs    =  17,456,515
No. of failures =       17,063
Time at risk    =   4900030028
                                                LR chi2(4)       =    54193.07
Log likelihood  =   -203199.01                  Prob > chi2      =      0.0000

------------------------------------------------------------------------------
          _t | Haz. Ratio   Std. Err.      z    P>|z|     [95% Conf. Interval]
-------------+----------------------------------------------------------------
        age1 |   1.165651   .0205145     8.71   0.000     1.126128     1.20656
        age2 |   .9121078   .0348572    -2.41   0.016     .8462849    .9830503
        age3 |   1.265457   .1118048     2.66   0.008     1.064248    1.504708
      1.male |    1.73063   .0269384    35.24   0.000     1.678629    1.784241
------------------------------------------------------------------------------
                                                             Stratified by stp
(note: file ./analysis/output/models/an_cox_covnoncov_agesex_cov__MALE.ster not found)
file ./analysis/output/models/an_cox_covnoncov_agesex_cov__MALE.ster saved

------------------------------------------------------------------------------------------------------------------------------------------------------------------------------------------------------------------------------------------------------------
active results
------------------------------------------------------------------------------------------------------------------------------------------------------------------------------------------------------------------------------------------------------------

Stratified Cox regr. -- Breslow method for ties

No. of subjects =   17,456,515                  Number of obs    =  17,456,515
No. of failures =       17,063
Time at risk    =   4900030028
                                                LR chi2(6)       =    50038.45
Log likelihood  =   -205276.32                  Prob > chi2      =      0.0000

------------------------------------------------------------------------------
          _t | Haz. Ratio   Std. Err.      z    P>|z|     [95% Conf. Interval]
-------------+----------------------------------------------------------------
    agegroup |
     18-<40  |   .0499153   .0061282   -24.41   0.000     .0392401    .0634946
     40-<50  |   .3231761    .024608   -14.83   0.000     .2783716    .3751919
     60-<70  |   2.936027   .1308221    24.17   0.000     2.690498    3.203963
     70-<80  |   9.219074   .3715911    55.11   0.000     8.518794     9.97692
        80+  |   44.15267    1.69389    98.73   0.000     40.95446    47.60064
             |
      1.male |   1.584981   .0244809    29.82   0.000     1.537719    1.633697
------------------------------------------------------------------------------
                                                             Stratified by stp
(note: file ./analysis/output/models/an_cox_covnoncov_agesex_cov__AGEGROUP.ster not found)
file ./analysis/output/models/an_cox_covnoncov_agesex_cov__AGEGROUP.ster saved

                id:  patient_id
     failure event:  onsdeath_cnc == 2
obs. time interval:  (stime_onsdeath[_n-1], stime_onsdeath]
 enter on or after:  time enter_date
 exit on or before:  failure
    t for analysis:  (time-origin)
            origin:  time enter_date

------------------------------------------------------------------------------
   17456515  total observations
          0  exclusions
------------------------------------------------------------------------------
   17456515  observations remaining, representing
   17456515  subjects
    134,316  failures in single-failure-per-subject data
 4.9000e+09  total analysis time at risk and under observation
                                                at risk from t =         0
                                     earliest observed entry t =         0
                                          last observed exit t =       282

------------------------------------------------------------------------------------------------------------------------------------------------------------------------------------------------------------------------------------------------------------
active results
------------------------------------------------------------------------------------------------------------------------------------------------------------------------------------------------------------------------------------------------------------

Stratified Cox regr. -- Breslow method for ties

No. of subjects =   17,456,515                  Number of obs    =  17,456,515
No. of failures =      134,316
Time at risk    =   4900030028
                                                LR chi2(6)       =   364098.44
Log likelihood  =   -1624307.8                  Prob > chi2      =      0.0000

-------------------------------------------------------------------------------
           _t | Haz. Ratio   Std. Err.      z    P>|z|     [95% Conf. Interval]
--------------+----------------------------------------------------------------
         age1 |   1.131342    .004577    30.50   0.000     1.122407    1.140349
         age2 |   .9093663   .0084718   -10.20   0.000     .8929127    .9261232
         age3 |   1.327362   .0293353    12.81   0.000     1.271093    1.386121
         male |    1.33161   .0073489    51.89   0.000     1.317284    1.346092
              |
    asthmacat |
 Yes, no OCS  |   1.021874    .009141     2.42   0.016     1.004114    1.039948
Yes with OCS  |   1.222383   .0214039    11.47   0.000     1.181144    1.265062
-------------------------------------------------------------------------------
                                                             Stratified by stp
(note: file ./analysis/output/models/an_cox_covnoncov_agesex_noncov_asthmacat.ster not found)
file ./analysis/output/models/an_cox_covnoncov_agesex_noncov_asthmacat.ster saved

------------------------------------------------------------------------------------------------------------------------------------------------------------------------------------------------------------------------------------------------------------
active results
------------------------------------------------------------------------------------------------------------------------------------------------------------------------------------------------------------------------------------------------------------

Stratified Cox regr. -- Breslow method for ties

No. of subjects =   17,456,515                  Number of obs    =  17,456,515
No. of failures =      134,316
Time at risk    =   4900030028
                                                LR chi2(7)       =   397821.10
Log likelihood  =   -1607446.4                  Prob > chi2      =      0.0000

-----------------------------------------------------------------------------------
               _t | Haz. Ratio   Std. Err.      z    P>|z|     [95% Conf. Interval]
------------------+----------------------------------------------------------------
             age1 |   1.146626   .0047571    32.98   0.000      1.13734    1.155988
             age2 |   .8631412   .0082078   -15.48   0.000     .8472033     .879379
             age3 |    1.52014   .0342193    18.60   0.000     1.454529     1.58871
             male |   1.244971   .0068782    39.66   0.000     1.231563    1.258525
                  |
cancer_exhaem_cat |
       Last year  |   8.477618   .0906411   199.91   0.000     8.301813    8.657146
   2-5 years ago  |   3.241349   .0319984   119.12   0.000     3.179236    3.304675
        5+ years  |   1.543654   .0128482    52.16   0.000     1.518676    1.569043
-----------------------------------------------------------------------------------
                                                             Stratified by stp
(note: file ./analysis/output/models/an_cox_covnoncov_agesex_noncov_cancer_exhaem_cat.ster not found)
file ./analysis/output/models/an_cox_covnoncov_agesex_noncov_cancer_exhaem_cat.ster saved

------------------------------------------------------------------------------------------------------------------------------------------------------------------------------------------------------------------------------------------------------------
active results
------------------------------------------------------------------------------------------------------------------------------------------------------------------------------------------------------------------------------------------------------------

Stratified Cox regr. -- Breslow method for ties

No. of subjects =   17,456,515                  Number of obs    =  17,456,515
No. of failures =      134,316
Time at risk    =   4900030028
                                                LR chi2(7)       =   366958.54
Log likelihood  =   -1622877.7                  Prob > chi2      =      0.0000

---------------------------------------------------------------------------------
             _t | Haz. Ratio   Std. Err.      z    P>|z|     [95% Conf. Interval]
----------------+----------------------------------------------------------------
           age1 |   1.132919    .004595    30.77   0.000     1.123949    1.141961
           age2 |   .9047856   .0084463   -10.72   0.000     .8883816    .9214924
           age3 |   1.344405    .029766    13.37   0.000     1.287313     1.40403
           male |   1.318433   .0072717    50.12   0.000     1.304258    1.332763
                |
cancer_haem_cat |
     Last year  |   5.095619   .1769891    46.88   0.000     4.760271    5.454592
 2-5 years ago  |   2.671523   .0705251    37.22   0.000     2.536811    2.813388
      5+ years  |   1.805981   .0391765    27.25   0.000     1.730806    1.884421
---------------------------------------------------------------------------------
                                                             Stratified by stp
(note: file ./analysis/output/models/an_cox_covnoncov_agesex_noncov_cancer_haem_cat.ster not found)
file ./analysis/output/models/an_cox_covnoncov_agesex_noncov_cancer_haem_cat.ster saved

------------------------------------------------------------------------------------------------------------------------------------------------------------------------------------------------------------------------------------------------------------
active results
------------------------------------------------------------------------------------------------------------------------------------------------------------------------------------------------------------------------------------------------------------

Stratified Cox regr. -- Breslow method for ties

No. of subjects =   17,456,515                  Number of obs    =  17,456,515
No. of failures =      134,316
Time at risk    =   4900030028
                                                LR chi2(5)       =   371151.30
Log likelihood  =   -1620781.3                  Prob > chi2      =      0.0000

-------------------------------------------------------------------------------------------
                       _t | Haz. Ratio   Std. Err.      z    P>|z|     [95% Conf. Interval]
--------------------------+----------------------------------------------------------------
                     age1 |   1.134101   .0046082    30.97   0.000     1.125104    1.143169
                     age2 |   .8999509   .0084156   -11.27   0.000     .8836068    .9165973
                     age3 |   1.351555   .0299732    13.58   0.000     1.294067    1.411597
                     male |   1.250416   .0069566    40.17   0.000     1.236855    1.264125
1.chronic_cardiac_disease |   1.686818   .0101631    86.78   0.000     1.667015    1.706855
-------------------------------------------------------------------------------------------
                                                             Stratified by stp
(note: file ./analysis/output/models/an_cox_covnoncov_agesex_noncov_chronic_cardiac_disease.ster not found)
file ./analysis/output/models/an_cox_covnoncov_agesex_noncov_chronic_cardiac_disease.ster saved

------------------------------------------------------------------------------------------------------------------------------------------------------------------------------------------------------------------------------------------------------------
active results
------------------------------------------------------------------------------------------------------------------------------------------------------------------------------------------------------------------------------------------------------------

Stratified Cox regr. -- Breslow method for ties

No. of subjects =   17,456,515                  Number of obs    =  17,456,515
No. of failures =      134,316
Time at risk    =   4900030028
                                                LR chi2(7)       =   372935.81
Log likelihood  =   -1619889.1                  Prob > chi2      =      0.0000

-----------------------------------------------------------------------------------------------
                           _t | Haz. Ratio   Std. Err.      z    P>|z|     [95% Conf. Interval]
------------------------------+----------------------------------------------------------------
                         age1 |   1.124374   .0045021    29.28   0.000     1.115585    1.133233
                         age2 |   .9288567   .0085892    -7.98   0.000     .9121738    .9458448
                         age3 |   1.238847   .0272218     9.75   0.000     1.186626    1.293367
                         male |   1.310739    .007229    49.06   0.000     1.296647    1.324985
                              |
 reduced_kidney_function_cat2 |
Stage 3a/3b egfr 30-60        |   1.269819   .0083733    36.23   0.000     1.253513    1.286337
         Stage 4 egfr 15-<30  |   2.527407   .0323043    72.54   0.000     2.464878    2.591522
Stage 5 egfr <15 or dialysis  |   5.915273    .120297    87.41   0.000     5.684132    6.155812
-----------------------------------------------------------------------------------------------
                                                             Stratified by stp
(note: file ./analysis/output/models/an_cox_covnoncov_agesex_noncov_reduced_kidney_function_cat2.ster not found)
file ./analysis/output/models/an_cox_covnoncov_agesex_noncov_reduced_kidney_function_cat2.ster saved

------------------------------------------------------------------------------------------------------------------------------------------------------------------------------------------------------------------------------------------------------------
active results
------------------------------------------------------------------------------------------------------------------------------------------------------------------------------------------------------------------------------------------------------------

Stratified Cox regr. -- Breslow method for ties

No. of subjects =   17,456,515                  Number of obs    =  17,456,515
No. of failures =      134,316
Time at risk    =   4900030028
                                                LR chi2(5)       =   368951.64
Log likelihood  =   -1621881.2                  Prob > chi2      =      0.0000

-----------------------------------------------------------------------------------------
                     _t | Haz. Ratio   Std. Err.      z    P>|z|     [95% Conf. Interval]
------------------------+----------------------------------------------------------------
                   age1 |   1.131627   .0045837    30.53   0.000     1.122679    1.140647
                   age2 |   .9058141   .0084467   -10.61   0.000     .8894092    .9225216
                   age3 |   1.344918   .0297484    13.40   0.000     1.287858    1.404506
                   male |   1.326151   .0073132    51.19   0.000     1.311894    1.340562
1.chronic_liver_disease |   4.234273   .0705974    86.56   0.000     4.098141    4.374926
-----------------------------------------------------------------------------------------
                                                             Stratified by stp
(note: file ./analysis/output/models/an_cox_covnoncov_agesex_noncov_chronic_liver_disease.ster not found)
file ./analysis/output/models/an_cox_covnoncov_agesex_noncov_chronic_liver_disease.ster saved

------------------------------------------------------------------------------------------------------------------------------------------------------------------------------------------------------------------------------------------------------------
active results
------------------------------------------------------------------------------------------------------------------------------------------------------------------------------------------------------------------------------------------------------------

Stratified Cox regr. -- Breslow method for ties

No. of subjects =   17,456,515                  Number of obs    =  17,456,515
No. of failures =      134,316
Time at risk    =   4900030028
                                                LR chi2(5)       =   375436.99
Log likelihood  =   -1618638.5                  Prob > chi2      =      0.0000

-----------------------------------------------------------------------------------------------
                           _t | Haz. Ratio   Std. Err.      z    P>|z|     [95% Conf. Interval]
------------------------------+----------------------------------------------------------------
                         age1 |    1.14308   .0047119    32.44   0.000     1.133882    1.152353
                         age2 |   .8748761   .0082769   -14.13   0.000     .8588031    .8912499
                         age3 |    1.46716   .0328779    17.11   0.000     1.404115    1.533036
                         male |   1.286566   .0070979    45.67   0.000      1.27273    1.300554
1.chronic_respiratory_disease |    2.18181   .0147431   115.45   0.000     2.153105    2.210898
-----------------------------------------------------------------------------------------------
                                                             Stratified by stp
(note: file ./analysis/output/models/an_cox_covnoncov_agesex_noncov_chronic_respiratory_disease.ster not found)
file ./analysis/output/models/an_cox_covnoncov_agesex_noncov_chronic_respiratory_disease.ster saved

------------------------------------------------------------------------------------------------------------------------------------------------------------------------------------------------------------------------------------------------------------
active results
------------------------------------------------------------------------------------------------------------------------------------------------------------------------------------------------------------------------------------------------------------

Stratified Cox regr. -- Breslow method for ties

No. of subjects =   17,456,515                  Number of obs    =  17,456,515
No. of failures =      134,316
Time at risk    =   4900030028
                                                LR chi2(7)       =   368947.19
Log likelihood  =   -1621883.4                  Prob > chi2      =      0.0000

---------------------------------------------------------------------------------------------
                         _t | Haz. Ratio   Std. Err.      z    P>|z|     [95% Conf. Interval]
----------------------------+----------------------------------------------------------------
                       age1 |    1.13434   .0046135    30.99   0.000     1.125334    1.143419
                       age2 |   .8953173   .0083814   -11.81   0.000     .8790397    .9118962
                       age3 |   1.385128   .0307551    14.67   0.000     1.326142    1.446738
                       male |   1.299793   .0071861    47.43   0.000     1.285785    1.313955
                            |
                    diabcat |
       Controlled diabetes  |   1.317898   .0096853    37.56   0.000     1.299051    1.337018
     Uncontrolled diabetes  |   1.767804   .0179912    55.98   0.000     1.732891     1.80342
Diabetes, no hba1c measure  |   1.993482   .0301277    45.65   0.000     1.935298    2.053414
---------------------------------------------------------------------------------------------
                                                             Stratified by stp
(note: file ./analysis/output/models/an_cox_covnoncov_agesex_noncov_diabcat.ster not found)
file ./analysis/output/models/an_cox_covnoncov_agesex_noncov_diabcat.ster saved

------------------------------------------------------------------------------------------------------------------------------------------------------------------------------------------------------------------------------------------------------------
active results
------------------------------------------------------------------------------------------------------------------------------------------------------------------------------------------------------------------------------------------------------------

Stratified Cox regr. -- Breslow method for ties

No. of subjects =   13,029,214                  Number of obs    =  13,029,214
No. of failures =       95,309
Time at risk    =   3658057529
                                                LR chi2(8)       =   255360.62
Log likelihood  =   -1128334.6                  Prob > chi2      =      0.0000

-----------------------------------------------------------------------------------------
                     _t | Haz. Ratio   Std. Err.      z    P>|z|     [95% Conf. Interval]
------------------------+----------------------------------------------------------------
                   age1 |   1.146823   .0058899    26.67   0.000     1.135337    1.158426
                   age2 |     .87504   .0101782   -11.48   0.000     .8553167     .895218
                   age3 |   1.464574   .0401292    13.93   0.000     1.387997    1.545376
                   male |   1.352998    .008845    46.25   0.000     1.335773    1.370446
                        |
              ethnicity |
                 Mixed  |   .8832501   .0472809    -2.32   0.020     .7952769    .9809547
Asian or Asian British  |   .7876967   .0158533   -11.86   0.000     .7572297    .8193895
                 Black  |   .8683078   .0274049    -4.47   0.000     .8162227    .9237166
                 Other  |   .6744789   .0290819    -9.13   0.000     .6198215    .7339561
-----------------------------------------------------------------------------------------
                                                             Stratified by stp
(note: file ./analysis/output/models/an_cox_covnoncov_agesex_noncov_ethnicity.ster not found)
file ./analysis/output/models/an_cox_covnoncov_agesex_noncov_ethnicity.ster saved

------------------------------------------------------------------------------------------------------------------------------------------------------------------------------------------------------------------------------------------------------------
active results
------------------------------------------------------------------------------------------------------------------------------------------------------------------------------------------------------------------------------------------------------------

Stratified Cox regr. -- Breslow method for ties

No. of subjects =   17,456,515                  Number of obs    =  17,456,515
No. of failures =      134,316
Time at risk    =   4900030028
                                                LR chi2(5)       =   364130.48
Log likelihood  =   -1624291.7                  Prob > chi2      =      0.0000

------------------------------------------------------------------------------------
                _t | Haz. Ratio   Std. Err.      z    P>|z|     [95% Conf. Interval]
-------------------+----------------------------------------------------------------
              age1 |   1.131717   .0045843    30.55   0.000     1.122767    1.140738
              age2 |   .9054082   .0084508   -10.65   0.000     .8889956    .9221238
              age3 |   1.343016   .0297425    13.32   0.000     1.285968    1.402593
              male |   1.330307   .0073366    51.75   0.000     1.316005    1.344764
1.htdiag_or_highbp |   1.083725   .0069487    12.54   0.000     1.070191     1.09743
------------------------------------------------------------------------------------
                                                             Stratified by stp
(note: file ./analysis/output/models/an_cox_covnoncov_agesex_noncov_htdiag_or_highbp.ster not found)
file ./analysis/output/models/an_cox_covnoncov_agesex_noncov_htdiag_or_highbp.ster saved

------------------------------------------------------------------------------------------------------------------------------------------------------------------------------------------------------------------------------------------------------------
active results
------------------------------------------------------------------------------------------------------------------------------------------------------------------------------------------------------------------------------------------------------------

Stratified Cox regr. -- Breslow method for ties

No. of subjects =   17,456,515                  Number of obs    =  17,456,515
No. of failures =      134,316
Time at risk    =   4900030028
                                                LR chi2(8)       =   367977.70
Log likelihood  =   -1622368.1                  Prob > chi2      =      0.0000

----------------------------------------------------------------------------------
              _t | Haz. Ratio   Std. Err.      z    P>|z|     [95% Conf. Interval]
-----------------+----------------------------------------------------------------
            age1 |   1.130721   .0045734    30.37   0.000     1.121793    1.139721
            age2 |   .9155292   .0085325    -9.47   0.000     .8989576    .9324063
            age3 |   1.301163   .0287731    11.90   0.000     1.245974    1.358798
            male |   1.334861   .0073626    52.37   0.000     1.320508     1.34937
                 |
             imd |
              2  |   1.121701   .0097558    13.20   0.000     1.102742    1.140986
              3  |   1.245501   .0108673    25.16   0.000     1.224382    1.266983
              4  |   1.443625   .0127674    41.51   0.000     1.418817    1.468867
5 most deprived  |   1.683895   .0153461    57.18   0.000     1.654084    1.714243
----------------------------------------------------------------------------------
                                                             Stratified by stp
(note: file ./analysis/output/models/an_cox_covnoncov_agesex_noncov_imd.ster not found)
file ./analysis/output/models/an_cox_covnoncov_agesex_noncov_imd.ster saved

------------------------------------------------------------------------------------------------------------------------------------------------------------------------------------------------------------------------------------------------------------
active results
------------------------------------------------------------------------------------------------------------------------------------------------------------------------------------------------------------------------------------------------------------

Stratified Cox regr. -- Breslow method for ties

No. of subjects =   17,456,515                  Number of obs    =  17,456,515
No. of failures =      134,316
Time at risk    =   4900030028
                                                LR chi2(7)       =   365039.24
Log likelihood  =   -1623837.4                  Prob > chi2      =      0.0000

-------------------------------------------------------------------------------------
                 _t | Haz. Ratio   Std. Err.      z    P>|z|     [95% Conf. Interval]
--------------------+----------------------------------------------------------------
               age1 |   1.130239   .0045623    30.33   0.000     1.121333    1.139217
               age2 |   .9136254   .0084981    -9.71   0.000     .8971204     .930434
               age3 |   1.309905   .0289155    12.23   0.000      1.25444    1.367822
               male |   1.337838   .0073924    52.67   0.000     1.323427    1.352405
                    |
          obese4cat |
 Obese I (30-34.9)  |   .8226667    .006904   -23.26   0.000     .8092458    .8363101
Obese II (35-39.9)  |   1.029269   .0135203     2.20   0.028     1.003108    1.056112
   Obese III (40+)  |   1.474821   .0265722    21.56   0.000     1.423649    1.527832
-------------------------------------------------------------------------------------
                                                             Stratified by stp
(note: file ./analysis/output/models/an_cox_covnoncov_agesex_noncov_obese4cat.ster not found)
file ./analysis/output/models/an_cox_covnoncov_agesex_noncov_obese4cat.ster saved

------------------------------------------------------------------------------------------------------------------------------------------------------------------------------------------------------------------------------------------------------------
active results
------------------------------------------------------------------------------------------------------------------------------------------------------------------------------------------------------------------------------------------------------------

Stratified Cox regr. -- Breslow method for ties

No. of subjects =   17,456,515                  Number of obs    =  17,456,515
No. of failures =      134,316
Time at risk    =   4900030028
                                                LR chi2(5)       =   364548.23
Log likelihood  =   -1624082.9                  Prob > chi2      =      0.0000

------------------------------------------------------------------------------------
                _t | Haz. Ratio   Std. Err.      z    P>|z|     [95% Conf. Interval]
-------------------+----------------------------------------------------------------
              age1 |   1.131001   .0045733    30.44   0.000     1.122073        1.14
              age2 |   .9099134   .0084735   -10.14   0.000     .8934563    .9266737
              age3 |   1.325745    .029289    12.76   0.000     1.269564    1.384411
              male |    1.32748   .0073191    51.38   0.000     1.313212    1.341903
1.organ_transplant |   3.733101   .1683879    29.20   0.000     3.417235    4.078164
------------------------------------------------------------------------------------
                                                             Stratified by stp
(note: file ./analysis/output/models/an_cox_covnoncov_agesex_noncov_organ_transplant.ster not found)
file ./analysis/output/models/an_cox_covnoncov_agesex_noncov_organ_transplant.ster saved

------------------------------------------------------------------------------------------------------------------------------------------------------------------------------------------------------------------------------------------------------------
active results
------------------------------------------------------------------------------------------------------------------------------------------------------------------------------------------------------------------------------------------------------------

Stratified Cox regr. -- Breslow method for ties

No. of subjects =   17,456,515                  Number of obs    =  17,456,515
No. of failures =      134,316
Time at risk    =   4900030028
                                                LR chi2(5)       =   364527.84
Log likelihood  =   -1624093.1                  Prob > chi2      =      0.0000

-------------------------------------------------------------------------------------------
                       _t | Haz. Ratio   Std. Err.      z    P>|z|     [95% Conf. Interval]
--------------------------+----------------------------------------------------------------
                     age1 |   1.130469   .0045681    30.35   0.000     1.121551    1.139458
                     age2 |   .9113864   .0084824    -9.97   0.000     .8949119    .9281641
                     age3 |     1.3201   .0291492    12.58   0.000     1.264187    1.378485
                     male |   1.327798   .0073205    51.43   0.000     1.313528    1.342224
1.other_immunosuppression |   2.988528   .1175997    27.82   0.000     2.766701    3.228141
-------------------------------------------------------------------------------------------
                                                             Stratified by stp
(note: file ./analysis/output/models/an_cox_covnoncov_agesex_noncov_other_immunosuppression.ster not found)
file ./analysis/output/models/an_cox_covnoncov_agesex_noncov_other_immunosuppression.ster saved

------------------------------------------------------------------------------------------------------------------------------------------------------------------------------------------------------------------------------------------------------------
active results
------------------------------------------------------------------------------------------------------------------------------------------------------------------------------------------------------------------------------------------------------------

Stratified Cox regr. -- Breslow method for ties

No. of subjects =   17,456,515                  Number of obs    =  17,456,515
No. of failures =      134,316
Time at risk    =   4900030028
                                                LR chi2(5)       =   368560.65
Log likelihood  =   -1622076.6                  Prob > chi2      =      0.0000

-------------------------------------------------------------------------------
           _t | Haz. Ratio   Std. Err.      z    P>|z|     [95% Conf. Interval]
--------------+----------------------------------------------------------------
         age1 |    1.13318   .0045984    30.81   0.000     1.124203    1.142228
         age2 |    .903689   .0084393   -10.84   0.000     .8872987     .920382
         age3 |   1.348733   .0298722    13.51   0.000     1.291437     1.40857
         male |   1.317519    .007264    50.01   0.000     1.303359    1.331833
1.other_neuro |   2.641631   .0330214    77.71   0.000     2.577697    2.707151
-------------------------------------------------------------------------------
                                                             Stratified by stp
(note: file ./analysis/output/models/an_cox_covnoncov_agesex_noncov_other_neuro.ster not found)
file ./analysis/output/models/an_cox_covnoncov_agesex_noncov_other_neuro.ster saved

------------------------------------------------------------------------------------------------------------------------------------------------------------------------------------------------------------------------------------------------------------
active results
------------------------------------------------------------------------------------------------------------------------------------------------------------------------------------------------------------------------------------------------------------

Stratified Cox regr. -- Breslow method for ties

No. of subjects =   17,456,515                  Number of obs    =  17,456,515
No. of failures =      134,316
Time at risk    =   4900030028
                                                LR chi2(5)       =   364401.62
Log likelihood  =   -1624156.2                  Prob > chi2      =      0.0000

------------------------------------------------------------------------------------
                _t | Haz. Ratio   Std. Err.      z    P>|z|     [95% Conf. Interval]
-------------------+----------------------------------------------------------------
              age1 |   1.131557   .0045818    30.52   0.000     1.122612    1.140572
              age2 |    .908037   .0084655   -10.35   0.000     .8915957    .9247815
              age3 |   1.333075    .029481    13.00   0.000     1.276528    1.392127
              male |   1.331573   .0073419    51.94   0.000      1.31726    1.346041
1.ra_sle_psoriasis |   1.234115   .0121605    21.35   0.000      1.21051    1.258181
------------------------------------------------------------------------------------
                                                             Stratified by stp
(note: file ./analysis/output/models/an_cox_covnoncov_agesex_noncov_ra_sle_psoriasis.ster not found)
file ./analysis/output/models/an_cox_covnoncov_agesex_noncov_ra_sle_psoriasis.ster saved

------------------------------------------------------------------------------------------------------------------------------------------------------------------------------------------------------------------------------------------------------------
active results
------------------------------------------------------------------------------------------------------------------------------------------------------------------------------------------------------------------------------------------------------------

Stratified Cox regr. -- Breslow method for ties

No. of subjects =   17,456,515                  Number of obs    =  17,456,515
No. of failures =      134,316
Time at risk    =   4900030028
                                                LR chi2(6)       =   373711.52
Log likelihood  =   -1619501.2                  Prob > chi2      =      0.0000

------------------------------------------------------------------------------
          _t | Haz. Ratio   Std. Err.      z    P>|z|     [95% Conf. Interval]
-------------+----------------------------------------------------------------
        age1 |   1.125891   .0046182    28.91   0.000     1.116876    1.134979
        age2 |   .9223532   .0087029    -8.57   0.000     .9054526    .9395693
        age3 |   1.289831    .028846    11.38   0.000     1.234515    1.347626
        male |   1.246822    .006979    39.41   0.000     1.233218    1.260576
             |
smoke_nomiss |
     Former  |   1.368466   .0084409    50.86   0.000     1.352021     1.38511
    Current  |   2.557503   .0233344   102.92   0.000     2.512175    2.603649
------------------------------------------------------------------------------
                                                             Stratified by stp
(note: file ./analysis/output/models/an_cox_covnoncov_agesex_noncov_smoke_nomiss.ster not found)
file ./analysis/output/models/an_cox_covnoncov_agesex_noncov_smoke_nomiss.ster saved

------------------------------------------------------------------------------------------------------------------------------------------------------------------------------------------------------------------------------------------------------------
active results
------------------------------------------------------------------------------------------------------------------------------------------------------------------------------------------------------------------------------------------------------------

Stratified Cox regr. -- Breslow method for ties

No. of subjects =   17,456,515                  Number of obs    =  17,456,515
No. of failures =      134,316
Time at risk    =   4900030028
                                                LR chi2(5)       =   364244.18
Log likelihood  =   -1624234.9                  Prob > chi2      =      0.0000

------------------------------------------------------------------------------
          _t | Haz. Ratio   Std. Err.      z    P>|z|     [95% Conf. Interval]
-------------+----------------------------------------------------------------
        age1 |   1.131153   .0045748    30.47   0.000     1.122222    1.140155
        age2 |   .9098036   .0084737   -10.15   0.000     .8933461    .9265643
        age3 |   1.325619   .0292899    12.76   0.000     1.269437    1.384287
        male |   1.328007   .0073214    51.46   0.000     1.313734    1.342434
    1.spleen |   2.094458   .0835841    18.53   0.000     1.936879    2.264857
------------------------------------------------------------------------------
                                                             Stratified by stp
(note: file ./analysis/output/models/an_cox_covnoncov_agesex_noncov_spleen.ster not found)
file ./analysis/output/models/an_cox_covnoncov_agesex_noncov_spleen.ster saved

------------------------------------------------------------------------------------------------------------------------------------------------------------------------------------------------------------------------------------------------------------
active results
------------------------------------------------------------------------------------------------------------------------------------------------------------------------------------------------------------------------------------------------------------

Stratified Cox regr. -- Breslow method for ties

No. of subjects =   17,456,515                  Number of obs    =  17,456,515
No. of failures =      134,316
Time at risk    =   4900030028
                                                LR chi2(5)       =   369034.32
Log likelihood  =   -1621839.8                  Prob > chi2      =      0.0000

------------------------------------------------------------------------------
          _t | Haz. Ratio   Std. Err.      z    P>|z|     [95% Conf. Interval]
-------------+----------------------------------------------------------------
        age1 |   1.130202    .004565    30.30   0.000      1.12129    1.139185
        age2 |   .9122136   .0084884    -9.87   0.000     .8957274    .9290033
        age3 |   1.308929   .0289016    12.19   0.000     1.253491    1.366818
        male |   1.309803   .0072267    48.91   0.000     1.295715    1.324044
    1.stroke |   1.818661   .0143223    75.95   0.000     1.790806     1.84695
------------------------------------------------------------------------------
                                                             Stratified by stp
(note: file ./analysis/output/models/an_cox_covnoncov_agesex_noncov_stroke.ster not found)
file ./analysis/output/models/an_cox_covnoncov_agesex_noncov_stroke.ster saved

------------------------------------------------------------------------------------------------------------------------------------------------------------------------------------------------------------------------------------------------------------
active results
------------------------------------------------------------------------------------------------------------------------------------------------------------------------------------------------------------------------------------------------------------

Stratified Cox regr. -- Breslow method for ties

No. of subjects =   17,456,515                  Number of obs    =  17,456,515
No. of failures =      134,316
Time at risk    =   4900030028
                                                LR chi2(5)       =   369814.31
Log likelihood  =   -1621449.8                  Prob > chi2      =      0.0000

------------------------------------------------------------------------------
          _t | Haz. Ratio   Std. Err.      z    P>|z|     [95% Conf. Interval]
-------------+----------------------------------------------------------------
        age1 |   1.127477   .0045347    29.83   0.000     1.118624      1.1364
        age2 |    .920624   .0085405    -8.92   0.000     .9040362    .9375162
        age3 |   1.278642   .0281632    11.16   0.000     1.224618     1.33505
        male |   1.336798   .0073754    52.61   0.000      1.32242    1.351332
  1.dementia |   3.096222    .039387    88.84   0.000     3.019979    3.174389
------------------------------------------------------------------------------
                                                             Stratified by stp
(note: file ./analysis/output/models/an_cox_covnoncov_agesex_noncov_dementia.ster not found)
file ./analysis/output/models/an_cox_covnoncov_agesex_noncov_dementia.ster saved

------------------------------------------------------------------------------------------------------------------------------------------------------------------------------------------------------------------------------------------------------------
active results
------------------------------------------------------------------------------------------------------------------------------------------------------------------------------------------------------------------------------------------------------------

Stratified Cox regr. -- Breslow method for ties

No. of subjects =   17,456,515                  Number of obs    =  17,456,515
No. of failures =      134,316
Time at risk    =   4900030028
                                                LR chi2(4)       =   363971.49
Log likelihood  =   -1624371.2                  Prob > chi2      =      0.0000

------------------------------------------------------------------------------
          _t | Haz. Ratio   Std. Err.      z    P>|z|     [95% Conf. Interval]
-------------+----------------------------------------------------------------
        age1 |   1.131114   .0045741    30.47   0.000     1.122184    1.140114
        age2 |   .9100872   .0084756   -10.12   0.000     .8936261    .9268515
        age3 |   1.324358   .0292596    12.72   0.000     1.268235    1.382966
      1.male |   1.328767   .0073253    51.56   0.000     1.314487    1.343203
------------------------------------------------------------------------------
                                                             Stratified by stp
(note: file ./analysis/output/models/an_cox_covnoncov_agesex_noncov__MALE.ster not found)
file ./analysis/output/models/an_cox_covnoncov_agesex_noncov__MALE.ster saved

------------------------------------------------------------------------------------------------------------------------------------------------------------------------------------------------------------------------------------------------------------
active results
------------------------------------------------------------------------------------------------------------------------------------------------------------------------------------------------------------------------------------------------------------

Stratified Cox regr. -- Breslow method for ties

No. of subjects =   17,456,515                  Number of obs    =  17,456,515
No. of failures =      134,316
Time at risk    =   4900030028
                                                LR chi2(6)       =   330702.25
Log likelihood  =   -1641005.8                  Prob > chi2      =      0.0000

------------------------------------------------------------------------------
          _t | Haz. Ratio   Std. Err.      z    P>|z|     [95% Conf. Interval]
-------------+----------------------------------------------------------------
    agegroup |
     18-<40  |   .0933115    .002763   -80.10   0.000     .0880503    .0988871
     40-<50  |   .3895664   .0087333   -42.05   0.000       .37282     .407065
     60-<70  |   2.600429   .0367047    67.71   0.000     2.529475    2.673373
     70-<80  |   6.816344   .0875421   149.45   0.000     6.646907    6.990102
        80+  |   28.76045   .3490919   276.74   0.000     28.08431    29.45286
             |
      1.male |   1.228018   .0067229    37.52   0.000     1.214911    1.241265
------------------------------------------------------------------------------
                                                             Stratified by stp
(note: file ./analysis/output/models/an_cox_covnoncov_agesex_noncov__AGEGROUP.ster not found)
file ./analysis/output/models/an_cox_covnoncov_agesex_noncov__AGEGROUP.ster saved

. 
. log close
      name:  <unnamed>
       log:  E:\analyses\covid-vs-noncovid-deaths-research\analysis/output/an_cox_covnoncov_agesex.log
  log type:  text
 closed on:  20 Feb 2021, 11:40:37
------------------------------------------------------------------------------------------------------------------------------------------------------------------------------------------------------------------------------------------------------------
