------------------------------------------------------------------------------------------------------------------------------------------------------------------------------------------------------------------------------------------------------------
      name:  <unnamed>
       log:  E:\analyses\covid-vs-noncovid-deaths-research\analysis/output/an_covidvsnoncovid_full_SEPT2020.log
  log type:  text
 opened on:  19 Feb 2021, 22:57:13

. 
. use  ./analysis/cr_create_analysis_dataset_`1'_STSET.dta, clear

. 
. `check'

.         
. `genoutput1'

. `genoutput2'

.         
. foreach outcome of local outcomes{
  2.         tab `outcome'
  3. }

 coviddeath |      Freq.     Percent        Cum.
------------+-----------------------------------
          0 | 17,692,709       99.99       99.99
          1 |      2,365        0.01      100.00
------------+-----------------------------------
      Total | 17,695,074      100.00

noncoviddea |
         th |      Freq.     Percent        Cum.
------------+-----------------------------------
          0 | 17,665,748       99.83       99.83
          1 |     29,326        0.17      100.00
------------+-----------------------------------
      Total | 17,695,074      100.00

.         
. **MULTIVARIATE
. cap prog drop baselogistic 

. prog define baselogistic
  1.         syntax , outcome(string) age(string) bp(string) [ethnicity(real 0) if(string)] 
  2. 
.         if `ethnicity'==1 local ethnicity "i.ethnicity"
  3.         else local ethnicity
  4. 
. cap logistic `outcome' `age'                    ///
>                         i.male                                                  ///
>                         i.obese4cat                                             ///
>                         i.smoke_nomiss                                  ///
>                         `ethnicity'                                             ///
>                         i.imd                                                   ///
>                         `bp'                                                    ///
>                         i.chronic_respiratory_disease   ///
>                         i.asthmacat                                             ///
>                         i.chronic_cardiac_disease               ///
>                         i.diabcat                                               ///
>                         i.cancer_exhaem_cat                             ///
>                         i.cancer_haem_cat                               ///
>                         i.chronic_liver_disease                 ///
>                         i.stroke                                                ///     
>                         i.dementia                                              ///
>                         i.other_neuro                                   ///
>                         i.reduced_kidney_function_cat2  ///
>                         i.organ_transplant                              ///
>                         i.spleen                                                ///
>                         i.ra_sle_psoriasis                      ///
>                         i.other_immunosuppression               ///
>                         i.stp
  5.                         
. end                     

. 
. foreach outcome of local outcomes{
  2.         baselogistic, outcome(`outcome') age("age1 age2 age3")  bp("i.htdiag_or_highbp") ethnicity(0)
  3.         if _rc==0{
  4.         estimates
  5.         estimates save ./analysis/output/models/an_covidvsnoncovid_full_`1'_`outcome'_agespline_bmicat_noeth, replace
  6.         }
  7.         else di "WARNING AGE SPLINE MODEL DID NOT FIT (OUTCOME `outcome')"
  8.          
.         *Age group model (not adj ethnicity)
.         baselogistic, outcome(`outcome') age("ib3.agegroup") bp("i.htdiag_or_highbp") ethnicity(0)
  9.         if _rc==0{
 10.         estimates
 11.         estimates save ./analysis/output/models/an_covidvsnoncovid_full_`1'_`outcome'_agegroup_bmicat_noeth, replace
 12.         }
 13.         else di "WARNING GROUP MODEL DID NOT FIT (OUTCOME `outcome')"
 14. 
.         *Complete case ethnicity model
.         baselogistic, outcome(`outcome') age("age1 age2 age3") bp("i.htdiag_or_highbp") ethnicity(1)
 15.         if _rc==0{
 16.         estimates
 17.         estimates save ./analysis/output/models/an_covidvsnoncovid_full_`1'_`outcome'_agespline_bmicat_CCeth, replace
 18.          }
 19.          else di "WARNING CC ETHNICITY MODEL WITH AGESPLINE DID NOT FIT (OUTCOME `outcome')"
 20. } 

------------------------------------------------------------------------------------------------------------------------------------------------------------------------------------------------------------------------------------------------------------
active results
------------------------------------------------------------------------------------------------------------------------------------------------------------------------------------------------------------------------------------------------------------

note: 1b.stp != 0 predicts failure perfectly
      1b.stp dropped and 3568 obs not used
note: 24.stp != 0 predicts failure perfectly
      24.stp dropped and 33478 obs not used
note: 31.stp != 0 predicts failure perfectly
      31.stp dropped and 20385 obs not used
note: 32.stp omitted because of collinearity

Logistic regression                             Number of obs     = 17,637,643
                                                LR chi2(66)       =   10212.60
                                                Prob > chi2       =     0.0000
Log likelihood = -18347.278                     Pseudo R2         =     0.2177

-----------------------------------------------------------------------------------------------
                   coviddeath | Odds Ratio   Std. Err.      z    P>|z|     [95% Conf. Interval]
------------------------------+----------------------------------------------------------------
                         age1 |   1.124917   .0514264     2.57   0.010     1.028507    1.230364
                         age2 |    .973752   .0958645    -0.27   0.787     .8028767    1.180995
                         age3 |   1.057736     .24381     0.24   0.808     .6732459    1.661807
                       1.male |   1.694498   .0742262    12.04   0.000     1.555087    1.846406
                              |
                    obese4cat |
           Obese I (30-34.9)  |   1.100522   .0609628     1.73   0.084     .9872954    1.226735
          Obese II (35-39.9)  |   1.286457   .1072274     3.02   0.003     1.092564     1.51476
             Obese III (40+)  |   2.148965   .2229035     7.38   0.000     1.753628    2.633426
                              |
                 smoke_nomiss |
                      Former  |   1.365106    .066446     6.39   0.000     1.240894    1.501752
                     Current  |    .844077   .0804697    -1.78   0.075     .7002178    1.017492
                              |
                          imd |
                           2  |   1.123208   .0862216     1.51   0.130     .9663147    1.305574
                           3  |   1.293488   .0980401     3.40   0.001     1.114925     1.50065
                           4  |   1.990319   .1400315     9.78   0.000     1.733945    2.284599
             5 most deprived  |   2.194408   .1519699    11.35   0.000     1.915882    2.513424
                              |
           1.htdiag_or_highbp |   .9990697   .0512204    -0.02   0.986     .9035586    1.104677
1.chronic_respiratory_disease |   1.958883    .097373    13.53   0.000     1.777037    2.159337
                              |
                    asthmacat |
                 Yes, no OCS  |   1.084504   .0680539     1.29   0.196     .9589971    1.226436
                Yes with OCS  |   1.075782   .1291523     0.61   0.543     .8502251    1.361178
                              |
    1.chronic_cardiac_disease |   1.517379   .0681134     9.29   0.000     1.389583    1.656927
                              |
                      diabcat |
         Controlled diabetes  |   1.328559   .0707317     5.34   0.000     1.196915    1.474682
       Uncontrolled diabetes  |   2.055623   .1361963    10.88   0.000     1.805289     2.34067
  Diabetes, no hba1c measure  |   1.756665   .1669907     5.93   0.000     1.458051    2.116436
                              |
            cancer_exhaem_cat |
                   Last year  |   2.104394   .2872151     5.45   0.000     1.610468    2.749806
               2-5 years ago  |    1.01483   .1099464     0.14   0.892      .820681    1.254909
                    5+ years  |    .992579   .0669083    -0.11   0.912     .8697348    1.132774
                              |
              cancer_haem_cat |
                   Last year  |   2.061315   .7862187     1.90   0.058     .9760735    4.353177
               2-5 years ago  |   1.645416   .3908925     2.10   0.036     1.032905    2.621145
                    5+ years  |   1.929667   .2894024     4.38   0.000     1.438213    2.589057
                              |
      1.chronic_liver_disease |   1.484335    .249001     2.35   0.019     1.068417    2.062164
                     1.stroke |   1.288244   .0763931     4.27   0.000      1.14689     1.44702
                   1.dementia |   2.565197   .2400182    10.07   0.000     2.135385    3.081522
                1.other_neuro |    2.56185   .2319424    10.39   0.000     2.145302    3.059278
                              |
 reduced_kidney_function_cat2 |
Stage 3a/3b egfr 30-60        |   1.457907   .0712602     7.71   0.000     1.324721    1.604484
         Stage 4 egfr 15-<30  |   2.452352   .2183556    10.07   0.000     2.059645    2.919934
Stage 5 egfr <15 or dialysis  |   3.692001   .6161475     7.83   0.000     2.661995    5.120547
                              |
           1.organ_transplant |   2.868219   .7464168     4.05   0.000     1.722257    4.776683
                     1.spleen |   1.640808   .4986086     1.63   0.103     .9044712    2.976602
           1.ra_sle_psoriasis |   1.287334   .0890605     3.65   0.000     1.124096    1.474277
    1.other_immunosuppression |   .9651942   .4336802    -0.08   0.937     .4000862    2.328498
                              |
                          stp |
                           1  |          1  (empty)
                           2  |   1.215915   .0890893     2.67   0.008     1.053262    1.403687
                           3  |   .6746244   .0704719    -3.77   0.000      .549724    .8279028
                           4  |   1.981022    .246759     5.49   0.000     1.551895     2.52881
                           5  |   1.679687   .2898316     3.01   0.003     1.197713    2.355613
                           6  |   1.214301   .1037893     2.27   0.023     1.027004    1.435756
                           7  |   1.393813   .3478652     1.33   0.183      .854601    2.273243
                           8  |   .7837116   .0833951    -2.29   0.022     .6361794    .9654571
                           9  |   .3711298   .0555965    -6.62   0.000     .2767024    .4977815
                          10  |   1.093935   .1035972     0.95   0.343      .908618    1.317047
                          11  |   .6720576   .0799264    -3.34   0.001     .5323226    .8484733
                          12  |   .9640385   .1376552    -0.26   0.798      .728704    1.275374
                          13  |   .7584998   .1021351    -2.05   0.040     .5825561    .9875822
                          14  |   .3156418   .0644666    -5.65   0.000      .211517    .4710246
                          15  |    .158151   .0383554    -7.60   0.000     .0983185    .2543949
                          16  |   .1344953   .0279736    -9.65   0.000     .0894677    .2021846
                          17  |   .2863243   .0498784    -7.18   0.000     .2035058    .4028467
                          18  |    .328434   .0558819    -6.54   0.000     .2352986    .4584342
                          19  |   .2910235    .055806    -6.44   0.000     .1998498    .4237918
                          20  |   .6373004   .0724561    -3.96   0.000     .5099989    .7963778
                          21  |   .3873138    .055775    -6.59   0.000     .2920693    .5136178
                          22  |   .2996863   .1740345    -2.08   0.038     .0960186    .9353593
                          23  |   .2706096   .0466693    -7.58   0.000     .1929946    .3794383
                          24  |          1  (empty)
                          25  |   .0179365   .0179677    -4.01   0.000      .002518     .127768
                          26  |   .1365675   .0301527    -9.02   0.000     .0885953    .2105154
                          27  |   .1782093    .037845    -8.12   0.000     .1175349    .2702052
                          28  |   .3370295   .0507002    -7.23   0.000     .2509686     .452602
                          29  |   .2084832   .0460084    -7.10   0.000     .1352778    .3213035
                          30  |   .2978375   .0645655    -5.59   0.000       .19474    .4555161
                          31  |          1  (empty)
                          32  |          1  (omitted)
                              |
                        _cons |   2.81e-08   4.63e-08   -10.55   0.000     1.11e-09    7.10e-07
-----------------------------------------------------------------------------------------------
Note: _cons estimates baseline odds.
Note: 13196 failures and 0 successes completely determined.
file ./analysis/output/models/an_covidvsnoncovid_full_SEPT2020_coviddeath_agespline_bmicat_noeth.ster saved

------------------------------------------------------------------------------------------------------------------------------------------------------------------------------------------------------------------------------------------------------------
active results
------------------------------------------------------------------------------------------------------------------------------------------------------------------------------------------------------------------------------------------------------------

note: 1b.stp != 0 predicts failure perfectly
      1b.stp dropped and 3568 obs not used
note: 24.stp != 0 predicts failure perfectly
      24.stp dropped and 33478 obs not used
note: 31.stp != 0 predicts failure perfectly
      31.stp dropped and 20385 obs not used
note: 32.stp omitted because of collinearity

Logistic regression                             Number of obs     = 17,637,643
                                                LR chi2(68)       =    9840.65
                                                Prob > chi2       =     0.0000
Log likelihood = -18533.252                     Pseudo R2         =     0.2098

-----------------------------------------------------------------------------------------------
                   coviddeath | Odds Ratio   Std. Err.      z    P>|z|     [95% Conf. Interval]
------------------------------+----------------------------------------------------------------
                     agegroup |
                      18-<40  |    .058049   .0214767    -7.69   0.000     .0281107    .1198721
                      40-<50  |   .4172033    .088329    -4.13   0.000     .2755079    .6317736
                      60-<70  |   2.592633   .3282121     7.53   0.000     2.022944    3.322753
                      70-<80  |   7.201551   .8416407    16.89   0.000     5.727256    9.055354
                         80+  |   21.18985   2.488484    26.00   0.000     16.83313    26.67417
                              |
                       1.male |    1.58304   .0688464    10.56   0.000     1.453694    1.723894
                              |
                    obese4cat |
           Obese I (30-34.9)  |   .9999761   .0549782    -0.00   1.000     .8978235    1.113751
          Obese II (35-39.9)  |   1.134611   .0939965     1.52   0.127     .9645605    1.334641
             Obese III (40+)  |   1.846296   .1903298     5.95   0.000     1.508528    2.259693
                              |
                 smoke_nomiss |
                      Former  |   1.352599   .0658776     6.20   0.000     1.229453     1.48808
                     Current  |   .7683065   .0729554    -2.78   0.006     .6378341    .9254677
                              |
                          imd |
                           2  |   1.122143   .0861273     1.50   0.133     .9654197    1.304307
                           3  |   1.292551   .0979802     3.39   0.001     1.114098    1.499588
                           4  |    1.98294     .13959     9.72   0.000     1.727384    2.276304
             5 most deprived  |   2.183147   .1513005    11.27   0.000     1.905862    2.500774
                              |
           1.htdiag_or_highbp |   1.036927   .0532616     0.71   0.480     .9376191    1.146754
1.chronic_respiratory_disease |    1.92506   .0958754    13.15   0.000     1.746027    2.122449
                              |
                    asthmacat |
                 Yes, no OCS  |    1.06475   .0667553     1.00   0.317     .9416314    1.203966
                Yes with OCS  |   1.044106   .1252788     0.36   0.719     .8252996    1.320922
                              |
    1.chronic_cardiac_disease |   1.586683   .0714255    10.26   0.000      1.45269    1.733036
                              |
                      diabcat |
         Controlled diabetes  |   1.285514   .0685761     4.71   0.000     1.157895    1.427198
       Uncontrolled diabetes  |   1.909915   .1265454     9.77   0.000      1.67732    2.174764
  Diabetes, no hba1c measure  |   1.794267   .1705928     6.15   0.000     1.489216    2.161804
                              |
            cancer_exhaem_cat |
                   Last year  |   2.065619   .2818763     5.32   0.000     1.580863    2.699019
               2-5 years ago  |   .9933291   .1076169    -0.06   0.951     .8032936    1.228322
                    5+ years  |   1.013083   .0683017     0.19   0.847     .8876814    1.156199
                              |
              cancer_haem_cat |
                   Last year  |   1.957783   .7466747     1.76   0.078     .9270998    4.134305
               2-5 years ago  |   1.572201   .3734106     1.91   0.057     .9870536    2.504237
                    5+ years  |   1.897026   .2845165     4.27   0.000     1.413871    2.545287
                              |
      1.chronic_liver_disease |   1.404797   .2354159     2.03   0.043     1.011507    1.951003
                     1.stroke |   1.340371     .07966     4.93   0.000      1.19299    1.505958
                   1.dementia |    2.84166   .2659425    11.16   0.000     2.365433    3.413764
                1.other_neuro |   2.479454   .2245321    10.03   0.000     2.076221    2.960999
                              |
 reduced_kidney_function_cat2 |
Stage 3a/3b egfr 30-60        |   1.683642   .0809376    10.84   0.000     1.532251     1.84999
         Stage 4 egfr 15-<30  |     3.1648   .2782544    13.10   0.000     2.663835    3.759978
Stage 5 egfr <15 or dialysis  |   4.016791    .672829     8.30   0.000     2.892674    5.577749
                              |
           1.organ_transplant |   2.517901   .6574243     3.54   0.000      1.50935     4.20037
                     1.spleen |   1.588587     .48271     1.52   0.128     .8757174    2.881762
           1.ra_sle_psoriasis |   1.251348   .0865283     3.24   0.001     1.092746     1.43297
    1.other_immunosuppression |   .9132676   .4103561    -0.20   0.840     .3785558    2.203262
                              |
                          stp |
                           1  |          1  (empty)
                           2  |   1.220225   .0893677     2.72   0.007     1.057058    1.408577
                           3  |   .6771329   .0707222    -3.73   0.000      .551787    .8309529
                           4  |   1.949586   .2426386     5.36   0.000     1.527583    2.488169
                           5  |   1.654094   .2853668     2.92   0.004     1.179532    2.319588
                           6  |   1.224004    .104574     2.37   0.018     1.035284    1.447125
                           7  |   1.401485   .3496021     1.35   0.176     .8595182    2.285187
                           8  |   .7849194   .0835149    -2.28   0.023     .6371737     .966924
                           9  |   .3749287   .0561569    -6.55   0.000     .2795475    .5028538
                          10  |   1.106233   .1047398     1.07   0.286     .9188686    1.331802
                          11  |   .6818195     .08107    -3.22   0.001     .5400817    .8607545
                          12  |   .9580568   .1367329    -0.30   0.764     .7242836    1.267284
                          13  |   .7756881    .104418    -1.89   0.059     .5958048    1.009881
                          14  |   .3178874   .0649201    -5.61   0.000     .2130285    .4743607
                          15  |   .1622574   .0393476    -7.50   0.000     .1008759    .2609889
                          16  |   .1387114   .0288472    -9.50   0.000     .0922766    .2085129
                          17  |   .2914395   .0507601    -7.08   0.000     .2071545    .4100175
                          18  |   .3291382   .0560025    -6.53   0.000     .2358019    .4594193
                          19  |   .2974471   .0570325    -6.32   0.000      .204268    .4331307
                          20  |   .6472892   .0735735    -3.83   0.000      .518021    .8088153
                          21  |   .3928201   .0565681    -6.49   0.000     .2962214    .5209199
                          22  |   .2927946   .1700202    -2.12   0.034     .0938181    .9137754
                          23  |   .2806872   .0483975    -7.37   0.000     .2001955    .3935419
                          24  |          1  (empty)
                          25  |   .0181586   .0181902    -4.00   0.000     .0025492    .1293491
                          26  |   .1400861   .0309264    -8.90   0.000     .0908819    .2159297
                          27  |   .1825176    .038758    -8.01   0.000     .1203788     .276732
                          28  |   .3498184   .0526053    -6.98   0.000     .2605193    .4697268
                          29  |   .2155579   .0475626    -6.95   0.000     .1398773    .3321855
                          30  |   .3034523   .0657779    -5.50   0.000     .1984173    .4640892
                          31  |          1  (empty)
                          32  |          1  (omitted)
                              |
                        _cons |   .0000156   2.16e-06   -79.96   0.000     .0000119    .0000205
-----------------------------------------------------------------------------------------------
Note: _cons estimates baseline odds.
Note: 914 failures and 0 successes completely determined.
file ./analysis/output/models/an_covidvsnoncovid_full_SEPT2020_coviddeath_agegroup_bmicat_noeth.ster saved

------------------------------------------------------------------------------------------------------------------------------------------------------------------------------------------------------------------------------------------------------------
active results
------------------------------------------------------------------------------------------------------------------------------------------------------------------------------------------------------------------------------------------------------------

note: 1b.stp != 0 predicts failure perfectly
      1b.stp dropped and 2218 obs not used
note: 24.stp != 0 predicts failure perfectly
      24.stp dropped and 21343 obs not used
note: 31.stp != 0 predicts failure perfectly
      31.stp dropped and 15477 obs not used
note: 32.stp omitted because of collinearity

Logistic regression                             Number of obs     = 13,184,116
                                                LR chi2(70)       =    7919.54
                                                Prob > chi2       =     0.0000
Log likelihood = -13938.343                     Pseudo R2         =     0.2212

-----------------------------------------------------------------------------------------------
                   coviddeath | Odds Ratio   Std. Err.      z    P>|z|     [95% Conf. Interval]
------------------------------+----------------------------------------------------------------
                         age1 |    1.14274   .0635544     2.40   0.016     1.024725    1.274347
                         age2 |   .9360113    .110333    -0.56   0.575     .7429253     1.17928
                         age3 |   1.169731   .3204977     0.57   0.567     .6836956    2.001285
                       1.male |   1.668291   .0838311    10.19   0.000     1.511817     1.84096
                              |
                    obese4cat |
           Obese I (30-34.9)  |   1.142003   .0714808     2.12   0.034     1.010156    1.291059
          Obese II (35-39.9)  |   1.400058   .1302208     3.62   0.000     1.166742     1.68003
             Obese III (40+)  |   2.331829   .2723775     7.25   0.000      1.85468    2.931732
                              |
                 smoke_nomiss |
                      Former  |   1.460246   .0828182     6.68   0.000     1.306622    1.631933
                     Current  |   .8250571   .0934495    -1.70   0.090     .6608049    1.030137
                              |
                    ethnicity |
                       Mixed  |   .9914934   .4075691    -0.02   0.983     .4429859    2.219166
      Asian or Asian British  |   2.993332   .2529514    12.97   0.000     2.536437    3.532528
                       Black  |   .9354484   .2057092    -0.30   0.762     .6079067    1.439471
                       Other  |   1.387079   .3637832     1.25   0.212     .8295843    2.319221
                              |
                          imd |
                           2  |   1.178968   .1063467     1.83   0.068     .9879183    1.406965
                           3  |   1.318258   .1174438     3.10   0.002     1.107048    1.569763
                           4  |   1.931166   .1601839     7.93   0.000     1.641403    2.272082
             5 most deprived  |   2.055596   .1685495     8.79   0.000     1.750423    2.413973
                              |
           1.htdiag_or_highbp |   1.027234   .0610656     0.45   0.651      .914257    1.154172
1.chronic_respiratory_disease |   1.977146   .1117732    12.06   0.000     1.769775    2.208815
                              |
                    asthmacat |
                 Yes, no OCS  |   1.092525   .0765207     1.26   0.206     .9523858    1.253284
                Yes with OCS  |   1.134687   .1452589     0.99   0.324      .882893    1.458291
                              |
    1.chronic_cardiac_disease |   1.476675   .0758501     7.59   0.000      1.33525    1.633079
                              |
                      diabcat |
         Controlled diabetes  |   1.308208   .0791361     4.44   0.000     1.161946    1.472881
       Uncontrolled diabetes  |   1.927075    .144785     8.73   0.000     1.663207    2.232807
  Diabetes, no hba1c measure  |   1.573315    .175241     4.07   0.000     1.264754    1.957156
                              |
            cancer_exhaem_cat |
                   Last year  |    2.23274   .3443945     5.21   0.000     1.650222    3.020882
               2-5 years ago  |   1.080022   .1319699     0.63   0.529     .8500078     1.37228
                    5+ years  |   1.010193   .0789731     0.13   0.897     .8666837    1.177465
                              |
              cancer_haem_cat |
                   Last year  |    1.89227   .8563023     1.41   0.159     .7794565    4.593824
               2-5 years ago  |   1.578545   .4416951     1.63   0.103     .9121813      2.7317
                    5+ years  |   2.314536   .3687318     5.27   0.000     1.693784    3.162788
                              |
      1.chronic_liver_disease |   1.381325   .2665927     1.67   0.094     .9462713    2.016396
                     1.stroke |   1.222341   .0840176     2.92   0.003      1.06828     1.39862
                   1.dementia |   2.669853    .283102     9.26   0.000     2.168847    3.286592
                1.other_neuro |   2.690382    .273473     9.74   0.000     2.204401    3.283501
                              |
 reduced_kidney_function_cat2 |
Stage 3a/3b egfr 30-60        |   1.418979   .0795672     6.24   0.000     1.271294     1.58382
         Stage 4 egfr 15-<30  |   2.286983   .2371557     7.98   0.000     1.866358    2.802405
Stage 5 egfr <15 or dialysis  |   3.252958   .6203448     6.19   0.000     2.238478    4.727201
                              |
           1.organ_transplant |   3.339379   .9368094     4.30   0.000     1.926969    5.787043
                     1.spleen |    1.54013   .5489649     1.21   0.226     .7658688    3.097135
           1.ra_sle_psoriasis |   1.362655   .1054996     4.00   0.000     1.170804    1.585944
    1.other_immunosuppression |    1.22985   .5539945     0.46   0.646     .5086543    2.973595
                              |
                          stp |
                           1  |          1  (empty)
                           2  |   1.082844    .089213     0.97   0.334     .9213771    1.272607
                           3  |   .6518511   .0801427    -3.48   0.001     .5122668    .8294698
                           4  |   1.573046   .2368313     3.01   0.003     1.171084    2.112977
                           5  |    1.43841   .3028982     1.73   0.084     .9520024    2.173339
                           6  |   1.189048    .112412     1.83   0.067     .9879326    1.431105
                           7  |   1.475915   .4062071     1.41   0.157      .860578    2.531234
                           8  |   .6212616   .0813147    -3.64   0.000     .4806886    .8029439
                           9  |   .3922835   .0660259    -5.56   0.000     .2820544     .545591
                          10  |   1.064444   .1125848     0.59   0.555     .8651516    1.309643
                          11  |   .5298803   .0695172    -4.84   0.000      .409737    .6852521
                          12  |    .823061   .1312546    -1.22   0.222     .6021293    1.125056
                          13  |   .6815758   .1005125    -2.60   0.009     .5104895    .9100001
                          14  |   .3169983   .0705259    -5.16   0.000     .2049658     .490267
                          15  |   .1390118     .03819    -7.18   0.000     .0811345    .2381759
                          16  |   .1201674    .030124    -8.45   0.000     .0735198    .1964125
                          17  |   .2810612   .0535862    -6.66   0.000     .1934254    .4084024
                          18  |   .2806003   .0571298    -6.24   0.000     .1882715    .4182073
                          19  |   .2880072   .0656353    -5.46   0.000     .1842549    .4501815
                          20  |   .5403325   .0778591    -4.27   0.000     .4073873    .7166626
                          21  |   .2630598   .0424259    -8.28   0.000     .1917671    .3608568
                          22  |   .2668117   .1555821    -2.27   0.023     .0850856    .8366692
                          23  |   .2957488   .0622177    -5.79   0.000     .1958181    .4466766
                          24  |          1  (empty)
                          25  |   .0385247   .0386091    -3.25   0.001     .0054035    .2746659
                          26  |   .1250381    .035576    -7.31   0.000     .0715908    .2183872
                          27  |   .1407434   .0416533    -6.63   0.000     .0787976    .2513869
                          28  |   .2828377   .0525727    -6.79   0.000     .1964805    .4071507
                          29  |   .2142689   .0569536    -5.80   0.000     .1272641    .3607548
                          30  |   .2819616   .0751826    -4.75   0.000     .1671955    .4755055
                          31  |          1  (empty)
                          32  |          1  (omitted)
                              |
                        _cons |   1.57e-08   3.16e-08    -8.91   0.000     3.01e-10    8.15e-07
-----------------------------------------------------------------------------------------------
Note: _cons estimates baseline odds.
Note: 2671 failures and 0 successes completely determined.
file ./analysis/output/models/an_covidvsnoncovid_full_SEPT2020_coviddeath_agespline_bmicat_CCeth.ster saved

------------------------------------------------------------------------------------------------------------------------------------------------------------------------------------------------------------------------------------------------------------
active results
------------------------------------------------------------------------------------------------------------------------------------------------------------------------------------------------------------------------------------------------------------

Logistic regression                             Number of obs     = 17,695,074
                                                LR chi2(69)       =  108216.28
                                                Prob > chi2       =     0.0000
Log likelihood = -162955.23                     Pseudo R2         =     0.2493

-----------------------------------------------------------------------------------------------
                noncoviddeath | Odds Ratio   Std. Err.      z    P>|z|     [95% Conf. Interval]
------------------------------+----------------------------------------------------------------
                         age1 |   1.211757   .0143281    16.24   0.000     1.183997    1.240167
                         age2 |   .7686349   .0194354   -10.41   0.000     .7314707    .8076873
                         age3 |   1.952256   .1152447    11.33   0.000     1.738958    2.191717
                       1.male |   1.067851   .0132589     5.29   0.000     1.042178    1.094157
                              |
                    obese4cat |
           Obese I (30-34.9)  |   .7301774   .0134781   -17.04   0.000      .704233    .7570777
          Obese II (35-39.9)  |   .8364171   .0244214    -6.12   0.000     .7898958    .8856782
             Obese III (40+)  |   1.201058   .0472541     4.66   0.000     1.111923    1.297339
                              |
                 smoke_nomiss |
                      Former  |   1.175751   .0162028    11.75   0.000     1.144419    1.207941
                     Current  |   1.926748   .0402467    31.40   0.000     1.849459    2.007267
                              |
                          imd |
                           2  |   1.063209   .0200478     3.25   0.001     1.024634    1.103238
                           3  |   1.143026    .021546     7.09   0.000     1.101568    1.186046
                           4  |   1.302935   .0250598    13.76   0.000     1.254733    1.352989
             5 most deprived  |   1.394427   .0281018    16.50   0.000     1.340422    1.450608
                              |
           1.htdiag_or_highbp |   .9642724   .0137004    -2.56   0.010     .9377905     .991502
1.chronic_respiratory_disease |   1.721353   .0267093    35.00   0.000     1.669792    1.774506
                              |
                    asthmacat |
                 Yes, no OCS  |   .9332358   .0181457    -3.55   0.000     .8983401    .9694871
                Yes with OCS  |   .9921828   .0382277    -0.20   0.839     .9200169    1.070009
                              |
    1.chronic_cardiac_disease |   1.441596   .0193985    27.18   0.000     1.404072    1.480122
                              |
                      diabcat |
         Controlled diabetes  |      1.155   .0190783     8.72   0.000     1.118206    1.193004
       Uncontrolled diabetes  |   1.421326   .0331536    15.07   0.000     1.357809    1.487815
  Diabetes, no hba1c measure  |   1.616598   .0463477    16.75   0.000     1.528263    1.710038
                              |
            cancer_exhaem_cat |
                   Last year  |   15.20884   .3178079   130.26   0.000     14.59853    15.84466
               2-5 years ago  |   3.897725   .0797472    66.49   0.000     3.744515    4.057203
                    5+ years  |   1.631713    .029398    27.18   0.000       1.5751    1.690362
                              |
              cancer_haem_cat |
                   Last year  |   5.309579   .3800769    23.32   0.000     4.614538    6.109305
               2-5 years ago  |   2.569585   .1434155    16.91   0.000     2.303325    2.866625
                    5+ years  |   1.667288   .0776897    10.97   0.000     1.521765    1.826726
                              |
      1.chronic_liver_disease |   3.573469   .1255936    36.24   0.000     3.335597    3.828304
                     1.stroke |   1.505621   .0262344    23.48   0.000     1.455071    1.557928
                   1.dementia |   2.732094   .0796969    34.45   0.000     2.580272    2.892849
                1.other_neuro |   2.512131   .0697569    33.17   0.000     2.379064    2.652641
                              |
 reduced_kidney_function_cat2 |
Stage 3a/3b egfr 30-60        |   1.130935   .0163813     8.49   0.000      1.09928    1.163502
         Stage 4 egfr 15-<30  |   2.176502   .0605539    27.95   0.000     2.060997    2.298481
Stage 5 egfr <15 or dialysis  |   5.630137   .2557294    38.05   0.000      5.15058    6.154345
                              |
           1.organ_transplant |   .7948387   .0829667    -2.20   0.028     .6477823    .9752791
                     1.spleen |   1.579097   .1358686     5.31   0.000     1.334043    1.869166
           1.ra_sle_psoriasis |   1.114805   .0238527     5.08   0.000     1.069022     1.16255
    1.other_immunosuppression |   2.366791   .1911496    10.67   0.000     2.020292    2.772718
                              |
                          stp |
                           2  |   .6032931   .2736636    -1.11   0.265     .2479759    1.467734
                           3  |   .6341654   .2878916    -1.00   0.316     .2604853    1.543909
                           4  |   .6088043   .2782287    -1.09   0.278      .248583    1.491022
                           5  |   .6439104   .2955497    -0.96   0.338     .2618971    1.583143
                           6  |   .5973171   .2711815    -1.14   0.256     .2453354    1.454286
                           7  |   .6531055   .3033449    -0.92   0.359     .2628026    1.623069
                           8  |   .5595962   .2542229    -1.28   0.201     .2297082    1.363242
                           9  |   .5909354   .2685189    -1.16   0.247     .2425253    1.439869
                          10  |   .5828877    .264747    -1.19   0.235     .2393151     1.41971
                          11  |   .6282014   .2853692    -1.02   0.306     .2578866    1.530273
                          12  |   .6165376   .2811269    -1.06   0.289       .25225    1.506912
                          13  |   .5616137   .2555608    -1.27   0.205     .2301976     1.37017
                          14  |   .6289524   .2861281    -1.02   0.308      .257859    1.534099
                          15  |    .548342    .249283    -1.32   0.186     .2249494    1.336651
                          16  |   .5785716   .2627355    -1.20   0.228     .2375842    1.408954
                          17  |   .5647754   .2566546    -1.26   0.209     .2317708    1.376236
                          18  |   .5736674   .2607439    -1.22   0.221     .2353809    1.398135
                          19  |   .5787015   .2631116    -1.20   0.229     .2373824    1.410784
                          20  |   .6112244   .2775648    -1.08   0.278     .2509916    1.488477
                          21  |   .4161714   .1892242    -1.93   0.054     .1707061    1.014601
                          22  |   .5068046   .2386445    -1.44   0.149     .2013845    1.275425
                          23  |   .5897556   .2679099    -1.16   0.245     .2420998    1.436646
                          24  |    .663224   .3121215    -0.87   0.383     .2636781    1.668193
                          25  |   .5798847    .264495    -1.19   0.232      .237189    1.417715
                          26  |   .5943951   .2699778    -1.15   0.252     .2440363    1.447758
                          27  |   .6150539   .2794228    -1.07   0.285     .2524684    1.498371
                          28  |   .5718173   .2597407    -1.23   0.219     .2347524    1.392851
                          29  |   .5609236    .255056    -1.27   0.204      .230068    1.367575
                          30  |   .6348545   .2888365    -1.00   0.318       .26026    1.548606
                          31  |   .5069867   .2503558    -1.38   0.169     .1926032    1.334534
                          32  |   .6035025   .2738055    -1.11   0.266     .2480242    1.468467
                              |
                        _cons |   1.04e-07   6.51e-08   -25.80   0.000     3.08e-08    3.54e-07
-----------------------------------------------------------------------------------------------
Note: _cons estimates baseline odds.
file ./analysis/output/models/an_covidvsnoncovid_full_SEPT2020_noncoviddeath_agespline_bmicat_noeth.ster saved

------------------------------------------------------------------------------------------------------------------------------------------------------------------------------------------------------------------------------------------------------------
active results
------------------------------------------------------------------------------------------------------------------------------------------------------------------------------------------------------------------------------------------------------------

Logistic regression                             Number of obs     = 17,695,074
                                                LR chi2(71)       =  102124.70
                                                Prob > chi2       =     0.0000
Log likelihood = -166001.02                     Pseudo R2         =     0.2352

-----------------------------------------------------------------------------------------------
                noncoviddeath | Odds Ratio   Std. Err.      z    P>|z|     [95% Conf. Interval]
------------------------------+----------------------------------------------------------------
                     agegroup |
                      18-<40  |   .0854365   .0061499   -34.17   0.000     .0741945    .0983818
                      40-<50  |   .3702815   .0190869   -19.27   0.000     .3346995    .4096462
                      60-<70  |   2.113757   .0649001    24.38   0.000     1.990307    2.244864
                      70-<80  |   4.420135   .1269363    51.75   0.000     4.178216     4.67606
                         80+  |    14.1979   .4076524    92.40   0.000     13.42098     15.0198
                              |
                       1.male |   .9954026   .0122508    -0.37   0.708     .9716788    1.019706
                              |
                    obese4cat |
           Obese I (30-34.9)  |    .662131   .0121597   -22.45   0.000     .6387223    .6863976
          Obese II (35-39.9)  |   .7309055   .0212535   -10.78   0.000     .6904142    .7737715
             Obese III (40+)  |   1.014657   .0398057     0.37   0.711      .939563    1.095752
                              |
                 smoke_nomiss |
                      Former  |   1.170683   .0161082    11.45   0.000     1.139534    1.202684
                     Current  |   1.726249   .0357374    26.37   0.000     1.657607    1.797733
                              |
                          imd |
                           2  |   1.064855   .0200344     3.34   0.001     1.026304    1.104855
                           3  |   1.141274   .0214755     7.02   0.000     1.099949    1.184151
                           4  |   1.297906   .0249313    13.57   0.000      1.24995    1.347702
             5 most deprived  |   1.378803   .0277571    15.96   0.000     1.325459    1.434293
                              |
           1.htdiag_or_highbp |   1.020288   .0144865     1.41   0.157      .992286    1.049079
1.chronic_respiratory_disease |   1.695362   .0263202    34.00   0.000     1.644552    1.747742
                              |
                    asthmacat |
                 Yes, no OCS  |   .9099484   .0176517    -4.86   0.000     .8760012    .9452111
                Yes with OCS  |   .9628516   .0370061    -0.98   0.325     .8929854    1.038184
                              |
    1.chronic_cardiac_disease |   1.528655   .0206139    31.47   0.000     1.488782    1.569596
                              |
                      diabcat |
         Controlled diabetes  |   1.122246   .0185525     6.98   0.000     1.086467    1.159204
       Uncontrolled diabetes  |   1.318202   .0307296    11.85   0.000     1.259329    1.379828
  Diabetes, no hba1c measure  |   1.655508   .0473831    17.61   0.000     1.565196    1.751032
                              |
            cancer_exhaem_cat |
                   Last year  |   14.79405   .3075893   129.58   0.000     14.20331    15.40937
               2-5 years ago  |   3.811217   .0778187    65.53   0.000     3.661707    3.966832
                    5+ years  |   1.677646   .0302016    28.74   0.000     1.619484    1.737897
                              |
              cancer_haem_cat |
                   Last year  |   5.046443   .3605161    22.66   0.000     4.387082    5.804902
               2-5 years ago  |   2.449073   .1364243    16.08   0.000     2.195765    2.731602
                    5+ years  |   1.639359   .0762488    10.63   0.000     1.496523    1.795827
                              |
      1.chronic_liver_disease |   3.328709   .1168262    34.27   0.000     3.107431    3.565743
                     1.stroke |    1.59135    .027756    26.64   0.000     1.537869    1.646691
                   1.dementia |   3.113142   .0907303    38.97   0.000     2.940298    3.296147
                1.other_neuro |   2.424675   .0672398    31.94   0.000     2.296405    2.560109
                              |
 reduced_kidney_function_cat2 |
Stage 3a/3b egfr 30-60        |   1.349016   .0192435    20.99   0.000     1.311822    1.387265
         Stage 4 egfr 15-<30  |   2.923867   .0803502    39.04   0.000     2.770549    3.085669
Stage 5 egfr <15 or dialysis  |   6.140834   .2781448    40.07   0.000     5.619178    6.710918
                              |
           1.organ_transplant |   .6734085    .070382    -3.78   0.000     .5486741    .8264999
                     1.spleen |   1.531593   .1314502     4.97   0.000      1.29446    1.812168
           1.ra_sle_psoriasis |   1.084835   .0231742     3.81   0.000     1.040352     1.13122
    1.other_immunosuppression |   2.216065   .1786309     9.87   0.000      1.89221    2.595347
                              |
                          stp |
                           2  |    .592671   .2690397    -1.15   0.249     .2434532    1.442819
                           3  |   .6218959   .2825238    -1.05   0.296     .2552829    1.515004
                           4  |   .5853345   .2676844    -1.17   0.242     .2388546    1.434414
                           5  |   .6159118   .2828904    -1.06   0.291     .2503564    1.515229
                           6  |   .5865607   .2664896    -1.17   0.240     .2407633    1.429011
                           7  |   .6404552   .2976372    -0.96   0.338     .2575799    1.592449
                           8  |   .5475333   .2489203    -1.32   0.185     .2246137    1.334704
                           9  |   .5821586   .2647191    -1.19   0.234     .2387718    1.419383
                          10  |   .5771112   .2623111    -1.21   0.226     .2367923    1.406538
                          11  |   .6226688   .2830578    -1.04   0.297     .2554531     1.51776
                          12  |   .6001025   .2738216    -1.12   0.263     .2453745    1.467646
                          13  |   .5629085   .2563297    -1.26   0.207      .230584    1.374189
                          14  |   .6186923   .2816598    -1.05   0.292     .2534924    1.510026
                          15  |   .5498975   .2501672    -1.31   0.189     .2254452    1.341289
                          16  |   .5832395    .265045    -1.19   0.235     .2393483    1.421227
                          17  |   .5648003    .256848    -1.26   0.209     .2316346    1.377167
                          18  |   .5606695   .2550174    -1.27   0.203      .229902    1.367323
                          19  |   .5764134   .2622584    -1.21   0.226     .2362935    1.406101
                          20  |   .6102201   .2773069    -1.09   0.277     .2504197    1.486978
                          21  |   .4131177   .1879696    -1.94   0.052     .1693459    1.007796
                          22  |   .4809523   .2266156    -1.55   0.120     .1909994    1.211078
                          23  |   .5978919   .2717994    -1.13   0.258     .2452843    1.457389
                          24  |   .6579172   .3097623    -0.89   0.374     .2614606    1.655526
                          25  |   .5728339   .2614639    -1.22   0.222     .2341569    1.401363
                          26  |   .5972516    .271468    -1.13   0.257      .245054    1.455636
                          27  |   .6133491   .2788471    -1.08   0.282     .2516087    1.495167
                          28  |   .5801434   .2637105    -1.20   0.231     .2380194    1.414029
                          29  |    .570112   .2594171    -1.23   0.217     .2336896    1.390852
                          30  |   .6321912   .2878276    -1.01   0.314     .2590053     1.54308
                          31  |   .5009152   .2473065    -1.40   0.161     .1903348    1.318288
                          32  |   .5892514   .2675323    -1.16   0.244     .2420124    1.434708
                              |
                        _cons |   .0005308   .0002413   -16.59   0.000     .0002178    .0012936
-----------------------------------------------------------------------------------------------
Note: _cons estimates baseline odds.
file ./analysis/output/models/an_covidvsnoncovid_full_SEPT2020_noncoviddeath_agegroup_bmicat_noeth.ster saved

------------------------------------------------------------------------------------------------------------------------------------------------------------------------------------------------------------------------------------------------------------
active results
------------------------------------------------------------------------------------------------------------------------------------------------------------------------------------------------------------------------------------------------------------

Logistic regression                             Number of obs     = 13,223,154
                                                LR chi2(73)       =   76659.95
                                                Prob > chi2       =     0.0000
Log likelihood = -117299.95                     Pseudo R2         =     0.2463

-----------------------------------------------------------------------------------------------
                noncoviddeath | Odds Ratio   Std. Err.      z    P>|z|     [95% Conf. Interval]
------------------------------+----------------------------------------------------------------
                         age1 |   1.239382   .0190251    13.98   0.000     1.202649    1.277237
                         age2 |   .7332982   .0236838    -9.60   0.000     .6883174    .7812183
                         age3 |   2.171201   .1625048    10.36   0.000     1.874957    2.514252
                       1.male |    1.08651   .0159696     5.64   0.000     1.055657    1.118265
                              |
                    obese4cat |
           Obese I (30-34.9)  |   .7480325   .0159397   -13.62   0.000     .7174346    .7799353
          Obese II (35-39.9)  |   .8263207   .0281278    -5.60   0.000       .77299    .8833309
             Obese III (40+)  |   1.144274   .0532187     2.90   0.004     1.044581    1.253483
                              |
                 smoke_nomiss |
                      Former  |   1.153382   .0190667     8.63   0.000     1.116611    1.191364
                     Current  |   1.899055   .0469786    25.93   0.000     1.809175      1.9934
                              |
                    ethnicity |
                       Mixed  |   1.062724   .1114759     0.58   0.562     .8652318    1.305294
      Asian or Asian British  |   .7921295   .0351828    -5.25   0.000     .7260886     .864177
                       Black  |   .7959218   .0555252    -3.27   0.001     .6942067    .9125402
                       Other  |   .5999439    .060887    -5.03   0.000      .491727    .7319767
                              |
                          imd |
                           2  |   1.081698   .0246411     3.45   0.001     1.034464    1.131088
                           3  |   1.164151   .0265158     6.67   0.000     1.113324    1.217299
                           4  |   1.329811   .0307046    12.34   0.000     1.270973    1.391373
             5 most deprived  |    1.45331   .0348042    15.61   0.000     1.386672    1.523151
                              |
           1.htdiag_or_highbp |   .9812585   .0166443    -1.12   0.265     .9491726    1.014429
1.chronic_respiratory_disease |   1.707556   .0309794    29.49   0.000     1.647905    1.769367
                              |
                    asthmacat |
                 Yes, no OCS  |   .9348015   .0212213    -2.97   0.003     .8941201    .9773337
                Yes with OCS  |   1.043746   .0453583     0.99   0.325     .9585257    1.136542
                              |
    1.chronic_cardiac_disease |   1.449116   .0230724    23.30   0.000     1.404594     1.49505
                              |
                      diabcat |
         Controlled diabetes  |   1.171392   .0226876     8.17   0.000     1.127759    1.216714
       Uncontrolled diabetes  |   1.439805   .0392514    13.37   0.000     1.364893    1.518829
  Diabetes, no hba1c measure  |   1.673289   .0560606    15.37   0.000     1.566942    1.786853
                              |
            cancer_exhaem_cat |
                   Last year  |   14.95719   .3693429   109.55   0.000     14.25053     15.6989
               2-5 years ago  |   3.878686   .0937174    56.10   0.000     3.699285    4.066788
                    5+ years  |   1.629697   .0348573    22.83   0.000      1.56279    1.699468
                              |
              cancer_haem_cat |
                   Last year  |   5.312005   .4472883    19.83   0.000     4.503856    6.265164
               2-5 years ago  |   2.649347   .1733485    14.89   0.000     2.330473    3.011851
                    5+ years  |   1.646699   .0909119     9.03   0.000     1.477817     1.83488
                              |
      1.chronic_liver_disease |   3.590015   .1453025    31.58   0.000      3.31623    3.886403
                     1.stroke |   1.499455   .0309141    19.65   0.000     1.440072    1.561286
                   1.dementia |   2.843641   .0968364    30.69   0.000      2.66004    3.039913
                1.other_neuro |   2.464458   .0810716    27.42   0.000     2.310575     2.62859
                              |
 reduced_kidney_function_cat2 |
Stage 3a/3b egfr 30-60        |   1.143822   .0197428     7.79   0.000     1.105774    1.183179
         Stage 4 egfr 15-<30  |   2.149028   .0717676    22.91   0.000     2.012871    2.294396
Stage 5 egfr <15 or dialysis  |   5.677752   .3028698    32.55   0.000     5.114115    6.303507
                              |
           1.organ_transplant |   .7775331   .0953468    -2.05   0.040     .6114182    .9887794
                     1.spleen |   1.610339   .1598855     4.80   0.000     1.325575    1.956277
           1.ra_sle_psoriasis |   1.103389   .0277931     3.91   0.000     1.050239     1.15923
    1.other_immunosuppression |   2.619519   .2344418    10.76   0.000     2.198065    3.121781
                              |
                          stp |
                           2  |    .551764   .3228409    -1.02   0.309     .1752708    1.736989
                           3  |   .5671309    .332092    -0.97   0.333     .1799904     1.78697
                           4  |   .5124897   .3017919    -1.14   0.256     .1615975    1.625308
                           5  |   .5765617   .3407913    -0.93   0.352     .1810179    1.836411
                           6  |   .5460808   .3197149    -1.03   0.301     .1733414    1.720329
                           7  |    .562129   .3357562    -0.96   0.335     .1743486    1.812398
                           8  |   .5110796   .2994219    -1.15   0.252     .1621071    1.611294
                           9  |   .5404094   .3166588    -1.05   0.294     .1713768    1.704095
                          10  |   .5401001   .3163254    -1.05   0.293     .1713733    1.702179
                          11  |   .5675437   .3324376    -0.97   0.334     .1800569    1.788912
                          12  |    .575844   .3383179    -0.94   0.348      .182058    1.821377
                          13  |   .5114126   .2999421    -1.14   0.253     .1620108    1.614354
                          14  |   .5705255   .3345713    -0.96   0.339     .1807623    1.800704
                          15  |   .5212873   .3054732    -1.11   0.266     .1653008    1.643915
                          16  |   .5129497   .3004228    -1.14   0.254     .1627592    1.616605
                          17  |   .4780698   .2801316    -1.26   0.208     .1516066    1.507525
                          18  |   .5071264   .2973185    -1.16   0.247     .1607212    1.600145
                          19  |   .5122414    .300405    -1.14   0.254     .1622878    1.616827
                          20  |   .5399405   .3163011    -1.05   0.293     .1712796    1.702104
                          21  |   .4173019   .2445608    -1.49   0.136     .1323128    1.316131
                          22  |   .5235501   .3150568    -1.08   0.282     .1609647    1.702887
                          23  |    .534208   .3131266    -1.07   0.285      .169347    1.685168
                          24  |    .613205    .373782    -0.80   0.422     .1856743    2.025161
                          25  |   .4921059   .2902643    -1.20   0.229     .1548763    1.563623
                          26  |   .5556862   .3255785    -1.00   0.316     .1762413    1.752071
                          27  |   .5697054   .3338978    -0.96   0.337     .1806221    1.796924
                          28  |   .5219143   .3057422    -1.11   0.267     .1655608    1.645284
                          29  |   .5062769   .2969639    -1.16   0.246     .1603629    1.598352
                          30  |   .5816252   .3412674    -0.92   0.356     .1841631    1.836893
                          31  |   .4558205    .287055    -1.25   0.212     .1326618     1.56618
                          32  |   .5496195    .321623    -1.02   0.306     .1745666    1.730466
                              |
                        _cons |   4.88e-08   3.95e-08   -20.82   0.000     1.00e-08    2.38e-07
-----------------------------------------------------------------------------------------------
Note: _cons estimates baseline odds.
file ./analysis/output/models/an_covidvsnoncovid_full_SEPT2020_noncoviddeath_agespline_bmicat_CCeth.ster saved

. 
end of do-file

. exit, clear
