--------------------------------------------------------------------------------------------------------------------------------------------------------------------------
      name:  <unnamed>
       log:  E:\analyses\covid-vs-noncovid-deaths-research\output/an_covidvsnoncovid_agesex.log
  log type:  text
 opened on:  19 Nov 2020, 11:45:05

. 
.         cap prog drop baselogistic 

.         prog define baselogistic
  1.                 syntax , age(string) addvariable(string)
  2. 
.         cap logistic _d `age'                   ///
>                                 i.male                          ///
>                                 i.`addvariable'                 
  3.         end                     

.         
.         
.         use  ./analysis/cr_create_analysis_dataset_STSET_ONSCSDEATH.dta, clear
(covid vs noncovid 2020)

.         
.         gen coviddeath = onsdeath==1 if  _d==1
(17,304,670 missing values generated)

.         replace coviddeath= 0 if _d==0
(17,299,811 real changes made)

.         gen noncoviddeath = onsdeath>1 if _d==1
(17,304,670 missing values generated)

.         replace noncoviddeath= 0 if _d==0
(17,299,811 real changes made)

.         
.         tab coviddeath

 coviddeath |      Freq.     Percent        Cum.
------------+-----------------------------------
          0 | 17,423,352       99.91       99.91
          1 |     15,260        0.09      100.00
------------+-----------------------------------
      Total | 17,438,612      100.00

.         tab noncoviddeath

noncoviddea |
         th |      Freq.     Percent        Cum.
------------+-----------------------------------
          0 | 17,315,071       99.29       99.29
          1 |    123,541        0.71      100.00
------------+-----------------------------------
      Total | 17,438,612      100.00

.         
.         foreach run of any covid noncovid {
  2.         
.         foreach addvariable of any asthmacat    ///
>                 cancer_exhaem_cat                                       ///
>                 cancer_haem_cat                                         ///
>                 chronic_cardiac_disease                         ///
>                 reduced_kidney_function_cat                     ///
>                 dialysis                                                        ///
>                 chronic_liver_disease                           ///
>                 chronic_respiratory_disease             ///
>                 diabcat                                                         ///
>                 ethnicity                                                       ///
>                 htdiag_or_highbp                                        ///
>                  bpcat                                                          ///
>                  hypertension                                           ///
>                 imd                                                             ///
>                 obese4cat                                                       ///
>                  bmicat                                                         ///
>                 organ_transplant                                        ///
>                 other_immunosuppression                         ///
>                 other_neuro                                             ///
>                 ra_sle_psoriasis                                        ///  
>                 smoke                                                           ///
>                 smoke_nomiss                                            ///
>                 spleen                                                          ///
>                 stroke_dementia {
  3.                         cap logistic `run'death age1 age2 age3 male i.`addvariable'
  4.                         if _rc==0{
  5.                         estimates
  6.                         estimates save ./analysis/output/models/an_covidvsnoncovid_agesex_`run'_`addvariable', replace
  7.                         }
  8.                 else di "MODEL DID NOT FIT (adding `addvariable')"
  9.          }
 10. 
.          cap logistic `run'death age1 age2 age3 i.male
 11.                         if _rc==0{
 12.                         estimates
 13.                         estimates save ./analysis/output/models/an_covidvsnoncovid_agesex_`run'_MALE, replace
 14.                         }
 15.          cap logistic `run'death i.agegroup i.male
 16.                         if _rc==0{
 17.                         estimates
 18.                         estimates save ./analysis/output/models/an_covidvsnoncovid_agesex_`run'_AGEGROUP, replace
 19.                         }
 20.          
. }

--------------------------------------------------------------------------------------------------------------------------------------------------------------------------
active results
--------------------------------------------------------------------------------------------------------------------------------------------------------------------------

Logistic regression                             Number of obs     = 17,438,612
                                                LR chi2(6)        =   46674.84
                                                Prob > chi2       =     0.0000
Log likelihood = -99364.721                     Pseudo R2         =     0.1902

-------------------------------------------------------------------------------
   coviddeath | Odds Ratio   Std. Err.      z    P>|z|     [95% Conf. Interval]
--------------+----------------------------------------------------------------
         age1 |   1.162607   .0210437     8.32   0.000     1.122085    1.204592
         age2 |   .9102225   .0359119    -2.38   0.017     .8424891    .9834015
         age3 |   1.272422   .1162617     2.64   0.008     1.063791    1.521969
         male |   1.710252   .0282715    32.46   0.000     1.655729    1.766571
              |
    asthmacat |
 Yes, no OCS  |   1.135398   .0295023     4.89   0.000     1.079023     1.19472
Yes with OCS  |   1.608432   .0751296    10.17   0.000      1.46772    1.762634
              |
        _cons |   8.08e-08   5.30e-08   -24.87   0.000     2.23e-08    2.93e-07
-------------------------------------------------------------------------------
Note: _cons estimates baseline odds.
file ./analysis/output/models/an_covidvsnoncovid_agesex_covid_asthmacat.ster saved

--------------------------------------------------------------------------------------------------------------------------------------------------------------------------
active results
--------------------------------------------------------------------------------------------------------------------------------------------------------------------------

Logistic regression                             Number of obs     = 17,438,612
                                                LR chi2(7)        =   46614.37
                                                Prob > chi2       =     0.0000
Log likelihood = -99394.958                     Pseudo R2         =     0.1899

-----------------------------------------------------------------------------------
       coviddeath | Odds Ratio   Std. Err.      z    P>|z|     [95% Conf. Interval]
------------------+----------------------------------------------------------------
             age1 |   1.162712   .0210589     8.32   0.000     1.122161    1.204728
             age2 |   .9093671   .0359047    -2.41   0.016     .8416492    .9825335
             age3 |   1.275357   .1166158     2.66   0.008     1.066104    1.525681
             male |   1.689707   .0279598    31.70   0.000     1.635786    1.745406
                  |
cancer_exhaem_cat |
       Last year  |   1.489075   .0920459     6.44   0.000     1.319169    1.680865
   2-5 years ago  |   1.143754   .0476645     3.22   0.001     1.054046    1.241096
        5+ years  |   .9728007   .0260947    -1.03   0.304     .9229772    1.025314
                  |
            _cons |   8.36e-08   5.49e-08   -24.80   0.000     2.31e-08    3.03e-07
-----------------------------------------------------------------------------------
Note: _cons estimates baseline odds.
file ./analysis/output/models/an_covidvsnoncovid_agesex_covid_cancer_exhaem_cat.ster saved

--------------------------------------------------------------------------------------------------------------------------------------------------------------------------
active results
--------------------------------------------------------------------------------------------------------------------------------------------------------------------------

Logistic regression                             Number of obs     = 17,438,612
                                                LR chi2(7)        =   46732.89
                                                Prob > chi2       =     0.0000
Log likelihood = -99335.696                     Pseudo R2         =     0.1904

---------------------------------------------------------------------------------
     coviddeath | Odds Ratio   Std. Err.      z    P>|z|     [95% Conf. Interval]
----------------+----------------------------------------------------------------
           age1 |   1.163206   .0210829     8.34   0.000     1.122609     1.20527
           age2 |   .9082468   .0358749    -2.44   0.015     .8405861    .9813537
           age3 |   1.278858   .1169705     2.69   0.007     1.068974     1.52995
           male |   1.688604   .0278958    31.71   0.000     1.634805    1.744173
                |
cancer_haem_cat |
     Last year  |   2.705475   .3628338     7.42   0.000     2.080119    3.518836
 2-5 years ago  |   2.233356   .1855169     9.67   0.000     1.897806    2.628236
      5+ years  |   1.676424   .1090501     7.94   0.000     1.475753    1.904381
                |
          _cons |   8.24e-08   5.42e-08   -24.80   0.000     2.27e-08    2.99e-07
---------------------------------------------------------------------------------
Note: _cons estimates baseline odds.
file ./analysis/output/models/an_covidvsnoncovid_agesex_covid_cancer_haem_cat.ster saved

--------------------------------------------------------------------------------------------------------------------------------------------------------------------------
active results
--------------------------------------------------------------------------------------------------------------------------------------------------------------------------

Logistic regression                             Number of obs     = 17,438,612
                                                LR chi2(5)        =   47218.31
                                                Prob > chi2       =     0.0000
Log likelihood = -99092.987                     Pseudo R2         =     0.1924

-------------------------------------------------------------------------------------------
               coviddeath | Odds Ratio   Std. Err.      z    P>|z|     [95% Conf. Interval]
--------------------------+----------------------------------------------------------------
                     age1 |   1.165698   .0212095     8.43   0.000      1.12486    1.208018
                     age2 |    .900623   .0356953    -2.64   0.008     .8333099    .9733736
                     age3 |   1.297072   .1190127     2.83   0.005     1.083583    1.552623
                     male |   1.607773   .0267922    28.50   0.000      1.55611    1.661152
1.chronic_cardiac_disease |   1.585784    .028057    26.06   0.000     1.531735    1.641739
                    _cons |   7.95e-08   5.25e-08   -24.76   0.000     2.18e-08    2.90e-07
-------------------------------------------------------------------------------------------
Note: _cons estimates baseline odds.
file ./analysis/output/models/an_covidvsnoncovid_agesex_covid_chronic_cardiac_disease.ster saved

--------------------------------------------------------------------------------------------------------------------------------------------------------------------------
active results
--------------------------------------------------------------------------------------------------------------------------------------------------------------------------

Logistic regression                             Number of obs     = 17,438,612
                                                LR chi2(6)        =   47685.43
                                                Prob > chi2       =     0.0000
Log likelihood = -98859.424                     Pseudo R2         =     0.1943

-----------------------------------------------------------------------------------------------
                   coviddeath | Odds Ratio   Std. Err.      z    P>|z|     [95% Conf. Interval]
------------------------------+----------------------------------------------------------------
                         age1 |   1.149858   .0204074     7.87   0.000     1.110548    1.190559
                         age2 |   .9434068   .0366261    -1.50   0.133     .8742841    1.017994
                         age3 |   1.136792   .1024098     1.42   0.155     .9527941    1.356322
                         male |   1.679682   .0277426    31.40   0.000     1.626178    1.734946
                              |
  reduced_kidney_function_cat |
Stage 3a/3b egfr 30-60        |   1.464791   .0279976    19.97   0.000     1.410932    1.520706
           Stage 4/5 egfr<30  |   3.137157   .1036261    34.61   0.000     2.940489     3.34698
                              |
                        _cons |   1.17e-07   7.55e-08   -24.81   0.000     3.33e-08    4.14e-07
-----------------------------------------------------------------------------------------------
Note: _cons estimates baseline odds.
file ./analysis/output/models/an_covidvsnoncovid_agesex_covid_reduced_kidney_function_cat.ster saved

--------------------------------------------------------------------------------------------------------------------------------------------------------------------------
active results
--------------------------------------------------------------------------------------------------------------------------------------------------------------------------

Logistic regression                             Number of obs     = 17,438,612
                                                LR chi2(5)        =   47066.33
                                                Prob > chi2       =     0.0000
Log likelihood = -99168.978                     Pseudo R2         =     0.1918

------------------------------------------------------------------------------
  coviddeath | Odds Ratio   Std. Err.      z    P>|z|     [95% Conf. Interval]
-------------+----------------------------------------------------------------
        age1 |   1.162405    .021046     8.31   0.000     1.121879    1.204395
        age2 |   .9094111   .0358889    -2.41   0.016     .8417218     .982544
        age3 |   1.276284   .1166416     2.67   0.008     1.066976    1.526652
        male |   1.685429   .0278525    31.59   0.000     1.631714    1.740913
  1.dialysis |   7.425016   .5114174    29.11   0.000      6.48737    8.498184
       _cons |   8.41e-08   5.53e-08   -24.80   0.000     2.32e-08    3.05e-07
------------------------------------------------------------------------------
Note: _cons estimates baseline odds.
file ./analysis/output/models/an_covidvsnoncovid_agesex_covid_dialysis.ster saved

--------------------------------------------------------------------------------------------------------------------------------------------------------------------------
active results
--------------------------------------------------------------------------------------------------------------------------------------------------------------------------

Logistic regression                             Number of obs     = 17,438,612
                                                LR chi2(5)        =   46704.12
                                                Prob > chi2       =     0.0000
Log likelihood = -99350.084                     Pseudo R2         =     0.1903

-----------------------------------------------------------------------------------------
             coviddeath | Odds Ratio   Std. Err.      z    P>|z|     [95% Conf. Interval]
------------------------+----------------------------------------------------------------
                   age1 |    1.16172   .0210121     8.29   0.000     1.121258    1.203641
                   age2 |   .9108881    .035916    -2.37   0.018     .8431453    .9840738
                   age3 |   1.271468   .1161093     2.63   0.009     1.063101    1.520675
                   male |   1.696758   .0280225    32.01   0.000     1.642714    1.752579
1.chronic_liver_disease |   2.385612   .1553884    13.35   0.000     2.099695    2.710462
                  _cons |   8.54e-08   5.60e-08   -24.80   0.000     2.36e-08    3.09e-07
-----------------------------------------------------------------------------------------
Note: _cons estimates baseline odds.
file ./analysis/output/models/an_covidvsnoncovid_agesex_covid_chronic_liver_disease.ster saved

--------------------------------------------------------------------------------------------------------------------------------------------------------------------------
active results
--------------------------------------------------------------------------------------------------------------------------------------------------------------------------

Logistic regression                             Number of obs     = 17,438,612
                                                LR chi2(5)        =   47556.57
                                                Prob > chi2       =     0.0000
Log likelihood = -98923.857                     Pseudo R2         =     0.1938

-----------------------------------------------------------------------------------------------
                   coviddeath | Odds Ratio   Std. Err.      z    P>|z|     [95% Conf. Interval]
------------------------------+----------------------------------------------------------------
                         age1 |   1.176482   .0217843     8.78   0.000     1.134551    1.219962
                         age2 |   .8742903   .0351756    -3.34   0.001     .8079955    .9460245
                         age3 |   1.409511   .1311232     3.69   0.000     1.174582    1.691428
                         male |   1.648801   .0272601    30.24   0.000     1.596229    1.703105
1.chronic_respiratory_disease |   1.979974   .0402198    33.63   0.000     1.902694    2.060394
                        _cons |   5.90e-08   3.97e-08   -24.75   0.000     1.58e-08    2.21e-07
-----------------------------------------------------------------------------------------------
Note: _cons estimates baseline odds.
file ./analysis/output/models/an_covidvsnoncovid_agesex_covid_chronic_respiratory_disease.ster saved

--------------------------------------------------------------------------------------------------------------------------------------------------------------------------
active results
--------------------------------------------------------------------------------------------------------------------------------------------------------------------------

Logistic regression                             Number of obs     = 17,438,612
                                                LR chi2(7)        =   48139.81
                                                Prob > chi2       =     0.0000
Log likelihood = -98632.236                     Pseudo R2         =     0.1962

---------------------------------------------------------------------------------------------
                 coviddeath | Odds Ratio   Std. Err.      z    P>|z|     [95% Conf. Interval]
----------------------------+----------------------------------------------------------------
                       age1 |   1.171738   .0215642     8.61   0.000     1.130226    1.214774
                       age2 |   .8775396   .0351316    -3.26   0.001     .8113151    .9491697
                       age3 |   1.404139   .1300596     3.66   0.000     1.171026    1.683656
                       male |   1.629734   .0270101    29.47   0.000     1.577646    1.683542
                            |
                    diabcat |
       Controlled diabetes  |   1.618113   .0334157    23.30   0.000     1.553928    1.684951
     Uncontrolled diabetes  |   2.573697   .0684133    35.56   0.000     2.443043    2.711339
Diabetes, no hba1c measure  |   2.358287   .0998688    20.26   0.000      2.17045    2.562378
                            |
                      _cons |   6.64e-08   4.43e-08   -24.73   0.000     1.79e-08    2.46e-07
---------------------------------------------------------------------------------------------
Note: _cons estimates baseline odds.
file ./analysis/output/models/an_covidvsnoncovid_agesex_covid_diabcat.ster saved

--------------------------------------------------------------------------------------------------------------------------------------------------------------------------
active results
--------------------------------------------------------------------------------------------------------------------------------------------------------------------------

Logistic regression                             Number of obs     = 12,963,332
                                                LR chi2(8)        =   35175.45
                                                Prob > chi2       =     0.0000
Log likelihood = -73964.414                     Pseudo R2         =     0.1921

-----------------------------------------------------------------------------------------
             coviddeath | Odds Ratio   Std. Err.      z    P>|z|     [95% Conf. Interval]
------------------------+----------------------------------------------------------------
                   age1 |    1.16577   .0249158     7.18   0.000     1.117945    1.215642
                   age2 |   .9096746   .0421512    -2.04   0.041     .8307002     .996157
                   age3 |   1.275334    .136488     2.27   0.023     1.034016    1.572971
                   male |   1.671739   .0319009    26.93   0.000     1.610369    1.735448
                        |
              ethnicity |
                 Mixed  |   1.789351   .2114976     4.92   0.000     1.419336    2.255827
Asian or Asian British  |   2.325762   .0848416    23.14   0.000     2.165281    2.498137
                 Black  |   2.313386   .1389014    13.97   0.000     2.056553    2.602294
                 Other  |   1.579387   .1387661     5.20   0.000      1.32954    1.876186
                        |
                  _cons |   6.61e-08   5.14e-08   -21.28   0.000     1.44e-08    3.03e-07
-----------------------------------------------------------------------------------------
Note: _cons estimates baseline odds.
file ./analysis/output/models/an_covidvsnoncovid_agesex_covid_ethnicity.ster saved

--------------------------------------------------------------------------------------------------------------------------------------------------------------------------
active results
--------------------------------------------------------------------------------------------------------------------------------------------------------------------------

Logistic regression                             Number of obs     = 17,438,612
                                                LR chi2(5)        =   46586.22
                                                Prob > chi2       =     0.0000
Log likelihood = -99409.033                     Pseudo R2         =     0.1898

------------------------------------------------------------------------------------
        coviddeath | Odds Ratio   Std. Err.      z    P>|z|     [95% Conf. Interval]
-------------------+----------------------------------------------------------------
              age1 |   1.162475   .0210605     8.31   0.000     1.121921    1.204494
              age2 |   .9071595   .0358391    -2.47   0.014     .8395669    .9801939
              age3 |    1.28401    .117495     2.73   0.006     1.073193    1.536238
              male |   1.700924   .0281001    32.15   0.000     1.646731      1.7569
1.htdiag_or_highbp |   1.088448   .0208166     4.43   0.000     1.048403    1.130022
             _cons |   8.31e-08   5.46e-08   -24.80   0.000     2.29e-08    3.01e-07
------------------------------------------------------------------------------------
Note: _cons estimates baseline odds.
file ./analysis/output/models/an_covidvsnoncovid_agesex_covid_htdiag_or_highbp.ster saved

--------------------------------------------------------------------------------------------------------------------------------------------------------------------------
active results
--------------------------------------------------------------------------------------------------------------------------------------------------------------------------

Logistic regression                             Number of obs     = 15,699,833
                                                LR chi2(7)        =   44850.36
                                                Prob > chi2       =     0.0000
Log likelihood = -98361.212                     Pseudo R2         =     0.1857

---------------------------------------------------------------------------------
     coviddeath | Odds Ratio   Std. Err.      z    P>|z|     [95% Conf. Interval]
----------------+----------------------------------------------------------------
           age1 |   1.146515   .0214945     7.29   0.000     1.105151    1.189427
           age2 |   .9488566   .0386154    -1.29   0.197     .8761117    1.027642
           age3 |   1.142875   .1075214     1.42   0.156     .9504248    1.374293
           male |   1.687606    .027897    31.66   0.000     1.633805    1.743178
                |
          bpcat |
      Elevated  |    .664527   .0172479   -15.75   0.000     .6315672     .699207
 High, stage I  |   .5251898   .0119424   -28.32   0.000     .5022971     .549126
High, stage II  |   .4755221    .010879   -32.49   0.000     .4546706    .4973299
                |
          _cons |   2.16e-07   1.47e-07   -22.52   0.000     5.68e-08    8.21e-07
---------------------------------------------------------------------------------
Note: _cons estimates baseline odds.
file ./analysis/output/models/an_covidvsnoncovid_agesex_covid_bpcat.ster saved

--------------------------------------------------------------------------------------------------------------------------------------------------------------------------
active results
--------------------------------------------------------------------------------------------------------------------------------------------------------------------------

Logistic regression                             Number of obs     = 17,438,612
                                                LR chi2(5)        =   46802.24
                                                Prob > chi2       =     0.0000
Log likelihood = -99301.021                     Pseudo R2         =     0.1907

--------------------------------------------------------------------------------
    coviddeath | Odds Ratio   Std. Err.      z    P>|z|     [95% Conf. Interval]
---------------+----------------------------------------------------------------
          age1 |   1.168498   .0213641     8.52   0.000     1.127367     1.21113
          age2 |   .8890095   .0354005    -2.95   0.003     .8222643    .9611726
          age3 |   1.349538    .124382     3.25   0.001     1.126505    1.616729
          male |    1.70633   .0282039    32.33   0.000     1.651937    1.762514
1.hypertension |    1.31262   .0235402    15.17   0.000     1.267284    1.359579
         _cons |   7.12e-08   4.73e-08   -24.80   0.000     1.94e-08    2.62e-07
--------------------------------------------------------------------------------
Note: _cons estimates baseline odds.
file ./analysis/output/models/an_covidvsnoncovid_agesex_covid_hypertension.ster saved

--------------------------------------------------------------------------------------------------------------------------------------------------------------------------
active results
--------------------------------------------------------------------------------------------------------------------------------------------------------------------------

Logistic regression                             Number of obs     = 17,438,612
                                                LR chi2(8)        =   47868.83
                                                Prob > chi2       =     0.0000
Log likelihood = -98767.727                     Pseudo R2         =     0.1951

----------------------------------------------------------------------------------
      coviddeath | Odds Ratio   Std. Err.      z    P>|z|     [95% Conf. Interval]
-----------------+----------------------------------------------------------------
            age1 |   1.160141   .0209297     8.23   0.000     1.119836    1.201896
            age2 |   .9232138   .0363514    -2.03   0.042     .8546461    .9972826
            age3 |   1.222768   .1115607     2.20   0.027     1.022548    1.462192
            male |   1.713398   .0283255    32.57   0.000     1.658771    1.769824
                 |
             imd |
              2  |   1.130552   .0306803     4.52   0.000     1.071991    1.192312
              3  |   1.288291   .0344519     9.47   0.000     1.222506    1.357616
              4  |    1.72337    .044981    20.85   0.000     1.637426    1.813825
5 most deprived  |   2.254204   .0581186    31.53   0.000     2.143123    2.371041
                 |
           _cons |   5.76e-08   3.77e-08   -25.47   0.000     1.60e-08    2.08e-07
----------------------------------------------------------------------------------
Note: _cons estimates baseline odds.
file ./analysis/output/models/an_covidvsnoncovid_agesex_covid_imd.ster saved

--------------------------------------------------------------------------------------------------------------------------------------------------------------------------
active results
--------------------------------------------------------------------------------------------------------------------------------------------------------------------------

Logistic regression                             Number of obs     = 17,438,612
                                                LR chi2(7)        =   47193.54
                                                Prob > chi2       =     0.0000
Log likelihood = -99105.371                     Pseudo R2         =     0.1923

-------------------------------------------------------------------------------------
         coviddeath | Odds Ratio   Std. Err.      z    P>|z|     [95% Conf. Interval]
--------------------+----------------------------------------------------------------
               age1 |   1.160868   .0210512     8.23   0.000     1.120333    1.202869
               age2 |   .9054722   .0357862    -2.51   0.012     .8379803    .9783999
               age3 |   1.305653   .1195063     2.91   0.004     1.091233    1.562206
               male |   1.747274   .0289534    33.68   0.000     1.691438    1.804953
                    |
          obese4cat |
 Obese I (30-34.9)  |   1.201784   .0272829     8.10   0.000     1.149483    1.256465
Obese II (35-39.9)  |   1.803293   .0596035    17.84   0.000     1.690176    1.923981
   Obese III (40+)  |   2.691016   .1223398    21.77   0.000     2.461607    2.941805
                    |
              _cons |   7.98e-08   5.25e-08   -24.84   0.000     2.20e-08    2.90e-07
-------------------------------------------------------------------------------------
Note: _cons estimates baseline odds.
file ./analysis/output/models/an_covidvsnoncovid_agesex_covid_obese4cat.ster saved

--------------------------------------------------------------------------------------------------------------------------------------------------------------------------
active results
--------------------------------------------------------------------------------------------------------------------------------------------------------------------------

Logistic regression                             Number of obs     = 13,714,468
                                                LR chi2(9)        =   40011.66
                                                Prob > chi2       =     0.0000
Log likelihood = -89352.696                     Pseudo R2         =     0.1829

---------------------------------------------------------------------------------------
           coviddeath | Odds Ratio   Std. Err.      z    P>|z|     [95% Conf. Interval]
----------------------+----------------------------------------------------------------
                 age1 |   1.142535   .0231756     6.57   0.000     1.098002    1.188873
                 age2 |   .9365866   .0412349    -1.49   0.137     .8591566    1.020995
                 age3 |   1.205631   .1226886     1.84   0.066     .9876282    1.471754
                 male |   1.874206   .0329402    35.74   0.000     1.810744    1.939892
                      |
               bmicat |
  Normal (18.5-24.9)  |   .5283307   .0207672   -16.23   0.000      .489156    .5706427
Overweight (25-29.9)  |   .4274309   .0171964   -21.13   0.000     .3950211    .4624997
   Obese I (30-34.9)  |   .5835299   .0248461   -12.65   0.000     .5368089    .6343171
  Obese II (35-39.9)  |   .8780014   .0429537    -2.66   0.008     .7977239    .9663574
     Obese III (40+)  |   1.311681   .0762282     4.67   0.000     1.170471    1.469927
                      |
                _cons |   2.90e-07   2.14e-07   -20.39   0.000     6.84e-08    1.23e-06
---------------------------------------------------------------------------------------
Note: _cons estimates baseline odds.
file ./analysis/output/models/an_covidvsnoncovid_agesex_covid_bmicat.ster saved

--------------------------------------------------------------------------------------------------------------------------------------------------------------------------
active results
--------------------------------------------------------------------------------------------------------------------------------------------------------------------------

Logistic regression                             Number of obs     = 17,438,612
                                                LR chi2(5)        =   46709.89
                                                Prob > chi2       =     0.0000
Log likelihood = -99347.199                     Pseudo R2         =     0.1903

------------------------------------------------------------------------------------
        coviddeath | Odds Ratio   Std. Err.      z    P>|z|     [95% Conf. Interval]
-------------------+----------------------------------------------------------------
              age1 |   1.161045   .0209718     8.27   0.000      1.12066    1.202885
              age2 |   .9129733    .035958    -2.31   0.021     .8451483    .9862413
              age3 |   1.263454   .1152599     2.56   0.010     1.056593    1.510815
              male |   1.695688   .0280063    31.97   0.000     1.641675    1.751477
1.organ_transplant |   5.495518   .6163708    15.19   0.000     4.411019    6.846655
             _cons |   8.70e-08   5.70e-08   -24.81   0.000     2.41e-08    3.14e-07
------------------------------------------------------------------------------------
Note: _cons estimates baseline odds.
file ./analysis/output/models/an_covidvsnoncovid_agesex_covid_organ_transplant.ster saved

--------------------------------------------------------------------------------------------------------------------------------------------------------------------------
active results
--------------------------------------------------------------------------------------------------------------------------------------------------------------------------

Logistic regression                             Number of obs     = 17,438,612
                                                LR chi2(5)        =   46614.61
                                                Prob > chi2       =     0.0000
Log likelihood = -99394.836                     Pseudo R2         =     0.1900

-------------------------------------------------------------------------------------------
               coviddeath | Odds Ratio   Std. Err.      z    P>|z|     [95% Conf. Interval]
--------------------------+----------------------------------------------------------------
                     age1 |   1.160616   .0209526     8.25   0.000     1.120267    1.202417
                     age2 |   .9144964   .0359993    -2.27   0.023     .8465924    .9878469
                     age3 |    1.25738   .1146484     2.51   0.012     1.051607    1.503417
                     male |   1.696985   .0280235    32.03   0.000     1.642939    1.752808
1.other_immunosuppression |   2.702148   .3333381     8.06   0.000       2.1218     3.44123
                    _cons |   8.78e-08   5.75e-08   -24.81   0.000     2.43e-08    3.17e-07
-------------------------------------------------------------------------------------------
Note: _cons estimates baseline odds.
file ./analysis/output/models/an_covidvsnoncovid_agesex_covid_other_immunosuppression.ster saved

--------------------------------------------------------------------------------------------------------------------------------------------------------------------------
active results
--------------------------------------------------------------------------------------------------------------------------------------------------------------------------

Logistic regression                             Number of obs     = 17,438,612
                                                LR chi2(5)        =   47433.15
                                                Prob > chi2       =     0.0000
Log likelihood = -98985.568                     Pseudo R2         =     0.1933

-------------------------------------------------------------------------------
   coviddeath | Odds Ratio   Std. Err.      z    P>|z|     [95% Conf. Interval]
--------------+----------------------------------------------------------------
         age1 |   1.165982   .0212319     8.43   0.000     1.125102    1.208347
         age2 |   .9008822   .0357236    -2.63   0.008      .833517     .973692
         age3 |   1.305648   .1198486     2.91   0.004     1.090667    1.563003
         male |   1.677486   .0277118    31.31   0.000     1.624042    1.732689
1.other_neuro |   3.177162   .1070551    34.31   0.000     2.974116    3.394069
        _cons |   7.64e-08   5.05e-08   -24.79   0.000     2.09e-08    2.79e-07
-------------------------------------------------------------------------------
Note: _cons estimates baseline odds.
file ./analysis/output/models/an_covidvsnoncovid_agesex_covid_other_neuro.ster saved

--------------------------------------------------------------------------------------------------------------------------------------------------------------------------
active results
--------------------------------------------------------------------------------------------------------------------------------------------------------------------------

Logistic regression                             Number of obs     = 17,438,612
                                                LR chi2(5)        =   46654.88
                                                Prob > chi2       =     0.0000
Log likelihood =   -99374.7                     Pseudo R2         =     0.1901

------------------------------------------------------------------------------------
        coviddeath | Odds Ratio   Std. Err.      z    P>|z|     [95% Conf. Interval]
-------------------+----------------------------------------------------------------
              age1 |   1.162396   .0210553     8.31   0.000     1.121852    1.204405
              age2 |   .9094149   .0359029    -2.41   0.016     .8417001    .9825774
              age3 |   1.276078   .1166642     2.67   0.008     1.066736    1.526503
              male |   1.702895   .0281236    32.23   0.000     1.648656    1.758918
1.ra_sle_psoriasis |   1.321896   .0377709     9.77   0.000     1.249901    1.398038
             _cons |   8.31e-08   5.46e-08   -24.80   0.000     2.29e-08    3.01e-07
------------------------------------------------------------------------------------
Note: _cons estimates baseline odds.
file ./analysis/output/models/an_covidvsnoncovid_agesex_covid_ra_sle_psoriasis.ster saved

--------------------------------------------------------------------------------------------------------------------------------------------------------------------------
active results
--------------------------------------------------------------------------------------------------------------------------------------------------------------------------

Logistic regression                             Number of obs     = 16,706,930
                                                LR chi2(6)        =   45488.24
                                                Prob > chi2       =     0.0000
Log likelihood = -98498.495                     Pseudo R2         =     0.1876

------------------------------------------------------------------------------
  coviddeath | Odds Ratio   Std. Err.      z    P>|z|     [95% Conf. Interval]
-------------+----------------------------------------------------------------
        age1 |   1.164535    .022217     7.98   0.000     1.121795    1.208904
        age2 |   .8972439   .0370833    -2.62   0.009     .8274278    .9729509
        age3 |   1.325039   .1264272     2.95   0.003     1.099037    1.597516
        male |   1.611063   .0271874    28.26   0.000     1.558648     1.66524
             |
       smoke |
     Former  |   1.376069   .0247515    17.75   0.000     1.328403    1.425447
    Current  |   1.175606   .0417759     4.55   0.000     1.096513    1.260404
             |
       _cons |   7.58e-08   5.26e-08   -23.63   0.000     1.95e-08    2.95e-07
------------------------------------------------------------------------------
Note: _cons estimates baseline odds.
file ./analysis/output/models/an_covidvsnoncovid_agesex_covid_smoke.ster saved

--------------------------------------------------------------------------------------------------------------------------------------------------------------------------
active results
--------------------------------------------------------------------------------------------------------------------------------------------------------------------------

Logistic regression                             Number of obs     = 17,438,612
                                                LR chi2(6)        =   46903.35
                                                Prob > chi2       =     0.0000
Log likelihood = -99250.467                     Pseudo R2         =     0.1911

------------------------------------------------------------------------------
  coviddeath | Odds Ratio   Std. Err.      z    P>|z|     [95% Conf. Interval]
-------------+----------------------------------------------------------------
        age1 |   1.164918   .0214141     8.30   0.000     1.123695    1.207654
        age2 |   .8992723    .035958    -2.66   0.008     .8314869    .9725839
        age3 |     1.3149   .1216239     2.96   0.003     1.096881    1.576254
        male |   1.600496   .0268768    28.01   0.000     1.548676     1.65405
             |
smoke_nomiss |
     Former  |    1.38202   .0246611    18.13   0.000     1.334521     1.43121
    Current  |   1.182953   .0419391     4.74   0.000     1.103545    1.268075
             |
       _cons |   7.27e-08   4.85e-08   -24.63   0.000     1.96e-08    2.69e-07
------------------------------------------------------------------------------
Note: _cons estimates baseline odds.
file ./analysis/output/models/an_covidvsnoncovid_agesex_covid_smoke_nomiss.ster saved

--------------------------------------------------------------------------------------------------------------------------------------------------------------------------
active results
--------------------------------------------------------------------------------------------------------------------------------------------------------------------------

Logistic regression                             Number of obs     = 17,438,612
                                                LR chi2(5)        =   46572.55
                                                Prob > chi2       =     0.0000
Log likelihood = -99415.867                     Pseudo R2         =     0.1898

------------------------------------------------------------------------------
  coviddeath | Odds Ratio   Std. Err.      z    P>|z|     [95% Conf. Interval]
-------------+----------------------------------------------------------------
        age1 |   1.161352   .0209848     8.28   0.000     1.120943    1.203219
        age2 |   .9129624   .0359672    -2.31   0.021     .8451208    .9862498
        age3 |   1.262331   .1151838     2.55   0.011     1.055611    1.509534
        male |     1.6977    .028034    32.05   0.000     1.643634    1.753545
    1.spleen |   1.451588   .2046795     2.64   0.008     1.101084    1.913665
       _cons |   8.64e-08   5.66e-08   -24.81   0.000     2.39e-08    3.12e-07
------------------------------------------------------------------------------
Note: _cons estimates baseline odds.
file ./analysis/output/models/an_covidvsnoncovid_agesex_covid_spleen.ster saved

--------------------------------------------------------------------------------------------------------------------------------------------------------------------------
active results
--------------------------------------------------------------------------------------------------------------------------------------------------------------------------

Logistic regression                             Number of obs     = 17,438,612
                                                LR chi2(5)        =   48386.22
                                                Prob > chi2       =     0.0000
Log likelihood = -98509.032                     Pseudo R2         =     0.1972

-----------------------------------------------------------------------------------
       coviddeath | Odds Ratio   Std. Err.      z    P>|z|     [95% Conf. Interval]
------------------+----------------------------------------------------------------
             age1 |   1.158213   .0208299     8.17   0.000     1.118098    1.199767
             age2 |   .9203379   .0361223    -2.12   0.034     .8521941    .9939307
             age3 |   1.221544   .1111073     2.20   0.028     1.022085    1.459928
             male |   1.662245   .0274943    30.72   0.000     1.609221    1.717015
1.stroke_dementia |    2.53036   .0508955    46.16   0.000     2.432547    2.632106
            _cons |   9.48e-08   6.19e-08   -24.79   0.000     2.64e-08    3.41e-07
-----------------------------------------------------------------------------------
Note: _cons estimates baseline odds.
file ./analysis/output/models/an_covidvsnoncovid_agesex_covid_stroke_dementia.ster saved

--------------------------------------------------------------------------------------------------------------------------------------------------------------------------
active results
--------------------------------------------------------------------------------------------------------------------------------------------------------------------------

Logistic regression                             Number of obs     = 17,438,612
                                                LR chi2(4)        =   46566.34
                                                Prob > chi2       =     0.0000
Log likelihood = -99418.973                     Pseudo R2         =     0.1898

------------------------------------------------------------------------------
  coviddeath | Odds Ratio   Std. Err.      z    P>|z|     [95% Conf. Interval]
-------------+----------------------------------------------------------------
        age1 |   1.161321   .0209828     8.28   0.000     1.120915    1.203184
        age2 |   .9131115   .0359709    -2.31   0.021     .8452629    .9864062
        age3 |   1.261726   .1151219     2.55   0.011     1.055116    1.508794
      1.male |     1.6981     .02804    32.07   0.000     1.644022    1.753956
       _cons |   8.64e-08   5.67e-08   -24.81   0.000     2.39e-08    3.12e-07
------------------------------------------------------------------------------
Note: _cons estimates baseline odds.
file ./analysis/output/models/an_covidvsnoncovid_agesex_covid_MALE.ster saved

--------------------------------------------------------------------------------------------------------------------------------------------------------------------------
active results
--------------------------------------------------------------------------------------------------------------------------------------------------------------------------

Logistic regression                             Number of obs     = 17,438,612
                                                LR chi2(6)        =   43200.64
                                                Prob > chi2       =     0.0000
Log likelihood = -101101.82                     Pseudo R2         =     0.1760

------------------------------------------------------------------------------
  coviddeath | Odds Ratio   Std. Err.      z    P>|z|     [95% Conf. Interval]
-------------+----------------------------------------------------------------
    agegroup |
     40-<50  |   6.008703   .8389254    12.84   0.000     4.570223    7.899946
     50-<60  |   18.60666   2.353861    23.11   0.000     14.52065    23.84245
     60-<70  |   52.59258   6.479434    32.16   0.000     41.31008    66.95654
     70-<80  |   156.6364   19.04287    41.57   0.000     123.4267    198.7817
        80+  |   747.9816   90.38899    54.76   0.000     590.2397    947.8801
             |
      1.male |   1.557075   .0254804    27.06   0.000     1.507927    1.607825
       _cons |   9.00e-06   1.09e-06   -96.16   0.000     7.10e-06    .0000114
------------------------------------------------------------------------------
Note: _cons estimates baseline odds.
file ./analysis/output/models/an_covidvsnoncovid_agesex_covid_AGEGROUP.ster saved

--------------------------------------------------------------------------------------------------------------------------------------------------------------------------
active results
--------------------------------------------------------------------------------------------------------------------------------------------------------------------------

Logistic regression                             Number of obs     = 17,438,612
                                                LR chi2(6)        =  338830.68
                                                Prob > chi2       =     0.0000
Log likelihood = -565198.79                     Pseudo R2         =     0.2306

-------------------------------------------------------------------------------
noncoviddeath | Odds Ratio   Std. Err.      z    P>|z|     [95% Conf. Interval]
--------------+----------------------------------------------------------------
         age1 |   1.137915   .0049448    29.73   0.000     1.128265    1.147648
         age2 |    .897109   .0089488   -10.88   0.000     .8797401    .9148208
         age3 |    1.37542     .03252    13.48   0.000     1.313136    1.440658
         male |   1.336493   .0079032    49.05   0.000     1.321092    1.352073
              |
    asthmacat |
 Yes, no OCS  |   1.020295   .0097545     2.10   0.036     1.001354    1.039593
Yes with OCS  |   1.237083   .0231921    11.35   0.000     1.192452    1.283384
              |
        _cons |   3.45e-06   5.32e-07   -81.66   0.000     2.55e-06    4.67e-06
-------------------------------------------------------------------------------
Note: _cons estimates baseline odds.
file ./analysis/output/models/an_covidvsnoncovid_agesex_noncovid_asthmacat.ster saved

--------------------------------------------------------------------------------------------------------------------------------------------------------------------------
active results
--------------------------------------------------------------------------------------------------------------------------------------------------------------------------

Logistic regression                             Number of obs     = 17,438,612
                                                LR chi2(7)        =  372125.02
                                                Prob > chi2       =     0.0000
Log likelihood = -548551.62                     Pseudo R2         =     0.2533

-----------------------------------------------------------------------------------
    noncoviddeath | Odds Ratio   Std. Err.      z    P>|z|     [95% Conf. Interval]
------------------+----------------------------------------------------------------
             age1 |   1.157702   .0051979    32.62   0.000     1.147559    1.167935
             age2 |   .8394795   .0086075   -17.06   0.000     .8227774    .8565206
             age3 |   1.639547   .0397565    20.39   0.000     1.563448     1.71935
             male |   1.251549     .00747    37.59   0.000     1.236993    1.266276
                  |
cancer_exhaem_cat |
       Last year  |   10.63212   .1337761   187.87   0.000     10.37313    10.89757
   2-5 years ago  |   3.526132   .0383583   115.85   0.000     3.451747     3.60212
        5+ years  |   1.568285   .0141164    49.99   0.000      1.54086    1.596198
                  |
            _cons |   2.14e-06   3.42e-07   -81.86   0.000     1.57e-06    2.93e-06
-----------------------------------------------------------------------------------
Note: _cons estimates baseline odds.
file ./analysis/output/models/an_covidvsnoncovid_agesex_noncovid_cancer_exhaem_cat.ster saved

--------------------------------------------------------------------------------------------------------------------------------------------------------------------------
active results
--------------------------------------------------------------------------------------------------------------------------------------------------------------------------

Logistic regression                             Number of obs     = 17,438,612
                                                LR chi2(7)        =  341568.00
                                                Prob > chi2       =     0.0000
Log likelihood = -563830.13                     Pseudo R2         =     0.2325

---------------------------------------------------------------------------------
  noncoviddeath | Odds Ratio   Std. Err.      z    P>|z|     [95% Conf. Interval]
----------------+----------------------------------------------------------------
           age1 |   1.139819   .0049683    30.02   0.000     1.130123    1.149599
           age2 |   .8917408   .0089179   -11.46   0.000     .8744322     .909392
           age3 |   1.396694   .0330992    14.10   0.000     1.333304    1.463097
           male |   1.323262   .0078245    47.37   0.000     1.308015    1.338687
                |
cancer_haem_cat |
     Last year  |   5.863758   .2350022    44.13   0.000     5.420788    6.342927
 2-5 years ago  |   2.836051   .0828301    35.69   0.000     2.678266    3.003132
      5+ years  |   1.852049   .0440072    25.94   0.000     1.767774    1.940342
                |
          _cons |   3.32e-06   5.13e-07   -81.66   0.000     2.45e-06    4.49e-06
---------------------------------------------------------------------------------
Note: _cons estimates baseline odds.
file ./analysis/output/models/an_covidvsnoncovid_agesex_noncovid_cancer_haem_cat.ster saved

--------------------------------------------------------------------------------------------------------------------------------------------------------------------------
active results
--------------------------------------------------------------------------------------------------------------------------------------------------------------------------

Logistic regression                             Number of obs     = 17,438,612
                                                LR chi2(5)        =  345571.76
                                                Prob > chi2       =     0.0000
Log likelihood = -561828.25                     Pseudo R2         =     0.2352

-------------------------------------------------------------------------------------------
            noncoviddeath | Odds Ratio   Std. Err.      z    P>|z|     [95% Conf. Interval]
--------------------------+----------------------------------------------------------------
                     age1 |   1.141197   .0049845    30.24   0.000      1.13147    1.151009
                     age2 |   .8863893   .0088815   -12.04   0.000     .8691516    .9039687
                     age3 |   1.406085   .0333825    14.36   0.000     1.342156     1.47306
                     male |    1.25106   .0074667    37.53   0.000     1.236511     1.26578
1.chronic_cardiac_disease |   1.732747   .0112217    84.88   0.000     1.710891    1.754881
                    _cons |   3.30e-06   5.11e-07   -81.52   0.000     2.44e-06    4.47e-06
-------------------------------------------------------------------------------------------
Note: _cons estimates baseline odds.
file ./analysis/output/models/an_covidvsnoncovid_agesex_noncovid_chronic_cardiac_disease.ster saved

--------------------------------------------------------------------------------------------------------------------------------------------------------------------------
active results
--------------------------------------------------------------------------------------------------------------------------------------------------------------------------

Logistic regression                             Number of obs     = 17,438,612
                                                LR chi2(6)        =  346057.67
                                                Prob > chi2       =     0.0000
Log likelihood =  -561585.3                     Pseudo R2         =     0.2355

-----------------------------------------------------------------------------------------------
                noncoviddeath | Odds Ratio   Std. Err.      z    P>|z|     [95% Conf. Interval]
------------------------------+----------------------------------------------------------------
                         age1 |   1.130199   .0048544    28.50   0.000     1.120725    1.139754
                         age2 |   .9189198   .0090885    -8.55   0.000     .9012783    .9369067
                         age3 |    1.27162   .0298631    10.23   0.000     1.214416    1.331518
                         male |    1.32103   .0078228    47.02   0.000     1.305786    1.336452
                              |
  reduced_kidney_function_cat |
Stage 3a/3b egfr 30-60        |    1.29305   .0091073    36.49   0.000     1.275322    1.311023
           Stage 4/5 egfr<30  |   3.284454   .0423349    92.26   0.000     3.202519    3.368486
                              |
                        _cons |   4.27e-06   6.49e-07   -81.32   0.000     3.17e-06    5.75e-06
-----------------------------------------------------------------------------------------------
Note: _cons estimates baseline odds.
file ./analysis/output/models/an_covidvsnoncovid_agesex_noncovid_reduced_kidney_function_cat.ster saved

--------------------------------------------------------------------------------------------------------------------------------------------------------------------------
active results
--------------------------------------------------------------------------------------------------------------------------------------------------------------------------

Logistic regression                             Number of obs     = 17,438,612
                                                LR chi2(5)        =  340898.01
                                                Prob > chi2       =     0.0000
Log likelihood = -564165.13                     Pseudo R2         =     0.2320

-------------------------------------------------------------------------------
noncoviddeath | Odds Ratio   Std. Err.      z    P>|z|     [95% Conf. Interval]
--------------+----------------------------------------------------------------
         age1 |   1.138178   .0049489    29.77   0.000     1.128519    1.147919
         age2 |   .8957265   .0089397   -11.03   0.000     .8783752    .9134205
         age3 |   1.381889   .0326892    13.67   0.000     1.319282    1.447467
         male |    1.32712   .0078455    47.87   0.000     1.311832    1.342587
   1.dialysis |    5.96654   .1863038    57.20   0.000      5.61234    6.343093
        _cons |   3.46e-06   5.33e-07   -81.62   0.000     2.56e-06    4.68e-06
-------------------------------------------------------------------------------
Note: _cons estimates baseline odds.
file ./analysis/output/models/an_covidvsnoncovid_agesex_noncovid_dialysis.ster saved

--------------------------------------------------------------------------------------------------------------------------------------------------------------------------
active results
--------------------------------------------------------------------------------------------------------------------------------------------------------------------------

Logistic regression                             Number of obs     = 17,438,612
                                                LR chi2(5)        =  343498.96
                                                Prob > chi2       =     0.0000
Log likelihood = -562864.65                     Pseudo R2         =     0.2338

-----------------------------------------------------------------------------------------
          noncoviddeath | Odds Ratio   Std. Err.      z    P>|z|     [95% Conf. Interval]
------------------------+----------------------------------------------------------------
                   age1 |   1.138322   .0049544    29.77   0.000     1.128653    1.148074
                   age2 |   .8930063   .0089199   -11.33   0.000     .8756937    .9106612
                   age3 |    1.39679   .0330668    14.12   0.000     1.333461    1.463127
                   male |   1.330446   .0078682    48.28   0.000     1.315114    1.345957
1.chronic_liver_disease |   4.621651   .0852254    83.01   0.000     4.457595    4.791745
                  _cons |   3.43e-06   5.28e-07   -81.59   0.000     2.53e-06    4.64e-06
-----------------------------------------------------------------------------------------
Note: _cons estimates baseline odds.
file ./analysis/output/models/an_covidvsnoncovid_agesex_noncovid_chronic_liver_disease.ster saved

--------------------------------------------------------------------------------------------------------------------------------------------------------------------------
active results
--------------------------------------------------------------------------------------------------------------------------------------------------------------------------

Logistic regression                             Number of obs     = 17,438,612
                                                LR chi2(5)        =  349834.45
                                                Prob > chi2       =     0.0000
Log likelihood =  -559696.9                     Pseudo R2         =     0.2381

-----------------------------------------------------------------------------------------------
                noncoviddeath | Odds Ratio   Std. Err.      z    P>|z|     [95% Conf. Interval]
------------------------------+----------------------------------------------------------------
                         age1 |   1.151319   .0051113    31.74   0.000     1.141345    1.161381
                         age2 |   .8590375   .0087239   -14.96   0.000     .8421081    .8763072
                         age3 |   1.539537   .0369991    17.95   0.000     1.468702    1.613789
                         male |   1.291011   .0076467    43.12   0.000     1.276111    1.306086
1.chronic_respiratory_disease |   2.290849   .0168024   113.02   0.000     2.258152    2.324019
                        _cons |   2.49e-06   3.93e-07   -81.89   0.000     1.83e-06    3.40e-06
-----------------------------------------------------------------------------------------------
Note: _cons estimates baseline odds.
file ./analysis/output/models/an_covidvsnoncovid_agesex_noncovid_chronic_respiratory_disease.ster saved

--------------------------------------------------------------------------------------------------------------------------------------------------------------------------
active results
--------------------------------------------------------------------------------------------------------------------------------------------------------------------------

Logistic regression                             Number of obs     = 17,438,612
                                                LR chi2(7)        =  343253.17
                                                Prob > chi2       =     0.0000
Log likelihood = -562987.54                     Pseudo R2         =     0.2336

---------------------------------------------------------------------------------------------
              noncoviddeath | Odds Ratio   Std. Err.      z    P>|z|     [95% Conf. Interval]
----------------------------+----------------------------------------------------------------
                       age1 |   1.141012   .0049873    30.18   0.000     1.131279    1.150829
                       age2 |   .8831778   .0088572   -12.39   0.000     .8659875    .9007092
                       age3 |   1.435806   .0341232    15.22   0.000      1.37046    1.504269
                       male |   1.303764   .0077278    44.75   0.000     1.288705    1.318998
                            |
                    diabcat |
       Controlled diabetes  |   1.318925   .0103391    35.31   0.000     1.298816    1.339346
     Uncontrolled diabetes  |   1.802156   .0197857    53.65   0.000     1.763792    1.841356
Diabetes, no hba1c measure  |   2.023966    .033515    42.58   0.000     1.959332    2.090731
                            |
                      _cons |   3.22e-06   4.99e-07   -81.62   0.000     2.38e-06    4.36e-06
---------------------------------------------------------------------------------------------
Note: _cons estimates baseline odds.
file ./analysis/output/models/an_covidvsnoncovid_agesex_noncovid_diabcat.ster saved

--------------------------------------------------------------------------------------------------------------------------------------------------------------------------
active results
--------------------------------------------------------------------------------------------------------------------------------------------------------------------------

Logistic regression                             Number of obs     = 12,963,332
                                                LR chi2(8)        =  238164.15
                                                Prob > chi2       =     0.0000
Log likelihood = -406311.46                     Pseudo R2         =     0.2267

-----------------------------------------------------------------------------------------
          noncoviddeath | Odds Ratio   Std. Err.      z    P>|z|     [95% Conf. Interval]
------------------------+----------------------------------------------------------------
                   age1 |   1.153792   .0063561    25.97   0.000     1.141401    1.166317
                   age2 |   .8625906   .0107345   -11.88   0.000     .8418059    .8838884
                   age3 |   1.520567   .0445443    14.31   0.000     1.435721    1.610428
                   male |   1.359404   .0095128    43.88   0.000     1.340887    1.378177
                        |
              ethnicity |
                 Mixed  |   .8373688   .0478773    -3.10   0.002     .7485979    .9366664
Asian or Asian British  |   .7868344   .0162085   -11.64   0.000     .7556991    .8192526
                 Black  |   .8732923    .028602    -4.14   0.000     .8189948    .9311895
                 Other  |     .66816   .0299214    -9.00   0.000     .6120151    .7294555
                        |
                  _cons |   2.23e-06   4.39e-07   -66.21   0.000     1.52e-06    3.28e-06
-----------------------------------------------------------------------------------------
Note: _cons estimates baseline odds.
file ./analysis/output/models/an_covidvsnoncovid_agesex_noncovid_ethnicity.ster saved

--------------------------------------------------------------------------------------------------------------------------------------------------------------------------
active results
--------------------------------------------------------------------------------------------------------------------------------------------------------------------------

Logistic regression                             Number of obs     = 17,438,612
                                                LR chi2(5)        =  338859.28
                                                Prob > chi2       =     0.0000
Log likelihood = -565184.49                     Pseudo R2         =     0.2306

------------------------------------------------------------------------------------
     noncoviddeath | Odds Ratio   Std. Err.      z    P>|z|     [95% Conf. Interval]
-------------------+----------------------------------------------------------------
              age1 |   1.138273   .0049524    29.77   0.000     1.128608    1.148021
              age2 |    .893174   .0089256   -11.31   0.000     .8758504    .9108403
              age3 |   1.391717   .0329698    13.95   0.000     1.328575    1.457861
              male |   1.334829   .0078867    48.88   0.000      1.31946    1.350376
1.htdiag_or_highbp |   1.087532   .0074316    12.28   0.000     1.073063    1.102196
             _cons |   3.42e-06   5.27e-07   -81.63   0.000     2.53e-06    4.63e-06
------------------------------------------------------------------------------------
Note: _cons estimates baseline odds.
file ./analysis/output/models/an_covidvsnoncovid_agesex_noncovid_htdiag_or_highbp.ster saved

--------------------------------------------------------------------------------------------------------------------------------------------------------------------------
active results
--------------------------------------------------------------------------------------------------------------------------------------------------------------------------

Logistic regression                             Number of obs     = 15,699,833
                                                LR chi2(7)        =  327234.90
                                                Prob > chi2       =     0.0000
Log likelihood = -554806.52                     Pseudo R2         =     0.2277

---------------------------------------------------------------------------------
  noncoviddeath | Odds Ratio   Std. Err.      z    P>|z|     [95% Conf. Interval]
----------------+----------------------------------------------------------------
           age1 |   1.138974   .0054466    27.21   0.000     1.128348    1.149699
           age2 |   .9098308   .0098261    -8.75   0.000     .8907744    .9292948
           age3 |   1.312301   .0333655    10.69   0.000     1.248509    1.379353
           male |    1.33899   .0079431    49.21   0.000     1.323512    1.354649
                |
          bpcat |
      Elevated  |   .5788946   .0055328   -57.19   0.000     .5681514    .5898409
 High, stage I  |   .4735315   .0038801   -91.23   0.000     .4659875    .4811977
High, stage II  |   .4527623   .0037123   -96.64   0.000     .4455446     .460097
                |
          _cons |   5.32e-06   9.08e-07   -71.13   0.000     3.80e-06    7.43e-06
---------------------------------------------------------------------------------
Note: _cons estimates baseline odds.
file ./analysis/output/models/an_covidvsnoncovid_agesex_noncovid_bpcat.ster saved

--------------------------------------------------------------------------------------------------------------------------------------------------------------------------
active results
--------------------------------------------------------------------------------------------------------------------------------------------------------------------------

Logistic regression                             Number of obs     = 17,438,612
                                                LR chi2(5)        =  339999.02
                                                Prob > chi2       =     0.0000
Log likelihood = -564614.62                     Pseudo R2         =     0.2314

--------------------------------------------------------------------------------
 noncoviddeath | Odds Ratio   Std. Err.      z    P>|z|     [95% Conf. Interval]
---------------+----------------------------------------------------------------
          age1 |   1.141574   .0049905    30.29   0.000     1.131834    1.151397
          age2 |   .8821726   .0088512   -12.49   0.000     .8649939    .8996924
          age3 |   1.434202   .0340962    15.17   0.000     1.368908    1.502611
          male |   1.337015   .0079031    49.14   0.000     1.321614    1.352594
1.hypertension |   1.256826   .0080531    35.68   0.000     1.241141     1.27271
         _cons |   3.15e-06   4.89e-07   -81.74   0.000     2.33e-06    4.27e-06
--------------------------------------------------------------------------------
Note: _cons estimates baseline odds.
file ./analysis/output/models/an_covidvsnoncovid_agesex_noncovid_hypertension.ster saved

--------------------------------------------------------------------------------------------------------------------------------------------------------------------------
active results
--------------------------------------------------------------------------------------------------------------------------------------------------------------------------

Logistic regression                             Number of obs     = 17,438,612
                                                LR chi2(8)        =  342755.03
                                                Prob > chi2       =     0.0000
Log likelihood = -563236.61                     Pseudo R2         =     0.2333

----------------------------------------------------------------------------------
   noncoviddeath | Odds Ratio   Std. Err.      z    P>|z|     [95% Conf. Interval]
-----------------+----------------------------------------------------------------
            age1 |   1.137991   .0049501    29.72   0.000      1.12833    1.147734
            age2 |   .9018252   .0090089   -10.34   0.000     .8843399    .9196562
            age3 |    1.35397   .0320632    12.80   0.000     1.292563    1.418294
            male |   1.339998   .0079253    49.48   0.000     1.324555    1.355622
                 |
             imd |
              2  |   1.112578   .0102936    11.53   0.000     1.092585    1.132937
              3  |   1.228966   .0113023    22.42   0.000     1.207012    1.251319
              4  |   1.431731    .013285    38.68   0.000     1.405928    1.458007
5 most deprived  |   1.716445   .0160743    57.69   0.000     1.685227    1.748241
                 |
           _cons |   2.60e-06   4.01e-07   -83.38   0.000     1.92e-06    3.51e-06
----------------------------------------------------------------------------------
Note: _cons estimates baseline odds.
file ./analysis/output/models/an_covidvsnoncovid_agesex_noncovid_imd.ster saved

--------------------------------------------------------------------------------------------------------------------------------------------------------------------------
active results
--------------------------------------------------------------------------------------------------------------------------------------------------------------------------

Logistic regression                             Number of obs     = 17,438,612
                                                LR chi2(7)        =  339705.30
                                                Prob > chi2       =     0.0000
Log likelihood = -564761.48                     Pseudo R2         =     0.2312

-------------------------------------------------------------------------------------
      noncoviddeath | Odds Ratio   Std. Err.      z    P>|z|     [95% Conf. Interval]
--------------------+----------------------------------------------------------------
               age1 |   1.136815   .0049294    29.57   0.000     1.127195    1.146518
               age2 |   .9011398   .0089756   -10.45   0.000     .8837186    .9189045
               age3 |   1.358353   .0320814    12.97   0.000     1.296908    1.422709
               male |   1.343749   .0079573    49.89   0.000     1.328243    1.359435
                    |
          obese4cat |
 Obese I (30-34.9)  |   .8237879   .0073325   -21.78   0.000     .8095412    .8382853
Obese II (35-39.9)  |   1.041955   .0144889     2.96   0.003     1.013941    1.070744
   Obese III (40+)  |   1.510785   .0288225    21.63   0.000     1.455337    1.568345
                    |
              _cons |   3.57e-06   5.49e-07   -81.64   0.000     2.64e-06    4.83e-06
-------------------------------------------------------------------------------------
Note: _cons estimates baseline odds.
file ./analysis/output/models/an_covidvsnoncovid_agesex_noncovid_obese4cat.ster saved

--------------------------------------------------------------------------------------------------------------------------------------------------------------------------
active results
--------------------------------------------------------------------------------------------------------------------------------------------------------------------------

Logistic regression                             Number of obs     = 13,714,468
                                                LR chi2(9)        =  289117.42
                                                Prob > chi2       =     0.0000
Log likelihood = -496806.65                     Pseudo R2         =     0.2254

---------------------------------------------------------------------------------------
        noncoviddeath | Odds Ratio   Std. Err.      z    P>|z|     [95% Conf. Interval]
----------------------+----------------------------------------------------------------
                 age1 |   1.148852   .0060563    26.32   0.000     1.137043    1.160784
                 age2 |   .8844781   .0104899   -10.35   0.000     .8641553    .9052788
                 age3 |   1.402193   .0390815    12.13   0.000     1.327649    1.480922
                 male |   1.510171   .0096013    64.84   0.000     1.491469    1.529106
                      |
               bmicat |
  Normal (18.5-24.9)  |   .3573554   .0045489   -80.84   0.000     .3485499    .3663833
Overweight (25-29.9)  |   .2397879   .0031613  -108.32   0.000     .2336713    .2460646
   Obese I (30-34.9)  |   .2561549   .0037194   -93.80   0.000     .2489678    .2635495
  Obese II (35-39.9)  |   .3247263   .0058497   -62.44   0.000     .3134611    .3363964
     Obese III (40+)  |   .4701525   .0104639   -33.91   0.000     .4500845    .4911152
                      |
                _cons |   7.66e-06   1.45e-06   -62.43   0.000     5.29e-06    .0000111
---------------------------------------------------------------------------------------
Note: _cons estimates baseline odds.
file ./analysis/output/models/an_covidvsnoncovid_agesex_noncovid_bmicat.ster saved

--------------------------------------------------------------------------------------------------------------------------------------------------------------------------
active results
--------------------------------------------------------------------------------------------------------------------------------------------------------------------------

Logistic regression                             Number of obs     = 17,438,612
                                                LR chi2(5)        =  339251.41
                                                Prob > chi2       =     0.0000
Log likelihood = -564988.42                     Pseudo R2         =     0.2309

------------------------------------------------------------------------------------
     noncoviddeath | Odds Ratio   Std. Err.      z    P>|z|     [95% Conf. Interval]
-------------------+----------------------------------------------------------------
              age1 |   1.137582    .004941    29.68   0.000     1.127939    1.147308
              age2 |   .8976127   .0089506   -10.83   0.000     .8802401    .9153281
              age3 |   1.373956    .032475    13.44   0.000     1.311758    1.439103
              male |   1.332175   .0078704    48.55   0.000     1.316838     1.34769
1.organ_transplant |   3.941404   .1937973    27.89   0.000     3.579297    4.340145
             _cons |   3.51e-06   5.40e-07   -81.62   0.000     2.59e-06    4.74e-06
------------------------------------------------------------------------------------
Note: _cons estimates baseline odds.
file ./analysis/output/models/an_covidvsnoncovid_agesex_noncovid_organ_transplant.ster saved

--------------------------------------------------------------------------------------------------------------------------------------------------------------------------
active results
--------------------------------------------------------------------------------------------------------------------------------------------------------------------------

Logistic regression                             Number of obs     = 17,438,612
                                                LR chi2(5)        =  339245.15
                                                Prob > chi2       =     0.0000
Log likelihood = -564991.56                     Pseudo R2         =     0.2309

-------------------------------------------------------------------------------------------
            noncoviddeath | Odds Ratio   Std. Err.      z    P>|z|     [95% Conf. Interval]
--------------------------+----------------------------------------------------------------
                     age1 |   1.136956   .0049345    29.57   0.000     1.127326    1.146669
                     age2 |   .8992919   .0089614   -10.65   0.000     .8818983    .9170286
                     age3 |   1.367221   .0322961    13.24   0.000     1.305365    1.432009
                     male |   1.332406   .0078714    48.58   0.000     1.317067    1.347923
1.other_immunosuppression |   3.139095   .1330901    26.98   0.000     2.888787    3.411091
                    _cons |   3.55e-06   5.46e-07   -81.60   0.000     2.63e-06    4.80e-06
-------------------------------------------------------------------------------------------
Note: _cons estimates baseline odds.
file ./analysis/output/models/an_covidvsnoncovid_agesex_noncovid_other_immunosuppression.ster saved

--------------------------------------------------------------------------------------------------------------------------------------------------------------------------
active results
--------------------------------------------------------------------------------------------------------------------------------------------------------------------------

Logistic regression                             Number of obs     = 17,438,612
                                                LR chi2(5)        =  342959.17
                                                Prob > chi2       =     0.0000
Log likelihood = -563134.54                     Pseudo R2         =     0.2334

-------------------------------------------------------------------------------
noncoviddeath | Odds Ratio   Std. Err.      z    P>|z|     [95% Conf. Interval]
--------------+----------------------------------------------------------------
         age1 |   1.140145   .0049728    30.07   0.000      1.13044    1.149933
         age2 |   .8904937   .0089098   -11.59   0.000     .8732009    .9081289
         age3 |   1.401939   .0332387    14.25   0.000     1.338283    1.468623
         male |    1.32259   .0078199    47.29   0.000     1.307352    1.338006
1.other_neuro |   2.767944    .038388    73.41   0.000     2.693718    2.844215
        _cons |   3.27e-06   5.06e-07   -81.69   0.000     2.42e-06    4.43e-06
-------------------------------------------------------------------------------
Note: _cons estimates baseline odds.
file ./analysis/output/models/an_covidvsnoncovid_agesex_noncovid_other_neuro.ster saved

--------------------------------------------------------------------------------------------------------------------------------------------------------------------------
active results
--------------------------------------------------------------------------------------------------------------------------------------------------------------------------

Logistic regression                             Number of obs     = 17,438,612
                                                LR chi2(5)        =  339122.73
                                                Prob > chi2       =     0.0000
Log likelihood = -565052.76                     Pseudo R2         =     0.2308

------------------------------------------------------------------------------------
     noncoviddeath | Odds Ratio   Std. Err.      z    P>|z|     [95% Conf. Interval]
-------------------+----------------------------------------------------------------
              age1 |   1.138159   .0049504    29.75   0.000     1.128497    1.147903
              age2 |   .8957096   .0089418   -11.03   0.000     .8783544    .9134077
              age3 |   1.381719   .0326923    13.67   0.000     1.319106    1.447304
              male |   1.336509   .0078961    49.10   0.000     1.321122    1.352075
1.ra_sle_psoriasis |   1.247797   .0131843    20.95   0.000     1.222223    1.273908
             _cons |   3.43e-06   5.28e-07   -81.64   0.000     2.53e-06    4.64e-06
------------------------------------------------------------------------------------
Note: _cons estimates baseline odds.
file ./analysis/output/models/an_covidvsnoncovid_agesex_noncovid_ra_sle_psoriasis.ster saved

--------------------------------------------------------------------------------------------------------------------------------------------------------------------------
active results
--------------------------------------------------------------------------------------------------------------------------------------------------------------------------

Logistic regression                             Number of obs     = 16,706,930
                                                LR chi2(6)        =  338392.97
                                                Prob > chi2       =     0.0000
Log likelihood = -556200.36                     Pseudo R2         =     0.2332

-------------------------------------------------------------------------------
noncoviddeath | Odds Ratio   Std. Err.      z    P>|z|     [95% Conf. Interval]
--------------+----------------------------------------------------------------
         age1 |    1.14104   .0053812    27.98   0.000     1.130542    1.151636
         age2 |   .8937215   .0095571   -10.51   0.000     .8751848    .9126508
         age3 |   1.396167   .0351851    13.24   0.000     1.328881     1.46686
         male |   1.256875   .0075793    37.91   0.000     1.242107    1.271818
              |
        smoke |
      Former  |   1.376088   .0091351    48.09   0.000     1.358299    1.394109
     Current  |   2.629586   .0258347    98.41   0.000     2.579435    2.680711
              |
        _cons |   2.22e-06   3.74e-07   -77.48   0.000     1.60e-06    3.09e-06
-------------------------------------------------------------------------------
Note: _cons estimates baseline odds.
file ./analysis/output/models/an_covidvsnoncovid_agesex_noncovid_smoke.ster saved

--------------------------------------------------------------------------------------------------------------------------------------------------------------------------
active results
--------------------------------------------------------------------------------------------------------------------------------------------------------------------------

Logistic regression                             Number of obs     = 17,438,612
                                                LR chi2(6)        =  347862.55
                                                Prob > chi2       =     0.0000
Log likelihood = -560682.85                     Pseudo R2         =     0.2368

-------------------------------------------------------------------------------
noncoviddeath | Odds Ratio   Std. Err.      z    P>|z|     [95% Conf. Interval]
--------------+----------------------------------------------------------------
         age1 |   1.132831   .0049948    28.29   0.000     1.123083    1.142663
         age2 |    .908861   .0091894    -9.45   0.000     .8910274    .9270516
         age3 |   1.341468   .0321218    12.27   0.000     1.279965    1.405927
         male |   1.248677   .0074971    36.99   0.000      1.23407    1.263458
              |
 smoke_nomiss |
      Former  |   1.384676   .0091292    49.37   0.000     1.366898    1.402685
     Current  |   2.641516   .0258505    99.26   0.000     2.591333    2.692671
              |
        _cons |   2.86e-06   4.47e-07   -81.68   0.000     2.11e-06    3.89e-06
-------------------------------------------------------------------------------
Note: _cons estimates baseline odds.
file ./analysis/output/models/an_covidvsnoncovid_agesex_noncovid_smoke_nomiss.ster saved

--------------------------------------------------------------------------------------------------------------------------------------------------------------------------
active results
--------------------------------------------------------------------------------------------------------------------------------------------------------------------------

Logistic regression                             Number of obs     = 17,438,612
                                                LR chi2(5)        =  338991.08
                                                Prob > chi2       =     0.0000
Log likelihood = -565118.59                     Pseudo R2         =     0.2307

-------------------------------------------------------------------------------
noncoviddeath | Odds Ratio   Std. Err.      z    P>|z|     [95% Conf. Interval]
--------------+----------------------------------------------------------------
         age1 |   1.137746   .0049427    29.71   0.000       1.1281    1.147475
         age2 |    .897484   .0089506   -10.85   0.000     .8801116    .9151994
         age3 |   1.373864   .0324766    13.44   0.000     1.311663    1.439014
         male |   1.332712   .0078726    48.62   0.000     1.317371    1.348232
     1.spleen |   2.245453   .0967761    18.77   0.000     2.063565    2.443372
        _cons |   3.49e-06   5.38e-07   -81.62   0.000     2.58e-06    4.72e-06
-------------------------------------------------------------------------------
Note: _cons estimates baseline odds.
file ./analysis/output/models/an_covidvsnoncovid_agesex_noncovid_spleen.ster saved

--------------------------------------------------------------------------------------------------------------------------------------------------------------------------
active results
--------------------------------------------------------------------------------------------------------------------------------------------------------------------------

Logistic regression                             Number of obs     = 17,438,612
                                                LR chi2(5)        =  346426.16
                                                Prob > chi2       =     0.0000
Log likelihood = -561401.05                     Pseudo R2         =     0.2358

-----------------------------------------------------------------------------------
    noncoviddeath | Odds Ratio   Std. Err.      z    P>|z|     [95% Conf. Interval]
------------------+----------------------------------------------------------------
             age1 |    1.13608   .0049238    29.44   0.000     1.126471    1.145772
             age2 |   .9016979   .0089786   -10.39   0.000     .8842708    .9194685
             age3 |   1.345422   .0317691    12.57   0.000     1.284575    1.409152
             male |   1.312944   .0077767    45.97   0.000      1.29779    1.328275
1.stroke_dementia |   2.119073   .0170069    93.57   0.000     2.086001     2.15267
            _cons |   3.68e-06   5.65e-07   -81.50   0.000     2.72e-06    4.97e-06
-----------------------------------------------------------------------------------
Note: _cons estimates baseline odds.
file ./analysis/output/models/an_covidvsnoncovid_agesex_noncovid_stroke_dementia.ster saved

--------------------------------------------------------------------------------------------------------------------------------------------------------------------------
active results
--------------------------------------------------------------------------------------------------------------------------------------------------------------------------

Logistic regression                             Number of obs     = 17,438,612
                                                LR chi2(4)        =  338707.00
                                                Prob > chi2       =     0.0000
Log likelihood = -565260.63                     Pseudo R2         =     0.2305

-------------------------------------------------------------------------------
noncoviddeath | Odds Ratio   Std. Err.      z    P>|z|     [95% Conf. Interval]
--------------+----------------------------------------------------------------
         age1 |   1.137684   .0049416    29.70   0.000      1.12804    1.147411
         age2 |   .8978481    .008953   -10.81   0.000      .880471    .9155683
         age3 |   1.372172   .0324325    13.39   0.000     1.310055    1.437234
       1.male |   1.333499   .0078766    48.73   0.000      1.31815    1.349027
        _cons |   3.50e-06   5.39e-07   -81.62   0.000     2.59e-06    4.73e-06
-------------------------------------------------------------------------------
Note: _cons estimates baseline odds.
file ./analysis/output/models/an_covidvsnoncovid_agesex_noncovid_MALE.ster saved

--------------------------------------------------------------------------------------------------------------------------------------------------------------------------
active results
--------------------------------------------------------------------------------------------------------------------------------------------------------------------------

Logistic regression                             Number of obs     = 17,438,612
                                                LR chi2(6)        =  308575.49
                                                Prob > chi2       =     0.0000
Log likelihood = -580326.38                     Pseudo R2         =     0.2100

-------------------------------------------------------------------------------
noncoviddeath | Odds Ratio   Std. Err.      z    P>|z|     [95% Conf. Interval]
--------------+----------------------------------------------------------------
     agegroup |
      40-<50  |   4.318684   .1524831    41.43   0.000     4.029929    4.628129
      50-<60  |   11.14172   .3503634    76.66   0.000     10.47576    11.85002
      60-<70  |   29.34585     .88706   111.79   0.000     27.65775    31.13699
      70-<80  |    77.1253   2.283265   146.78   0.000     72.77754    81.73279
         80+  |   332.5259   9.738107   198.28   0.000      313.977    352.1706
              |
       1.male |   1.230532   .0071683    35.61   0.000     1.216563    1.244663
        _cons |   .0001782   5.20e-06  -295.61   0.000     .0001683    .0001887
-------------------------------------------------------------------------------
Note: _cons estimates baseline odds.
file ./analysis/output/models/an_covidvsnoncovid_agesex_noncovid_AGEGROUP.ster saved

. 
end of do-file

.  log close
      name:  <unnamed>
       log:  E:\analyses\covid-vs-noncovid-deaths-research\output/an_covidvsnoncovid_agesex.log
  log type:  text
 closed on:  19 Nov 2020, 12:39:11
--------------------------------------------------------------------------------------------------------------------------------------------------------------------------
