------------------------------------------------------------------------------------------------------------------------------------------------------------------------------------------------------------------------------------------------------------
      name:  <unnamed>
       log:  e:\analyses\covid-vs-noncovid-deaths-research\analysis/output/an_flow.log
  log type:  text
 opened on:  18 Dec 2020, 16:28:54

. import delimited output/input_flow_chart.csv
(6 vars, 30,867,787 obs)
. 
. cou
  30,867,787

. 
. l in 1

     +---------------------------------------------------+
     | patien~d   has_12~p   under_~b   age   sex    imd |
     |---------------------------------------------------|
  1. |     2878          1          1    17     M   6400 |
     +---------------------------------------------------+

. 
. count if under_fup_1feb==1
  23,838,801

. 
. count if under_fup_1feb==1 & has_12 != 1
  1,978,643

. 
. count if under_fup_1feb==1 & has_12 == 1
  21,860,158

. 
. log close
      name:  <unnamed>
       log:  e:\analyses\covid-vs-noncovid-deaths-research\analysis/output/an_flow.log
  log type:  text
 closed on:  18 Dec 2020, 16:29:38
------------------------------------------------------------------------------------------------------------------------------------------------------------------------------------------------------------------------------------------------------------
