------------------------------------------------------------------------------------------------------------------------------------------------------------------------------------------------------------------------------------------------------------
      name:  <unnamed>
       log:  E:\analyses\covid-vs-noncovid-deaths-research\analysis/output/an_imputed_GENERAL_MAIN_noncoviddeath_full_agegrp.log
  log type:  text
 opened on:  20 Feb 2021, 14:22:18

. 
. use ./analysis/an_impute_imputeddata_`dataset', replace

. 
. if "`5'"=="SA_anywhereonDC"{
.         replace coviddeath = 1 if onsdeath>=1 & onsdeath<. & died_ons_covid_flag_any==1
.         replace noncoviddeath = 0 if died_ons_covid_flag_any==1
. }

. 
. if "`5'"=="SA_u071only"{
.         replace coviddeath = 0 if died_ons_covidconf_flag_und!=1
.         replace noncoviddeath = 1 if onsdeath>=1 & onsdeath<. & died_ons_covidconf_flag_und!=1
. }

. 
. if "`outcome'"=="deathsonlyCvN"{
.         drop if !(onsdeath>=1&onsdeath<.)
.         gen deathsonlyCvN = (coviddeath==1)
. }

. 
. tab `outcome'

noncoviddea |
         th |      Freq.     Percent        Cum.
------------+-----------------------------------
          0 | 17,322,199       99.23       99.23
          1 |    134,316        0.77      100.00
------------+-----------------------------------
      Total | 17,456,515      100.00

. 
. if "`modeltorun'"=="agesex_cox"{
.         gen onsdeath_cnc = onsdeath
.         recode onsdeath_cnc 2/6=2
.         if "`outcome'"=="coviddeath" local outcomenum = 1
.         else if "`outcome'"=="noncoviddeath" local outcomenum = 2
.         mi stset stime_onsdeath, fail(onsdeath_cnc==`outcomenum') id(patient_id) enter(enter_date) origin(enter_date)
.         mi estimate: stcox age1 age2 age3 male i.ethnicity, strata(stp)
.         drop if !(onsdeath>=1&onsdeath<.)
.         gen deathsonlyCvN = (coviddeath==1)
. }

.                 
. if "`modeltorun'"=="agesex"{
. *Age-sex model
. mi estimate, eform post: logistic `outcome' age1 age2 age3 i.male i.stp i.ethnicity 
. estimates save ./analysis/output/models/an_imputed_agesex_`dataset'`sensan'_`outcome', replace
. }

. 
. if "`modeltorun'"=="full"{
. *Full model
. mi estimate, eform post: logistic `outcome' ///
>                         `age'                                                   ///
>                         i.male                                                  ///
>                         i.obese4cat                                             ///
>                         i.smoke_nomiss                                  ///
>                         i.ethnicity                                             ///
>                         i.imd                                                   ///
>                         i.htdiag_or_highbp                              ///
>                         i.chronic_respiratory_disease   ///
>                         i.asthmacat                                             ///
>                         i.chronic_cardiac_disease               ///
>                         i.diabcat                                               ///
>                         i.cancer_exhaem_cat                             ///
>                         i.cancer_haem_cat                               ///
>                         i.chronic_liver_disease                 ///
>                         i.stroke                                                ///     
>                         i.dementia                                              ///
>                         i.other_neuro                                   ///
>                         i.reduced_kidney_function_cat2  ///
>                         i.organ_transplant                              ///
>                         i.spleen                                                ///
>                         i.ra_sle_psoriasis                      ///
>                         i.other_immunosuppression               ///
>                         i.stp

Multiple-imputation estimates                   Imputations       =         10
Logistic regression                             Number of obs     = 17,456,515
                                                Average RVI       =     0.0170
                                                Largest FMI       =     0.3792
DF adjustment:   Large sample                   DF:     min       =      68.90
                                                        avg       =   8.97e+08
                                                        max       =   2.24e+10
Model F test:       Equal FMI                   F(  75, 2.3e+06)  =    4103.74
Within VCE type:          OIM                   Prob > F          =     0.0000

-----------------------------------------------------------------------------------------------
                noncoviddeath |     exp(b)   Std. Err.      t    P>|t|     [95% Conf. Interval]
------------------------------+----------------------------------------------------------------
                     agegroup |
                      18-<40  |   .1128605   .0033601   -73.28   0.000     .1064632    .1196421
                      40-<50  |    .439824   .0098994   -36.49   0.000     .4208432    .4596609
                      60-<70  |   2.144658   .0306718    53.35   0.000     2.085377    2.205624
                      70-<80  |   4.482397    .060341   111.44   0.000     4.365677    4.602237
                         80+  |   15.51405   .2090211   203.50   0.000     15.10973    15.92918
                              |
                       1.male |   1.027252   .0060863     4.54   0.000     1.015392     1.03925
                              |
                    obese4cat |
           Obese I (30-34.9)  |   .6675968   .0058758   -45.91   0.000     .6561792     .679213
          Obese II (35-39.9)  |    .761237    .010474   -19.83   0.000     .7409826    .7820449
             Obese III (40+)  |   1.022746   .0193056     1.19   0.233     .9855987    1.061293
                              |
                 smoke_nomiss |
                      Former  |   1.135516   .0075269    19.17   0.000     1.120859    1.150364
                     Current  |   1.800166   .0177403    59.65   0.000     1.765729    1.835274
                              |
                    ethnicity |
                       Mixed  |   .8036097   .0476845    -3.68   0.000     .7138943    .9045995
      Asian or Asian British  |   .7274119   .0143888   -16.09   0.000     .6996337     .756293
                       Black  |   .7659648   .0238622    -8.56   0.000     .7204023    .8144089
                       Other  |   .6561801   .0280154    -9.87   0.000      .603168    .7138513
                              |
                          imd |
                           2  |   1.094347   .0099211     9.94   0.000     1.075073    1.113965
                           3  |    1.18549    .010826    18.63   0.000     1.164461      1.2069
                           4  |   1.332948   .0124463    30.78   0.000     1.308775    1.357567
             5 most deprived  |   1.460546   .0142729    38.76   0.000     1.432837     1.48879
                              |
           1.htdiag_or_highbp |   1.041935   .0071019     6.03   0.000     1.028108    1.055948
1.chronic_respiratory_disease |   1.777321   .0135321    75.54   0.000     1.750996    1.804043
                              |
                    asthmacat |
                 Yes, no OCS  |   .9082225   .0085468   -10.23   0.000     .8916247    .9251293
                Yes with OCS  |   .8734373   .0163115    -7.25   0.000     .8420454    .9059995
                              |
    1.chronic_cardiac_disease |   1.500269   .0098616    61.71   0.000     1.481064    1.519722
                              |
                      diabcat |
         Controlled diabetes  |   1.123453   .0090001    14.53   0.000     1.105951    1.141232
       Uncontrolled diabetes  |   1.422885   .0159325    31.50   0.000     1.391998    1.454458
  Diabetes, no hba1c measure  |   1.887886   .0310405    38.65   0.000     1.828017    1.949715
                              |
            cancer_exhaem_cat |
                   Last year  |   10.06018   .1256036   184.91   0.000     9.816993     10.3094
               2-5 years ago  |   3.374787    .036083   113.76   0.000     3.304801    3.446254
                    5+ years  |   1.579306   .0138752    52.01   0.000     1.552344    1.606737
                              |
              cancer_haem_cat |
                   Last year  |    4.77174   .1949322    38.25   0.000     4.404575    5.169512
               2-5 years ago  |   2.465627   .0718944    30.95   0.000     2.328668    2.610642
                    5+ years  |   1.680741   .0395852    22.05   0.000     1.604919    1.760145
                              |
      1.chronic_liver_disease |   3.374064   .0624128    65.74   0.000     3.253928    3.498635
                     1.stroke |   1.567499   .0136674    51.55   0.000     1.540939    1.594517
                   1.dementia |   3.376483   .0498772    82.37   0.000     3.280127     3.47567
                1.other_neuro |   2.521603   .0349677    66.70   0.000      2.45399    2.591078
                              |
 reduced_kidney_function_cat2 |
Stage 3a/3b egfr 30-60        |   1.382479   .0095123    47.07   0.000      1.36396    1.401249
         Stage 4 egfr 15-<30  |   2.982169   .0425025    76.67   0.000     2.900018    3.066646
Stage 5 egfr <15 or dialysis  |    6.40483   .1627881    73.06   0.000     6.093588     6.73197
                              |
           1.organ_transplant |   .7122278   .0370003    -6.53   0.000     .6432782    .7885676
                     1.spleen |   1.554652   .0670511    10.23   0.000     1.428635    1.691784
           1.ra_sle_psoriasis |   1.083023   .0112806     7.66   0.000     1.061137    1.105359
    1.other_immunosuppression |   2.146111   .0920627    17.80   0.000     1.973049    2.334353
                              |
                          stp |
                           2  |   .9766765   .3329478    -0.07   0.945     .5006996    1.905129
                           3  |   1.015961     .34645     0.05   0.963     .5207286    1.982179
                           4  |   .9558462   .3268862    -0.13   0.895     .4889774    1.868475
                           5  |   1.032502   .3537092     0.09   0.926     .5275827     2.02065
                           6  |    .973115   .3318461    -0.08   0.936     .4987607    1.898611
                           7  |   1.156699   .3979067     0.42   0.672     .5893936     2.27005
                           8  |   .9572061   .3264951    -0.13   0.898     .4905322    1.867856
                           9  |    1.00639   .3433054     0.02   0.985     .5157027    1.963961
                          10  |   .9750112   .3325477    -0.07   0.941     .4996774    1.902521
                          11  |   1.052491    .359011     0.15   0.881     .5393473    2.053848
                          12  |   1.042433   .3561167     0.12   0.903     .5336548    2.036274
                          13  |    .962593   .3285527    -0.11   0.911     .4930719    1.879209
                          14  |   1.015094   .3464518     0.04   0.965     .5199849    1.981625
                          15  |   .9503507   .3242446    -0.15   0.881     .4869311    1.854814
                          16  |   .9629134   .3283996    -0.11   0.912     .4934995    1.878831
                          17  |   .9515611   .3246174    -0.15   0.884     .4875915    1.857023
                          18  |   .9518099   .3247296    -0.14   0.885     .4876915    1.857613
                          19  |   1.039699    .354728     0.11   0.909     .5327111    2.029193
                          20  |   1.048642   .3576248     0.14   0.889     .5374482    2.046057
                          21  |   .8061402   .2750587    -0.63   0.528     .4130254    1.573419
                          22  |   .8495999   .2941289    -0.47   0.638     .4310534    1.674549
                          23  |   1.006416   .3432833     0.02   0.985      .515747    1.963893
                          24  |   1.196717   .4138723     0.52   0.604     .6075922    2.357061
                          25  |   .8555177     .29239    -0.46   0.648     .4378387    1.671644
                          26  |   .9358901   .3192277    -0.19   0.846     .4796054    1.826273
                          27  |   1.027977   .3506481     0.08   0.936     .5267865    2.006007
                          28  |   .9735445   .3320633    -0.08   0.937     .4989098     1.89972
                          29  |   .9638288   .3288826    -0.11   0.914     .4937971    1.881271
                          30  |   1.037608   .3541552     0.11   0.914     .5314986     2.02565
                          31  |   .9715332   .3416335    -0.08   0.935     .4876835    1.935429
                          32  |   .9891146   .3372048    -0.03   0.974     .5070591    1.929455
                              |
                        _cons |   .0014558   .0004965   -19.15   0.000     .0007461    .0028407
-----------------------------------------------------------------------------------------------
. estimates save ./analysis/output/models/an_imputed_full_`dataset'`sensan'_`outcome'_`agetype', replace
file ./analysis/output/models/an_imputed_full_MAIN_noncoviddeath_agegrp.ster saved
. }

. 
. log close
      name:  <unnamed>
       log:  E:\analyses\covid-vs-noncovid-deaths-research\analysis/output/an_imputed_GENERAL_MAIN_noncoviddeath_full_agegrp.log
  log type:  text
 closed on:  20 Feb 2021, 17:23:14
------------------------------------------------------------------------------------------------------------------------------------------------------------------------------------------------------------------------------------------------------------
