--------------------------------------------------------------------------------------------------------------------------------------------------------------------------------------
      name:  <unnamed>
       log:  e:\analyses\covid-vs-noncovid-deaths-research\analysis/output/an_imputed_GENERAL_MAINSA_anywhereonDC_noncoviddeath_agesex_agespl.log
  log type:  text
 opened on:  15 Dec 2020, 00:53:24

. 
. use ./analysis/an_impute_imputeddata_`dataset', replace

. 
. if "`5'"=="SA_anywhereonDC"{
.         replace coviddeath = 1 if onsdeath>=1 & onsdeath<. & died_ons_covid_flag_any==1
(1,574 real changes made)
.         replace noncoviddeath = 0 if died_ons_covid_flag_any==1
(1,574 real changes made)
. }

. 
. if "`5'"=="SA_u071only"{
.         replace coviddeath = 0 if died_ons_covidconf_flag_und!=1
.         replace noncoviddeath = 1 if onsdeath>=1 & onsdeath<. & died_ons_covidconf_flag_und!=1
. }

. 
. if "`outcome'"=="deathsonlyCvN"{
.         drop if !(onsdeath>=1&onsdeath<.)
.         gen deathsonlyCvN = (coviddeath==1)
. }

. 
. tab `outcome'

noncoviddea |
         th |      Freq.     Percent        Cum.
------------+-----------------------------------
          0 | 17,323,773       99.24       99.24
          1 |    132,742        0.76      100.00
------------+-----------------------------------
      Total | 17,456,515      100.00

.                 
. if "`modeltorun'"=="agesex"{
. *Age-sex model
. mi estimate, eform post: logistic `outcome' age1 age2 age3 i.male i.ethnicity

Multiple-imputation estimates                   Imputations       =         10
Logistic regression                             Number of obs     = 17,456,515
                                                Average RVI       =     0.1505
                                                Largest FMI       =     0.4235
DF adjustment:   Large sample                   DF:     min       =      55.41
                                                        avg       =   1.65e+09
                                                        max       =   5.58e+09
Model F test:       Equal FMI                   F(   8, 3094.2)   =   26665.62
Within VCE type:          OIM                   Prob > F          =     0.0000

-----------------------------------------------------------------------------------------
          noncoviddeath |     exp(b)   Std. Err.      t    P>|t|     [95% Conf. Interval]
------------------------+----------------------------------------------------------------
                   age1 |   1.135222    .004652    30.95   0.000     1.126141    1.144377
                   age2 |    .895977   .0084664   -11.62   0.000      .879536    .9127255
                   age3 |   1.386542   .0311154    14.56   0.000     1.326878    1.448888
                 1.male |   1.335442   .0076249    50.66   0.000      1.32058     1.35047
                        |
              ethnicity |
                 Mixed  |   .8407133   .0515935    -2.83   0.007      .743438    .9507165
Asian or Asian British  |   .7704301   .0144797   -13.88   0.000     .7424677    .7994457
                 Black  |   .8714509   .0263236    -4.56   0.000     .8211658    .9248152
                 Other  |   .6423956   .0271699   -10.46   0.000     .5909731    .6982925
                        |
                  _cons |   4.42e-06   6.41e-07   -85.07   0.000     3.33e-06    5.87e-06
-----------------------------------------------------------------------------------------
. estimates save ./analysis/output/models/an_imputed_agesex_`dataset'`sensan'_`outcome', replace
(note: file ./analysis/output/models/an_imputed_agesex_MAINSA_anywhereonDC_noncoviddeath.ster not found)
file ./analysis/output/models/an_imputed_agesex_MAINSA_anywhereonDC_noncoviddeath.ster saved
. }

. 
. if "`modeltorun'"=="full"{
. *Full model
. mi estimate, eform post: logistic `outcome' ///
>                         `age'                                                   ///
>                         i.male                                                  ///
>                         i.obese4cat                                             ///
>                         i.smoke_nomiss                                  ///
>                         i.ethnicity                                             ///
>                         i.imd                                                   ///
>                         i.htdiag_or_highbp                              ///
>                         i.chronic_respiratory_disease   ///
>                         i.asthmacat                                             ///
>                         i.chronic_cardiac_disease               ///
>                         i.diabcat                                               ///
>                         i.cancer_exhaem_cat                             ///
>                         i.cancer_haem_cat                               ///
>                         i.chronic_liver_disease                 ///
>                         i.stroke                                                ///     
>                         i.dementia                                              ///
>                         i.other_neuro                                   ///
>                         i.reduced_kidney_function_cat2  ///
>                         i.organ_transplant                              ///
>                         i.spleen                                                ///
>                         i.ra_sle_psoriasis                      ///
>                         i.other_immunosuppression
. estimates save ./analysis/output/models/an_imputed_full_`dataset'`sensan'_`outcome'_`agetype', replace
. }

. 
. log close
      name:  <unnamed>
       log:  e:\analyses\covid-vs-noncovid-deaths-research\analysis/output/an_imputed_GENERAL_MAINSA_anywhereonDC_noncoviddeath_agesex_agespl.log
  log type:  text
 closed on:  15 Dec 2020, 01:15:56
--------------------------------------------------------------------------------------------------------------------------------------------------------------------------------------
