------------------------------------------------------------------------------------------------------------------------------------------------------------------------------------------------------------------------------------------------------------
      name:  <unnamed>
       log:  e:\analyses\covid-vs-noncovid-deaths-research\analysis/output/an_impute_2019.log
  log type:  text
 opened on:  14 Dec 2020, 18:55:08

. 
. frames reset

. use  ./analysis/cr_create_analysis_dataset_`1'_STSET, clear

. `check'

.         
. `genoutput1'

. `genoutput2'

. foreach outcome of local outcomes{
  2.         tab `outcome'
  3. }

primarycare |
      death |      Freq.     Percent        Cum.
------------+-----------------------------------
          0 | 17,132,364       99.25       99.25
          1 |    129,364        0.75      100.00
------------+-----------------------------------
      Total | 17,261,728      100.00

. 
. mi set wide

. mi register imputed ethnicity

. 
. mi impute mlogit ethnicity      ///
>                         age1 age2 age3                  ///
>                         i.male                                                  ///
>                         i.obese4cat                                             ///
>                         i.smoke_nomiss                                  ///
>                         i.imd                                                   ///
>                         i.htdiag_or_highbp                              ///
>                         i.chronic_respiratory_disease   ///
>                         i.asthmacat                                             ///
>                         i.chronic_cardiac_disease               ///
>                         i.diabcat                                               ///
>                         i.cancer_exhaem_cat                             ///
>                         i.cancer_haem_cat                               ///
>                         i.chronic_liver_disease                 ///
>                         i.stroke                                                ///     
>                         i.dementia                                              ///
>                         i.other_neuro                                   ///
>                         i.reduced_kidney_function_cat2  ///
>                         i.organ_transplant                              ///
>                         i.spleen                                                ///
>                         i.ra_sle_psoriasis                      ///
>                         i.other_immunosuppression               ///
>                         `outcomes', add(10) rseed(309484) noisily

Running mlogit on observed data:


Iteration 0:   log likelihood = -7268710.2  
Iteration 1:   log likelihood = -6667321.5  
Iteration 2:   log likelihood = -6610854.6  
Iteration 3:   log likelihood = -6558634.1  (backed up)
Iteration 4:   log likelihood = -6544567.9  
Iteration 5:   log likelihood = -6469550.4  
Iteration 6:   log likelihood =   -6468105  
Iteration 7:   log likelihood =   -6466974  
Iteration 8:   log likelihood = -6466964.7  
Iteration 9:   log likelihood = -6466964.7  

Multinomial logistic regression                 Number of obs     = 12,867,303
                                                LR chi2(156)      = 1603491.04
                                                Prob > chi2       =     0.0000
Log likelihood = -6466964.7                     Pseudo R2         =     0.1103

-----------------------------------------------------------------------------------------------
                    ethnicity |      Coef.   Std. Err.      z    P>|z|     [95% Conf. Interval]
------------------------------+----------------------------------------------------------------
White                         |  (base outcome)
------------------------------+----------------------------------------------------------------
Mixed                         |
                         age1 |  -.0044653   .0006145    -7.27   0.000    -.0056697   -.0032609
                         age2 |  -.0910818   .0023322   -39.05   0.000    -.0956529   -.0865107
                         age3 |   .2035379   .0074496    27.32   0.000      .188937    .2181388
                              |
                         male |
                           0  |          0  (empty)
                           1  |  -.0148577   .0050684    -2.93   0.003    -.0247916   -.0049238
                              |
                    obese4cat |
        No record of obesity  |          0  (empty)
           Obese I (30-34.9)  |  -.0915284   .0077211   -11.85   0.000    -.1066615   -.0763953
          Obese II (35-39.9)  |  -.2323696   .0119268   -19.48   0.000    -.2557458   -.2089935
             Obese III (40+)  |  -.3187416   .0161332   -19.76   0.000     -.350362   -.2871211
                              |
                 smoke_nomiss |
                       Never  |          0  (empty)
                      Former  |  -.4334395     .00635   -68.26   0.000    -.4458852   -.4209937
                     Current  |  -.3363036   .0066455   -50.61   0.000    -.3493285   -.3232787
                              |
                          imd |
            1 least deprived  |          0  (empty)
                           2  |   .1796195   .0093098    19.29   0.000     .1613726    .1978664
                           3  |   .3794178    .008971    42.29   0.000      .361835    .3970005
                           4  |   .6034111   .0086648    69.64   0.000     .5864283    .6203938
             5 most deprived  |   .8372506   .0084881    98.64   0.000     .8206143    .8538869
                              |
             htdiag_or_highbp |
                           0  |          0  (empty)
                           1  |  -.0420955    .007003    -6.01   0.000    -.0558212   -.0283698
                              |
  chronic_respiratory_disease |
                           0  |          0  (empty)
                           1  |  -.4473149   .0223233   -20.04   0.000    -.4910677   -.4035621
                              |
                    asthmacat |
                          No  |          0  (empty)
                 Yes, no OCS  |  -.1556998    .007053   -22.08   0.000    -.1695233   -.1418762
                Yes with OCS  |  -.2226318   .0232259    -9.59   0.000    -.2681537   -.1771098
                              |
      chronic_cardiac_disease |
                           0  |          0  (empty)
                           1  |  -.1652242   .0163965   -10.08   0.000    -.1973609   -.1330876
                              |
                      diabcat |
                 No diabetes  |          0  (empty)
         Controlled diabetes  |   .8059048   .0127496    63.21   0.000      .780916    .8308936
       Uncontrolled diabetes  |   .5245462   .0176837    29.66   0.000     .4898868    .5592056
  Diabetes, no hba1c measure  |   .5990177   .0236104    25.37   0.000     .5527423    .6452932
                              |
            cancer_exhaem_cat |
                       Never  |          0  (empty)
                   Last year  |  -.2822482    .057467    -4.91   0.000    -.3948815   -.1696149
               2-5 years ago  |  -.2265206   .0334492    -6.77   0.000    -.2920799   -.1609613
                    5+ years  |   -.309024   .0249314   -12.39   0.000    -.3578887   -.2601592
                              |
              cancer_haem_cat |
                       Never  |          0  (empty)
                   Last year  |  -.1063427   .1537807    -0.69   0.489    -.4077473     .195062
               2-5 years ago  |   .0936582   .0811701     1.15   0.249    -.0654322    .2527487
                    5+ years  |   -.362826    .062335    -5.82   0.000    -.4850004   -.2406517
                              |
        chronic_liver_disease |
                           0  |          0  (empty)
                           1  |   .1449724   .0355276     4.08   0.000     .0753396    .2146051
                              |
                       stroke |
                           0  |          0  (empty)
                           1  |   .0129495   .0277176     0.47   0.640    -.0413759    .0672749
                              |
                     dementia |
                           0  |          0  (empty)
                           1  |   .2963079   .0918188     3.23   0.001     .1163463    .4762696
                              |
                  other_neuro |
                           0  |          0  (empty)
                           1  |  -.3447142   .0345192    -9.99   0.000    -.4123705   -.2770579
                              |
 reduced_kidney_function_cat2 |
                        None  |          0  (empty)
Stage 3a/3b egfr 30-60        |   .3203173   .0186168    17.21   0.000     .2838291    .3568055
         Stage 4 egfr 15-<30  |   .4737555   .0670039     7.07   0.000     .3424302    .6050808
Stage 5 egfr <15 or dialysis  |   .5688414   .0819481     6.94   0.000     .4082261    .7294567
                              |
             organ_transplant |
                           0  |          0  (empty)
                           1  |  -.4302358   .1012205    -4.25   0.000    -.6286243   -.2318472
                              |
                       spleen |
                           0  |          0  (empty)
                           1  |    .647959   .0521265    12.43   0.000      .545793     .750125
                              |
             ra_sle_psoriasis |
                           0  |          0  (empty)
                           1  |  -.4345484   .0151158   -28.75   0.000    -.4641749    -.404922
                              |
      other_immunosuppression |
                           0  |          0  (empty)
                           1  |   1.504395   .0269465    55.83   0.000     1.451581     1.55721
                              |
             primarycaredeath |   -.168741   .0565016    -2.99   0.003    -.2794821       -.058
                        _cons |  -3.672977    .019055  -192.76   0.000    -3.710324    -3.63563
------------------------------+----------------------------------------------------------------
Asian_or_Asian_British        |
                         age1 |   .0561607   .0002932   191.52   0.000      .055586    .0567355
                         age2 |  -.2644023   .0010335  -255.83   0.000    -.2664279   -.2623766
                         age3 |   .6934661   .0031366   221.09   0.000     .6873184    .6996138
                              |
                         male |
                           0  |          0  (empty)
                           1  |   .1521424   .0022416    67.87   0.000     .1477489    .1565358
                              |
                    obese4cat |
        No record of obesity  |          0  (empty)
           Obese I (30-34.9)  |  -.2924449   .0034051   -85.88   0.000    -.2991189    -.285771
          Obese II (35-39.9)  |  -.6909698   .0056846  -121.55   0.000    -.7021114   -.6798282
             Obese III (40+)  |  -1.148134   .0088229  -130.13   0.000    -1.165426   -1.130841
                              |
                 smoke_nomiss |
                       Never  |          0  (empty)
                      Former  |  -1.313147   .0030638  -428.61   0.000    -1.319152   -1.307142
                     Current  |  -1.373235   .0034741  -395.28   0.000    -1.380044   -1.366426
                              |
                          imd |
            1 least deprived  |          0  (empty)
                           2  |   .2725255   .0047492    57.38   0.000     .2632174    .2818337
                           3  |   .8347801   .0043557   191.65   0.000     .8262431     .843317
                           4  |   1.329417   .0041435   320.84   0.000     1.321296    1.337538
             5 most deprived  |   1.587658   .0041221   385.15   0.000     1.579579    1.595738
                              |
             htdiag_or_highbp |
                           0  |          0  (empty)
                           1  |  -.0861541   .0029938   -28.78   0.000    -.0920218   -.0802863
                              |
  chronic_respiratory_disease |
                           0  |          0  (empty)
                           1  |  -.2990997   .0086327   -34.65   0.000    -.3160195   -.2821799
                              |
                    asthmacat |
                          No  |          0  (empty)
                 Yes, no OCS  |  -.3926254   .0034432  -114.03   0.000     -.399374   -.3858769
                Yes with OCS  |   .0424129   .0090973     4.66   0.000     .0245825    .0602432
                              |
      chronic_cardiac_disease |
                           0  |          0  (empty)
                           1  |   .2285437    .005559    41.11   0.000     .2176484    .2394391
                              |
                      diabcat |
                 No diabetes  |          0  (empty)
         Controlled diabetes  |    1.76224   .0043544   404.71   0.000     1.753706    1.770774
       Uncontrolled diabetes  |   1.546063   .0057347   269.60   0.000     1.534823    1.557303
  Diabetes, no hba1c measure  |   1.326656    .008464   156.74   0.000     1.310067    1.343246
                              |
            cancer_exhaem_cat |
                       Never  |          0  (empty)
                   Last year  |  -.4974699   .0249836   -19.91   0.000     -.546437   -.4485029
               2-5 years ago  |  -.4995732   .0149414   -33.44   0.000    -.5288579   -.4702886
                    5+ years  |  -.7342865   .0115404   -63.63   0.000    -.7569053   -.7116676
                              |
              cancer_haem_cat |
                       Never  |          0  (empty)
                   Last year  |  -.1935654   .0662721    -2.92   0.003    -.3234564   -.0636745
               2-5 years ago  |  -.1447705   .0373409    -3.88   0.000    -.2179573   -.0715836
                    5+ years  |  -.3275313   .0251706   -13.01   0.000    -.3768647   -.2781979
                              |
        chronic_liver_disease |
                           0  |          0  (empty)
                           1  |   .0343689   .0155837     2.21   0.027     .0038254    .0649123
                              |
                       stroke |
                           0  |          0  (empty)
                           1  |  -.0818601   .0105077    -7.79   0.000    -.1024548   -.0612654
                              |
                     dementia |
                           0  |          0  (empty)
                           1  |   .0375037   .0321174     1.17   0.243    -.0254452    .1004526
                              |
                  other_neuro |
                           0  |          0  (empty)
                           1  |  -.4582345   .0145629   -31.47   0.000    -.4867772   -.4296919
                              |
 reduced_kidney_function_cat2 |
                        None  |          0  (empty)
Stage 3a/3b egfr 30-60        |  -.2158111   .0077583   -27.82   0.000     -.231017   -.2006051
         Stage 4 egfr 15-<30  |   .1184334   .0229122     5.17   0.000     .0735263    .1633404
Stage 5 egfr <15 or dialysis  |   .6462366   .0286734    22.54   0.000     .5900377    .7024354
                              |
             organ_transplant |
                           0  |          0  (empty)
                           1  |   -.233344   .0364056    -6.41   0.000    -.3046977   -.1619903
                              |
                       spleen |
                           0  |          0  (empty)
                           1  |  -.4981194    .037264   -13.37   0.000    -.5711555   -.4250833
                              |
             ra_sle_psoriasis |
                           0  |          0  (empty)
                           1  |  -.1916296     .00592   -32.37   0.000    -.2032326   -.1800266
                              |
      other_immunosuppression |
                           0  |          0  (empty)
                           1  |  -.2022438   .0252622    -8.01   0.000    -.2517569   -.1527307
                              |
             primarycaredeath |  -.3490141   .0214796   -16.25   0.000    -.3911134   -.3069148
                        _cons |  -4.026296   .0095751  -420.49   0.000    -4.045063   -4.007529
------------------------------+----------------------------------------------------------------
Black                         |
                         age1 |   .0305204   .0004806    63.51   0.000     .0295785    .0314623
                         age2 |  -.1402312   .0016835   -83.30   0.000    -.1435307   -.1369316
                         age3 |    .290797   .0051508    56.46   0.000     .2807016    .3008924
                              |
                         male |
                           0  |          0  (empty)
                           1  |   .0856903   .0036584    23.42   0.000       .07852    .0928607
                              |
                    obese4cat |
        No record of obesity  |          0  (empty)
           Obese I (30-34.9)  |   .0749456   .0050613    14.81   0.000     .0650257    .0848656
          Obese II (35-39.9)  |  -.0655445   .0075808    -8.65   0.000    -.0804025   -.0506865
             Obese III (40+)  |  -.2622215    .010572   -24.80   0.000    -.2829421   -.2415008
                              |
                 smoke_nomiss |
                       Never  |          0  (empty)
                      Former  |  -1.040718   .0047832  -217.58   0.000    -1.050093   -1.031343
                     Current  |  -1.137876   .0054591  -208.44   0.000    -1.148575   -1.127176
                              |
                          imd |
            1 least deprived  |          0  (empty)
                           2  |   .4343261   .0088007    49.35   0.000     .4170771    .4515751
                           3  |   .9561814   .0081372   117.51   0.000     .9402328      .97213
                           4  |   1.505163   .0076966   195.56   0.000     1.490078    1.520248
             5 most deprived  |   2.022518   .0074844   270.23   0.000     2.007849    2.037187
                              |
             htdiag_or_highbp |
                           0  |          0  (empty)
                           1  |   .1641866   .0046041    35.66   0.000     .1551627    .1732105
                              |
  chronic_respiratory_disease |
                           0  |          0  (empty)
                           1  |  -.5380228   .0153813   -34.98   0.000    -.5681695   -.5078761
                              |
                    asthmacat |
                          No  |          0  (empty)
                 Yes, no OCS  |  -.4721696   .0058032   -81.36   0.000    -.4835436   -.4607955
                Yes with OCS  |   -.523745   .0181473   -28.86   0.000    -.5593131    -.488177
                              |
      chronic_cardiac_disease |
                           0  |          0  (empty)
                           1  |  -.4247122   .0108992   -38.97   0.000    -.4460741   -.4033502
                              |
                      diabcat |
                 No diabetes  |          0  (empty)
         Controlled diabetes  |   1.087383   .0073305   148.34   0.000     1.073016    1.101751
       Uncontrolled diabetes  |   .6713552   .0106105    63.27   0.000      .650559    .6921514
  Diabetes, no hba1c measure  |   .9669884    .013647    70.86   0.000     .9402407    .9937361
                              |
            cancer_exhaem_cat |
                       Never  |          0  (empty)
                   Last year  |  -.2599493   .0360366    -7.21   0.000    -.3305798   -.1893188
               2-5 years ago  |  -.2163708   .0211342   -10.24   0.000    -.2577931   -.1749485
                    5+ years  |  -.3992626   .0163267   -24.45   0.000    -.4312623   -.3672628
                              |
              cancer_haem_cat |
                       Never  |          0  (empty)
                   Last year  |  -.1173201   .0950913    -1.23   0.217    -.3036955    .0690554
               2-5 years ago  |  -.1450739   .0575744    -2.52   0.012    -.2579177   -.0322301
                    5+ years  |   -.410684   .0404966   -10.14   0.000    -.4900559    -.331312
                              |
        chronic_liver_disease |
                           0  |          0  (empty)
                           1  |   .3910723   .0205933    18.99   0.000     .3507103    .4314344
                              |
                       stroke |
                           0  |          0  (empty)
                           1  |   .0271999   .0167141     1.63   0.104    -.0055592     .059959
                              |
                     dementia |
                           0  |          0  (empty)
                           1  |   .6373621   .0446386    14.28   0.000      .549872    .7248522
                              |
                  other_neuro |
                           0  |          0  (empty)
                           1  |   -.445198   .0239082   -18.62   0.000    -.4920573   -.3983388
                              |
 reduced_kidney_function_cat2 |
                        None  |          0  (empty)
Stage 3a/3b egfr 30-60        |   .6610369   .0101351    65.22   0.000     .6411726    .6809013
         Stage 4 egfr 15-<30  |   .7251396   .0361694    20.05   0.000     .6542489    .7960304
Stage 5 egfr <15 or dialysis  |   1.077191   .0419245    25.69   0.000     .9950205    1.159362
                              |
             organ_transplant |
                           0  |          0  (empty)
                           1  |  -.7773822   .0576874   -13.48   0.000    -.8904474    -.664317
                              |
                       spleen |
                           0  |          0  (empty)
                           1  |   1.419733   .0260416    54.52   0.000     1.368692    1.470773
                              |
             ra_sle_psoriasis |
                           0  |          0  (empty)
                           1  |  -.8692093   .0128053   -67.88   0.000    -.8943072   -.8441115
                              |
      other_immunosuppression |
                           0  |          0  (empty)
                           1  |   2.300338   .0146936   156.55   0.000     2.271539    2.329136
                              |
             primarycaredeath |  -.3030232   .0356762    -8.49   0.000    -.3729473   -.2330991
                        _cons |  -4.834065   .0159956  -302.21   0.000    -4.865416   -4.802715
------------------------------+----------------------------------------------------------------
Other                         |
                         age1 |   .0158057   .0004596    34.39   0.000     .0149049    .0167064
                         age2 |  -.1498742   .0017208   -87.10   0.000    -.1532468   -.1465015
                         age3 |   .4008213   .0054191    73.96   0.000     .3901999    .4114426
                              |
                         male |
                           0  |          0  (empty)
                           1  |   .0744684   .0037588    19.81   0.000     .0671014    .0818354
                              |
                    obese4cat |
        No record of obesity  |          0  (empty)
           Obese I (30-34.9)  |  -.4954196   .0066416   -74.59   0.000    -.5084368   -.4824024
          Obese II (35-39.9)  |  -.7943024   .0114366   -69.45   0.000    -.8167177   -.7718871
             Obese III (40+)  |   -1.06352   .0173136   -61.43   0.000    -1.097454   -1.029586
                              |
                 smoke_nomiss |
                       Never  |          0  (empty)
                      Former  |  -.7919591   .0050041  -158.26   0.000     -.801767   -.7821512
                     Current  |   -.670257   .0052083  -128.69   0.000     -.680465    -.660049
                              |
                          imd |
            1 least deprived  |          0  (empty)
                           2  |   .2228678   .0067191    33.17   0.000     .2096986     .236037
                           3  |   .3692691   .0065803    56.12   0.000      .356372    .3821662
                           4  |      .6709   .0062958   106.56   0.000     .6585604    .6832396
             5 most deprived  |   .8027429   .0063097   127.22   0.000     .7903762    .8151097
                              |
             htdiag_or_highbp |
                           0  |          0  (empty)
                           1  |  -.2942477   .0055436   -53.08   0.000    -.3051129   -.2833825
                              |
  chronic_respiratory_disease |
                           0  |          0  (empty)
                           1  |  -.4531937   .0181768   -24.93   0.000    -.4888195   -.4175679
                              |
                    asthmacat |
                          No  |          0  (empty)
                 Yes, no OCS  |   -.947055   .0071915  -131.69   0.000    -.9611501   -.9329599
                Yes with OCS  |   -.808337   .0235219   -34.37   0.000    -.8544392   -.7622349
                              |
      chronic_cardiac_disease |
                           0  |          0  (empty)
                           1  |  -.1414867   .0125407   -11.28   0.000     -.166066   -.1169074
                              |
                      diabcat |
                 No diabetes  |          0  (empty)
         Controlled diabetes  |   1.019579   .0093847   108.64   0.000     1.001185    1.037972
       Uncontrolled diabetes  |   .5332654   .0146167    36.48   0.000     .5046173    .5619136
  Diabetes, no hba1c measure  |   .5897277   .0188773    31.24   0.000     .5527289    .6267265
                              |
            cancer_exhaem_cat |
                       Never  |          0  (empty)
                   Last year  |  -.2537999   .0423634    -5.99   0.000    -.3368307   -.1707691
               2-5 years ago  |  -.2337357   .0250235    -9.34   0.000    -.2827808   -.1846905
                    5+ years  |  -.3604653    .018684   -19.29   0.000    -.3970853   -.3238454
                              |
              cancer_haem_cat |
                       Never  |          0  (empty)
                   Last year  |  -.0332294   .1140993    -0.29   0.771    -.2568599    .1904011
               2-5 years ago  |  -.1962034   .0707519    -2.77   0.006    -.3348745   -.0575323
                    5+ years  |  -.4042153   .0480989    -8.40   0.000    -.4984873   -.3099432
                              |
        chronic_liver_disease |
                           0  |          0  (empty)
                           1  |   .6625435   .0221583    29.90   0.000      .619114    .7059729
                              |
                       stroke |
                           0  |          0  (empty)
                           1  |  -.1912871   .0232254    -8.24   0.000    -.2368081    -.145766
                              |
                     dementia |
                           0  |          0  (empty)
                           1  |   .0570476    .073295     0.78   0.436     -.086608    .2007033
                              |
                  other_neuro |
                           0  |          0  (empty)
                           1  |  -.6950129   .0305404   -22.76   0.000     -.754871   -.6351548
                              |
 reduced_kidney_function_cat2 |
                        None  |          0  (empty)
Stage 3a/3b egfr 30-60        |  -.2415978   .0163144   -14.81   0.000    -.2735734   -.2096222
         Stage 4 egfr 15-<30  |   .0135677   .0572568     0.24   0.813    -.0986535    .1257889
Stage 5 egfr <15 or dialysis  |   .5096668   .0643047     7.93   0.000     .3836319    .6357017
                              |
             organ_transplant |
                           0  |          0  (empty)
                           1  |  -.4530025   .0784968    -5.77   0.000    -.6068534   -.2991517
                              |
                       spleen |
                           0  |          0  (empty)
                           1  |  -.2329711   .0596861    -3.90   0.000    -.3499538   -.1159884
                              |
             ra_sle_psoriasis |
                           0  |          0  (empty)
                           1  |  -.5589341   .0123005   -45.44   0.000    -.5830427   -.5348255
                              |
      other_immunosuppression |
                           0  |          0  (empty)
                           1  |   .2651596   .0362382     7.32   0.000      .194134    .3361852
                              |
             primarycaredeath |  -.4232132   .0465872    -9.08   0.000    -.5145224    -.331904
                        _cons |   -3.39163   .0143491  -236.36   0.000    -3.419753   -3.363506
-----------------------------------------------------------------------------------------------

Univariate imputation                       Imputations =       10
Multinomial logistic regression                   added =       10
Imputed: m=1 through m=10                       updated =        0

------------------------------------------------------------------
                   |               Observations per m             
                   |----------------------------------------------
          Variable |   Complete   Incomplete   Imputed |     Total
-------------------+-----------------------------------+----------
         ethnicity |   12867303      4394425   4394425 |  17261728
------------------------------------------------------------------
(complete + incomplete = total; imputed is the minimum across m
 of the number of filled-in observations.)

. 
. save ./analysis/an_impute_imputeddata_`1', replace
(note: file ./analysis/an_impute_imputeddata_2019.dta not found)
file ./analysis/an_impute_imputeddata_2019.dta saved

. 
. log close
      name:  <unnamed>
       log:  e:\analyses\covid-vs-noncovid-deaths-research\analysis/output/an_impute_2019.log
  log type:  text
 closed on:  14 Dec 2020, 19:54:24
------------------------------------------------------------------------------------------------------------------------------------------------------------------------------------------------------------------------------------------------------------
