------------------------------------------------------------------------------------------------------------------------------------------------------------------------------------------------------------------------------------------------------------
      name:  <unnamed>
       log:  e:\analyses\covid-vs-noncovid-deaths-research\analysis/output/an_imputed_GENERAL_SEPT2020_coviddeath_full_agespl.log
  log type:  text
 opened on:  14 Dec 2020, 21:12:40

. 
. use ./analysis/an_impute_imputeddata_`dataset', replace

. 
. if "`5'"=="SA_anywhereonDC"{
.         replace coviddeath = 1 if onsdeath>=1 & onsdeath<. & died_ons_covid_flag_any==1
.         replace noncoviddeath = 0 if died_ons_covid_flag_any==1
. }

. 
. if "`5'"=="SA_u071only"{
.         replace coviddeath = 0 if died_ons_covidconf_flag_und!=1
.         replace noncoviddeath = 1 if onsdeath>=1 & onsdeath<. & died_ons_covidconf_flag_und!=1
. }

. 
. if "`outcome'"=="deathsonlyCvN"{
.         drop if !(onsdeath>=1&onsdeath<.)
.         gen deathsonlyCvN = (coviddeath==1)
. }

. 
. tab `outcome'

 coviddeath |      Freq.     Percent        Cum.
------------+-----------------------------------
          0 | 17,692,709       99.99       99.99
          1 |      2,365        0.01      100.00
------------+-----------------------------------
      Total | 17,695,074      100.00

.                 
. if "`modeltorun'"=="agesex"{
. *Age-sex model
. mi estimate, eform post: logistic `outcome' age1 age2 age3 i.male i.ethnicity
. estimates save ./analysis/output/models/an_imputed_agesex_`dataset'`sensan'_`outcome', replace
. }

. 
. if "`modeltorun'"=="full"{
. *Full model
. mi estimate, eform post: logistic `outcome' ///
>                         `age'                                                   ///
>                         i.male                                                  ///
>                         i.obese4cat                                             ///
>                         i.smoke_nomiss                                  ///
>                         i.ethnicity                                             ///
>                         i.imd                                                   ///
>                         i.htdiag_or_highbp                              ///
>                         i.chronic_respiratory_disease   ///
>                         i.asthmacat                                             ///
>                         i.chronic_cardiac_disease               ///
>                         i.diabcat                                               ///
>                         i.cancer_exhaem_cat                             ///
>                         i.cancer_haem_cat                               ///
>                         i.chronic_liver_disease                 ///
>                         i.stroke                                                ///     
>                         i.dementia                                              ///
>                         i.other_neuro                                   ///
>                         i.reduced_kidney_function_cat2  ///
>                         i.organ_transplant                              ///
>                         i.spleen                                                ///
>                         i.ra_sle_psoriasis                      ///
>                         i.other_immunosuppression

Multiple-imputation estimates                   Imputations       =         10
Logistic regression                             Number of obs     = 17,695,074
                                                Average RVI       =     0.0254
                                                Largest FMI       =     0.3269
DF adjustment:   Large sample                   DF:     min       =      92.18
                                                        avg       =   4.68e+08
                                                        max       =   5.79e+09
Model F test:       Equal FMI                   F(  42,576391.0)  =     159.10
Within VCE type:          OIM                   Prob > F          =     0.0000

-----------------------------------------------------------------------------------------------
                   coviddeath |     exp(b)   Std. Err.      t    P>|t|     [95% Conf. Interval]
------------------------------+----------------------------------------------------------------
                         age1 |   1.118269   .0513032     2.44   0.015     1.022105    1.223481
                         age2 |   1.002251   .0989841     0.02   0.982     .8258674    1.216306
                         age3 |   .9748536   .2253523    -0.11   0.912     .6196852    1.533584
                       1.male |   1.626599   .0715176    11.06   0.000     1.492297    1.772988
                              |
                    obese4cat |
           Obese I (30-34.9)  |   1.148869   .0636551     2.50   0.012     1.030643    1.280657
          Obese II (35-39.9)  |   1.380818   .1151889     3.87   0.000     1.172542     1.62609
             Obese III (40+)  |   2.342232   .2434176     8.19   0.000     1.910593    2.871386
                              |
                 smoke_nomiss |
                      Former  |   1.498756   .0752141     8.06   0.000     1.358349    1.653675
                     Current  |   .9354997   .0900353    -0.69   0.488     .7746774    1.129708
                              |
                    ethnicity |
                       Mixed  |   .7601541   .3053235    -0.68   0.495     .3456034    1.671957
      Asian or Asian British  |   2.940298   .2502212    12.67   0.000     2.483076     3.48171
                       Black  |   .8829824   .1897013    -0.58   0.563     .5778116    1.349329
                       Other  |    1.17965    .301081     0.65   0.518     .7131794    1.951227
                              |
                          imd |
                           2  |   1.101303   .0842494     1.26   0.207     .9479601    1.279451
                           3  |    1.17713   .0887688     2.16   0.031     1.015393    1.364629
                           4  |   1.981245   .1385837     9.77   0.000     1.727422    2.272365
             5 most deprived  |   2.855916   .1949987    15.37   0.000      2.49819    3.264866
                              |
           1.htdiag_or_highbp |   .9980382   .0511794    -0.04   0.969     .9026046    1.103562
1.chronic_respiratory_disease |   2.073296   .1030879    14.66   0.000     1.880781    2.285518
                              |
                    asthmacat |
                 Yes, no OCS  |   1.039729   .0652542     0.62   0.535     .9193865    1.175824
                Yes with OCS  |   1.022207   .1228013     0.18   0.855     .8077577     1.29359
                              |
    1.chronic_cardiac_disease |   1.561648     .07007     9.93   0.000     1.430179    1.705202
                              |
                      diabcat |
         Controlled diabetes  |    1.25977   .0682095     4.27   0.000     1.132926    1.400816
       Uncontrolled diabetes  |   1.836282   .1237955     9.01   0.000     1.608989    2.095684
  Diabetes, no hba1c measure  |   1.560905    .148999     4.66   0.000     1.294563    1.882045
                              |
            cancer_exhaem_cat |
                   Last year  |     2.1869   .2982394     5.74   0.000     1.673963    2.857011
               2-5 years ago  |   1.044528   .1131675     0.40   0.688     .8446913    1.291641
                    5+ years  |   1.010215   .0682173     0.15   0.880     .8849819     1.15317
                              |
              cancer_haem_cat |
                   Last year  |     2.0831    .793223     1.93   0.054     .9876002    4.393786
               2-5 years ago  |   1.668048    .396061     2.15   0.031     1.047368    2.656548
                    5+ years  |   1.909189   .2861736     4.31   0.000     1.423181    2.561167
                              |
      1.chronic_liver_disease |   1.485225   .2491654     2.36   0.018     1.069036    2.063442
                     1.stroke |   1.336855   .0790914     4.91   0.000     1.190489    1.501217
                   1.dementia |   2.601463   .2429445    10.24   0.000     2.166337    3.123988
                1.other_neuro |   2.545364   .2300652    10.34   0.000     2.132128    3.038691
                              |
 reduced_kidney_function_cat2 |
Stage 3a/3b egfr 30-60        |   1.450945   .0706519     7.64   0.000     1.318872    1.596243
         Stage 4 egfr 15-<30  |   2.413253   .2142045     9.93   0.000      2.02791    2.871818
Stage 5 egfr <15 or dialysis  |   3.372998   .5624268     7.29   0.000     2.432671    4.676799
                              |
           1.organ_transplant |   2.736173   .7106962     3.88   0.000     1.644567    4.552348
                     1.spleen |   1.669036   .5069081     1.69   0.092     .9203323    3.026821
           1.ra_sle_psoriasis |   1.306358   .0903844     3.86   0.000     1.140694    1.496081
    1.other_immunosuppression |   .9165122   .4118049    -0.19   0.846     .3799081    2.211047
                        _cons |   1.55e-08   2.57e-08   -10.88   0.000     6.08e-10    3.96e-07
-----------------------------------------------------------------------------------------------
. estimates save ./analysis/output/models/an_imputed_full_`dataset'`sensan'_`outcome'_`agetype', replace
(note: file ./analysis/output/models/an_imputed_full_SEPT2020_coviddeath_agespl.ster not found)
file ./analysis/output/models/an_imputed_full_SEPT2020_coviddeath_agespl.ster saved
. }

. 
. log close
      name:  <unnamed>
       log:  e:\analyses\covid-vs-noncovid-deaths-research\analysis/output/an_imputed_GENERAL_SEPT2020_coviddeath_full_agespl.log
  log type:  text
 closed on:  14 Dec 2020, 23:29:26
--------------------------------------------------------------------------------------------------------------------------------------------------------------------------------------
