------------------------------------------------------------------------------------------------------------------------------------------------------------------------------------------------------------------------------------------------------------
      name:  <unnamed>
       log:  e:\analyses\covid-vs-noncovid-deaths-research\analysis/output/an_imputed_GENERAL_MAIN_coviddeath_agesex_agespl.log
  log type:  text
 opened on:  14 Dec 2020, 21:12:33

. 
. use ./analysis/an_impute_imputeddata_`dataset', replace

. 
. if "`5'"=="SA_anywhereonDC"{
.         replace coviddeath = 1 if onsdeath>=1 & onsdeath<. & died_ons_covid_flag_any==1
.         replace noncoviddeath = 0 if died_ons_covid_flag_any==1
. }

. 
. if "`5'"=="SA_u071only"{
.         replace coviddeath = 0 if died_ons_covidconf_flag_und!=1
.         replace noncoviddeath = 1 if onsdeath>=1 & onsdeath<. & died_ons_covidconf_flag_und!=1
. }

. 
. if "`outcome'"=="deathsonlyCvN"{
.         drop if !(onsdeath>=1&onsdeath<.)
.         gen deathsonlyCvN = (coviddeath==1)
. }

. 
. tab `outcome'

 coviddeath |      Freq.     Percent        Cum.
------------+-----------------------------------
          0 | 17,439,452       99.90       99.90
          1 |     17,063        0.10      100.00
------------+-----------------------------------
      Total | 17,456,515      100.00

.                 
. if "`modeltorun'"=="agesex"{
. *Age-sex model
. mi estimate, eform post: logistic `outcome' age1 age2 age3 i.male i.ethnicity

Multiple-imputation estimates                   Imputations       =         10
Logistic regression                             Number of obs     = 17,456,515
                                                Average RVI       =     0.1636
                                                Largest FMI       =     0.4129
DF adjustment:   Large sample                   DF:     min       =      58.23
                                                        avg       =   3.08e+08
                                                        max       =   9.87e+08
Model F test:       Equal FMI                   F(   8, 2688.1)   =    3489.11
Within VCE type:          OIM                   Prob > F          =     0.0000

-----------------------------------------------------------------------------------------
             coviddeath |     exp(b)   Std. Err.      t    P>|t|     [95% Conf. Interval]
------------------------+----------------------------------------------------------------
                   age1 |   1.156396   .0200915     8.36   0.000      1.11768    1.196452
                   age2 |   .9417671   .0356113    -1.59   0.113     .8744939    1.014215
                   age3 |   1.155432   .1011239     1.65   0.099     .9733003    1.371645
                 1.male |   1.712462   .0267746    34.41   0.000     1.660781    1.765752
                        |
              ethnicity |
                 Mixed  |   1.748388   .1910503     5.11   0.000     1.410273    2.167566
Asian or Asian British  |   2.332839   .0905146    21.83   0.000     2.158526    2.521229
                 Black  |   2.199307   .1309685    13.23   0.000     1.955301    2.473763
                 Other  |   1.535181   .1292161     5.09   0.000     1.300058    1.812829
                        |
                  _cons |   8.35e-08   5.27e-08   -25.83   0.000     2.42e-08    2.88e-07
-----------------------------------------------------------------------------------------
. estimates save ./analysis/output/models/an_imputed_agesex_`dataset'`sensan'_`outcome', replace
(note: file ./analysis/output/models/an_imputed_agesex_MAIN_coviddeath.ster not found)
file ./analysis/output/models/an_imputed_agesex_MAIN_coviddeath.ster saved
. }

. 
. if "`modeltorun'"=="full"{
. *Full model
. mi estimate, eform post: logistic `outcome' ///
>                         `age'                                                   ///
>                         i.male                                                  ///
>                         i.obese4cat                                             ///
>                         i.smoke_nomiss                                  ///
>                         i.ethnicity                                             ///
>                         i.imd                                                   ///
>                         i.htdiag_or_highbp                              ///
>                         i.chronic_respiratory_disease   ///
>                         i.asthmacat                                             ///
>                         i.chronic_cardiac_disease               ///
>                         i.diabcat                                               ///
>                         i.cancer_exhaem_cat                             ///
>                         i.cancer_haem_cat                               ///
>                         i.chronic_liver_disease                 ///
>                         i.stroke                                                ///     
>                         i.dementia                                              ///
>                         i.other_neuro                                   ///
>                         i.reduced_kidney_function_cat2  ///
>                         i.organ_transplant                              ///
>                         i.spleen                                                ///
>                         i.ra_sle_psoriasis                      ///
>                         i.other_immunosuppression
. estimates save ./analysis/output/models/an_imputed_full_`dataset'`sensan'_`outcome'_`agetype', replace
. }

. 
. log close
      name:  <unnamed>
       log:  e:\analyses\covid-vs-noncovid-deaths-research\analysis/output/an_imputed_GENERAL_MAIN_coviddeath_agesex_agespl.log
  log type:  text
 closed on:  14 Dec 2020, 21:51:55
------------------------------------------------------------------------------------------------------------------------------------------------------------------------------------------------------------------------------------------------------------
