------------------------------------------------------------------------------------------------------------------------------------------------------------------------------------------------------------------------------------------------------------
      name:  <unnamed>
       log:  E:\analyses\covid-vs-noncovid-deaths-research\analysis/output/an_imputed_GENERAL_SEPT2020_coviddeath_full_agegrp.log
  log type:  text
 opened on:  20 Feb 2021, 14:22:18

. 
. use ./analysis/an_impute_imputeddata_`dataset', replace

. 
. if "`5'"=="SA_anywhereonDC"{
.         replace coviddeath = 1 if onsdeath>=1 & onsdeath<. & died_ons_covid_flag_any==1
.         replace noncoviddeath = 0 if died_ons_covid_flag_any==1
. }

. 
. if "`5'"=="SA_u071only"{
.         replace coviddeath = 0 if died_ons_covidconf_flag_und!=1
.         replace noncoviddeath = 1 if onsdeath>=1 & onsdeath<. & died_ons_covidconf_flag_und!=1
. }

. 
. if "`outcome'"=="deathsonlyCvN"{
.         drop if !(onsdeath>=1&onsdeath<.)
.         gen deathsonlyCvN = (coviddeath==1)
. }

. 
. tab `outcome'

 coviddeath |      Freq.     Percent        Cum.
------------+-----------------------------------
          0 | 17,692,709       99.99       99.99
          1 |      2,365        0.01      100.00
------------+-----------------------------------
      Total | 17,695,074      100.00

. 
. if "`modeltorun'"=="agesex_cox"{
.         gen onsdeath_cnc = onsdeath
.         recode onsdeath_cnc 2/6=2
.         if "`outcome'"=="coviddeath" local outcomenum = 1
.         else if "`outcome'"=="noncoviddeath" local outcomenum = 2
.         mi stset stime_onsdeath, fail(onsdeath_cnc==`outcomenum') id(patient_id) enter(enter_date) origin(enter_date)
.         mi estimate: stcox age1 age2 age3 male i.ethnicity, strata(stp)
.         drop if !(onsdeath>=1&onsdeath<.)
.         gen deathsonlyCvN = (coviddeath==1)
. }

.                 
. if "`modeltorun'"=="agesex"{
. *Age-sex model
. mi estimate, eform post: logistic `outcome' age1 age2 age3 i.male i.stp i.ethnicity 
. estimates save ./analysis/output/models/an_imputed_agesex_`dataset'`sensan'_`outcome', replace
. }

. 
. if "`modeltorun'"=="full"{
. *Full model
. mi estimate, eform post: logistic `outcome' ///
>                         `age'                                                   ///
>                         i.male                                                  ///
>                         i.obese4cat                                             ///
>                         i.smoke_nomiss                                  ///
>                         i.ethnicity                                             ///
>                         i.imd                                                   ///
>                         i.htdiag_or_highbp                              ///
>                         i.chronic_respiratory_disease   ///
>                         i.asthmacat                                             ///
>                         i.chronic_cardiac_disease               ///
>                         i.diabcat                                               ///
>                         i.cancer_exhaem_cat                             ///
>                         i.cancer_haem_cat                               ///
>                         i.chronic_liver_disease                 ///
>                         i.stroke                                                ///     
>                         i.dementia                                              ///
>                         i.other_neuro                                   ///
>                         i.reduced_kidney_function_cat2  ///
>                         i.organ_transplant                              ///
>                         i.spleen                                                ///
>                         i.ra_sle_psoriasis                      ///
>                         i.other_immunosuppression               ///
>                         i.stp

Multiple-imputation estimates                   Imputations       =         10
Logistic regression                             Number of obs     = 17,637,643
                                                Average RVI       =     0.0157
                                                Largest FMI       =     0.3527
DF adjustment:   Large sample                   DF:     min       =      79.45
                                                        avg       =   1.72e+09
                                                        max       =   6.34e+10
Model F test:       Equal FMI                   F(  72, 2.6e+06)  =      98.47
Within VCE type:          OIM                   Prob > F          =     0.0000

-----------------------------------------------------------------------------------------------
                   coviddeath |     exp(b)   Std. Err.      t    P>|t|     [95% Conf. Interval]
------------------------------+----------------------------------------------------------------
                     agegroup |
                      18-<40  |   .0537757   .0199065    -7.90   0.000      .026031    .1110914
                      40-<50  |   .3828697   .0811607    -4.53   0.000     .2527047     .580081
                      60-<70  |   2.632448   .3334882     7.64   0.000      2.05365    3.374373
                      70-<80  |   7.583945   .8886722    17.29   0.000     6.027718    9.541956
                         80+  |   22.42369    2.63921    26.42   0.000     17.80421    28.24173
                              |
                       1.male |   1.551509    .067694    10.07   0.000     1.424346    1.690025
                              |
                    obese4cat |
           Obese I (30-34.9)  |   1.028749   .0566161     0.52   0.607     .9235582     1.14592
          Obese II (35-39.9)  |   1.198799   .0994506     2.19   0.029     1.018901     1.41046
             Obese III (40+)  |   1.996666   .2063561     6.69   0.000     1.630547    2.444992
                              |
                 smoke_nomiss |
                      Former  |   1.488895   .0746138     7.94   0.000     1.349601    1.642566
                     Current  |   .8554259    .081863    -1.63   0.103     .7091257    1.031909
                              |
                    ethnicity |
                       Mixed  |   .8628862   .3465489    -0.37   0.714     .3923621    1.897667
      Asian or Asian British  |   2.915308   .2625147    11.88   0.000     2.436975     3.48753
                       Black  |    .975943   .2121409    -0.11   0.911     .6353933    1.499016
                       Other  |   1.349933   .3471276     1.17   0.245     .8129244    2.241682
                              |
                          imd |
                           2  |   1.120136   .0859818     1.48   0.139      .963679    1.301994
                           3  |   1.264748   .0959481     3.10   0.002     1.090007    1.467504
                           4  |   1.877438   .1327735     8.91   0.000     1.634436    2.156568
             5 most deprived  |   1.996889   .1404918     9.83   0.000     1.739669    2.292141
                              |
           1.htdiag_or_highbp |   1.036763   .0532771     0.70   0.482      .937428    1.146624
1.chronic_respiratory_disease |   1.954887   .0974701    13.44   0.000     1.772887    2.155571
                              |
                    asthmacat |
                 Yes, no OCS  |   1.041664    .065411     0.65   0.516     .9210358     1.17809
                Yes with OCS  |   .9976937    .119854    -0.02   0.985     .7883908    1.262563
                              |
    1.chronic_cardiac_disease |   1.564965   .0704837     9.94   0.000     1.432741    1.709391
                              |
                      diabcat |
         Controlled diabetes  |   1.184586   .0643162     3.12   0.002     1.065001    1.317599
       Uncontrolled diabetes  |   1.703619   .1150871     7.89   0.000     1.492343    1.944806
  Diabetes, no hba1c measure  |   1.645696   .1575292     5.20   0.000     1.364177    1.985311
                              |
            cancer_exhaem_cat |
                   Last year  |    2.13963   .2921893     5.57   0.000     1.637186    2.796272
               2-5 years ago  |   1.022861   .1109193     0.21   0.835     .8270129    1.265089
                    5+ years  |   1.052687   .0711562     0.76   0.447     .9220667    1.201811
                              |
              cancer_haem_cat |
                   Last year  |   1.987716   .7581806     1.80   0.072      .941191    4.197887
               2-5 years ago  |   1.585005   .3769409     1.94   0.053     .9944904    2.526159
                    5+ years  |   1.924822   .2887703     4.36   0.000     1.434464    2.582805
                              |
      1.chronic_liver_disease |   1.408167   .2360243     2.04   0.041     1.013872    1.955802
                     1.stroke |   1.343923   .0799419     4.97   0.000     1.196029    1.510106
                   1.dementia |   2.841547   .2663047    11.14   0.000     2.364731    3.414507
                1.other_neuro |   2.479268   .2248342    10.01   0.000     2.075542    2.961524
                              |
 reduced_kidney_function_cat2 |
Stage 3a/3b egfr 30-60        |   1.695118    .081456    10.98   0.000     1.542755    1.862529
         Stage 4 egfr 15-<30  |   3.163374   .2780434    13.10   0.000     2.662775    3.758084
Stage 5 egfr <15 or dialysis  |   3.744752   .6300313     7.85   0.000      2.69286    5.207539
                              |
           1.organ_transplant |   2.449195   .6412924     3.42   0.001     1.466042    4.091667
                     1.spleen |   1.646415   .5003922     1.64   0.101      .907476    2.987058
           1.ra_sle_psoriasis |   1.263646   .0874392     3.38   0.001     1.103382    1.447189
    1.other_immunosuppression |   .9427885   .4238892    -0.13   0.896     .3905743    2.275752
                              |
                          stp |
                           2  |   1.106482   .0822355     1.36   0.173     .9564912    1.279994
                           3  |   .6712197   .0701125    -3.82   0.000     .5469556    .8237155
                           4  |   1.880402   .2343839     5.07   0.000     1.472828    2.400762
                           5  |   1.627405    .280829     2.82   0.005     1.160407    2.282344
                           6  |   1.204023   .1029519     2.17   0.030     1.018243    1.423699
                           7  |   1.374768   .3430286     1.28   0.202     .8430234    2.241914
                           8  |   .7647929   .0815121    -2.52   0.012      .620615    .9424654
                           9  |   .3730751   .0558834    -6.58   0.000     .2781593    .5003788
                          10  |   1.086389    .102961     0.87   0.382     .9022231    1.308148
                          11  |   .5534936    .067165    -4.87   0.000     .4363337     .702112
                          12  |   .8350105     .12093    -1.25   0.213     .6286592    1.109095
                          13  |   .7046082   .0953959    -2.59   0.010     .5403866    .9187363
                          14  |   .3070947   .0627486    -5.78   0.000     .2057531     .458351
                          15  |   .1558272   .0377961    -7.66   0.000     .0968687    .2506705
                          16  |   .1378808   .0286748    -9.53   0.000     .0917236    .2072653
                          17  |   .2872865   .0500418    -7.16   0.000     .2041955    .4041886
                          18  |   .2939262   .0502104    -7.17   0.000     .2102956    .4108151
                          19  |    .284996   .0546746    -6.54   0.000     .1956776    .4150843
                          20  |   .6290622   .0715413    -4.08   0.000      .503372    .7861368
                          21  |   .2971541   .0444244    -8.12   0.000     .2216747    .3983341
                          22  |   .2243164   .1305486    -2.57   0.010     .0716927    .7018541
                          23  |    .270534   .0466626    -7.58   0.000     .1929317    .3793499
                          24  |          1  (omitted)
                          25  |   .0178195   .0178506    -4.02   0.000     .0025015     .126935
                          26  |   .1381939   .0305089    -8.96   0.000      .089654    .2130138
                          27  |   .1762744   .0374388    -8.17   0.000     .1162527    .2672856
                          28  |   .3435151   .0516595    -7.11   0.000      .255822    .4612685
                          29  |   .2096603    .046269    -7.08   0.000     .1360406    .3231201
                          30  |   .2962753   .0642268    -5.61   0.000     .1937185    .4531267
                          31  |          1  (omitted)
                          32  |          1  (omitted)
                              |
                        _cons |   .0000146   2.03e-06   -80.19   0.000     .0000111    .0000191
-----------------------------------------------------------------------------------------------
. estimates save ./analysis/output/models/an_imputed_full_`dataset'`sensan'_`outcome'_`agetype', replace
file ./analysis/output/models/an_imputed_full_SEPT2020_coviddeath_agegrp.ster saved
. }

. 
. log close
      name:  <unnamed>
       log:  E:\analyses\covid-vs-noncovid-deaths-research\analysis/output/an_imputed_GENERAL_SEPT2020_coviddeath_full_agegrp.log
  log type:  text
 closed on:  20 Feb 2021, 18:02:11
------------------------------------------------------------------------------------------------------------------------------------------------------------------------------------------------------------------------------------------------------------
