------------------------------------------------------------------------------------------------------------------------------------------------------------------------------------------------------------------------------------------------------------
      name:  <unnamed>
       log:  E:\analyses\covid-vs-noncovid-deaths-research\analysis/output/an_imputed_GENERAL_MAIN_noncoviddeath_agesex_cox_.log
  log type:  text
 opened on:  22 Feb 2021, 13:47:16

. 
. use ./analysis/an_impute_imputeddata_`dataset', replace

. 
. if "`5'"=="SA_anywhereonDC"{
.         replace coviddeath = 1 if onsdeath>=1 & onsdeath<. & died_ons_covid_flag_any==1
.         replace noncoviddeath = 0 if died_ons_covid_flag_any==1
. }

. 
. if "`5'"=="SA_u071only"{
.         replace coviddeath = 0 if died_ons_covidconf_flag_und!=1
.         replace noncoviddeath = 1 if onsdeath>=1 & onsdeath<. & died_ons_covidconf_flag_und!=1
. }

. 
. if "`outcome'"=="deathsonlyCvN"{
.         drop if !(onsdeath>=1&onsdeath<.)
.         gen deathsonlyCvN = (coviddeath==1)
. }

. 
. tab `outcome'

noncoviddea |
         th |      Freq.     Percent        Cum.
------------+-----------------------------------
          0 | 17,322,199       99.23       99.23
          1 |    134,316        0.77      100.00
------------+-----------------------------------
      Total | 17,456,515      100.00

. 
. if "`modeltorun'"=="agesex_cox"{
.         gen onsdeath_cnc = onsdeath
.         recode onsdeath_cnc 2/6=2
(onsdeath_cnc: 93950 changes made)
.         if "`outcome'"=="coviddeath" local outcomenum = 1
.         else if "`outcome'"=="noncoviddeath" local outcomenum = 2
.         mi stset stime_onsdeath, fail(onsdeath_cnc==`outcomenum') id(patient_id) enter(enter_date) origin(enter_date)

                id:  patient_id
     failure event:  onsdeath_cnc == 2
obs. time interval:  (stime_onsdeath[_n-1], stime_onsdeath]
 enter on or after:  time enter_date
 exit on or before:  failure
    t for analysis:  (time-origin)
            origin:  time enter_date

------------------------------------------------------------------------------
   17456515  total observations
          0  exclusions
------------------------------------------------------------------------------
   17456515  observations remaining, representing
   17456515  subjects
    134,316  failures in single-failure-per-subject data
 4.9000e+09  total analysis time at risk and under observation
                                                at risk from t =         0
                                     earliest observed entry t =         0
                                          last observed exit t =       282
.         mi estimate, eform post: stcox age1 age2 age3 male i.ethnicity, strata(stp)

Multiple-imputation estimates                   Imputations       =         10
Stratified Cox regr.: Breslow method for ties   Number of obs     = 17,456,515
                                                Average RVI       =     0.1779
                                                Largest FMI       =     0.4283
DF adjustment:   Large sample                   DF:     min       =      54.18
                                                        avg       =   1.41e+09
                                                        max       =   6.19e+09
Model F test:       Equal FMI                   F(   8, 2845.8)   =   27755.18
Within VCE type:          OIM                   Prob > F          =     0.0000

-----------------------------------------------------------------------------------------
                     _t |     exp(b)   Std. Err.      t    P>|t|     [95% Conf. Interval]
------------------------+----------------------------------------------------------------
                   age1 |   1.131302   .0045749    30.51   0.000     1.122371    1.140304
                   age2 |   .9072179    .008452   -10.45   0.000     .8908027    .9239356
                   age3 |    1.33667   .0295474    13.13   0.000     1.279995    1.395855
                   male |   1.329874   .0073321    51.71   0.000     1.315581    1.344322
                        |
              ethnicity |
                 Mixed  |   .8831099   .0529118    -2.07   0.043     .7831591    .9958171
Asian or Asian British  |   .7911291    .014787   -12.54   0.000     .7625657    .8207624
                 Black  |   .8994978   .0271023    -3.52   0.001     .8476524    .9545142
                 Other  |   .6746121   .0280846    -9.45   0.000     .6214009    .7323799
-----------------------------------------------------------------------------------------
.         estimates save ./analysis/output/models/an_imputed_agesex_`dataset'SA_Cox_`outcome', replace
file ./analysis/output/models/an_imputed_agesex_MAINSA_Cox_noncoviddeath.ster saved
.         drop if !(onsdeath>=1&onsdeath<.)
(17,305,136 observations deleted)
.         gen deathsonlyCvN = (coviddeath==1)
. }

.                 
. if "`modeltorun'"=="agesex"{
. *Age-sex model
. mi estimate, eform post: logistic `outcome' age1 age2 age3 i.male i.stp i.ethnicity 
. estimates save ./analysis/output/models/an_imputed_agesex_`dataset'`sensan'_`outcome', replace
. }

. 
. if "`modeltorun'"=="full"{
. *Full model
. mi estimate, eform post: logistic `outcome' ///
>                         `age'                                                   ///
>                         i.male                                                  ///
>                         i.obese4cat                                             ///
>                         i.smoke_nomiss                                  ///
>                         i.ethnicity                                             ///
>                         i.imd                                                   ///
>                         i.htdiag_or_highbp                              ///
>                         i.chronic_respiratory_disease   ///
>                         i.asthmacat                                             ///
>                         i.chronic_cardiac_disease               ///
>                         i.diabcat                                               ///
>                         i.cancer_exhaem_cat                             ///
>                         i.cancer_haem_cat                               ///
>                         i.chronic_liver_disease                 ///
>                         i.stroke                                                ///     
>                         i.dementia                                              ///
>                         i.other_neuro                                   ///
>                         i.reduced_kidney_function_cat2  ///
>                         i.organ_transplant                              ///
>                         i.spleen                                                ///
>                         i.ra_sle_psoriasis                      ///
>                         i.other_immunosuppression               ///
>                         i.stp
. estimates save ./analysis/output/models/an_imputed_full_`dataset'`sensan'_`outcome'_`agetype', replace
. }

. 
. log close
      name:  <unnamed>
       log:  E:\analyses\covid-vs-noncovid-deaths-research\analysis/output/an_imputed_GENERAL_MAIN_noncoviddeath_agesex_cox_.log
  log type:  text
 closed on:  22 Feb 2021, 16:52:29
------------------------------------------------------------------------------------------------------------------------------------------------------------------------------------------------------------------------------------------------------------
