------------------------------------------------------------------------------------------------------------------------------------------------------------------------------------------------------------------------------------------------------------
      name:  <unnamed>
       log:  E:\analyses\covid-vs-noncovid-deaths-research\analysis/output/an_imputed_GENERAL_SEPT2020_noncoviddeath_full_agegrp.log
  log type:  text
 opened on:  20 Feb 2021, 14:22:18

. 
. use ./analysis/an_impute_imputeddata_`dataset', replace

. 
. if "`5'"=="SA_anywhereonDC"{
.         replace coviddeath = 1 if onsdeath>=1 & onsdeath<. & died_ons_covid_flag_any==1
.         replace noncoviddeath = 0 if died_ons_covid_flag_any==1
. }

. 
. if "`5'"=="SA_u071only"{
.         replace coviddeath = 0 if died_ons_covidconf_flag_und!=1
.         replace noncoviddeath = 1 if onsdeath>=1 & onsdeath<. & died_ons_covidconf_flag_und!=1
. }

. 
. if "`outcome'"=="deathsonlyCvN"{
.         drop if !(onsdeath>=1&onsdeath<.)
.         gen deathsonlyCvN = (coviddeath==1)
. }

. 
. tab `outcome'

noncoviddea |
         th |      Freq.     Percent        Cum.
------------+-----------------------------------
          0 | 17,665,748       99.83       99.83
          1 |     29,326        0.17      100.00
------------+-----------------------------------
      Total | 17,695,074      100.00

. 
. if "`modeltorun'"=="agesex_cox"{
.         gen onsdeath_cnc = onsdeath
.         recode onsdeath_cnc 2/6=2
.         if "`outcome'"=="coviddeath" local outcomenum = 1
.         else if "`outcome'"=="noncoviddeath" local outcomenum = 2
.         mi stset stime_onsdeath, fail(onsdeath_cnc==`outcomenum') id(patient_id) enter(enter_date) origin(enter_date)
.         mi estimate: stcox age1 age2 age3 male i.ethnicity, strata(stp)
.         drop if !(onsdeath>=1&onsdeath<.)
.         gen deathsonlyCvN = (coviddeath==1)
. }

.                 
. if "`modeltorun'"=="agesex"{
. *Age-sex model
. mi estimate, eform post: logistic `outcome' age1 age2 age3 i.male i.stp i.ethnicity 
. estimates save ./analysis/output/models/an_imputed_agesex_`dataset'`sensan'_`outcome', replace
. }

. 
. if "`modeltorun'"=="full"{
. *Full model
. mi estimate, eform post: logistic `outcome' ///
>                         `age'                                                   ///
>                         i.male                                                  ///
>                         i.obese4cat                                             ///
>                         i.smoke_nomiss                                  ///
>                         i.ethnicity                                             ///
>                         i.imd                                                   ///
>                         i.htdiag_or_highbp                              ///
>                         i.chronic_respiratory_disease   ///
>                         i.asthmacat                                             ///
>                         i.chronic_cardiac_disease               ///
>                         i.diabcat                                               ///
>                         i.cancer_exhaem_cat                             ///
>                         i.cancer_haem_cat                               ///
>                         i.chronic_liver_disease                 ///
>                         i.stroke                                                ///     
>                         i.dementia                                              ///
>                         i.other_neuro                                   ///
>                         i.reduced_kidney_function_cat2  ///
>                         i.organ_transplant                              ///
>                         i.spleen                                                ///
>                         i.ra_sle_psoriasis                      ///
>                         i.other_immunosuppression               ///
>                         i.stp

Multiple-imputation estimates                   Imputations       =         10
Logistic regression                             Number of obs     = 17,695,074
                                                Average RVI       =     0.0149
                                                Largest FMI       =     0.2866
DF adjustment:   Large sample                   DF:     min       =     119.20
                                                        avg       =   1.40e+10
                                                        max       =   6.16e+10
Model F test:       Equal FMI                   F(  75, 3.0e+06)  =    1093.18
Within VCE type:          OIM                   Prob > F          =     0.0000

-----------------------------------------------------------------------------------------------
                noncoviddeath |     exp(b)   Std. Err.      t    P>|t|     [95% Conf. Interval]
------------------------------+----------------------------------------------------------------
                     agegroup |
                      18-<40  |   .0870715   .0062709   -33.89   0.000     .0756088     .100272
                      40-<50  |   .3767364   .0194329   -18.93   0.000     .3405107     .416816
                      60-<70  |   2.099173   .0644865    24.14   0.000     1.976511    2.229447
                      70-<80  |   4.360011   .1254331    51.18   0.000     4.120969    4.612919
                         80+  |   13.97965   .4022859    91.66   0.000     13.21301    14.79077
                              |
                       1.male |    .998928   .0122995    -0.09   0.931     .9751099    1.023328
                              |
                    obese4cat |
           Obese I (30-34.9)  |   .6595747   .0121192   -22.65   0.000     .6362442    .6837607
          Obese II (35-39.9)  |   .7257348    .021117   -11.02   0.000     .6855043    .7683263
             Obese III (40+)  |   1.002957    .039374     0.08   0.940     .9286797    1.083175
                              |
                 smoke_nomiss |
                      Former  |   1.152922   .0159921    10.26   0.000     1.122001    1.184696
                     Current  |   1.694747   .0352945    25.33   0.000     1.626964    1.765355
                              |
                    ethnicity |
                       Mixed  |   1.029614    .101496     0.30   0.767     .8479716    1.250165
      Asian or Asian British  |   .7516791   .0332334    -6.46   0.000     .6886729    .8204496
                       Black  |   .7739401   .0513285    -3.86   0.000     .6791971    .8818991
                       Other  |    .576818   .0571341    -5.56   0.000     .4743246    .7014584
                              |
                          imd |
                           2  |   1.065833   .0200533     3.39   0.001     1.027245    1.105871
                           3  |   1.146819   .0215925     7.28   0.000      1.10527     1.18993
                           4  |   1.312412   .0252747    14.12   0.000     1.263797    1.362896
             5 most deprived  |   1.404939   .0284596    16.78   0.000     1.350252    1.461841
                              |
           1.htdiag_or_highbp |   1.020843    .014495     1.45   0.146     .9928249    1.049651
1.chronic_respiratory_disease |   1.689289   .0262398    33.75   0.000     1.638634    1.741509
                              |
                    asthmacat |
                 Yes, no OCS  |   .9102962   .0176606    -4.84   0.000     .8763319     .945577
                Yes with OCS  |   .9651504   .0371012    -0.92   0.356     .8951051    1.040677
                              |
    1.chronic_cardiac_disease |   1.529221   .0206329    31.48   0.000     1.489311      1.5702
                              |
                      diabcat |
         Controlled diabetes  |   1.139721   .0189542     7.86   0.000     1.103171    1.177483
       Uncontrolled diabetes  |   1.342699   .0314545    12.58   0.000     1.282443    1.405786
  Diabetes, no hba1c measure  |   1.682364    .048266    18.13   0.000     1.590375    1.779674
                              |
            cancer_exhaem_cat |
                   Last year  |   14.71874   .3061358   129.29   0.000     14.13079    15.33115
               2-5 years ago  |   3.793731   .0774899    65.28   0.000     3.644854     3.94869
                    5+ years  |   1.668232    .030053    28.41   0.000     1.610357    1.728187
                              |
              cancer_haem_cat |
                   Last year  |   5.047831   .3605866    22.66   0.000     4.388339    5.806435
               2-5 years ago  |   2.446478   .1362822    16.06   0.000     2.193435    2.728713
                    5+ years  |    1.63424   .0760282    10.56   0.000     1.491819    1.790258
                              |
      1.chronic_liver_disease |   3.335111   .1170682    34.31   0.000     3.113377    3.572638
                     1.stroke |    1.59036   .0277389    26.60   0.000     1.536911    1.645667
                   1.dementia |   3.117859   .0908848    39.01   0.000     2.944721    3.301177
                1.other_neuro |   2.420432   .0671176    31.88   0.000     2.292395     2.55562
                              |
 reduced_kidney_function_cat2 |
Stage 3a/3b egfr 30-60        |   1.348655   .0192446    20.96   0.000     1.311459    1.386907
         Stage 4 egfr 15-<30  |   2.926159   .0804396    39.06   0.000     2.772672    3.088142
Stage 5 egfr <15 or dialysis  |   6.229912   .2825352    40.34   0.000     5.700051    6.809028
                              |
           1.organ_transplant |   .6744553   .0705201    -3.77   0.000     .5494811    .8278536
                     1.spleen |   1.530994    .131419     4.96   0.000     1.293919    1.811506
           1.ra_sle_psoriasis |   1.081815   .0231125     3.68   0.000     1.037451    1.128077
    1.other_immunosuppression |   2.237258   .1804985     9.98   0.000      1.91004    2.620533
                              |
                          stp |
                           2  |   .5967396   .2709251    -1.14   0.255     .2450935    1.452908
                           3  |   .6184263   .2809857    -1.06   0.290     .2538279    1.506734
                           4  |   .5833947   .2668342    -1.18   0.239     .2380336    1.429838
                           5  |   .6136222   .2818766    -1.06   0.288     .2493956    1.509779
                           6  |    .584297   .2654972    -1.18   0.237     .2398051    1.423668
                           7  |   .6378361   .2964589    -0.97   0.333     .2564959    1.586126
                           8  |   .5488947   .2495742    -1.32   0.187      .225144     1.33819
                           9  |   .5784502   .2630683    -1.20   0.229     .2372223    1.410511
                          10  |   .5761436   .2619065    -1.21   0.225      .236367    1.404348
                          11  |   .6389317   .2905002    -0.99   0.325     .2620853    1.557637
                          12  |     .62137   .2835791    -1.04   0.297     .2540279    1.519915
                          13  |   .5696365   .2594304    -1.24   0.217     .2333102    1.390791
                          14  |   .6192982   .2819733    -1.05   0.293     .2537104    1.511685
                          15  |   .5501608    .250321    -1.31   0.189     .2255258    1.342094
                          16  |   .5800765   .2636435    -1.20   0.231     .2380213    1.413691
                          17  |   .5626711   .2559142    -1.26   0.206     .2307337    1.372139
                          18  |   .5689998   .2588443    -1.24   0.215     .2332873     1.38782
                          19  |   .5780721   .2630486    -1.20   0.228     .2369448    1.410317
                          20  |   .6097651   .2771375    -1.09   0.276      .250203    1.486048
                          21  |   .4443429   .2022382    -1.78   0.075     .1820968    1.084262
                          22  |   .5117753   .2412088    -1.42   0.155     .2031855    1.289038
                          23  |   .5980061   .2718883    -1.13   0.258     .2453013    1.457845
                          24  |   .6566935    .309226    -0.89   0.372     .2609432    1.652644
                          25  |   .5705433   .2604536    -1.23   0.219     .2331923    1.395928
                          26  |    .594606   .2703023    -1.14   0.253     .2439389    1.449364
                          27  |   .6129963   .2787243    -1.08   0.282     .2514337    1.494487
                          28  |   .5781519   .2628408    -1.21   0.228     .2371738    1.409345
                          29  |    .569617   .2592272    -1.24   0.216     .2334583    1.389814
                          30  |   .6307129   .2871938    -1.01   0.311     .2583681    1.539659
                          31  |   .5005107   .2471357    -1.40   0.161     .1901595    1.317373
                          32  |   .5848419   .2655666    -1.18   0.237     .2401721    1.424146
                              |
                        _cons |    .000544   .0002473   -16.53   0.000     .0002232    .0013261
-----------------------------------------------------------------------------------------------
. estimates save ./analysis/output/models/an_imputed_full_`dataset'`sensan'_`outcome'_`agetype', replace
file ./analysis/output/models/an_imputed_full_SEPT2020_noncoviddeath_agegrp.ster saved
. }

. 
. log close
      name:  <unnamed>
       log:  E:\analyses\covid-vs-noncovid-deaths-research\analysis/output/an_imputed_GENERAL_SEPT2020_noncoviddeath_full_agegrp.log
  log type:  text
 closed on:  20 Feb 2021, 16:44:35
------------------------------------------------------------------------------------------------------------------------------------------------------------------------------------------------------------------------------------------------------------
