------------------------------------------------------------------------------------------------------------------------------------------------------------------------------------------------------------------------------------------------------------
      name:  <unnamed>
       log:  e:\analyses\covid-vs-noncovid-deaths-research\analysis/output/an_impute_SEPT2020.log
  log type:  text
 opened on:  14 Dec 2020, 18:55:07

. 
. frames reset

. use  ./analysis/cr_create_analysis_dataset_`1'_STSET, clear

. `check'

.         
. `genoutput1'

. `genoutput2'

. foreach outcome of local outcomes{
  2.         tab `outcome'
  3. }

 coviddeath |      Freq.     Percent        Cum.
------------+-----------------------------------
          0 | 17,692,709       99.99       99.99
          1 |      2,365        0.01      100.00
------------+-----------------------------------
      Total | 17,695,074      100.00

noncoviddea |
         th |      Freq.     Percent        Cum.
------------+-----------------------------------
          0 | 17,665,748       99.83       99.83
          1 |     29,326        0.17      100.00
------------+-----------------------------------
      Total | 17,695,074      100.00

. 
. mi set wide

. mi register imputed ethnicity

. 
. mi impute mlogit ethnicity      ///
>                         age1 age2 age3                  ///
>                         i.male                                                  ///
>                         i.obese4cat                                             ///
>                         i.smoke_nomiss                                  ///
>                         i.imd                                                   ///
>                         i.htdiag_or_highbp                              ///
>                         i.chronic_respiratory_disease   ///
>                         i.asthmacat                                             ///
>                         i.chronic_cardiac_disease               ///
>                         i.diabcat                                               ///
>                         i.cancer_exhaem_cat                             ///
>                         i.cancer_haem_cat                               ///
>                         i.chronic_liver_disease                 ///
>                         i.stroke                                                ///     
>                         i.dementia                                              ///
>                         i.other_neuro                                   ///
>                         i.reduced_kidney_function_cat2  ///
>                         i.organ_transplant                              ///
>                         i.spleen                                                ///
>                         i.ra_sle_psoriasis                      ///
>                         i.other_immunosuppression               ///
>                         `outcomes', add(10) rseed(309484) noisily

Running mlogit on observed data:


Iteration 0:   log likelihood = -7737858.8  
Iteration 1:   log likelihood = -7076993.1  
Iteration 2:   log likelihood = -7006416.8  
Iteration 3:   log likelihood = -6935098.1  (backed up)
Iteration 4:   log likelihood = -6925962.6  (backed up)
Iteration 5:   log likelihood = -6894987.1  
Iteration 6:   log likelihood = -6882804.6  
Iteration 7:   log likelihood = -6879820.6  
Iteration 8:   log likelihood = -6879665.6  
Iteration 9:   log likelihood = -6879665.1  

Multinomial logistic regression                 Number of obs     = 13,223,154
                                                LR chi2(160)      = 1716387.56
                                                Prob > chi2       =     0.0000
Log likelihood = -6879665.1                     Pseudo R2         =     0.1109

-----------------------------------------------------------------------------------------------
                    ethnicity |      Coef.   Std. Err.      z    P>|z|     [95% Conf. Interval]
------------------------------+----------------------------------------------------------------
White                         |  (base outcome)
------------------------------+----------------------------------------------------------------
Mixed                         |
                         age1 |  -.0064769   .0005932   -10.92   0.000    -.0076396   -.0053143
                         age2 |  -.0789873    .002229   -35.44   0.000    -.0833562   -.0746185
                         age3 |   .1608694   .0071022    22.65   0.000     .1469494    .1747895
                              |
                         male |
                           0  |          0  (empty)
                           1  |  -.0173345    .004859    -3.57   0.000     -.026858   -.0078111
                              |
                    obese4cat |
        No record of obesity  |          0  (empty)
           Obese I (30-34.9)  |  -.1006126   .0075505   -13.33   0.000    -.1154112    -.085814
          Obese II (35-39.9)  |  -.2491905   .0116843   -21.33   0.000    -.2720914   -.2262896
             Obese III (40+)  |   -.359921   .0159263   -22.60   0.000    -.3911359   -.3287062
                              |
                 smoke_nomiss |
                       Never  |          0  (empty)
                      Former  |  -.4195068   .0060653   -69.17   0.000    -.4313945   -.4076191
                     Current  |  -.3306221   .0064358   -51.37   0.000     -.343236   -.3180082
                              |
                          imd |
            1 least deprived  |          0  (empty)
                           2  |   .1838356   .0088192    20.84   0.000     .1665502    .2011209
                           3  |   .3640165   .0084982    42.83   0.000     .3473602    .3806728
                           4  |   .5829991   .0082379    70.77   0.000      .566853    .5991451
             5 most deprived  |   .8165077    .008112   100.65   0.000     .8006085    .8324069
                              |
             htdiag_or_highbp |
                           0  |          0  (empty)
                           1  |  -.0446484   .0067156    -6.65   0.000    -.0578108    -.031486
                              |
  chronic_respiratory_disease |
                           0  |          0  (empty)
                           1  |  -.4854186   .0215907   -22.48   0.000    -.5277357   -.4431015
                              |
                    asthmacat |
                          No  |          0  (empty)
                 Yes, no OCS  |  -.1621309   .0067896   -23.88   0.000    -.1754383   -.1488236
                Yes with OCS  |  -.2065054   .0224746    -9.19   0.000    -.2505548    -.162456
                              |
      chronic_cardiac_disease |
                           0  |          0  (empty)
                           1  |  -.1708783   .0156106   -10.95   0.000    -.2014744   -.1402821
                              |
                      diabcat |
                 No diabetes  |          0  (empty)
         Controlled diabetes  |     .85665   .0119728    71.55   0.000     .8331838    .8801162
       Uncontrolled diabetes  |   .5076807   .0171189    29.66   0.000     .4741283    .5412331
  Diabetes, no hba1c measure  |   .7017947   .0187161    37.50   0.000     .6651118    .7384777
                              |
            cancer_exhaem_cat |
                       Never  |          0  (empty)
                   Last year  |  -.1235525   .0545292    -2.27   0.023    -.2304277   -.0166773
               2-5 years ago  |  -.2467391   .0316442    -7.80   0.000    -.3087606   -.1847176
                    5+ years  |  -.3324082   .0235828   -14.10   0.000    -.3786296   -.2861868
                              |
              cancer_haem_cat |
                       Never  |          0  (empty)
                   Last year  |   -.006346   .1473029    -0.04   0.966    -.2950544    .2823625
               2-5 years ago  |  -.0112184   .0805826    -0.14   0.889    -.1691574    .1467206
                    5+ years  |  -.2735633   .0561275    -4.87   0.000    -.3835712   -.1635555
                              |
        chronic_liver_disease |
                           0  |          0  (empty)
                           1  |   .1092077   .0335137     3.26   0.001      .043522    .1748933
                              |
                       stroke |
                           0  |          0  (empty)
                           1  |  -.0245555   .0265946    -0.92   0.356      -.07668     .027569
                              |
                     dementia |
                           0  |          0  (empty)
                           1  |    .259646   .0947227     2.74   0.006      .073993     .445299
                              |
                  other_neuro |
                           0  |          0  (empty)
                           1  |  -.3502332   .0333586   -10.50   0.000    -.4156149   -.2848515
                              |
 reduced_kidney_function_cat2 |
                        None  |          0  (empty)
Stage 3a/3b egfr 30-60        |   .3261477   .0178982    18.22   0.000     .2910679    .3612276
         Stage 4 egfr 15-<30  |    .525001   .0636489     8.25   0.000     .4002514    .6497506
Stage 5 egfr <15 or dialysis  |   .5549558   .0777445     7.14   0.000     .4025794    .7073322
                              |
             organ_transplant |
                           0  |          0  (empty)
                           1  |  -.4675296    .097989    -4.77   0.000    -.6595844   -.2754747
                              |
                       spleen |
                           0  |          0  (empty)
                           1  |   .6493223   .0503662    12.89   0.000     .5506063    .7480382
                              |
             ra_sle_psoriasis |
                           0  |          0  (empty)
                           1  |  -.4306364   .0143998   -29.91   0.000    -.4588594   -.4024133
                              |
      other_immunosuppression |
                           0  |          0  (empty)
                           1  |   1.433245   .0259967    55.13   0.000     1.382292    1.484198
                              |
                   coviddeath |  -.0796854   .4099709    -0.19   0.846    -.8832136    .7238429
                noncoviddeath |   .1001596   .1038663     0.96   0.335    -.1034147    .3037338
                        _cons |  -3.541135   .0183601  -192.87   0.000     -3.57712    -3.50515
------------------------------+----------------------------------------------------------------
Asian_or_Asian_British        |
                         age1 |   .0541786   .0002867   188.96   0.000     .0536166    .0547405
                         age2 |  -.2489092   .0010012  -248.62   0.000    -.2508715    -.246947
                         age3 |   .6361886   .0030322   209.81   0.000     .6302457    .6421315
                              |
                         male |
                           0  |          0  (empty)
                           1  |   .1406392    .002175    64.66   0.000     .1363763    .1449021
                              |
                    obese4cat |
        No record of obesity  |          0  (empty)
           Obese I (30-34.9)  |  -.3080318   .0033602   -91.67   0.000    -.3146176   -.3014459
          Obese II (35-39.9)  |  -.7302076   .0056241  -129.84   0.000    -.7412307   -.7191846
             Obese III (40+)  |  -1.208398   .0087309  -138.40   0.000     -1.22551   -1.191286
                              |
                 smoke_nomiss |
                       Never  |          0  (empty)
                      Former  |  -1.308673   .0029552  -442.84   0.000    -1.314465   -1.302881
                     Current  |  -1.393202   .0034193  -407.45   0.000    -1.399904   -1.386501
                              |
                          imd |
            1 least deprived  |          0  (empty)
                           2  |   .2902434   .0045418    63.91   0.000     .2813418    .2991451
                           3  |   .8243917   .0041719   197.61   0.000      .816215    .8325684
                           4  |   1.310451   .0039813   329.15   0.000     1.302648    1.318254
             5 most deprived  |   1.573511   .0039773   395.63   0.000     1.565715    1.581306
                              |
             htdiag_or_highbp |
                           0  |          0  (empty)
                           1  |  -.0855059   .0029048   -29.44   0.000    -.0911991   -.0798127
                              |
  chronic_respiratory_disease |
                           0  |          0  (empty)
                           1  |  -.3142588   .0083844   -37.48   0.000    -.3306919   -.2978257
                              |
                    asthmacat |
                          No  |          0  (empty)
                 Yes, no OCS  |  -.4042989   .0033521  -120.61   0.000    -.4108689    -.397729
                Yes with OCS  |  -.0383885   .0092796    -4.14   0.000    -.0565761   -.0202008
                              |
      chronic_cardiac_disease |
                           0  |          0  (empty)
                           1  |   .2110901   .0053827    39.22   0.000     .2005401    .2216401
                              |
                      diabcat |
                 No diabetes  |          0  (empty)
         Controlled diabetes  |   1.794539   .0042124   426.01   0.000     1.786282    1.802795
       Uncontrolled diabetes  |   1.571496   .0055798   281.64   0.000      1.56056    1.582433
  Diabetes, no hba1c measure  |   1.473226    .006784   217.16   0.000      1.45993    1.486523
                              |
            cancer_exhaem_cat |
                       Never  |          0  (empty)
                   Last year  |  -.5756881   .0268913   -21.41   0.000    -.6283941   -.5229821
               2-5 years ago  |   -.515552   .0142184   -36.26   0.000    -.5434196   -.4876845
                    5+ years  |  -.7251512   .0108558   -66.80   0.000    -.7464281   -.7038743
                              |
              cancer_haem_cat |
                       Never  |          0  (empty)
                   Last year  |  -.1367077   .0667431    -2.05   0.041    -.2675218   -.0058936
               2-5 years ago  |  -.1404777   .0354534    -3.96   0.000     -.209965   -.0709904
                    5+ years  |  -.3297549   .0239171   -13.79   0.000    -.3766315   -.2828782
                              |
        chronic_liver_disease |
                           0  |          0  (empty)
                           1  |  -.0005995    .014784    -0.04   0.968    -.0295756    .0283766
                              |
                       stroke |
                           0  |          0  (empty)
                           1  |  -.0995297   .0101424    -9.81   0.000    -.1194085    -.079651
                              |
                     dementia |
                           0  |          0  (empty)
                           1  |    .106619   .0318814     3.34   0.001     .0441327    .1691053
                              |
                  other_neuro |
                           0  |          0  (empty)
                           1  |  -.4540297   .0141844   -32.01   0.000    -.4818306   -.4262288
                              |
 reduced_kidney_function_cat2 |
                        None  |          0  (empty)
Stage 3a/3b egfr 30-60        |  -.1833174   .0075249   -24.36   0.000    -.1980659   -.1685688
         Stage 4 egfr 15-<30  |   .1640451    .022478     7.30   0.000     .1199891    .2081011
Stage 5 egfr <15 or dialysis  |   .6019955   .0280055    21.50   0.000     .5471058    .6568852
                              |
             organ_transplant |
                           0  |          0  (empty)
                           1  |  -.2371271   .0355358    -6.67   0.000     -.306776   -.1674783
                              |
                       spleen |
                           0  |          0  (empty)
                           1  |   -.520258   .0366553   -14.19   0.000     -.592101    -.448415
                              |
             ra_sle_psoriasis |
                           0  |          0  (empty)
                           1  |  -.1875461   .0057037   -32.88   0.000    -.1987252    -.176367
                              |
      other_immunosuppression |
                           0  |          0  (empty)
                           1  |  -.1808177   .0236153    -7.66   0.000    -.2271029   -.1345324
                              |
                   coviddeath |   1.083293   .0810411    13.37   0.000     .9244553    1.242131
                noncoviddeath |  -.2643388   .0434882    -6.08   0.000    -.3495741   -.1791036
                        _cons |  -3.925361   .0093455  -420.03   0.000    -3.943678   -3.907044
------------------------------+----------------------------------------------------------------
Black                         |
                         age1 |   .0241961   .0004655    51.98   0.000     .0232838    .0251084
                         age2 |  -.1111014   .0016223   -68.48   0.000     -.114281   -.1079218
                         age3 |   .1956516   .0049627    39.42   0.000     .1859249    .2053783
                              |
                         male |
                           0  |          0  (empty)
                           1  |   .0814134   .0035346    23.03   0.000     .0744858    .0883411
                              |
                    obese4cat |
        No record of obesity  |          0  (empty)
           Obese I (30-34.9)  |   .0673527   .0049636    13.57   0.000     .0576243    .0770811
          Obese II (35-39.9)  |  -.0894728   .0074516   -12.01   0.000    -.1040778   -.0748679
             Obese III (40+)  |  -.3119401   .0104483   -29.86   0.000    -.3324185   -.2914618
                              |
                 smoke_nomiss |
                       Never  |          0  (empty)
                      Former  |    -1.0491   .0046173  -227.21   0.000     -1.05815   -1.040051
                     Current  |  -1.156688   .0053467  -216.34   0.000    -1.167168   -1.146209
                              |
                          imd |
            1 least deprived  |          0  (empty)
                           2  |     .44237    .008386    52.75   0.000     .4259337    .4588063
                           3  |   .9465948   .0077513   122.12   0.000     .9314024    .9617871
                           4  |   1.483935    .007351   201.87   0.000     1.469528    1.498343
             5 most deprived  |   2.015911    .007158   281.63   0.000     2.001882     2.02994
                              |
             htdiag_or_highbp |
                           0  |          0  (empty)
                           1  |   .1743078   .0044448    39.22   0.000     .1655961    .1830194
                              |
  chronic_respiratory_disease |
                           0  |          0  (empty)
                           1  |  -.5473919   .0148434   -36.88   0.000    -.5764844   -.5182995
                              |
                    asthmacat |
                          No  |          0  (empty)
                 Yes, no OCS  |  -.4918121   .0056495   -87.05   0.000     -.502885   -.4807393
                Yes with OCS  |  -.5843872   .0183289   -31.88   0.000    -.6203112   -.5484632
                              |
      chronic_cardiac_disease |
                           0  |          0  (empty)
                           1  |  -.4324033   .0104712   -41.29   0.000    -.4529266   -.4118801
                              |
                      diabcat |
                 No diabetes  |          0  (empty)
         Controlled diabetes  |   1.124516   .0070203   160.18   0.000     1.110756    1.138275
       Uncontrolled diabetes  |   .6761643   .0102055    66.25   0.000     .6561618    .6961667
  Diabetes, no hba1c measure  |   1.098405     .01077   101.99   0.000     1.077297    1.119514
                              |
            cancer_exhaem_cat |
                       Never  |          0  (empty)
                   Last year  |  -.2908527   .0379466    -7.66   0.000    -.3652267   -.2164787
               2-5 years ago  |  -.2517848   .0202211   -12.45   0.000    -.2914174   -.2121522
                    5+ years  |  -.3880742   .0153169   -25.34   0.000    -.4180949   -.3580535
                              |
              cancer_haem_cat |
                       Never  |          0  (empty)
                   Last year  |  -.1921104   .1007559    -1.91   0.057    -.3895883    .0053675
               2-5 years ago  |  -.0299765   .0517697    -0.58   0.563    -.1314433    .0714902
                    5+ years  |  -.3998587   .0380082   -10.52   0.000    -.4743533    -.325364
                              |
        chronic_liver_disease |
                           0  |          0  (empty)
                           1  |   .3836478    .019261    19.92   0.000     .3458969    .4213987
                              |
                       stroke |
                           0  |          0  (empty)
                           1  |  -.0201007    .016231    -1.24   0.216    -.0519129    .0117114
                              |
                     dementia |
                           0  |          0  (empty)
                           1  |   .6337834   .0459499    13.79   0.000     .5437234    .7238435
                              |
                  other_neuro |
                           0  |          0  (empty)
                           1  |  -.4339859    .023144   -18.75   0.000    -.4793473   -.3886246
                              |
 reduced_kidney_function_cat2 |
                        None  |          0  (empty)
Stage 3a/3b egfr 30-60        |    .684415   .0097518    70.18   0.000     .6653017    .7035282
         Stage 4 egfr 15-<30  |   .7752293   .0349019    22.21   0.000     .7068228    .8436358
Stage 5 egfr <15 or dialysis  |   .9764588   .0410607    23.78   0.000     .8959813    1.056936
                              |
             organ_transplant |
                           0  |          0  (empty)
                           1  |  -.7092811   .0553959   -12.80   0.000    -.8178551   -.6007072
                              |
                       spleen |
                           0  |          0  (empty)
                           1  |   1.415395   .0254733    55.56   0.000     1.365468    1.465321
                              |
             ra_sle_psoriasis |
                           0  |          0  (empty)
                           1  |  -.8701231   .0122909   -70.79   0.000    -.8942127   -.8460334
                              |
      other_immunosuppression |
                           0  |          0  (empty)
                           1  |   2.210485    .014286   154.73   0.000     2.182485    2.238485
                              |
                   coviddeath |  -.0297079   .2189458    -0.14   0.892    -.4588338     .399418
                noncoviddeath |  -.1418742   .0688245    -2.06   0.039    -.2767677   -.0069807
                        _cons |  -4.596577   .0154259  -297.98   0.000    -4.626811   -4.566343
------------------------------+----------------------------------------------------------------
Other                         |
                         age1 |    .017222   .0004445    38.74   0.000     .0163507    .0180932
                         age2 |  -.1468735   .0016444   -89.32   0.000    -.1500964   -.1436505
                         age3 |   .3814666   .0051629    73.89   0.000     .3713475    .3915857
                              |
                         male |
                           0  |          0  (empty)
                           1  |   .0777691   .0035963    21.62   0.000     .0707206    .0848177
                              |
                    obese4cat |
        No record of obesity  |          0  (empty)
           Obese I (30-34.9)  |  -.4803379   .0064285   -74.72   0.000    -.4929375   -.4677382
          Obese II (35-39.9)  |   -.791362   .0111036   -71.27   0.000    -.8131246   -.7695993
             Obese III (40+)  |  -1.066406   .0167971   -63.49   0.000    -1.099328   -1.033484
                              |
                 smoke_nomiss |
                       Never  |          0  (empty)
                      Former  |  -.7870559   .0047704  -164.99   0.000    -.7964057   -.7777061
                     Current  |  -.6507008   .0049986  -130.18   0.000     -.660498   -.6409036
                              |
                          imd |
            1 least deprived  |          0  (empty)
                           2  |   .2559838   .0064062    39.96   0.000     .2434279    .2685398
                           3  |   .3995804   .0062531    63.90   0.000     .3873245    .4118363
                           4  |   .6714212   .0060366   111.23   0.000     .6595897    .6832527
             5 most deprived  |   .8146742   .0060736   134.13   0.000       .80277    .8265783
                              |
             htdiag_or_highbp |
                           0  |          0  (empty)
                           1  |  -.2928637   .0052898   -55.36   0.000    -.3032316   -.2824958
                              |
  chronic_respiratory_disease |
                           0  |          0  (empty)
                           1  |   -.468459   .0174251   -26.88   0.000    -.5026116   -.4343064
                              |
                    asthmacat |
                          No  |          0  (empty)
                 Yes, no OCS  |  -.9725503   .0069635  -139.66   0.000    -.9861985   -.9589021
                Yes with OCS  |   -.895625   .0238296   -37.58   0.000    -.9423301   -.8489199
                              |
      chronic_cardiac_disease |
                           0  |          0  (empty)
                           1  |  -.1620685   .0119751   -13.53   0.000    -.1855393   -.1385978
                              |
                      diabcat |
                 No diabetes  |          0  (empty)
         Controlled diabetes  |   1.042616   .0088675   117.58   0.000     1.025236    1.059996
       Uncontrolled diabetes  |   .5386111   .0140096    38.45   0.000     .5111528    .5660694
  Diabetes, no hba1c measure  |   .7821537   .0143179    54.63   0.000      .754091    .8102163
                              |
            cancer_exhaem_cat |
                       Never  |          0  (empty)
                   Last year  |  -.3244539   .0449808    -7.21   0.000    -.4126147    -.236293
               2-5 years ago  |  -.2426766   .0234606   -10.34   0.000    -.2886585   -.1966947
                    5+ years  |  -.3484572   .0173596   -20.07   0.000    -.3824814   -.3144329
                              |
              cancer_haem_cat |
                       Never  |          0  (empty)
                   Last year  |  -.0898444   .1186941    -0.76   0.449    -.3224805    .1427917
               2-5 years ago  |  -.1851019   .0660124    -2.80   0.005    -.3144838     -.05572
                    5+ years  |  -.3657646   .0443733    -8.24   0.000    -.4527347   -.2787945
                              |
        chronic_liver_disease |
                           0  |          0  (empty)
                           1  |   .6092122   .0209481    29.08   0.000     .5681546    .6502697
                              |
                       stroke |
                           0  |          0  (empty)
                           1  |  -.2060567   .0220191    -9.36   0.000    -.2492134      -.1629
                              |
                     dementia |
                           0  |          0  (empty)
                           1  |   .0865952   .0732192     1.18   0.237    -.0569118    .2301021
                              |
                  other_neuro |
                           0  |          0  (empty)
                           1  |   -.692731   .0293301   -23.62   0.000    -.7502169   -.6352451
                              |
 reduced_kidney_function_cat2 |
                        None  |          0  (empty)
Stage 3a/3b egfr 30-60        |   -.247064   .0157881   -15.65   0.000    -.2780081   -.2161199
         Stage 4 egfr 15-<30  |    .025689   .0555718     0.46   0.644    -.0832298    .1346077
Stage 5 egfr <15 or dialysis  |   .4908347   .0606272     8.10   0.000     .3720077    .6096618
                              |
             organ_transplant |
                           0  |          0  (empty)
                           1  |  -.4184956   .0741951    -5.64   0.000    -.5639153    -.273076
                              |
                       spleen |
                           0  |          0  (empty)
                           1  |  -.2617138   .0583188    -4.49   0.000    -.3760165    -.147411
                              |
             ra_sle_psoriasis |
                           0  |          0  (empty)
                           1  |  -.5649569   .0117358   -48.14   0.000    -.5879587   -.5419551
                              |
      other_immunosuppression |
                           0  |          0  (empty)
                           1  |   .2378802   .0341865     6.96   0.000      .170876    .3048844
                              |
                   coviddeath |   .3098478   .2607063     1.19   0.235     -.201127    .8208227
                noncoviddeath |  -.4752372   .1004985    -4.73   0.000    -.6722106   -.2782639
                        _cons |  -3.399542   .0139061  -244.46   0.000    -3.426798   -3.372287
-----------------------------------------------------------------------------------------------

Univariate imputation                       Imputations =       10
Multinomial logistic regression                   added =       10
Imputed: m=1 through m=10                       updated =        0

------------------------------------------------------------------
                   |               Observations per m             
                   |----------------------------------------------
          Variable |   Complete   Incomplete   Imputed |     Total
-------------------+-----------------------------------+----------
         ethnicity |   13223154      4471920   4471920 |  17695074
------------------------------------------------------------------
(complete + incomplete = total; imputed is the minimum across m
 of the number of filled-in observations.)

. 
. save ./analysis/an_impute_imputeddata_`1', replace
(note: file ./analysis/an_impute_imputeddata_SEPT2020.dta not found)
file ./analysis/an_impute_imputeddata_SEPT2020.dta saved

. 
. log close
      name:  <unnamed>
       log:  e:\analyses\covid-vs-noncovid-deaths-research\analysis/output/an_impute_SEPT2020.log
  log type:  text
 closed on:  14 Dec 2020, 20:03:08
------------------------------------------------------------------------------------------------------------------------------------------------------------------------------------------------------------------------------------------------------------
