--------------------------------------------------------------------------------------------------------------------------------------------------------------------------------------
      name:  <unnamed>
       log:  e:\analyses\covid-vs-noncovid-deaths-research\analysis/output/an_imputed_GENERAL_MAINSA_u071only_noncoviddeath_agesex_agespl.log
  log type:  text
 opened on:  15 Dec 2020, 00:53:24

. 
. use ./analysis/an_impute_imputeddata_`dataset', replace

. 
. if "`5'"=="SA_anywhereonDC"{
.         replace coviddeath = 1 if onsdeath>=1 & onsdeath<. & died_ons_covid_flag_any==1
.         replace noncoviddeath = 0 if died_ons_covid_flag_any==1
. }

. 
. if "`5'"=="SA_u071only"{
.         replace coviddeath = 0 if died_ons_covidconf_flag_und!=1
(1,014 real changes made)
.         replace noncoviddeath = 1 if onsdeath>=1 & onsdeath<. & died_ons_covidconf_flag_und!=1
(1,014 real changes made)
. }

. 
. if "`outcome'"=="deathsonlyCvN"{
.         drop if !(onsdeath>=1&onsdeath<.)
.         gen deathsonlyCvN = (coviddeath==1)
. }

. 
. tab `outcome'

noncoviddea |
         th |      Freq.     Percent        Cum.
------------+-----------------------------------
          0 | 17,321,185       99.22       99.22
          1 |    135,330        0.78      100.00
------------+-----------------------------------
      Total | 17,456,515      100.00

.                 
. if "`modeltorun'"=="agesex"{
. *Age-sex model
. mi estimate, eform post: logistic `outcome' age1 age2 age3 i.male i.ethnicity

Multiple-imputation estimates                   Imputations       =         10
Logistic regression                             Number of obs     = 17,456,515
                                                Average RVI       =     0.1611
                                                Largest FMI       =     0.4180
DF adjustment:   Large sample                   DF:     min       =      56.85
                                                        avg       =   1.53e+09
                                                        max       =   5.56e+09
Model F test:       Equal FMI                   F(   8, 2757.4)   =   26959.80
Within VCE type:          OIM                   Prob > F          =     0.0000

-----------------------------------------------------------------------------------------
          noncoviddeath |     exp(b)   Std. Err.      t    P>|t|     [95% Conf. Interval]
------------------------+----------------------------------------------------------------
                   age1 |   1.136329   .0046378    31.31   0.000     1.127276    1.145456
                   age2 |   .8939348   .0084061   -11.92   0.000     .8776099    .9105632
                   age3 |   1.395021   .0311429    14.91   0.000     1.335298    1.457415
                 1.male |   1.337091   .0075665    51.33   0.000     1.322343    1.352003
                        |
              ethnicity |
                 Mixed  |   .8641149   .0517118    -2.44   0.018     .7665225    .9741327
Asian or Asian British  |   .7814495   .0145705   -13.23   0.000     .7532931    .8106582
                 Black  |   .8884168   .0267919    -3.92   0.000      .837173    .9427973
                 Other  |   .6533004   .0277667   -10.02   0.000     .6006554    .7105595
                        |
                  _cons |   4.32e-06   6.24e-07   -85.54   0.000     3.26e-06    5.74e-06
-----------------------------------------------------------------------------------------
. estimates save ./analysis/output/models/an_imputed_agesex_`dataset'`sensan'_`outcome', replace
(note: file ./analysis/output/models/an_imputed_agesex_MAINSA_u071only_noncoviddeath.ster not found)
file ./analysis/output/models/an_imputed_agesex_MAINSA_u071only_noncoviddeath.ster saved
. }

. 
. if "`modeltorun'"=="full"{
. *Full model
. mi estimate, eform post: logistic `outcome' ///
>                         `age'                                                   ///
>                         i.male                                                  ///
>                         i.obese4cat                                             ///
>                         i.smoke_nomiss                                  ///
>                         i.ethnicity                                             ///
>                         i.imd                                                   ///
>                         i.htdiag_or_highbp                              ///
>                         i.chronic_respiratory_disease   ///
>                         i.asthmacat                                             ///
>                         i.chronic_cardiac_disease               ///
>                         i.diabcat                                               ///
>                         i.cancer_exhaem_cat                             ///
>                         i.cancer_haem_cat                               ///
>                         i.chronic_liver_disease                 ///
>                         i.stroke                                                ///     
>                         i.dementia                                              ///
>                         i.other_neuro                                   ///
>                         i.reduced_kidney_function_cat2  ///
>                         i.organ_transplant                              ///
>                         i.spleen                                                ///
>                         i.ra_sle_psoriasis                      ///
>                         i.other_immunosuppression
. estimates save ./analysis/output/models/an_imputed_full_`dataset'`sensan'_`outcome'_`agetype', replace
. }

. 
. log close
      name:  <unnamed>
       log:  e:\analyses\covid-vs-noncovid-deaths-research\analysis/output/an_imputed_GENERAL_MAINSA_u071only_noncoviddeath_agesex_agespl.log
  log type:  text
 closed on:  15 Dec 2020, 01:15:23
--------------------------------------------------------------------------------------------------------------------------------------------------------------------------------------
