------------------------------------------------------------------------------------------------------------------------------------------------------------------------------------------------------------------------------------------------------------
      name:  <unnamed>
       log:  e:\analyses\covid-vs-noncovid-deaths-research\analysis/output/an_imputed_GENERAL_SEPT2020_noncoviddeath_full_agespl.log
  log type:  text
 opened on:  14 Dec 2020, 21:12:40

. 
. use ./analysis/an_impute_imputeddata_`dataset', replace

. 
. if "`5'"=="SA_anywhereonDC"{
.         replace coviddeath = 1 if onsdeath>=1 & onsdeath<. & died_ons_covid_flag_any==1
.         replace noncoviddeath = 0 if died_ons_covid_flag_any==1
. }

. 
. if "`5'"=="SA_u071only"{
.         replace coviddeath = 0 if died_ons_covidconf_flag_und!=1
.         replace noncoviddeath = 1 if onsdeath>=1 & onsdeath<. & died_ons_covidconf_flag_und!=1
. }

. 
. if "`outcome'"=="deathsonlyCvN"{
.         drop if !(onsdeath>=1&onsdeath<.)
.         gen deathsonlyCvN = (coviddeath==1)
. }

. 
. tab `outcome'

noncoviddea |
         th |      Freq.     Percent        Cum.
------------+-----------------------------------
          0 | 17,665,748       99.83       99.83
          1 |     29,326        0.17      100.00
------------+-----------------------------------
      Total | 17,695,074      100.00

.                 
. if "`modeltorun'"=="agesex"{
. *Age-sex model
. mi estimate, eform post: logistic `outcome' age1 age2 age3 i.male i.ethnicity
. estimates save ./analysis/output/models/an_imputed_agesex_`dataset'`sensan'_`outcome', replace
. }

. 
. if "`modeltorun'"=="full"{
. *Full model
. mi estimate, eform post: logistic `outcome' ///
>                         `age'                                                   ///
>                         i.male                                                  ///
>                         i.obese4cat                                             ///
>                         i.smoke_nomiss                                  ///
>                         i.ethnicity                                             ///
>                         i.imd                                                   ///
>                         i.htdiag_or_highbp                              ///
>                         i.chronic_respiratory_disease   ///
>                         i.asthmacat                                             ///
>                         i.chronic_cardiac_disease               ///
>                         i.diabcat                                               ///
>                         i.cancer_exhaem_cat                             ///
>                         i.cancer_haem_cat                               ///
>                         i.chronic_liver_disease                 ///
>                         i.stroke                                                ///     
>                         i.dementia                                              ///
>                         i.other_neuro                                   ///
>                         i.reduced_kidney_function_cat2  ///
>                         i.organ_transplant                              ///
>                         i.spleen                                                ///
>                         i.ra_sle_psoriasis                      ///
>                         i.other_immunosuppression

Multiple-imputation estimates                   Imputations       =         10
Logistic regression                             Number of obs     = 17,695,074
                                                Average RVI       =     0.0253
                                                Largest FMI       =     0.2817
DF adjustment:   Large sample                   DF:     min       =     123.28
                                                        avg       =   3.04e+09
                                                        max       =   5.11e+10
Model F test:       Equal FMI                   F(  42,579712.1)  =    2032.32
Within VCE type:          OIM                   Prob > F          =     0.0000

-----------------------------------------------------------------------------------------------
                noncoviddeath |     exp(b)   Std. Err.      t    P>|t|     [95% Conf. Interval]
------------------------------+----------------------------------------------------------------
                         age1 |   1.212325     .01434    16.28   0.000     1.184543     1.24076
                         age2 |    .766583   .0193961   -10.51   0.000     .7294946    .8055572
                         age3 |   1.965681   .1161243    11.44   0.000     1.750764    2.206981
                       1.male |   1.070291   .0132931     5.47   0.000     1.044552    1.096665
                              |
                    obese4cat |
           Obese I (30-34.9)  |   .7298533   .0134738   -17.06   0.000     .7039171     .756745
          Obese II (35-39.9)  |   .8346268   .0243788    -6.19   0.000     .7881872    .8838027
             Obese III (40+)  |   1.195129   .0470423     4.53   0.000     1.106395     1.29098
                              |
                 smoke_nomiss |
                      Former  |   1.163646    .016159    10.91   0.000     1.132402    1.195752
                     Current  |   1.900292   .0399184    30.56   0.000     1.823642    1.980164
                              |
                    ethnicity |
                       Mixed  |    1.04927   .1025731     0.49   0.623     .8656572    1.271827
      Asian or Asian British  |   .7672063   .0332799    -6.11   0.000      .704081    .8359912
                       Black  |   .7809813   .0512639    -3.77   0.000     .6863119    .8887094
                       Other  |   .5644466   .0554941    -5.82   0.000     .4648768     .685343
                              |
                          imd |
                           2  |   1.056055   .0198359     2.90   0.004     1.017884    1.095657
                           3  |   1.130487   .0211115     6.57   0.000     1.089857    1.172631
                           4  |    1.29322    .024529    13.56   0.000     1.246027    1.342201
             5 most deprived  |   1.416854   .0276818    17.83   0.000     1.363625    1.472162
                              |
           1.htdiag_or_highbp |   .9655508   .0137158    -2.47   0.014     .9390392     .992811
1.chronic_respiratory_disease |   1.717164   .0266394    34.85   0.000     1.665737    1.770178
                              |
                    asthmacat |
                 Yes, no OCS  |   .9322275    .018123    -3.61   0.000     .8973752    .9684333
                Yes with OCS  |   .9937855   .0382927    -0.16   0.871     .9214971    1.071745
                              |
    1.chronic_cardiac_disease |    1.44479   .0194291    27.36   0.000     1.407207    1.483376
                              |
                      diabcat |
         Controlled diabetes  |   1.158521   .0191652     8.89   0.000      1.12156      1.1967
       Uncontrolled diabetes  |   1.437557   .0336875    15.49   0.000     1.373024    1.505124
  Diabetes, no hba1c measure  |   1.619343   .0464181    16.82   0.000     1.530874    1.712925
                              |
            cancer_exhaem_cat |
                   Last year  |   15.14025   .3164171   130.02   0.000     14.53262     15.7733
               2-5 years ago  |   3.878339   .0793623    66.24   0.000     3.725869    4.037047
                    5+ years  |   1.621637   .0292291    26.82   0.000     1.565349    1.679949
                              |
              cancer_haem_cat |
                   Last year  |   5.302583   .3792752    23.32   0.000     4.608971    6.100578
               2-5 years ago  |   2.561839   .1429674    16.86   0.000     2.296409    2.857949
                    5+ years  |   1.658523   .0772841    10.86   0.000      1.51376    1.817129
                              |
      1.chronic_liver_disease |   3.563304   .1252138    36.16   0.000      3.32615    3.817367
                     1.stroke |   1.509056   .0262692    23.64   0.000     1.458438    1.561432
                   1.dementia |   2.737998   .0797976    34.56   0.000      2.58598    2.898951
                1.other_neuro |   2.508238   .0696228    33.13   0.000     2.375426    2.648477
                              |
 reduced_kidney_function_cat2 |
Stage 3a/3b egfr 30-60        |   1.135541   .0164199     8.79   0.000      1.10381    1.168184
         Stage 4 egfr 15-<30  |   2.189271    .060865    28.18   0.000      2.07317    2.311874
Stage 5 egfr <15 or dialysis  |   5.691741    .258782    38.25   0.000      5.20648     6.22223
                              |
           1.organ_transplant |   .7921769   .0827156    -2.23   0.026     .6455702    .9720774
                     1.spleen |   1.580986   .1360154     5.32   0.000     1.335664    1.871365
           1.ra_sle_psoriasis |    1.11226   .0237979     4.97   0.000     1.066581    1.159895
    1.other_immunosuppression |   2.358483   .1904447    10.63   0.000     2.013258    2.762907
                        _cons |   6.32e-08   2.70e-08   -38.83   0.000     2.74e-08    1.46e-07
-----------------------------------------------------------------------------------------------
. estimates save ./analysis/output/models/an_imputed_full_`dataset'`sensan'_`outcome'_`agetype', replace
(note: file ./analysis/output/models/an_imputed_full_SEPT2020_noncoviddeath_agespl.ster not found)
file ./analysis/output/models/an_imputed_full_SEPT2020_noncoviddeath_agespl.ster saved
. }

. 
. log close
      name:  <unnamed>
       log:  e:\analyses\covid-vs-noncovid-deaths-research\analysis/output/an_imputed_GENERAL_SEPT2020_noncoviddeath_full_agespl.log
  log type:  text
 closed on:  14 Dec 2020, 23:20:09
--------------------------------------------------------------------------------------------------------------------------------------------------------------------------------------
