------------------------------------------------------------------------------------------------------------------------------------------------------------------------------------------------------------------------------------------------------------
      name:  <unnamed>
       log:  E:\analyses\covid-vs-noncovid-deaths-research\analysis/output/an_imputed_GENERAL_MAIN_coviddeath_full_agegrp.log
  log type:  text
 opened on:  20 Feb 2021, 14:22:16

. 
. use ./analysis/an_impute_imputeddata_`dataset', replace

. 
. if "`5'"=="SA_anywhereonDC"{
.         replace coviddeath = 1 if onsdeath>=1 & onsdeath<. & died_ons_covid_flag_any==1
.         replace noncoviddeath = 0 if died_ons_covid_flag_any==1
. }

. 
. if "`5'"=="SA_u071only"{
.         replace coviddeath = 0 if died_ons_covidconf_flag_und!=1
.         replace noncoviddeath = 1 if onsdeath>=1 & onsdeath<. & died_ons_covidconf_flag_und!=1
. }

. 
. if "`outcome'"=="deathsonlyCvN"{
.         drop if !(onsdeath>=1&onsdeath<.)
.         gen deathsonlyCvN = (coviddeath==1)
. }

. 
. tab `outcome'

 coviddeath |      Freq.     Percent        Cum.
------------+-----------------------------------
          0 | 17,439,452       99.90       99.90
          1 |     17,063        0.10      100.00
------------+-----------------------------------
      Total | 17,456,515      100.00

. 
. if "`modeltorun'"=="agesex_cox"{
.         gen onsdeath_cnc = onsdeath
.         recode onsdeath_cnc 2/6=2
.         if "`outcome'"=="coviddeath" local outcomenum = 1
.         else if "`outcome'"=="noncoviddeath" local outcomenum = 2
.         mi stset stime_onsdeath, fail(onsdeath_cnc==`outcomenum') id(patient_id) enter(enter_date) origin(enter_date)
.         mi estimate: stcox age1 age2 age3 male i.ethnicity, strata(stp)
.         drop if !(onsdeath>=1&onsdeath<.)
.         gen deathsonlyCvN = (coviddeath==1)
. }

.                 
. if "`modeltorun'"=="agesex"{
. *Age-sex model
. mi estimate, eform post: logistic `outcome' age1 age2 age3 i.male i.stp i.ethnicity 
. estimates save ./analysis/output/models/an_imputed_agesex_`dataset'`sensan'_`outcome', replace
. }

. 
. if "`modeltorun'"=="full"{
. *Full model
. mi estimate, eform post: logistic `outcome' ///
>                         `age'                                                   ///
>                         i.male                                                  ///
>                         i.obese4cat                                             ///
>                         i.smoke_nomiss                                  ///
>                         i.ethnicity                                             ///
>                         i.imd                                                   ///
>                         i.htdiag_or_highbp                              ///
>                         i.chronic_respiratory_disease   ///
>                         i.asthmacat                                             ///
>                         i.chronic_cardiac_disease               ///
>                         i.diabcat                                               ///
>                         i.cancer_exhaem_cat                             ///
>                         i.cancer_haem_cat                               ///
>                         i.chronic_liver_disease                 ///
>                         i.stroke                                                ///     
>                         i.dementia                                              ///
>                         i.other_neuro                                   ///
>                         i.reduced_kidney_function_cat2  ///
>                         i.organ_transplant                              ///
>                         i.spleen                                                ///
>                         i.ra_sle_psoriasis                      ///
>                         i.other_immunosuppression               ///
>                         i.stp

Multiple-imputation estimates                   Imputations       =         10
Logistic regression                             Number of obs     = 17,456,515
                                                Average RVI       =     0.0233
                                                Largest FMI       =     0.4888
DF adjustment:   Large sample                   DF:     min       =      41.65
                                                        avg       =   1.22e+09
                                                        max       =   4.56e+10
Model F test:       Equal FMI                   F(  75, 1.3e+06)  =     560.19
Within VCE type:          OIM                   Prob > F          =     0.0000

-----------------------------------------------------------------------------------------------
                   coviddeath |     exp(b)   Std. Err.      t    P>|t|     [95% Conf. Interval]
------------------------------+----------------------------------------------------------------
                     agegroup |
                      18-<40  |   .0554286   .0068221   -23.50   0.000      .043548    .0705502
                      40-<50  |   .3386793   .0258467   -14.19   0.000     .2916273    .3933229
                      60-<70  |   2.567883   .1150845    21.04   0.000     2.351944    2.803647
                      70-<80  |   6.738247   .2797743    45.95   0.000     6.211618    7.309524
                         80+  |   24.10165   .9952717    77.06   0.000     22.22781    26.13347
                              |
                       1.male |   1.427743   .0231013    22.01   0.000     1.383176    1.473746
                              |
                    obese4cat |
           Obese I (30-34.9)  |   .9656897   .0208844    -1.61   0.106     .9256125    1.007502
          Obese II (35-39.9)  |   1.257908   .0400319     7.21   0.000     1.181843    1.338868
             Obese III (40+)  |   1.781757   .0766644    13.42   0.000     1.637659    1.938534
                              |
                 smoke_nomiss |
                      Former  |   1.247452   .0223492    12.34   0.000     1.204406    1.292037
                     Current  |   .8754348   .0300923    -3.87   0.000     .8183976    .9364472
                              |
                    ethnicity |
                       Mixed  |   1.348871   .1502297     2.69   0.008     1.083336    1.679491
      Asian or Asian British  |   1.612664   .0725645    10.62   0.000     1.472642       1.766
                       Black  |   1.359399    .085149     4.90   0.000     1.201089    1.538577
                       Other  |   1.327174     .11427     3.29   0.001     1.119476    1.573406
                              |
                          imd |
                           2  |   1.130782   .0294461     4.72   0.000     1.074517    1.189994
                           3  |   1.260306   .0328285     8.88   0.000     1.197578    1.326319
                           4  |   1.542299   .0396779    16.84   0.000     1.466459    1.622061
             5 most deprived  |   1.716882    .045108    20.57   0.000     1.630709    1.807609
                              |
           1.htdiag_or_highbp |   .9376478   .0175314    -3.44   0.001     .9039089    .9726461
1.chronic_respiratory_disease |   1.625222   .0328024    24.06   0.000     1.562186    1.690802
                              |
                    asthmacat |
                 Yes, no OCS  |   .9720954    .024127    -1.14   0.254      .925939    1.020553
                Yes with OCS  |    1.11358   .0500267     2.39   0.017     1.019722    1.216077
                              |
    1.chronic_cardiac_disease |   1.286561     .02232    14.52   0.000      1.24355     1.33106
                              |
                      diabcat |
         Controlled diabetes  |   1.158521   .0238727     7.14   0.000     1.112662    1.206269
       Uncontrolled diabetes  |   1.690583   .0447268    19.85   0.000     1.605152    1.780561
  Diabetes, no hba1c measure  |   1.781678   .0734642    14.01   0.000     1.643355    1.931643
                              |
            cancer_exhaem_cat |
                   Last year  |    1.41099    .083626     5.81   0.000     1.256248    1.584794
               2-5 years ago  |   1.083448   .0434042     2.00   0.045     1.001631    1.171947
                    5+ years  |   .9999591   .0255929    -0.00   0.999     .9510352      1.0514
                              |
              cancer_haem_cat |
                   Last year  |   2.297475    .305796     6.25   0.000     1.769925    2.982266
               2-5 years ago  |   2.122933   .1675304     9.54   0.000     1.818712    2.478041
                    5+ years  |   1.616815   .1005772     7.72   0.000     1.431231    1.826464
                              |
      1.chronic_liver_disease |   1.640914    .103567     7.85   0.000      1.44998    1.856991
                     1.stroke |   1.596575   .0347993    21.47   0.000     1.529805    1.666258
                   1.dementia |   4.019132   .1233376    45.33   0.000     3.784521    4.268287
                1.other_neuro |   2.602729   .0855672    29.10   0.000      2.44031    2.775959
                              |
 reduced_kidney_function_cat2 |
Stage 3a/3b egfr 30-60        |   1.522009   .0274743    23.27   0.000     1.469102    1.576822
         Stage 4 egfr 15-<30  |   2.678934    .094651    27.89   0.000     2.499699    2.871021
Stage 5 egfr <15 or dialysis  |   4.864335   .2935724    26.21   0.000     4.321671    5.475139
                              |
           1.organ_transplant |   1.404703   .1631025     2.93   0.003     1.118794    1.763677
                     1.spleen |   1.216187   .1619318     1.47   0.142     .9368398     1.57883
           1.ra_sle_psoriasis |   1.196061   .0323605     6.62   0.000     1.134288    1.261198
    1.other_immunosuppression |   1.853826   .2263798     5.05   0.000     1.459233    2.355122
                              |
                          stp |
                           2  |   .5913451   .4214848    -0.74   0.461     .1462655    2.390782
                           3  |   .4264391   .3042091    -1.19   0.232       .10535    1.726153
                           4  |    .773832    .553268    -0.36   0.720     .1905731    3.142185
                           5  |   .8258071   .5917066    -0.27   0.789     .2027572    3.363418
                           6  |   .6238037   .4448026    -0.66   0.508     .1542054     2.52346
                           7  |   .7370337   .5314608    -0.42   0.672     .1793504    3.028812
                           8  |   .5646996   .4028145    -0.80   0.423     .1395192    2.285605
                           9  |   .1956846   .1399747    -2.28   0.023     .0481599    .7951107
                          10  |   .5463326   .3897117    -0.85   0.397     .1349818    2.211256
                          11  |    .527273   .3762136    -0.90   0.370     .1302256    2.134887
                          12  |   .6467144   .4619845    -0.61   0.542     .1594598    2.622852
                          13  |    .632385   .4513801    -0.64   0.521     .1561046    2.561812
                          14  |   .6355376   .4537135    -0.63   0.525     .1568427    2.575244
                          15  |   .3860545   .2757203    -1.33   0.183     .0952182    1.565226
                          16  |   .2531106   .1807533    -1.92   0.054     .0624372     1.02607
                          17  |   .3959704    .282701    -1.30   0.194     .0977129    1.604625
                          18  |   .6394495   .4562166    -0.63   0.531     .1579482    2.588796
                          19  |   .6080328   .4339483    -0.70   0.486     .1501174    2.462765
                          20  |   .6487517    .462671    -0.61   0.544     .1603342     2.62501
                          21  |    .653331   .4660314    -0.60   0.551     .1614201    2.644289
                          22  |   .5622898   .4075809    -0.79   0.427     .1358185    2.327885
                          23  |   .3552638   .2536592    -1.45   0.147     .0876579    1.439829
                          24  |    .694609   .5060736    -0.50   0.617     .1665627    2.896697
                          25  |   .1406481   .1015995    -2.72   0.007     .0341393    .5794466
                          26  |   .1370736   .0981404    -2.78   0.006     .0336915     .557683
                          27  |   .3957357   .2825125    -1.30   0.194     .0976651    1.603508
                          28  |   .2009564   .1436716    -2.24   0.025     .0494931    .8159419
                          29  |    .306985   .2194476    -1.65   0.099     .0756201    1.246226
                          30  |   .5133428   .3667114    -0.93   0.351     .1265737    2.081956
                          31  |   .3910387   .2977564    -1.23   0.218     .0879169    1.739271
                          32  |    .613844   .4375485    -0.68   0.494     .1518172    2.481962
                              |
                        _cons |   .0002157    .000154   -11.83   0.000     .0000533    .0008739
-----------------------------------------------------------------------------------------------
. estimates save ./analysis/output/models/an_imputed_full_`dataset'`sensan'_`outcome'_`agetype', replace
file ./analysis/output/models/an_imputed_full_MAIN_coviddeath_agegrp.ster saved
. }

. 
. log close
      name:  <unnamed>
       log:  E:\analyses\covid-vs-noncovid-deaths-research\analysis/output/an_imputed_GENERAL_MAIN_coviddeath_full_agegrp.log
  log type:  text
 closed on:  20 Feb 2021, 16:58:32
------------------------------------------------------------------------------------------------------------------------------------------------------------------------------------------------------------------------------------------------------------
