--------------------------------------------------------------------------------------------------------------------------------------------------------------------------------------
      name:  <unnamed>
       log:  e:\analyses\covid-vs-noncovid-deaths-research\analysis/output/an_imputed_GENERAL_2019_primarycaredeath_full_agespl.log
  log type:  text
 opened on:  15 Dec 2020, 00:53:22

. 
. use ./analysis/an_impute_imputeddata_`dataset', replace

. 
. if "`5'"=="SA_anywhereonDC"{
.         replace coviddeath = 1 if onsdeath>=1 & onsdeath<. & died_ons_covid_flag_any==1
.         replace noncoviddeath = 0 if died_ons_covid_flag_any==1
. }

. 
. if "`5'"=="SA_u071only"{
.         replace coviddeath = 0 if died_ons_covidconf_flag_und!=1
.         replace noncoviddeath = 1 if onsdeath>=1 & onsdeath<. & died_ons_covidconf_flag_und!=1
. }

. 
. if "`outcome'"=="deathsonlyCvN"{
.         drop if !(onsdeath>=1&onsdeath<.)
.         gen deathsonlyCvN = (coviddeath==1)
. }

. 
. tab `outcome'

primarycare |
      death |      Freq.     Percent        Cum.
------------+-----------------------------------
          0 | 17,132,364       99.25       99.25
          1 |    129,364        0.75      100.00
------------+-----------------------------------
      Total | 17,261,728      100.00

.                 
. if "`modeltorun'"=="agesex"{
. *Age-sex model
. mi estimate, eform post: logistic `outcome' age1 age2 age3 i.male i.ethnicity
. estimates save ./analysis/output/models/an_imputed_agesex_`dataset'`sensan'_`outcome', replace
. }

. 
. if "`modeltorun'"=="full"{
. *Full model
. mi estimate, eform post: logistic `outcome' ///
>                         `age'                                                   ///
>                         i.male                                                  ///
>                         i.obese4cat                                             ///
>                         i.smoke_nomiss                                  ///
>                         i.ethnicity                                             ///
>                         i.imd                                                   ///
>                         i.htdiag_or_highbp                              ///
>                         i.chronic_respiratory_disease   ///
>                         i.asthmacat                                             ///
>                         i.chronic_cardiac_disease               ///
>                         i.diabcat                                               ///
>                         i.cancer_exhaem_cat                             ///
>                         i.cancer_haem_cat                               ///
>                         i.chronic_liver_disease                 ///
>                         i.stroke                                                ///     
>                         i.dementia                                              ///
>                         i.other_neuro                                   ///
>                         i.reduced_kidney_function_cat2  ///
>                         i.organ_transplant                              ///
>                         i.spleen                                                ///
>                         i.ra_sle_psoriasis                      ///
>                         i.other_immunosuppression

Multiple-imputation estimates                   Imputations       =         10
Logistic regression                             Number of obs     = 17,261,728
                                                Average RVI       =     0.0411
                                                Largest FMI       =     0.4187
DF adjustment:   Large sample                   DF:     min       =      56.66
                                                        avg       =   4.68e+08
                                                        max       =   5.36e+09
Model F test:       Equal FMI                   F(  42,226879.2)  =    7589.34
Within VCE type:          OIM                   Prob > F          =     0.0000

-----------------------------------------------------------------------------------------------
             primarycaredeath |     exp(b)   Std. Err.      t    P>|t|     [95% Conf. Interval]
------------------------------+----------------------------------------------------------------
                         age1 |   1.106343   .0035798    31.23   0.000     1.099349    1.113382
                         age2 |   .8845273    .006794   -15.97   0.000     .8713111    .8979439
                         age3 |   1.484662    .027838    21.08   0.000     1.431091    1.540238
                       1.male |   1.129519   .0068949    19.95   0.000     1.116086    1.143114
                              |
                    obese4cat |
           Obese I (30-34.9)  |   .7624783   .0069151   -29.90   0.000     .7490447    .7761528
          Obese II (35-39.9)  |   .8908127   .0126335    -8.15   0.000     .8663924    .9159214
             Obese III (40+)  |   1.210235   .0236763     9.75   0.000     1.164709    1.257541
                              |
                 smoke_nomiss |
                      Former  |   1.150038    .007864    20.44   0.000     1.134727    1.165555
                     Current  |   2.067886    .020537    73.15   0.000     2.028023    2.108532
                              |
                    ethnicity |
                       Mixed  |   .8016744    .050198    -3.53   0.001     .7071896    .9087829
      Asian or Asian British  |    .709127   .0142294   -17.13   0.000     .6816783    .7376809
                       Black  |   .6598942   .0256164   -10.71   0.000     .6106851    .7130686
                       Other  |    .610552   .0279199   -10.79   0.000     .5577973     .668296
                              |
                          imd |
                           2  |   1.077141   .0100164     7.99   0.000     1.057687    1.096953
                           3  |   1.154493   .0107064    15.49   0.000     1.133698    1.175669
                           4  |   1.278043   .0120569    26.01   0.000     1.254629    1.301894
             5 most deprived  |   1.432453   .0137089    37.55   0.000     1.405834    1.459575
                              |
           1.htdiag_or_highbp |   .9723905   .0067633    -4.03   0.000     .9592247     .985737
1.chronic_respiratory_disease |   1.946789   .0149595    86.69   0.000     1.917688    1.976331
                              |
                    asthmacat |
                 Yes, no OCS  |    .952969   .0091207    -5.03   0.000     .9352595    .9710139
                Yes with OCS  |   .9370051   .0178849    -3.41   0.001      .902599    .9727227
                              |
    1.chronic_cardiac_disease |   1.480055    .009922    58.49   0.000     1.460735     1.49963
                              |
                      diabcat |
         Controlled diabetes  |   1.170084   .0096487    19.05   0.000     1.151325    1.189149
       Uncontrolled diabetes  |   1.546432   .0181594    37.13   0.000     1.511247    1.582437
  Diabetes, no hba1c measure  |   1.733345    .029844    31.95   0.000     1.675828    1.792837
                              |
            cancer_exhaem_cat |
                   Last year  |    10.3115   .1297861   185.38   0.000     10.06023    10.56904
               2-5 years ago  |   3.482666   .0383654   113.27   0.000     3.408278    3.558679
                    5+ years  |   1.570353   .0143232    49.48   0.000      1.54253    1.598678
                              |
              cancer_haem_cat |
                   Last year  |    4.57377   .1918091    36.25   0.000     4.212866    4.965591
               2-5 years ago  |   2.483272   .0764552    29.54   0.000     2.337854    2.637735
                    5+ years  |   1.850498   .0442375    25.75   0.000     1.765794    1.939266
                              |
      1.chronic_liver_disease |   3.707671   .0703899    69.02   0.000     3.572244    3.848232
                     1.stroke |   1.481792    .013302    43.81   0.000     1.455948    1.508094
                   1.dementia |   2.803807   .0431374    67.01   0.000     2.720521    2.889642
                1.other_neuro |   2.634642   .0374224    68.20   0.000     2.562307    2.709019
                              |
 reduced_kidney_function_cat2 |
Stage 3a/3b egfr 30-60        |   1.150062    .008252    19.49   0.000     1.134002     1.16635
         Stage 4 egfr 15-<30  |   2.207976   .0326117    53.63   0.000     2.144975    2.272828
Stage 5 egfr <15 or dialysis  |   6.139854   .1578002    70.61   0.000     5.838232    6.457059
                              |
           1.organ_transplant |   .9043467   .0463254    -1.96   0.050     .8179596    .9998573
                     1.spleen |   1.558202     .06945     9.95   0.000     1.427859    1.700444
           1.ra_sle_psoriasis |    1.13223   .0120929    11.63   0.000     1.108774    1.156181
    1.other_immunosuppression |   2.291114   .1007913    18.85   0.000     2.101844    2.497428
                        _cons |    .000012   1.34e-06  -101.63   0.000     9.66e-06     .000015
-----------------------------------------------------------------------------------------------
. estimates save ./analysis/output/models/an_imputed_full_`dataset'`sensan'_`outcome'_`agetype', replace
(note: file ./analysis/output/models/an_imputed_full_2019_primarycaredeath_agespl.ster not found)
file ./analysis/output/models/an_imputed_full_2019_primarycaredeath_agespl.ster saved
. }

. 
. log close
      name:  <unnamed>
       log:  e:\analyses\covid-vs-noncovid-deaths-research\analysis/output/an_imputed_GENERAL_2019_primarycaredeath_full_agespl.log
  log type:  text
 closed on:  15 Dec 2020, 02:03:19
--------------------------------------------------------------------------------------------------------------------------------------------------------------------------------------
