--------------------------------------------------------------------------------------------------------------------------------------------------------------------------------------
      name:  <unnamed>
       log:  e:\analyses\covid-vs-noncovid-deaths-research\analysis/output/an_imputed_GENERAL_2019_primarycaredeath_agesex_agespl.log
  log type:  text
 opened on:  15 Dec 2020, 00:53:22

. 
. use ./analysis/an_impute_imputeddata_`dataset', replace

. 
. if "`5'"=="SA_anywhereonDC"{
.         replace coviddeath = 1 if onsdeath>=1 & onsdeath<. & died_ons_covid_flag_any==1
.         replace noncoviddeath = 0 if died_ons_covid_flag_any==1
. }

. 
. if "`5'"=="SA_u071only"{
.         replace coviddeath = 0 if died_ons_covidconf_flag_und!=1
.         replace noncoviddeath = 1 if onsdeath>=1 & onsdeath<. & died_ons_covidconf_flag_und!=1
. }

. 
. if "`outcome'"=="deathsonlyCvN"{
.         drop if !(onsdeath>=1&onsdeath<.)
.         gen deathsonlyCvN = (coviddeath==1)
. }

. 
. tab `outcome'

primarycare |
      death |      Freq.     Percent        Cum.
------------+-----------------------------------
          0 | 17,132,364       99.25       99.25
          1 |    129,364        0.75      100.00
------------+-----------------------------------
      Total | 17,261,728      100.00

.                 
. if "`modeltorun'"=="agesex"{
. *Age-sex model
. mi estimate, eform post: logistic `outcome' age1 age2 age3 i.male i.ethnicity

Multiple-imputation estimates                   Imputations       =         10
Logistic regression                             Number of obs     = 17,261,728
                                                Average RVI       =     0.1870
                                                Largest FMI       =     0.4154
DF adjustment:   Large sample                   DF:     min       =      57.56
                                                        avg       =   2.91e+08
                                                        max       =   1.41e+09
Model F test:       Equal FMI                   F(   8, 2153.0)   =   25658.53
Within VCE type:          OIM                   Prob > F          =     0.0000

-----------------------------------------------------------------------------------------
       primarycaredeath |     exp(b)   Std. Err.      t    P>|t|     [95% Conf. Interval]
------------------------+----------------------------------------------------------------
                   age1 |   1.087177   .0033485    27.14   0.000     1.080634     1.09376
                   age2 |   .9613166   .0070537    -5.38   0.000     .9475905    .9752414
                   age3 |   1.198207   .0214807    10.09   0.000     1.156836    1.241057
                 1.male |   1.379173   .0079663    55.66   0.000     1.363647    1.394875
                        |
              ethnicity |
                 Mixed  |   .8283705   .0509299    -3.06   0.003     .7324323    .9368752
Asian or Asian British  |   .7356313   .0142591   -15.84   0.000      .708104    .7642287
                 Black  |   .7398278   .0273583    -8.15   0.000     .6873018    .7963681
                 Other  |    .595259   .0265951   -11.61   0.000     .5449925    .6501618
                        |
                  _cons |   .0000272   2.88e-06   -99.53   0.000     .0000221    .0000335
-----------------------------------------------------------------------------------------
. estimates save ./analysis/output/models/an_imputed_agesex_`dataset'`sensan'_`outcome', replace
(note: file ./analysis/output/models/an_imputed_agesex_2019_primarycaredeath.ster not found)
file ./analysis/output/models/an_imputed_agesex_2019_primarycaredeath.ster saved
. }

. 
. if "`modeltorun'"=="full"{
. *Full model
. mi estimate, eform post: logistic `outcome' ///
>                         `age'                                                   ///
>                         i.male                                                  ///
>                         i.obese4cat                                             ///
>                         i.smoke_nomiss                                  ///
>                         i.ethnicity                                             ///
>                         i.imd                                                   ///
>                         i.htdiag_or_highbp                              ///
>                         i.chronic_respiratory_disease   ///
>                         i.asthmacat                                             ///
>                         i.chronic_cardiac_disease               ///
>                         i.diabcat                                               ///
>                         i.cancer_exhaem_cat                             ///
>                         i.cancer_haem_cat                               ///
>                         i.chronic_liver_disease                 ///
>                         i.stroke                                                ///     
>                         i.dementia                                              ///
>                         i.other_neuro                                   ///
>                         i.reduced_kidney_function_cat2  ///
>                         i.organ_transplant                              ///
>                         i.spleen                                                ///
>                         i.ra_sle_psoriasis                      ///
>                         i.other_immunosuppression
. estimates save ./analysis/output/models/an_imputed_full_`dataset'`sensan'_`outcome'_`agetype', replace
. }

. 
. log close
      name:  <unnamed>
       log:  e:\analyses\covid-vs-noncovid-deaths-research\analysis/output/an_imputed_GENERAL_2019_primarycaredeath_agesex_agespl.log
  log type:  text
 closed on:  15 Dec 2020, 01:15:46
--------------------------------------------------------------------------------------------------------------------------------------------------------------------------------------
