-------------------------------------------------------------------------------
      name:  <unnamed>
       log:  /workspace/analysis/output/an_impute_MAIN.log
  log type:  text
 opened on:  14 Dec 2020, 17:13:06

. 
. frames reset

. use  ./analysis/cr_create_analysis_dataset_`1'_STSET, clear

. `check'

.         
. `genoutput1'

. `genoutput2'

. foreach outcome of local outcomes{
  2.         tab `outcome'
  3. }

 coviddeath |      Freq.     Percent        Cum.
------------+-----------------------------------
          0 | 17,439,452       99.90       99.90
          1 |     17,063        0.10      100.00
------------+-----------------------------------
      Total | 17,456,515      100.00

noncoviddea |
         th |      Freq.     Percent        Cum.
------------+-----------------------------------
          0 | 17,322,199       99.23       99.23
          1 |    134,316        0.77      100.00
------------+-----------------------------------
      Total | 17,456,515      100.00

. 
. mi set wide

. mi register imputed ethnicity

. 
. mi impute mlogit ethnicity      ///
>                         age1 age2 age3                  ///
>                         i.male                                               
>    ///
>                         i.obese4cat                                          
>    ///
>                         i.smoke_nomiss                                  ///
>                         i.imd                                                
>    ///
>                         i.htdiag_or_highbp                              ///
>                         i.chronic_respiratory_disease   ///
>                         i.asthmacat                                          
>    ///
>                         i.chronic_cardiac_disease               ///
>                         i.diabcat                                            
>    ///
>                         i.cancer_exhaem_cat                             ///
>                         i.cancer_haem_cat                               ///
>                         i.chronic_liver_disease                 ///
>                         i.stroke                                             
>    ///     
>                         i.dementia                                           
>    ///
>                         i.other_neuro                                   ///
>                         i.reduced_kidney_function_cat2  ///
>                         i.organ_transplant                              ///
>                         i.spleen                                             
>    ///
>                         i.ra_sle_psoriasis                      ///
>                         i.other_immunosuppression               ///
>                         `outcomes', add(10) rseed(309484) noisily

Running mlogit on observed data:


Iteration 0:   log likelihood =   -7524157  
Iteration 1:   log likelihood = -6888257.2  
Iteration 2:   log likelihood = -6781316.5  
Iteration 3:   log likelihood = -6742291.5  
Iteration 4:   log likelihood = -6689186.2  
Iteration 5:   log likelihood = -6687707.7  
Iteration 6:   log likelihood = -6687671.3  
Iteration 7:   log likelihood = -6687671.3  

Multinomial logistic regression                 Number of obs     = 13,029,214
                                                LR chi2(160)      = 1672971.42
                                                Prob > chi2       =     0.0000
Log likelihood = -6687671.3                     Pseudo R2         =     0.1112

------------------------------------------------------------------------------
   ethnicity |      Coef.   Std. Err.      z    P>|z|     [95% Conf. Interval]
-------------+----------------------------------------------------------------
White        |  (base outcome)
-------------+----------------------------------------------------------------
Mixed        |
        age1 |  -.0062595   .0006032   -10.38   0.000    -.0074418   -.0050772
        age2 |  -.0844409   .0023434   -36.03   0.000    -.0890339    -.079848
        age3 |   .1770208   .0074442    23.78   0.000     .1624305    .1916111
             |
        male |
          0  |          0  (empty)
          1  |  -.0173056   .0049575    -3.49   0.000    -.0270221    -.007589
             |
   obese4cat |
No record..  |          0  (empty)
Obese I ..)  |  -.0971827   .0076303   -12.74   0.000    -.1121379   -.0822275
Obese II..)  |   -.244162   .0118056   -20.68   0.000    -.2673005   -.2210235
Obese II..)  |  -.3504233   .0160651   -21.81   0.000    -.3819103   -.3189363
             |
smoke_nomiss |
      Never  |          0  (empty)
     Former  |  -.4213178   .0061938   -68.02   0.000    -.4334574   -.4091782
    Current  |  -.3241413   .0065307   -49.63   0.000    -.3369413   -.3113413
             |
         imd |
1 least d..  |          0  (empty)
          2  |   .1741331    .009022    19.30   0.000     .1564502     .191816
          3  |   .3583746   .0087431    40.99   0.000     .3412384    .3755107
          4  |   .5874641   .0084339    69.66   0.000     .5709339    .6039942
5 most de..  |   .8122921   .0083002    97.86   0.000      .796024    .8285603
             |
htdiag_or_~p |
          0  |          0  (empty)
          1  |  -.0485225   .0068283    -7.11   0.000    -.0619057   -.0351394
             |
chronic_re~e |
          0  |          0  (empty)
          1  |  -.4972455    .021963   -22.64   0.000    -.5402922   -.4541988
             |
   asthmacat |
         No  |          0  (empty)
Yes, no OCS  |  -.1609856   .0069395   -23.20   0.000    -.1745867   -.1473845
Yes with ..  |   -.174915   .0218145    -8.02   0.000    -.2176707   -.1321593
             |
chronic_ca~e |
          0  |          0  (empty)
          1  |  -.1704552   .0158954   -10.72   0.000    -.2016097   -.1393007
             |
     diabcat |
No diabetes  |          0  (empty)
Controlle..  |   .8522307   .0119153    71.52   0.000     .8288771    .8755843
Uncontrol..  |   .5132518   .0171561    29.92   0.000     .4796264    .5468772
Diabetes,..  |   .6732367   .0218992    30.74   0.000      .630315    .7161584
             |
cancer_exh~t |
      Never  |          0  (empty)
  Last year  |  -.3026532   .0570222    -5.31   0.000    -.4144147   -.1908916
2-5 years..  |  -.2453084     .03242    -7.57   0.000    -.3088504   -.1817664
   5+ years  |  -.3182228   .0240306   -13.24   0.000    -.3653219   -.2711238
             |
cancer_hae~t |
      Never  |          0  (empty)
  Last year  |  -.1692358   .1574157    -1.08   0.282    -.4777648    .1392932
2-5 years..  |   .0113941   .0816446     0.14   0.889    -.1486263    .1714145
   5+ years  |  -.2744567   .0576438    -4.76   0.000    -.3874366   -.1614769
             |
chronic_li~e |
          0  |          0  (empty)
          1  |   .0973687    .034662     2.81   0.005     .0294324    .1653049
             |
      stroke |
          0  |          0  (empty)
          1  |  -.0107933   .0269818    -0.40   0.689    -.0636766    .0420901
             |
    dementia |
          0  |          0  (empty)
          1  |    .238939   .0922353     2.59   0.010     .0581612    .4197168
             |
 other_neuro |
          0  |          0  (empty)
          1  |  -.3465351   .0337871   -10.26   0.000    -.4127565   -.2803136
             |
reduced_ki~2 |
       None  |          0  (empty)
Stage 3a/..  |   .3282298   .0181888    18.05   0.000     .2925804    .3638792
Stage 4 e..  |    .608176   .0618574     9.83   0.000     .4869378    .7294142
Stage 5 e..  |   .5665886   .0794854     7.13   0.000     .4108002    .7223771
             |
organ_tran~t |
          0  |          0  (empty)
          1  |  -.4828966   .1001606    -4.82   0.000    -.6792077   -.2865854
             |
      spleen |
          0  |          0  (empty)
          1  |   .6305957   .0515342    12.24   0.000     .5295905    .7316009
             |
ra_sle_pso~s |
          0  |          0  (empty)
          1  |  -.4230654   .0146187   -28.94   0.000    -.4517176   -.3944132
             |
other_immu~n |
          0  |          0  (empty)
          1  |   1.460098   .0264446    55.21   0.000     1.408267    1.511928
             |
  coviddeath |   .4952423   .1153594     4.29   0.000      .269142    .7213426
noncovidde~h |  -.1065301   .0545145    -1.95   0.051    -.2133766    .0003163
       _cons |  -3.571362   .0187078  -190.90   0.000    -3.608029   -3.534695
-------------+----------------------------------------------------------------
Asian_or_A~h |
        age1 |   .0546421   .0002897   188.60   0.000     .0540743      .05521
        age2 |  -.2632188   .0010456  -251.74   0.000    -.2652681   -.2611694
        age3 |   .6786043   .0031561   215.01   0.000     .6724184    .6847902
             |
        male |
          0  |          0  (empty)
          1  |   .1471899   .0022067    66.70   0.000      .142865    .1515149
             |
   obese4cat |
No record..  |          0  (empty)
Obese I ..)  |  -.3068596   .0033837   -90.69   0.000    -.3134916   -.3002276
Obese II..)  |  -.7217087   .0056599  -127.51   0.000     -.732802   -.7106155
Obese II..)  |  -1.193149   .0087793  -135.90   0.000    -1.210357   -1.175942
             |
smoke_nomiss |
      Never  |          0  (empty)
     Former  |  -1.311165   .0030041  -436.46   0.000    -1.317053   -1.305277
    Current  |  -1.376964   .0034414  -400.12   0.000    -1.383709   -1.370219
             |
         imd |
1 least d..  |          0  (empty)
          2  |   .2743606   .0046193    59.39   0.000     .2653069    .2834144
          3  |   .8176825   .0042616   191.87   0.000     .8093299     .826035
          4  |   1.304651   .0040564   321.63   0.000     1.296701    1.312602
5 most de..  |   1.566166   .0040448   387.20   0.000     1.558238    1.574093
             |
htdiag_or_~p |
          0  |          0  (empty)
          1  |  -.0883599   .0029378   -30.08   0.000    -.0941178    -.082602
             |
chronic_re~e |
          0  |          0  (empty)
          1  |  -.3135377   .0084316   -37.19   0.000    -.3300634   -.2970121
             |
   asthmacat |
         No  |          0  (empty)
Yes, no OCS  |  -.4048692   .0034125  -118.64   0.000    -.4115575   -.3981809
Yes with ..  |   .0261865   .0088371     2.96   0.003     .0088661    .0435069
             |
chronic_ca~e |
          0  |          0  (empty)
          1  |   .2187102   .0054363    40.23   0.000     .2080553    .2293651
             |
     diabcat |
No diabetes  |          0  (empty)
Controlle..  |   1.789361   .0041787   428.21   0.000     1.781171    1.797552
Uncontrol..  |   1.580108   .0055487   284.77   0.000     1.569233    1.590983
Diabetes,..  |    1.35328   .0081507   166.03   0.000     1.337305    1.369255
             |
cancer_exh~t |
      Never  |          0  (empty)
  Last year  |  -.5096996   .0248851   -20.48   0.000    -.5584734   -.4609258
2-5 years..  |  -.5102758   .0144936   -35.21   0.000    -.5386827   -.4818688
   5+ years  |  -.7266486   .0110954   -65.49   0.000    -.7483952    -.704902
             |
cancer_hae~t |
      Never  |          0  (empty)
  Last year  |  -.1597075   .0652456    -2.45   0.014    -.2875865   -.0318286
2-5 years..  |  -.1440992   .0362533    -3.97   0.000    -.2151544    -.073044
   5+ years  |  -.3385544   .0244822   -13.83   0.000    -.3865386   -.2905702
             |
chronic_li~e |
          0  |          0  (empty)
          1  |   .0137338   .0150315     0.91   0.361    -.0157274     .043195
             |
      stroke |
          0  |          0  (empty)
          1  |  -.0926922   .0102419    -9.05   0.000    -.1127659   -.0726184
             |
    dementia |
          0  |          0  (empty)
          1  |   .0494983   .0314697     1.57   0.116    -.0121812    .1111779
             |
 other_neuro |
          0  |          0  (empty)
          1  |  -.4459369    .014259   -31.27   0.000    -.4738841   -.4179897
             |
reduced_ki~2 |
       None  |          0  (empty)
Stage 3a/..  |  -.1887378   .0076019   -24.83   0.000    -.2036373   -.1738383
Stage 4 e..  |   .1812778   .0222877     8.13   0.000     .1375948    .2249608
Stage 5 e..  |   .6234084   .0282348    22.08   0.000     .5680693    .6787475
             |
organ_tran~t |
          0  |          0  (empty)
          1  |  -.2255648   .0357474    -6.31   0.000    -.2956285   -.1555011
             |
      spleen |
          0  |          0  (empty)
          1  |  -.5100156   .0368489   -13.84   0.000    -.5822382    -.437793
             |
ra_sle_pso~s |
          0  |          0  (empty)
          1  |  -.1852952   .0057744   -32.09   0.000    -.1966128   -.1739775
             |
other_immu~n |
          0  |          0  (empty)
          1  |  -.1709564   .0240868    -7.10   0.000    -.2181656   -.1237472
             |
  coviddeath |   .6216832   .0366607    16.96   0.000     .5498296    .6935367
noncovidde~h |  -.2929469   .0206063   -14.22   0.000    -.3333345   -.2525594
       _cons |  -3.944379    .009461  -416.91   0.000    -3.962922   -3.925836
-------------+----------------------------------------------------------------
Black        |
        age1 |   .0268877   .0004733    56.81   0.000     .0259602    .0278153
        age2 |  -.1277282   .0017002   -75.13   0.000    -.1310605   -.1243959
        age3 |   .2447047   .0051769    47.27   0.000     .2345583    .2548512
             |
        male |
          0  |          0  (empty)
          1  |   .0837784    .003595    23.30   0.000     .0767323    .0908245
             |
   obese4cat |
No record..  |          0  (empty)
Obese I ..)  |    .068808    .005011    13.73   0.000     .0589866    .0786294
Obese II..)  |  -.0822475   .0075155   -10.94   0.000    -.0969776   -.0675174
Obese II..)  |  -.2981003   .0105206   -28.33   0.000    -.3187203   -.2774802
             |
smoke_nomiss |
      Never  |          0  (empty)
     Former  |  -1.047766   .0046961  -223.11   0.000    -1.056971   -1.038562
    Current  |  -1.141225    .005398  -211.42   0.000    -1.151805   -1.130645
             |
         imd |
1 least d..  |          0  (empty)
          2  |   .4274245   .0085599    49.93   0.000     .4106475    .4442015
          3  |   .9415305   .0079413   118.56   0.000     .9259659    .9570952
          4  |   1.484557   .0075127   197.61   0.000     1.469833    1.499282
5 most de..  |   2.005231   .0073147   274.14   0.000     1.990894    2.019567
             |
htdiag_or_~p |
          0  |          0  (empty)
          1  |   .1697483   .0045072    37.66   0.000     .1609143    .1785823
             |
chronic_re~e |
          0  |          0  (empty)
          1  |  -.5549935    .014997   -37.01   0.000    -.5843871   -.5255999
             |
   asthmacat |
         No  |          0  (empty)
Yes, no OCS  |  -.4864965    .005754   -84.55   0.000    -.4977741   -.4752189
Yes with ..  |  -.5261898   .0174852   -30.09   0.000    -.5604603   -.4919194
             |
chronic_ca~e |
          0  |          0  (empty)
          1  |  -.4321176   .0106096   -40.73   0.000    -.4529121   -.4113232
             |
     diabcat |
No diabetes  |          0  (empty)
Controlle..  |   1.132365   .0069365   163.25   0.000     1.118769     1.14596
Uncontrol..  |   .6745901   .0102599    65.75   0.000     .6544811    .6946991
Diabetes,..  |   1.046456   .0127718    81.93   0.000     1.021424    1.071488
             |
cancer_exh~t |
      Never  |          0  (empty)
  Last year  |  -.2441884   .0351815    -6.94   0.000    -.3131429   -.1752338
2-5 years..  |  -.2535728    .020689   -12.26   0.000    -.2941225   -.2130231
   5+ years  |    -.37823   .0155736   -24.29   0.000    -.4087537   -.3477063
             |
cancer_hae~t |
      Never  |          0  (empty)
  Last year  |   .0519472   .0878704     0.59   0.554    -.1202756    .2241699
2-5 years..  |  -.0947147   .0544892    -1.74   0.082    -.2015117    .0120822
   5+ years  |  -.3876546   .0386911   -10.02   0.000    -.4634878   -.3118214
             |
chronic_li~e |
          0  |          0  (empty)
          1  |   .3763501   .0197759    19.03   0.000       .33759    .4151102
             |
      stroke |
          0  |          0  (empty)
          1  |   -.003039   .0163473    -0.19   0.853    -.0350792    .0290012
             |
    dementia |
          0  |          0  (empty)
          1  |   .5912395   .0446349    13.25   0.000     .5037568    .6787222
             |
 other_neuro |
          0  |          0  (empty)
          1  |  -.4314249   .0233152   -18.50   0.000    -.4771218    -.385728
             |
reduced_ki~2 |
       None  |          0  (empty)
Stage 3a/..  |   .6707393   .0099035    67.73   0.000     .6513288    .6901499
Stage 4 e..  |   .7394498   .0353778    20.90   0.000     .6701106    .8087891
Stage 5 e..  |   .9981833   .0414109    24.10   0.000     .9170195    1.079347
             |
organ_tran~t |
          0  |          0  (empty)
          1  |  -.7145722   .0559343   -12.78   0.000    -.8242013   -.6049431
             |
      spleen |
          0  |          0  (empty)
          1  |   1.417761   .0257006    55.16   0.000     1.367388    1.468133
             |
ra_sle_pso~s |
          0  |          0  (empty)
          1  |  -.8654778   .0124627   -69.45   0.000    -.8899042   -.8410515
             |
other_immu~n |
          0  |          0  (empty)
          1  |    2.25174   .0144352   155.99   0.000     2.223448    2.280032
             |
  coviddeath |   .6366014   .0601589    10.58   0.000     .5186922    .7545106
noncovidde~h |  -.1306764   .0323549    -4.04   0.000    -.1940908    -.067262
       _cons |  -4.690371   .0157331  -298.12   0.000    -4.721207   -4.659534
-------------+----------------------------------------------------------------
Other        |
        age1 |   .0132402   .0004461    29.68   0.000     .0123659    .0141144
        age2 |  -.1449755   .0017152   -84.52   0.000    -.1483373   -.1416137
        age3 |   .3818554   .0053781    71.00   0.000     .3713145    .3923964
             |
        male |
          0  |          0  (empty)
          1  |   .0724991     .00365    19.86   0.000     .0653451     .079653
             |
   obese4cat |
No record..  |          0  (empty)
Obese I ..)  |  -.4907243   .0065081   -75.40   0.000      -.50348   -.4779686
Obese II..)  |  -.7960562   .0112211   -70.94   0.000    -.8180492   -.7740633
Obese II..)  |  -1.067941   .0169482   -63.01   0.000    -1.101159   -1.034723
             |
smoke_nomiss |
      Never  |          0  (empty)
     Former  |  -.7911472   .0048588  -162.83   0.000    -.8006703   -.7816241
    Current  |  -.6577587   .0050725  -129.67   0.000    -.6677006   -.6478168
             |
         imd |
1 least d..  |          0  (empty)
          2  |   .2247376   .0064964    34.59   0.000     .2120049    .2374704
          3  |   .3780982   .0063686    59.37   0.000     .3656161    .3905804
          4  |   .6582174   .0061169   107.61   0.000     .6462286    .6702063
5 most de..  |   .7873153   .0061542   127.93   0.000     .7752533    .7993773
             |
htdiag_or_~p |
          0  |          0  (empty)
          1  |  -.2982085   .0053756   -55.47   0.000    -.3087445   -.2876725
             |
chronic_re~e |
          0  |          0  (empty)
          1  |   -.456754   .0175258   -26.06   0.000    -.4911039   -.4224042
             |
   asthmacat |
         No  |          0  (empty)
Yes, no OCS  |  -.9767494   .0070892  -137.78   0.000     -.990644   -.9628549
Yes with ..  |  -.8213212   .0225128   -36.48   0.000    -.8654454    -.777197
             |
chronic_ca~e |
          0  |          0  (empty)
          1  |  -.1561259   .0121439   -12.86   0.000    -.1799274   -.1323243
             |
     diabcat |
No diabetes  |          0  (empty)
Controlle..  |   1.055385    .008771   120.33   0.000     1.038194    1.072575
Uncontrol..  |   .5587719   .0139141    40.16   0.000     .5315007     .586043
Diabetes,..  |     .65014   .0175425    37.06   0.000     .6157573    .6845227
             |
cancer_exh~t |
      Never  |          0  (empty)
  Last year  |  -.2571695   .0416392    -6.18   0.000    -.3387809    -.175558
2-5 years..  |  -.2348364   .0239596    -9.80   0.000    -.2817963   -.1878765
   5+ years  |  -.3453051   .0177572   -19.45   0.000    -.3801085   -.3105017
             |
cancer_hae~t |
      Never  |          0  (empty)
  Last year  |  -.2136874   .1227801    -1.74   0.082     -.454332    .0269571
2-5 years..  |  -.1789037   .0673002    -2.66   0.008    -.3108097   -.0469978
   5+ years  |  -.3941689   .0459601    -8.58   0.000    -.4842491   -.3040888
             |
chronic_li~e |
          0  |          0  (empty)
          1  |   .6285934   .0213535    29.44   0.000     .5867413    .6704455
             |
      stroke |
          0  |          0  (empty)
          1  |  -.2000681   .0223535    -8.95   0.000    -.2438802    -.156256
             |
    dementia |
          0  |          0  (empty)
          1  |   .1439075   .0687153     2.09   0.036      .009228    .2785869
             |
 other_neuro |
          0  |          0  (empty)
          1  |  -.6857872   .0295581   -23.20   0.000      -.74372   -.6278544
             |
reduced_ki~2 |
       None  |          0  (empty)
Stage 3a/..  |  -.2434548   .0159508   -15.26   0.000    -.2747177   -.2121919
Stage 4 e..  |   .0226117   .0558168     0.41   0.685    -.0867872    .1320106
Stage 5 e..  |   .4940168   .0618427     7.99   0.000     .3728073    .6152263
             |
organ_tran~t |
          0  |          0  (empty)
          1  |  -.3913535   .0746868    -5.24   0.000    -.5377368   -.2449701
             |
      spleen |
          0  |          0  (empty)
          1  |  -.2256526   .0579651    -3.89   0.000    -.3392622    -.112043
             |
ra_sle_pso~s |
          0  |          0  (empty)
          1  |  -.5594214   .0118977   -47.02   0.000    -.5827405   -.5361023
             |
other_immu~n |
          0  |          0  (empty)
          1  |   .2325561   .0352141     6.60   0.000     .1635377    .3015745
             |
  coviddeath |   .5149519   .0846087     6.09   0.000     .3491219     .680782
noncovidde~h |  -.3290758   .0437478    -7.52   0.000      -.41482   -.2433316
       _cons |  -3.258494   .0139328  -233.87   0.000    -3.285802   -3.231186
------------------------------------------------------------------------------

Univariate imputation                       Imputations =       10
Multinomial logistic regression                   added =       10
Imputed: m=1 through m=10                       updated =        0

------------------------------------------------------------------
                   |               Observations per m             
                   |----------------------------------------------
          Variable |   Complete   Incomplete   Imputed |     Total
-------------------+-----------------------------------+----------
         ethnicity |   13029214      4427301   4427301 |  17456515
------------------------------------------------------------------
(complete + incomplete = total; imputed is the minimum across m
 of the number of filled-in observations.)

. 
. save ./analysis/an_impute_imputeddata_`1', replace
(note: file ./analysis/an_impute_imputeddata_MAIN.dta not found)
file ./analysis/an_impute_imputeddata_MAIN.dta saved

. 
. log close
      name:  <unnamed>
       log:  /workspace/analysis/output/an_impute_MAIN.log
  log type:  text
 closed on:  14 Dec 2020, 17:46:37
-------------------------------------------------------------------------------
