------------------------------------------------------------------------------------------------------------------------------------------------------------------------------------------------------------------------------------------------------------
      name:  <unnamed>
       log:  e:\analyses\covid-vs-noncovid-deaths-research\analysis/output/an_imputed_GENERAL_MAIN_coviddeath_full_agespl.log
  log type:  text
 opened on:  14 Dec 2020, 21:12:36

. 
. use ./analysis/an_impute_imputeddata_`dataset', replace

. 
. if "`5'"=="SA_anywhereonDC"{
.         replace coviddeath = 1 if onsdeath>=1 & onsdeath<. & died_ons_covid_flag_any==1
.         replace noncoviddeath = 0 if died_ons_covid_flag_any==1
. }

. 
. if "`5'"=="SA_u071only"{
.         replace coviddeath = 0 if died_ons_covidconf_flag_und!=1
.         replace noncoviddeath = 1 if onsdeath>=1 & onsdeath<. & died_ons_covidconf_flag_und!=1
. }

. 
. if "`outcome'"=="deathsonlyCvN"{
.         drop if !(onsdeath>=1&onsdeath<.)
.         gen deathsonlyCvN = (coviddeath==1)
. }

. 
. tab `outcome'

 coviddeath |      Freq.     Percent        Cum.
------------+-----------------------------------
          0 | 17,439,452       99.90       99.90
          1 |     17,063        0.10      100.00
------------+-----------------------------------
      Total | 17,456,515      100.00

.                 
. if "`modeltorun'"=="agesex"{
. *Age-sex model
. mi estimate, eform post: logistic `outcome' age1 age2 age3 i.male i.ethnicity
. estimates save ./analysis/output/models/an_imputed_agesex_`dataset'`sensan'_`outcome', replace
. }

. 
. if "`modeltorun'"=="full"{
. *Full model
. mi estimate, eform post: logistic `outcome' ///
>                         `age'                                                   ///
>                         i.male                                                  ///
>                         i.obese4cat                                             ///
>                         i.smoke_nomiss                                  ///
>                         i.ethnicity                                             ///
>                         i.imd                                                   ///
>                         i.htdiag_or_highbp                              ///
>                         i.chronic_respiratory_disease   ///
>                         i.asthmacat                                             ///
>                         i.chronic_cardiac_disease               ///
>                         i.diabcat                                               ///
>                         i.cancer_exhaem_cat                             ///
>                         i.cancer_haem_cat                               ///
>                         i.chronic_liver_disease                 ///
>                         i.stroke                                                ///     
>                         i.dementia                                              ///
>                         i.other_neuro                                   ///
>                         i.reduced_kidney_function_cat2  ///
>                         i.organ_transplant                              ///
>                         i.spleen                                                ///
>                         i.ra_sle_psoriasis                      ///
>                         i.other_immunosuppression

Multiple-imputation estimates                   Imputations       =         10
Logistic regression                             Number of obs     = 17,456,515
                                                Average RVI       =     0.0383
                                                Largest FMI       =     0.4677
DF adjustment:   Large sample                   DF:     min       =      45.50
                                                        avg       =   2.01e+08
                                                        max       =   1.81e+09
Model F test:       Equal FMI                   F(  42,259834.2)  =    1015.77
Within VCE type:          OIM                   Prob > F          =     0.0000

-----------------------------------------------------------------------------------------------
                   coviddeath |     exp(b)   Std. Err.      t    P>|t|     [95% Conf. Interval]
------------------------------+----------------------------------------------------------------
                         age1 |   1.176611    .021332     8.97   0.000     1.135535    1.219172
                         age2 |   .8755665   .0344411    -3.38   0.001     .8105997    .9457401
                         age3 |   1.375435    .125055     3.51   0.000     1.150929    1.643734
                       1.male |   1.533042    .025039    26.16   0.000     1.484744    1.582911
                              |
                    obese4cat |
           Obese I (30-34.9)  |   1.068723   .0232701     3.05   0.002     1.024074    1.115319
          Obese II (35-39.9)  |   1.439932   .0460833    11.39   0.000     1.352384    1.533146
             Obese III (40+)  |   2.097314   .0905902    17.15   0.000     1.927068      2.2826
                              |
                 smoke_nomiss |
                      Former  |   1.242092   .0222627    12.10   0.000     1.199213    1.286505
                     Current  |   .9684092   .0334543    -0.93   0.353     .9050101    1.036249
                              |
                    ethnicity |
                       Mixed  |   1.563722   .1729147     4.04   0.000     1.257981    1.943771
      Asian or Asian British  |   1.928781    .082387    15.38   0.000     1.769828    2.102009
                       Black  |   1.664528   .1011607     8.38   0.000     1.476347    1.876697
                       Other  |   1.509739    .128771     4.83   0.000     1.275555    1.786919
                              |
                          imd |
                           2  |   1.104449   .0286723     3.83   0.000     1.049658      1.1621
                           3  |   1.185665   .0306224     6.59   0.000      1.12714    1.247229
                           4  |   1.517803   .0384256    16.48   0.000     1.444328    1.595016
             5 most deprived  |   1.873487   .0474441    24.79   0.000     1.782767    1.968824
                              |
           1.htdiag_or_highbp |   .9125108   .0170077    -4.91   0.000     .8797779    .9464615
1.chronic_respiratory_disease |   1.700121   .0342338    26.36   0.000     1.634331     1.76856
                              |
                    asthmacat |
                 Yes, no OCS  |   .9915802   .0246209    -0.34   0.733     .9444795     1.04103
                Yes with OCS  |   1.145024   .0514625     3.01   0.003     1.048475    1.250465
                              |
    1.chronic_cardiac_disease |   1.230994   .0212601    12.03   0.000     1.190023    1.273377
                              |
                      diabcat |
         Controlled diabetes  |   1.260688   .0258329    11.31   0.000     1.211057    1.312353
       Uncontrolled diabetes  |   1.839013   .0485226    23.09   0.000     1.746326     1.93662
  Diabetes, no hba1c measure  |    1.78084   .0732476    14.03   0.000     1.642911    1.930348
                              |
            cancer_exhaem_cat |
                   Last year  |   1.436678   .0851004     6.12   0.000     1.279202    1.613539
               2-5 years ago  |   1.104403   .0442249     2.48   0.013     1.021038    1.194574
                    5+ years  |   .9722001   .0248726    -1.10   0.270     .9246527    1.022193
                              |
              cancer_haem_cat |
                   Last year  |   2.397632   .3190287     6.57   0.000     1.847233    3.112027
               2-5 years ago  |   2.229352   .1760146    10.15   0.000     1.909736    2.602458
                    5+ years  |   1.629382   .1013228     7.85   0.000     1.442418     1.84058
                              |
      1.chronic_liver_disease |   1.747268    .110149     8.85   0.000     1.544185     1.97706
                     1.stroke |   1.524051   .0330539    19.43   0.000     1.460625    1.590233
                   1.dementia |    3.56716   .1091287    41.57   0.000     3.359558    3.787591
                1.other_neuro |   2.723053   .0893276    30.54   0.000     2.553484    2.903883
                              |
 reduced_kidney_function_cat2 |
Stage 3a/3b egfr 30-60        |   1.281424   .0234405    13.56   0.000     1.236295      1.3282
         Stage 4 egfr 15-<30  |   1.986538   .0708191    19.25   0.000     1.852473    2.130305
Stage 5 egfr <15 or dialysis  |   4.355273   .2619318    24.47   0.000     3.870999    4.900132
                              |
           1.organ_transplant |   1.619014   .1868167     4.18   0.000     1.291312    2.029879
                     1.spleen |   1.243575   .1654675     1.64   0.101     .9581048    1.614103
           1.ra_sle_psoriasis |   1.243793   .0336598     8.06   0.000      1.17954    1.311546
    1.other_immunosuppression |   1.942505   .2367084     5.45   0.000     1.529808    2.466535
                        _cons |   3.58e-08   2.36e-08   -25.99   0.000     9.81e-09    1.30e-07
-----------------------------------------------------------------------------------------------
. estimates save ./analysis/output/models/an_imputed_full_`dataset'`sensan'_`outcome'_`agetype', replace
(note: file ./analysis/output/models/an_imputed_full_MAIN_coviddeath_agespl.ster not found)
file ./analysis/output/models/an_imputed_full_MAIN_coviddeath_agespl.ster saved
. }

. 
. log close
      name:  <unnamed>
       log:  e:\analyses\covid-vs-noncovid-deaths-research\analysis/output/an_imputed_GENERAL_MAIN_coviddeath_full_agespl.log
  log type:  text
 closed on:  14 Dec 2020, 23:16:10
--------------------------------------------------------------------------------------------------------------------------------------------------------------------------------------
