--------------------------------------------------------------------------------------------------------------------------------------------------------------------------------------
      name:  <unnamed>
       log:  e:\analyses\covid-vs-noncovid-deaths-research\analysis/output/an_imputed_GENERAL_MAINSA_u071only_coviddeath_agesex_agespl.log
  log type:  text
 opened on:  15 Dec 2020, 00:53:24

. 
. use ./analysis/an_impute_imputeddata_`dataset', replace

. 
. if "`5'"=="SA_anywhereonDC"{
.         replace coviddeath = 1 if onsdeath>=1 & onsdeath<. & died_ons_covid_flag_any==1
.         replace noncoviddeath = 0 if died_ons_covid_flag_any==1
. }

. 
. if "`5'"=="SA_u071only"{
.         replace coviddeath = 0 if died_ons_covidconf_flag_und!=1
(1,014 real changes made)
.         replace noncoviddeath = 1 if onsdeath>=1 & onsdeath<. & died_ons_covidconf_flag_und!=1
(1,014 real changes made)
. }

. 
. if "`outcome'"=="deathsonlyCvN"{
.         drop if !(onsdeath>=1&onsdeath<.)
.         gen deathsonlyCvN = (coviddeath==1)
. }

. 
. tab `outcome'

 coviddeath |      Freq.     Percent        Cum.
------------+-----------------------------------
          0 | 17,440,466       99.91       99.91
          1 |     16,049        0.09      100.00
------------+-----------------------------------
      Total | 17,456,515      100.00

.                 
. if "`modeltorun'"=="agesex"{
. *Age-sex model
. mi estimate, eform post: logistic `outcome' age1 age2 age3 i.male i.ethnicity

Multiple-imputation estimates                   Imputations       =         10
Logistic regression                             Number of obs     = 17,456,515
                                                Average RVI       =     0.1722
                                                Largest FMI       =     0.3919
DF adjustment:   Large sample                   DF:     min       =      64.55
                                                        avg       =   2.73e+08
                                                        max       =   7.92e+08
Model F test:       Equal FMI                   F(   8, 2467.9)   =    3190.02
Within VCE type:          OIM                   Prob > F          =     0.0000

-----------------------------------------------------------------------------------------
             coviddeath |     exp(b)   Std. Err.      t    P>|t|     [95% Conf. Interval]
------------------------+----------------------------------------------------------------
                   age1 |   1.151373   .0203996     7.96   0.000     1.112077    1.192058
                   age2 |   .9576114   .0369532    -1.12   0.262     .8878556    1.032848
                   age3 |   1.101055    .098392     1.08   0.281     .9241539    1.311818
                 1.male |   1.752322   .0282786    34.76   0.000     1.697765    1.808633
                        |
              ethnicity |
                 Mixed  |    1.71292   .1971738     4.68   0.000     1.365555    2.148648
Asian or Asian British  |   2.382922   .0927305    22.31   0.000     2.204718    2.575531
                 Black  |   2.212517   .1353406    12.98   0.000     1.960735    2.496631
                 Other  |   1.537524   .1373858     4.81   0.000     1.288012     1.83537
                        |
                  _cons |   8.82e-08   5.67e-08   -25.24   0.000     2.50e-08    3.11e-07
-----------------------------------------------------------------------------------------
. estimates save ./analysis/output/models/an_imputed_agesex_`dataset'`sensan'_`outcome', replace
(note: file ./analysis/output/models/an_imputed_agesex_MAINSA_u071only_coviddeath.ster not found)
file ./analysis/output/models/an_imputed_agesex_MAINSA_u071only_coviddeath.ster saved
. }

. 
. if "`modeltorun'"=="full"{
. *Full model
. mi estimate, eform post: logistic `outcome' ///
>                         `age'                                                   ///
>                         i.male                                                  ///
>                         i.obese4cat                                             ///
>                         i.smoke_nomiss                                  ///
>                         i.ethnicity                                             ///
>                         i.imd                                                   ///
>                         i.htdiag_or_highbp                              ///
>                         i.chronic_respiratory_disease   ///
>                         i.asthmacat                                             ///
>                         i.chronic_cardiac_disease               ///
>                         i.diabcat                                               ///
>                         i.cancer_exhaem_cat                             ///
>                         i.cancer_haem_cat                               ///
>                         i.chronic_liver_disease                 ///
>                         i.stroke                                                ///     
>                         i.dementia                                              ///
>                         i.other_neuro                                   ///
>                         i.reduced_kidney_function_cat2  ///
>                         i.organ_transplant                              ///
>                         i.spleen                                                ///
>                         i.ra_sle_psoriasis                      ///
>                         i.other_immunosuppression
. estimates save ./analysis/output/models/an_imputed_full_`dataset'`sensan'_`outcome'_`agetype', replace
. }

. 
. log close
      name:  <unnamed>
       log:  e:\analyses\covid-vs-noncovid-deaths-research\analysis/output/an_imputed_GENERAL_MAINSA_u071only_coviddeath_agesex_agespl.log
  log type:  text
 closed on:  15 Dec 2020, 01:14:13
--------------------------------------------------------------------------------------------------------------------------------------------------------------------------------------
