--------------------------------------------------------------------------------------------------------------------------------------------------------------------------------------
      name:  <unnamed>
       log:  e:\analyses\covid-vs-noncovid-deaths-research\analysis/output/an_imputed_GENERAL_MAINSA_anywhereonDC_coviddeath_agesex_agespl.log
  log type:  text
 opened on:  15 Dec 2020, 00:53:24

. 
. use ./analysis/an_impute_imputeddata_`dataset', replace

. 
. if "`5'"=="SA_anywhereonDC"{
.         replace coviddeath = 1 if onsdeath>=1 & onsdeath<. & died_ons_covid_flag_any==1
(1,574 real changes made)
.         replace noncoviddeath = 0 if died_ons_covid_flag_any==1
(1,574 real changes made)
. }

. 
. if "`5'"=="SA_u071only"{
.         replace coviddeath = 0 if died_ons_covidconf_flag_und!=1
.         replace noncoviddeath = 1 if onsdeath>=1 & onsdeath<. & died_ons_covidconf_flag_und!=1
. }

. 
. if "`outcome'"=="deathsonlyCvN"{
.         drop if !(onsdeath>=1&onsdeath<.)
.         gen deathsonlyCvN = (coviddeath==1)
. }

. 
. tab `outcome'

 coviddeath |      Freq.     Percent        Cum.
------------+-----------------------------------
          0 | 17,437,878       99.89       99.89
          1 |     18,637        0.11      100.00
------------+-----------------------------------
      Total | 17,456,515      100.00

.                 
. if "`modeltorun'"=="agesex"{
. *Age-sex model
. mi estimate, eform post: logistic `outcome' age1 age2 age3 i.male i.ethnicity

Multiple-imputation estimates                   Imputations       =         10
Logistic regression                             Number of obs     = 17,456,515
                                                Average RVI       =     0.1363
                                                Largest FMI       =     0.3706
DF adjustment:   Large sample                   DF:     min       =      72.06
                                                        avg       =   3.84e+08
                                                        max       =   1.24e+09
Model F test:       Equal FMI                   F(   8, 3670.6)   =    3873.75
Within VCE type:          OIM                   Prob > F          =     0.0000

-----------------------------------------------------------------------------------------
             coviddeath |     exp(b)   Std. Err.      t    P>|t|     [95% Conf. Interval]
------------------------+----------------------------------------------------------------
                   age1 |    1.15642   .0188198     8.93   0.000     1.120116      1.1939
                   age2 |   .9390497   .0333182    -1.77   0.076      .875966    1.006676
                   age3 |   1.163443   .0956258     1.84   0.066     .9903368    1.366806
                 1.male |   1.696521   .0253779    35.34   0.000     1.647503    1.746997
                        |
              ethnicity |
                 Mixed  |   1.788022   .1796184     5.78   0.000     1.467923    2.177923
Asian or Asian British  |   2.246229   .0819565    22.18   0.000     2.088654    2.415692
                 Black  |    2.16127    .122573    13.59   0.000     1.932481    2.417144
                 Other  |   1.504065   .1192124     5.15   0.000      1.28653    1.758383
                        |
                  _cons |   9.72e-08   5.74e-08   -27.34   0.000     3.05e-08    3.09e-07
-----------------------------------------------------------------------------------------
. estimates save ./analysis/output/models/an_imputed_agesex_`dataset'`sensan'_`outcome', replace
(note: file ./analysis/output/models/an_imputed_agesex_MAINSA_anywhereonDC_coviddeath.ster not found)
file ./analysis/output/models/an_imputed_agesex_MAINSA_anywhereonDC_coviddeath.ster saved
. }

. 
. if "`modeltorun'"=="full"{
. *Full model
. mi estimate, eform post: logistic `outcome' ///
>                         `age'                                                   ///
>                         i.male                                                  ///
>                         i.obese4cat                                             ///
>                         i.smoke_nomiss                                  ///
>                         i.ethnicity                                             ///
>                         i.imd                                                   ///
>                         i.htdiag_or_highbp                              ///
>                         i.chronic_respiratory_disease   ///
>                         i.asthmacat                                             ///
>                         i.chronic_cardiac_disease               ///
>                         i.diabcat                                               ///
>                         i.cancer_exhaem_cat                             ///
>                         i.cancer_haem_cat                               ///
>                         i.chronic_liver_disease                 ///
>                         i.stroke                                                ///     
>                         i.dementia                                              ///
>                         i.other_neuro                                   ///
>                         i.reduced_kidney_function_cat2  ///
>                         i.organ_transplant                              ///
>                         i.spleen                                                ///
>                         i.ra_sle_psoriasis                      ///
>                         i.other_immunosuppression
. estimates save ./analysis/output/models/an_imputed_full_`dataset'`sensan'_`outcome'_`agetype', replace
. }

. 
. log close
      name:  <unnamed>
       log:  e:\analyses\covid-vs-noncovid-deaths-research\analysis/output/an_imputed_GENERAL_MAINSA_anywhereonDC_coviddeath_agesex_agespl.log
  log type:  text
 closed on:  15 Dec 2020, 01:12:56
--------------------------------------------------------------------------------------------------------------------------------------------------------------------------------------
