------------------------------------------------------------------------------------------------------------------------------------------------------------------------------------------------------------------------------------------------------------
      name:  <unnamed>
       log:  e:\analyses\covid-vs-noncovid-deaths-research\analysis/output/an_imputed_GENERAL_MAIN_noncoviddeath_full_agespl.log
  log type:  text
 opened on:  14 Dec 2020, 21:12:38

. 
. use ./analysis/an_impute_imputeddata_`dataset', replace

. 
. if "`5'"=="SA_anywhereonDC"{
.         replace coviddeath = 1 if onsdeath>=1 & onsdeath<. & died_ons_covid_flag_any==1
.         replace noncoviddeath = 0 if died_ons_covid_flag_any==1
. }

. 
. if "`5'"=="SA_u071only"{
.         replace coviddeath = 0 if died_ons_covidconf_flag_und!=1
.         replace noncoviddeath = 1 if onsdeath>=1 & onsdeath<. & died_ons_covidconf_flag_und!=1
. }

. 
. if "`outcome'"=="deathsonlyCvN"{
.         drop if !(onsdeath>=1&onsdeath<.)
.         gen deathsonlyCvN = (coviddeath==1)
. }

. 
. tab `outcome'

noncoviddea |
         th |      Freq.     Percent        Cum.
------------+-----------------------------------
          0 | 17,322,199       99.23       99.23
          1 |    134,316        0.77      100.00
------------+-----------------------------------
      Total | 17,456,515      100.00

.                 
. if "`modeltorun'"=="agesex"{
. *Age-sex model
. mi estimate, eform post: logistic `outcome' age1 age2 age3 i.male i.ethnicity
. estimates save ./analysis/output/models/an_imputed_agesex_`dataset'`sensan'_`outcome', replace
. }

. 
. if "`modeltorun'"=="full"{
. *Full model
. mi estimate, eform post: logistic `outcome' ///
>                         `age'                                                   ///
>                         i.male                                                  ///
>                         i.obese4cat                                             ///
>                         i.smoke_nomiss                                  ///
>                         i.ethnicity                                             ///
>                         i.imd                                                   ///
>                         i.htdiag_or_highbp                              ///
>                         i.chronic_respiratory_disease   ///
>                         i.asthmacat                                             ///
>                         i.chronic_cardiac_disease               ///
>                         i.diabcat                                               ///
>                         i.cancer_exhaem_cat                             ///
>                         i.cancer_haem_cat                               ///
>                         i.chronic_liver_disease                 ///
>                         i.stroke                                                ///     
>                         i.dementia                                              ///
>                         i.other_neuro                                   ///
>                         i.reduced_kidney_function_cat2  ///
>                         i.organ_transplant                              ///
>                         i.spleen                                                ///
>                         i.ra_sle_psoriasis                      ///
>                         i.other_immunosuppression

Multiple-imputation estimates                   Imputations       =         10
Logistic regression                             Number of obs     = 17,456,515
                                                Average RVI       =     0.0317
                                                Largest FMI       =     0.3892
DF adjustment:   Large sample                   DF:     min       =      65.44
                                                        avg       =   1.16e+09
                                                        max       =   9.92e+09
Model F test:       Equal FMI                   F(  42,374271.4)  =    7674.72
Within VCE type:          OIM                   Prob > F          =     0.0000

-----------------------------------------------------------------------------------------------
                noncoviddeath |     exp(b)   Std. Err.      t    P>|t|     [95% Conf. Interval]
------------------------------+----------------------------------------------------------------
                         age1 |   1.161327   .0050233    34.58   0.000     1.151523    1.171215
                         age2 |    .815547   .0080984   -20.53   0.000     .7998279     .831575
                         age3 |   1.755891   .0413383    23.91   0.000      1.67671    1.838811
                       1.male |   1.105358   .0066353    16.69   0.000     1.092429     1.11844
                              |
                    obese4cat |
           Obese I (30-34.9)  |   .7394732   .0065531   -34.06   0.000     .7267403    .7524292
          Obese II (35-39.9)  |   .8763812   .0121155    -9.54   0.000      .852954    .9004518
             Obese III (40+)  |    1.22024   .0230822    10.52   0.000     1.175828    1.266329
                              |
                 smoke_nomiss |
                      Former  |   1.145172   .0076429    20.31   0.000      1.13029     1.16025
                     Current  |   2.015406   .0200873    70.32   0.000     1.976418    2.055164
                              |
                    ethnicity |
                       Mixed  |   .8255146    .049487    -3.20   0.002     .7323804    .9304924
      Asian or Asian British  |   .7433379   .0146004   -15.10   0.000      .715132    .7726564
                       Black  |   .7829075   .0243038    -7.88   0.000     .7364914     .832249
                       Other  |   .6514939    .028177    -9.91   0.000     .5981459    .7095999
                              |
                          imd |
                           2  |   1.084009   .0098568     8.87   0.000     1.064861    1.103501
                           3  |   1.164982   .0106026    16.78   0.000     1.144386    1.185949
                           4  |   1.309506   .0121075    29.16   0.000     1.285989    1.333452
             5 most deprived  |   1.460381   .0138281    39.99   0.000     1.433528    1.487736
                              |
           1.htdiag_or_highbp |   .9876308   .0067648    -1.82   0.069     .9744607    1.000979
1.chronic_respiratory_disease |   1.807013   .0138016    77.47   0.000     1.780164    1.834267
                              |
                    asthmacat |
                 Yes, no OCS  |   .9313299   .0088128    -7.52   0.000     .9142163     .948764
                Yes with OCS  |   .9025898   .0169302    -5.46   0.000     .8700097    .9363899
                              |
    1.chronic_cardiac_disease |   1.417819   .0093379    53.01   0.000     1.399635     1.43624
                              |
                      diabcat |
         Controlled diabetes  |   1.148026     .00918    17.26   0.000     1.130174     1.16616
       Uncontrolled diabetes  |   1.528641   .0171659    37.79   0.000     1.495364    1.562659
  Diabetes, no hba1c measure  |   1.804014   .0298669    35.64   0.000     1.746415    1.863512
                              |
            cancer_exhaem_cat |
                   Last year  |   10.42584   .1311579   186.35   0.000     10.17192     10.6861
               2-5 years ago  |   3.470371   .0373446   115.63   0.000     3.397943    3.544342
                    5+ years  |   1.541714   .0136254    48.98   0.000     1.515239    1.568652
                              |
              cancer_haem_cat |
                   Last year  |   4.993259   .2051509    39.14   0.000     4.606934     5.41198
               2-5 years ago  |   2.593217   .0758304    32.59   0.000      2.44877    2.746183
                    5+ years  |   1.707099   .0404676    22.56   0.000     1.629598    1.788285
                              |
      1.chronic_liver_disease |   3.589067   .0664918    68.98   0.000     3.461083    3.721784
                     1.stroke |    1.48328   .0129878    45.03   0.000     1.458042    1.508955
                   1.dementia |   2.977875   .0443146    73.33   0.000     2.892274    3.066009
                1.other_neuro |   2.633495   .0367132    69.46   0.000     2.562512    2.706443
                              |
 reduced_kidney_function_cat2 |
Stage 3a/3b egfr 30-60        |   1.157787   .0081047    20.93   0.000     1.142011    1.173782
         Stage 4 egfr 15-<30  |   2.224493   .0322336    55.18   0.000     2.162205    2.288575
Stage 5 egfr <15 or dialysis  |   5.934075   .1523838    69.34   0.000     5.642799    6.240385
                              |
           1.organ_transplant |   .8252586   .0429161    -3.69   0.000     .7452893    .9138086
                     1.spleen |   1.616506   .0700796    11.08   0.000     1.484826    1.759863
           1.ra_sle_psoriasis |   1.114159   .0116609    10.33   0.000     1.091537     1.13725
    1.other_immunosuppression |   2.271555   .0975678    19.10   0.000     2.088154    2.471064
                        _cons |   1.62e-06   2.49e-07   -86.84   0.000     1.20e-06    2.19e-06
-----------------------------------------------------------------------------------------------
. estimates save ./analysis/output/models/an_imputed_full_`dataset'`sensan'_`outcome'_`agetype', replace
(note: file ./analysis/output/models/an_imputed_full_MAIN_noncoviddeath_agespl.ster not found)
file ./analysis/output/models/an_imputed_full_MAIN_noncoviddeath_agespl.ster saved
. }

. 
. log close
      name:  <unnamed>
       log:  e:\analyses\covid-vs-noncovid-deaths-research\analysis/output/an_imputed_GENERAL_MAIN_noncoviddeath_full_agespl.log
  log type:  text
 closed on:  14 Dec 2020, 23:26:53
--------------------------------------------------------------------------------------------------------------------------------------------------------------------------------------
