-------------------------------------------------------------------------------------------
      name:  <unnamed>
       log:  E:\analyses\covid-vs-noncovid-deaths-research\analysis/output/an_noncovid_2019
> _agesex.log
  log type:  text
 opened on:  20 Nov 2020, 08:55:14

. 
. use ./analysis/cr_create_analysis_dataset_2019, clear
(covid vs non covid 2019)

. stset stime_primarycaredeath, fail(primarycaredeath) id(patient_id) enter(enter_date) ori
> gin(enter_date)

                id:  patient_id
     failure event:  primarycaredeath != 0 & primarycaredeath < .
obs. time interval:  (stime_primarycaredeath[_n-1], stime_primarycaredeath]
 enter on or after:  time enter_date
 exit on or before:  failure
    t for analysis:  (time-origin)
            origin:  time enter_date

------------------------------------------------------------------------------
   17425931  total observations
      6,270  observations end on or before enter()
------------------------------------------------------------------------------
   17419661  observations remaining, representing
   17419661  subjects
    118,702  failures in single-failure-per-subject data
 4.5307e+09  total analysis time at risk and under observation
                                                at risk from t =         0
                                     earliest observed entry t =         0
                                          last observed exit t =       261

. 
. cap prog drop baselogistic 

. prog define baselogistic
  1.         syntax , age(string) addvariable(string)
  2. 
.         cap logistic _d `age'                   ///
>                                 i.male                          ///
>                                 i.`addvariable'                 
  3. end                     

. 
. foreach addvariable of any asthmacat    ///
>                 cancer_exhaem_cat                                       ///
>                 cancer_haem_cat                                         ///
>                 chronic_cardiac_disease                         ///
>                 reduced_kidney_function_cat                     ///
>                 dialysis                                                        ///
>                 chronic_liver_disease                           ///
>                 chronic_respiratory_disease             ///
>                 diabcat                                                         ///
>                 ethnicity                                                       ///
>                 htdiag_or_highbp                                        ///
>                  bpcat                                                          ///
>                  hypertension                                           ///
>                 imd                                                             ///
>                 obese4cat                                                       ///
>                  bmicat                                                         ///
>                 organ_transplant                                        ///
>                 other_immunosuppression                         ///
>                 other_neuro                                             ///
>                 ra_sle_psoriasis                                        ///  
>                 smoke                                                           ///
>                 smoke_nomiss                                            ///
>                 spleen                                                          ///
>                 stroke_dementia {
  2.                         baselogistic, age("age1 age2 age3")  addvariable("i.`addvariab
> le'") 
  3.                         if _rc==0{
  4.                         estimates
  5.                         estimates save ./analysis/output/models/an_noncovid_2019_agese
> x_`addvariable', replace
  6.                         }
  7.                 else di "MODEL DID NOT FIT (adding `addvariable')"
  8.  }

-------------------------------------------------------------------------------------------
active results
-------------------------------------------------------------------------------------------

Logistic regression                             Number of obs     = 17,419,661
                                                LR chi2(6)        =  309716.31
                                                Prob > chi2       =     0.0000
Log likelihood = -555611.74                     Pseudo R2         =     0.2180

-------------------------------------------------------------------------------
           _d | Odds Ratio   Std. Err.      z    P>|z|     [95% Conf. Interval]
--------------+----------------------------------------------------------------
         age1 |   1.084245    .003491    25.12   0.000     1.077424    1.091108
         age2 |   .9696041    .007473    -4.00   0.000     .9550673    .9843621
         age3 |   1.164075    .021197     8.34   0.000     1.123262     1.20637
       1.male |   1.380686   .0083136    53.57   0.000     1.364487    1.397077
              |
    asthmacat |
 Yes, no OCS  |   1.058774   .0101534     5.96   0.000      1.03906    1.078863
Yes with OCS  |   .9572205   .0207441    -2.02   0.044     .9174142     .998754
              |
        _cons |    .000024   2.66e-06   -95.68   0.000     .0000193    .0000298
-------------------------------------------------------------------------------
Note: _cons estimates baseline odds.
file ./analysis/output/models/an_noncovid_2019_agesex_asthmacat.ster saved

-------------------------------------------------------------------------------------------
active results
-------------------------------------------------------------------------------------------

Logistic regression                             Number of obs     = 17,419,661
                                                LR chi2(7)        =  356021.50
                                                Prob > chi2       =     0.0000
Log likelihood = -532459.15                     Pseudo R2         =     0.2506

-----------------------------------------------------------------------------------
               _d | Odds Ratio   Std. Err.      z    P>|z|     [95% Conf. Interval]
------------------+----------------------------------------------------------------
             age1 |    1.10377   .0036723    29.68   0.000     1.096596    1.110991
             age2 |   .8976286   .0071004   -13.65   0.000     .8838194    .9116535
             age3 |   1.424254   .0265532    18.97   0.000      1.37315     1.47726
           1.male |   1.263374    .007697    38.37   0.000     1.248378     1.27855
                  |
cancer_exhaem_cat |
       Last year  |   8.236422   .1052757   164.97   0.000     8.032649    8.445365
   2-5 years ago  |   6.229362   .0571507   199.39   0.000      6.11835    6.342388
        5+ years  |   1.787504   .0161873    64.14   0.000     1.756057    1.819513
                  |
            _cons |   .0000152   1.75e-06   -96.24   0.000     .0000121    .0000191
-----------------------------------------------------------------------------------
Note: _cons estimates baseline odds.
file ./analysis/output/models/an_noncovid_2019_agesex_cancer_exhaem_cat.ster saved

-------------------------------------------------------------------------------------------
active results
-------------------------------------------------------------------------------------------

Logistic regression                             Number of obs     = 17,419,661
                                                LR chi2(7)        =  313052.38
                                                Prob > chi2       =     0.0000
Log likelihood = -553943.71                     Pseudo R2         =     0.2203

---------------------------------------------------------------------------------
             _d | Odds Ratio   Std. Err.      z    P>|z|     [95% Conf. Interval]
----------------+----------------------------------------------------------------
           age1 |   1.085912   .0035062    25.53   0.000     1.079061    1.092805
           age2 |   .9631256   .0074389    -4.86   0.000     .9486554    .9778165
           age3 |   1.184395   .0216075     9.28   0.000     1.142794    1.227512
         1.male |   1.366025   .0082265    51.79   0.000     1.349996    1.382244
                |
cancer_haem_cat |
     Last year  |   4.135063   .1745642    33.63   0.000     3.806695    4.491756
 2-5 years ago  |    3.62558    .094544    49.39   0.000     3.444933      3.8157
      5+ years  |   2.037448   .0463793    31.26   0.000     1.948544    2.130408
                |
          _cons |   .0000233   2.60e-06   -95.67   0.000     .0000187     .000029
---------------------------------------------------------------------------------
Note: _cons estimates baseline odds.
file ./analysis/output/models/an_noncovid_2019_agesex_cancer_haem_cat.ster saved

-------------------------------------------------------------------------------------------
active results
-------------------------------------------------------------------------------------------

Logistic regression                             Number of obs     = 17,419,661
                                                LR chi2(5)        =  318816.75
                                                Prob > chi2       =     0.0000
Log likelihood = -551061.53                     Pseudo R2         =     0.2244

------------------------------------------------------------------------------------------
                      _d | Odds Ratio   Std. Err.      z    P>|z|     [95% Conf. Interval]
-------------------------+----------------------------------------------------------------
                    age1 |    1.08748   .0035197    25.91   0.000     1.080603      1.0944
                    age2 |   .9557311   .0073986    -5.85   0.000     .9413395    .9703428
                    age3 |   1.195862   .0218636     9.78   0.000     1.153769    1.239491
                  1.male |   1.279479   .0077787    40.54   0.000     1.264323    1.294816
1.chronic_cardiac_dise~e |   1.891591   .0123223    97.85   0.000     1.867593    1.915897
                   _cons |   .0000232   2.59e-06   -95.47   0.000     .0000186    .0000288
------------------------------------------------------------------------------------------
Note: _cons estimates baseline odds.
file ./analysis/output/models/an_noncovid_2019_agesex_chronic_cardiac_disease.ster saved

-------------------------------------------------------------------------------------------
active results
-------------------------------------------------------------------------------------------

Logistic regression                             Number of obs     = 17,419,661
                                                LR chi2(6)        =  318693.16
                                                Prob > chi2       =     0.0000
Log likelihood = -551123.32                     Pseudo R2         =     0.2243

------------------------------------------------------------------------------------------
                      _d | Odds Ratio   Std. Err.      z    P>|z|     [95% Conf. Interval]
-------------------------+----------------------------------------------------------------
                    age1 |   1.078168   .0034417    23.58   0.000     1.071444    1.084935
                    age2 |   .9899053   .0075905    -1.32   0.186     .9751395    1.004895
                    age3 |   1.086919   .0197271     4.59   0.000     1.048934    1.126279
                  1.male |   1.360899   .0082115    51.07   0.000     1.344899    1.377089
                         |
reduced_kidney_functio~t |
Stage 3a/3b egfr 30-6..  |   1.246137   .0090559    30.28   0.000     1.228513    1.264013
      Stage 4/5 egfr<30  |   3.472243   .0414961   104.16   0.000     3.391857    3.554534
                         |
                   _cons |   .0000286   3.15e-06   -95.06   0.000      .000023    .0000355
------------------------------------------------------------------------------------------
Note: _cons estimates baseline odds.
file ./analysis/output/models/an_noncovid_2019_agesex_reduced_kidney_function_cat.ster save
> d

-------------------------------------------------------------------------------------------
active results
-------------------------------------------------------------------------------------------

Logistic regression                             Number of obs     = 17,419,661
                                                LR chi2(5)        =  312168.32
                                                Prob > chi2       =     0.0000
Log likelihood = -554385.74                     Pseudo R2         =     0.2197

------------------------------------------------------------------------------
          _d | Odds Ratio   Std. Err.      z    P>|z|     [95% Conf. Interval]
-------------+----------------------------------------------------------------
        age1 |   1.084505   .0034944    25.18   0.000     1.077678    1.091376
        age2 |    .967311   .0074595    -4.31   0.000     .9528005    .9820425
        age3 |   1.172341   .0213583     8.73   0.000     1.131218    1.214958
      1.male |   1.371161   .0082555    52.43   0.000     1.355076    1.387437
  1.dialysis |   5.994849   .1759536    61.02   0.000     5.659718    6.349825
       _cons |   .0000241   2.68e-06   -95.58   0.000     .0000194      .00003
------------------------------------------------------------------------------
Note: _cons estimates baseline odds.
file ./analysis/output/models/an_noncovid_2019_agesex_dialysis.ster saved

-------------------------------------------------------------------------------------------
active results
-------------------------------------------------------------------------------------------

Logistic regression                             Number of obs     = 17,419,661
                                                LR chi2(5)        =  315359.11
                                                Prob > chi2       =     0.0000
Log likelihood = -552790.35                     Pseudo R2         =     0.2219

-----------------------------------------------------------------------------------------
                     _d | Odds Ratio   Std. Err.      z    P>|z|     [95% Conf. Interval]
------------------------+----------------------------------------------------------------
                   age1 |   1.084412   .0034962    25.14   0.000     1.077582    1.091286
                   age2 |   .9644709   .0074409    -4.69   0.000     .9499967    .9791656
                   age3 |   1.184978   .0215976     9.31   0.000     1.143395    1.228073
                 1.male |   1.374943   .0082823    52.86   0.000     1.358806    1.391272
1.chronic_liver_disease |   5.015807    .088759    91.13   0.000     4.844824    5.192823
                  _cons |    .000024   2.67e-06   -95.55   0.000     .0000193    .0000299
-----------------------------------------------------------------------------------------
Note: _cons estimates baseline odds.
file ./analysis/output/models/an_noncovid_2019_agesex_chronic_liver_disease.ster saved

-------------------------------------------------------------------------------------------
active results
-------------------------------------------------------------------------------------------

Logistic regression                             Number of obs     = 17,419,661
                                                LR chi2(5)        =  323967.12
                                                Prob > chi2       =     0.0000
Log likelihood = -548486.34                     Pseudo R2         =     0.2280

------------------------------------------------------------------------------------------
                      _d | Odds Ratio   Std. Err.      z    P>|z|     [95% Conf. Interval]
-------------------------+----------------------------------------------------------------
                    age1 |   1.095768   .0035938    27.89   0.000     1.088747    1.102835
                    age2 |   .9280176   .0072568    -9.55   0.000      .913903    .9423502
                    age3 |   1.303412   .0240436    14.36   0.000     1.257129    1.351399
                  1.male |   1.324413   .0079931    46.56   0.000      1.30884    1.340173
1.chronic_respiratory_~e |   2.524335    .018196   128.46   0.000     2.488922    2.560252
                   _cons |   .0000183   2.08e-06   -96.14   0.000     .0000147    .0000229
------------------------------------------------------------------------------------------
Note: _cons estimates baseline odds.
file ./analysis/output/models/an_noncovid_2019_agesex_chronic_respiratory_disease.ster save
> d

-------------------------------------------------------------------------------------------
active results
-------------------------------------------------------------------------------------------

Logistic regression                             Number of obs     = 17,419,661
                                                LR chi2(7)        =  334110.80
                                                Prob > chi2       =     0.0000
Log likelihood =  -543414.5                     Pseudo R2         =     0.2351

------------------------------------------------------------------------------------------
                      _d | Odds Ratio   Std. Err.      z    P>|z|     [95% Conf. Interval]
-------------------------+----------------------------------------------------------------
                    age1 |   1.079145   .0034552    23.79   0.000     1.072394    1.085938
                    age2 |   .9795485   .0075309    -2.69   0.007     .9648988    .9944207
                    age3 |   1.134558   .0206366     6.94   0.000     1.094824    1.175735
                  1.male |   1.375296   .0083599    52.42   0.000     1.359008    1.391779
                         |
                 diabcat |
    Controlled diabetes  |   .8361183   .0079591   -18.80   0.000     .8206634    .8518642
  Uncontrolled diabetes  |   1.228607   .0160161    15.79   0.000     1.197614    1.260402
Diabetes, no hba1c me..  |   6.220982   .0638829   178.01   0.000     6.097026    6.347459
                         |
                   _cons |    .000027   2.98e-06   -95.26   0.000     .0000218    .0000335
------------------------------------------------------------------------------------------
Note: _cons estimates baseline odds.
file ./analysis/output/models/an_noncovid_2019_agesex_diabcat.ster saved

-------------------------------------------------------------------------------------------
active results
-------------------------------------------------------------------------------------------

Logistic regression                             Number of obs     = 12,880,185
                                                LR chi2(8)        =  215440.38
                                                Prob > chi2       =     0.0000
Log likelihood = -394817.07                     Pseudo R2         =     0.2144

-----------------------------------------------------------------------------------------
                     _d | Odds Ratio   Std. Err.      z    P>|z|     [95% Conf. Interval]
------------------------+----------------------------------------------------------------
                   age1 |   1.092887   .0044562    21.78   0.000     1.084188    1.101656
                   age2 |   .9420758   .0090191    -6.23   0.000     .9245636    .9599197
                   age3 |   1.257152   .0282296    10.19   0.000     1.203023    1.313716
                 1.male |    1.40349   .0100626    47.28   0.000     1.383905    1.423351
                        |
              ethnicity |
                 Mixed  |   .8109246   .0475646    -3.57   0.000     .7228588    .9097195
Asian or Asian British  |   .7374349   .0159406   -14.09   0.000     .7068445    .7693491
                 Black  |    .728485   .0265165    -8.70   0.000     .6783241    .7823552
                 Other  |   .5867757    .028519   -10.97   0.000     .5334592    .6454209
                        |
                  _cons |   .0000195   2.77e-06   -76.33   0.000     .0000148    .0000258
-----------------------------------------------------------------------------------------
Note: _cons estimates baseline odds.
file ./analysis/output/models/an_noncovid_2019_agesex_ethnicity.ster saved

-------------------------------------------------------------------------------------------
active results
-------------------------------------------------------------------------------------------

Logistic regression                             Number of obs     = 17,419,661
                                                LR chi2(5)        =  309675.93
                                                Prob > chi2       =     0.0000
Log likelihood = -555631.93                     Pseudo R2         =     0.2179

------------------------------------------------------------------------------------
                _d | Odds Ratio   Std. Err.      z    P>|z|     [95% Conf. Interval]
-------------------+----------------------------------------------------------------
              age1 |   1.084067   .0034899    25.07   0.000     1.077249    1.090929
              age2 |   .9696035   .0074815    -4.00   0.000     .9550504    .9843784
              age3 |   1.164286   .0212326     8.34   0.000     1.123406    1.206654
            1.male |   1.379316   .0082975    53.46   0.000     1.363149    1.395675
1.htdiag_or_highbp |   1.001252   .0068773     0.18   0.855     .9878628    1.014822
             _cons |   .0000243   2.71e-06   -95.58   0.000     .0000196    .0000303
------------------------------------------------------------------------------------
Note: _cons estimates baseline odds.
file ./analysis/output/models/an_noncovid_2019_agesex_htdiag_or_highbp.ster saved

-------------------------------------------------------------------------------------------
active results
-------------------------------------------------------------------------------------------

Logistic regression                             Number of obs     = 15,747,318
                                                LR chi2(7)        =  312492.89
                                                Prob > chi2       =     0.0000
Log likelihood = -538669.13                     Pseudo R2         =     0.2248

---------------------------------------------------------------------------------
             _d | Odds Ratio   Std. Err.      z    P>|z|     [95% Conf. Interval]
----------------+----------------------------------------------------------------
           age1 |   1.089109   .0039502    23.53   0.000     1.081394    1.096879
           age2 |   .9878151   .0083619    -1.45   0.148     .9715613    1.004341
           age3 |   1.087059   .0215392     4.21   0.000     1.045653    1.130106
         1.male |   1.379554   .0083546    53.13   0.000     1.363276    1.396026
                |
          bpcat |
      Elevated  |   .4478993   .0042161   -85.33   0.000     .4397118    .4562393
 High, stage I  |   .3620293   .0028806  -127.69   0.000     .3564273    .3677194
High, stage II  |   .3332347   .0026808  -136.60   0.000     .3280217    .3385306
                |
          _cons |   .0000359   4.55e-06   -80.66   0.000      .000028     .000046
---------------------------------------------------------------------------------
Note: _cons estimates baseline odds.
file ./analysis/output/models/an_noncovid_2019_agesex_bpcat.ster saved

-------------------------------------------------------------------------------------------
active results
-------------------------------------------------------------------------------------------

Logistic regression                             Number of obs     = 17,419,661
                                                LR chi2(5)        =  310515.46
                                                Prob > chi2       =     0.0000
Log likelihood = -555212.17                     Pseudo R2         =     0.2185

--------------------------------------------------------------------------------
            _d | Odds Ratio   Std. Err.      z    P>|z|     [95% Conf. Interval]
---------------+----------------------------------------------------------------
          age1 |    1.08649   .0035118    25.66   0.000     1.079629    1.093395
          age2 |   .9570444   .0074082    -5.67   0.000     .9426342    .9716749
          age3 |    1.20247   .0219867    10.08   0.000      1.16014    1.246345
        1.male |    1.38281   .0083224    53.85   0.000     1.366594    1.399218
1.hypertension |    1.20726   .0078967    28.80   0.000     1.191882    1.222837
         _cons |   .0000228   2.54e-06   -95.75   0.000     .0000183    .0000284
--------------------------------------------------------------------------------
Note: _cons estimates baseline odds.
file ./analysis/output/models/an_noncovid_2019_agesex_hypertension.ster saved

-------------------------------------------------------------------------------------------
active results
-------------------------------------------------------------------------------------------

Logistic regression                             Number of obs     = 17,419,661
                                                LR chi2(8)        =  313475.05
                                                Prob > chi2       =     0.0000
Log likelihood = -553732.37                     Pseudo R2         =     0.2206

----------------------------------------------------------------------------------
              _d | Odds Ratio   Std. Err.      z    P>|z|     [95% Conf. Interval]
-----------------+----------------------------------------------------------------
            age1 |   1.084215   .0034976    25.06   0.000     1.077381    1.091092
            age2 |   .9740536   .0075235    -3.40   0.001     .9594189    .9889116
            age3 |   1.148772   .0209635     7.60   0.000      1.10841    1.190603
          1.male |   1.385104   .0083412    54.10   0.000     1.368851    1.401549
                 |
             imd |
              2  |   1.115199   .0105908    11.48   0.000     1.094634    1.136151
              3  |     1.2334   .0116231    22.26   0.000     1.210828    1.256392
              4  |   1.420132     .01346    37.01   0.000     1.393994     1.44676
5 most deprived  |   1.710115   .0163571    56.10   0.000     1.678355    1.742477
                 |
           _cons |   .0000182   2.03e-06   -97.84   0.000     .0000146    .0000226
----------------------------------------------------------------------------------
Note: _cons estimates baseline odds.
file ./analysis/output/models/an_noncovid_2019_agesex_imd.ster saved

-------------------------------------------------------------------------------------------
active results
-------------------------------------------------------------------------------------------

Logistic regression                             Number of obs     = 17,419,661
                                                LR chi2(7)        =  310457.75
                                                Prob > chi2       =     0.0000
Log likelihood = -555241.02                     Pseudo R2         =     0.2185

-------------------------------------------------------------------------------------
                 _d | Odds Ratio   Std. Err.      z    P>|z|     [95% Conf. Interval]
--------------------+----------------------------------------------------------------
               age1 |   1.083517   .0034846    24.94   0.000     1.076709    1.090368
               age2 |   .9722661    .007489    -3.65   0.000     .9576981    .9870557
               age3 |   1.155661   .0210393     7.95   0.000     1.115152    1.197642
             1.male |    1.38931   .0083776    54.53   0.000     1.372986    1.405827
                    |
          obese4cat |
 Obese I (30-34.9)  |   .8445895   .0077016   -18.52   0.000     .8296288    .8598201
Obese II (35-39.9)  |   1.058325   .0151066     3.97   0.000     1.029127    1.088351
   Obese III (40+)  |   1.478008   .0292865    19.72   0.000     1.421708    1.536538
                    |
              _cons |   .0000246   2.73e-06   -95.60   0.000     .0000198    .0000306
-------------------------------------------------------------------------------------
Note: _cons estimates baseline odds.
file ./analysis/output/models/an_noncovid_2019_agesex_obese4cat.ster saved

-------------------------------------------------------------------------------------------
active results
-------------------------------------------------------------------------------------------

Logistic regression                             Number of obs     = 13,680,367
                                                LR chi2(9)        =  259738.85
                                                Prob > chi2       =     0.0000
Log likelihood =  -481885.6                     Pseudo R2         =     0.2123

---------------------------------------------------------------------------------------
                   _d | Odds Ratio   Std. Err.      z    P>|z|     [95% Conf. Interval]
----------------------+----------------------------------------------------------------
                 age1 |   1.102324   .0046109    23.29   0.000     1.093324    1.111398
                 age2 |   .9407628   .0090645    -6.34   0.000     .9231634    .9586977
                 age3 |   1.232066   .0276348     9.30   0.000     1.179076    1.287438
               1.male |   1.550341   .0100967    67.33   0.000     1.530678    1.570257
                      |
               bmicat |
  Normal (18.5-24.9)  |   .4200487   .0054097   -67.35   0.000     .4095786    .4307864
Overweight (25-29.9)  |   .2897688   .0038801   -92.50   0.000     .2822628    .2974745
   Obese I (30-34.9)  |   .3160921   .0046708   -77.94   0.000     .3070687    .3253806
  Obese II (35-39.9)  |   .3970708   .0073104   -50.17   0.000      .382998    .4116606
     Obese III (40+)  |   .5539712   .0127376   -25.69   0.000     .5295602    .5795074
                      |
                _cons |   .0000344   5.07e-06   -69.72   0.000     .0000258    .0000459
---------------------------------------------------------------------------------------
Note: _cons estimates baseline odds.
file ./analysis/output/models/an_noncovid_2019_agesex_bmicat.ster saved

-------------------------------------------------------------------------------------------
active results
-------------------------------------------------------------------------------------------

Logistic regression                             Number of obs     = 17,419,661
                                                LR chi2(5)        =  310312.53
                                                Prob > chi2       =     0.0000
Log likelihood = -555313.63                     Pseudo R2         =     0.2184

------------------------------------------------------------------------------------
                _d | Odds Ratio   Std. Err.      z    P>|z|     [95% Conf. Interval]
-------------------+----------------------------------------------------------------
              age1 |   1.083957   .0034893    25.04   0.000      1.07714    1.090818
              age2 |   .9693848     .00747    -4.04   0.000     .9548538    .9841369
              age3 |   1.165698    .021223     8.42   0.000     1.124835    1.208045
            1.male |   1.377793   .0082892    53.27   0.000     1.361641    1.394135
1.organ_transplant |   4.265624    .203172    30.46   0.000     3.885436    4.683013
             _cons |   .0000244   2.71e-06   -95.57   0.000     .0000196    .0000303
------------------------------------------------------------------------------------
Note: _cons estimates baseline odds.
file ./analysis/output/models/an_noncovid_2019_agesex_organ_transplant.ster saved

-------------------------------------------------------------------------------------------
active results
-------------------------------------------------------------------------------------------

Logistic regression                             Number of obs     = 17,419,661
                                                LR chi2(5)        =  309943.02
                                                Prob > chi2       =     0.0000
Log likelihood = -555498.39                     Pseudo R2         =     0.2181

------------------------------------------------------------------------------------------
                      _d | Odds Ratio   Std. Err.      z    P>|z|     [95% Conf. Interval]
-------------------------+----------------------------------------------------------------
                    age1 |   1.083681    .003487    24.97   0.000     1.076868    1.090537
                    age2 |   .9705213   .0074764    -3.88   0.000      .955978     .985286
                    age3 |   1.161837   .0211465     8.24   0.000     1.121121    1.204031
                  1.male |   1.378386   .0082917    53.35   0.000      1.36223    1.394733
1.other_immunosuppress~n |    2.38757   .1127259    18.43   0.000     2.176546    2.619054
                   _cons |   .0000245   2.72e-06   -95.56   0.000     .0000197    .0000305
------------------------------------------------------------------------------------------
Note: _cons estimates baseline odds.
file ./analysis/output/models/an_noncovid_2019_agesex_other_immunosuppression.ster saved

-------------------------------------------------------------------------------------------
active results
-------------------------------------------------------------------------------------------

Logistic regression                             Number of obs     = 17,419,661
                                                LR chi2(5)        =  313717.70
                                                Prob > chi2       =     0.0000
Log likelihood = -553611.05                     Pseudo R2         =     0.2208

-------------------------------------------------------------------------------
           _d | Odds Ratio   Std. Err.      z    P>|z|     [95% Conf. Interval]
--------------+----------------------------------------------------------------
         age1 |   1.085843   .0035058    25.51   0.000     1.078994    1.092736
         age2 |    .963037   .0074379    -4.88   0.000     .9485688    .9777259
         age3 |     1.1847   .0216126     9.29   0.000     1.143089    1.227826
       1.male |   1.366729   .0082286    51.89   0.000     1.350696    1.382952
1.other_neuro |     2.6708   .0367611    71.37   0.000     2.599713    2.743832
        _cons |   .0000232   2.59e-06   -95.70   0.000     .0000186    .0000289
-------------------------------------------------------------------------------
Note: _cons estimates baseline odds.
file ./analysis/output/models/an_noncovid_2019_agesex_other_neuro.ster saved

-------------------------------------------------------------------------------------------
active results
-------------------------------------------------------------------------------------------

Logistic regression                             Number of obs     = 17,419,661
                                                LR chi2(5)        =  310078.58
                                                Prob > chi2       =     0.0000
Log likelihood = -555430.61                     Pseudo R2         =     0.2182

------------------------------------------------------------------------------------
                _d | Odds Ratio   Std. Err.      z    P>|z|     [95% Conf. Interval]
-------------------+----------------------------------------------------------------
              age1 |   1.084341   .0034941    25.13   0.000     1.077515    1.091211
              age2 |   .9677329   .0074631    -4.25   0.000     .9532156    .9824713
              age3 |   1.170922    .021333     8.66   0.000     1.129847    1.213489
            1.male |    1.38255   .0083179    53.84   0.000     1.366343    1.398949
1.ra_sle_psoriasis |   1.248597    .013439    20.63   0.000     1.222533    1.275217
             _cons |    .000024   2.67e-06   -95.62   0.000     .0000193    .0000298
------------------------------------------------------------------------------------
Note: _cons estimates baseline odds.
file ./analysis/output/models/an_noncovid_2019_agesex_ra_sle_psoriasis.ster saved

-------------------------------------------------------------------------------------------
active results
-------------------------------------------------------------------------------------------

Logistic regression                             Number of obs     = 16,700,368
                                                LR chi2(6)        =  310644.63
                                                Prob > chi2       =     0.0000
Log likelihood = -545913.08                     Pseudo R2         =     0.2215

------------------------------------------------------------------------------
          _d | Odds Ratio   Std. Err.      z    P>|z|     [95% Conf. Interval]
-------------+----------------------------------------------------------------
        age1 |    1.08486   .0038567    22.91   0.000     1.077327    1.092445
        age2 |   .9700661   .0080992    -3.64   0.000     .9543212    .9860708
        age3 |   1.170402   .0229023     8.04   0.000     1.126364    1.216161
      1.male |   1.294282   .0079514    41.99   0.000     1.278791    1.309961
             |
       smoke |
     Former  |   1.399896   .0095353    49.39   0.000     1.381332    1.418711
    Current  |   2.714768   .0269479   100.61   0.000     2.662461    2.768102
             |
       _cons |   .0000165   2.04e-06   -88.97   0.000     .0000129     .000021
------------------------------------------------------------------------------
Note: _cons estimates baseline odds.
file ./analysis/output/models/an_noncovid_2019_agesex_smoke.ster saved

-------------------------------------------------------------------------------------------
active results
-------------------------------------------------------------------------------------------

Logistic regression                             Number of obs     = 17,419,661
                                                LR chi2(6)        =  319229.99
                                                Prob > chi2       =     0.0000
Log likelihood = -550854.91                     Pseudo R2         =     0.2247

------------------------------------------------------------------------------
          _d | Odds Ratio   Std. Err.      z    P>|z|     [95% Conf. Interval]
-------------+----------------------------------------------------------------
        age1 |   1.077341   .0035314    22.73   0.000     1.070442    1.084285
        age2 |   .9855806    .007718    -1.85   0.064      .970569    1.000824
        age3 |   1.128138   .0208439     6.53   0.000     1.088016     1.16974
      1.male |   1.286378    .007865    41.19   0.000     1.271055    1.301886
             |
smoke_nomiss |
     Former  |   1.407695   .0095157    50.59   0.000     1.389168     1.42647
    Current  |   2.723215   .0269087   101.39   0.000     2.670982    2.776469
             |
       _cons |    .000021   2.38e-06   -95.15   0.000     .0000168    .0000262
------------------------------------------------------------------------------
Note: _cons estimates baseline odds.
file ./analysis/output/models/an_noncovid_2019_agesex_smoke_nomiss.ster saved

-------------------------------------------------------------------------------------------
active results
-------------------------------------------------------------------------------------------

Logistic regression                             Number of obs     = 17,419,661
                                                LR chi2(5)        =  309972.61
                                                Prob > chi2       =     0.0000
Log likelihood = -555483.59                     Pseudo R2         =     0.2181

------------------------------------------------------------------------------
          _d | Odds Ratio   Std. Err.      z    P>|z|     [95% Conf. Interval]
-------------+----------------------------------------------------------------
        age1 |   1.084096   .0034902    25.08   0.000     1.077277    1.090958
        age2 |   .9693257   .0074701    -4.04   0.000     .9547946     .984078
        age3 |   1.165333   .0212175     8.40   0.000     1.124481    1.207669
      1.male |   1.378427   .0082918    53.35   0.000     1.362271    1.394775
    1.spleen |   2.281681   .0978397    19.24   0.000     2.097756    2.481732
       _cons |   .0000243   2.70e-06   -95.59   0.000     .0000196    .0000302
------------------------------------------------------------------------------
Note: _cons estimates baseline odds.
file ./analysis/output/models/an_noncovid_2019_agesex_spleen.ster saved

-------------------------------------------------------------------------------------------
active results
-------------------------------------------------------------------------------------------

Logistic regression                             Number of obs     = 17,419,661
                                                LR chi2(5)        =  318007.43
                                                Prob > chi2       =     0.0000
Log likelihood = -551466.18                     Pseudo R2         =     0.2238

-----------------------------------------------------------------------------------
               _d | Odds Ratio   Std. Err.      z    P>|z|     [95% Conf. Interval]
------------------+----------------------------------------------------------------
             age1 |   1.082746   .0034796    24.74   0.000     1.075947    1.089587
             age2 |   .9734827   .0074962    -3.49   0.000     .9589007    .9882863
             age3 |   1.141888    .020785     7.29   0.000     1.101868    1.183361
           1.male |   1.356754   .0081841    50.58   0.000     1.340808     1.37289
1.stroke_dementia |   2.156029   .0170647    97.07   0.000     2.122841    2.189736
            _cons |   .0000254   2.82e-06   -95.39   0.000     .0000204    .0000316
-----------------------------------------------------------------------------------
Note: _cons estimates baseline odds.
file ./analysis/output/models/an_noncovid_2019_agesex_stroke_dementia.ster saved

. 
.  cap logistic _d age1 age2 age3 i.male

.                         if _rc==0{
.                         estimates

-------------------------------------------------------------------------------------------
active results
-------------------------------------------------------------------------------------------

Logistic regression                             Number of obs     = 17,419,661
                                                LR chi2(4)        =  309675.90
                                                Prob > chi2       =     0.0000
Log likelihood = -555631.95                     Pseudo R2         =     0.2179

------------------------------------------------------------------------------
          _d | Odds Ratio   Std. Err.      z    P>|z|     [95% Conf. Interval]
-------------+----------------------------------------------------------------
        age1 |   1.084061   .0034897    25.07   0.000     1.077243    1.090922
        age2 |   .9696734   .0074721    -4.00   0.000     .9551384    .9844296
        age3 |   1.164062   .0211925     8.34   0.000     1.123257    1.206348
      1.male |   1.379292   .0082963    53.46   0.000     1.363127    1.395649
       _cons |   .0000243   2.71e-06   -95.59   0.000     .0000196    .0000303
------------------------------------------------------------------------------
Note: _cons estimates baseline odds.
.                         estimates save ./analysis/output/models/an_noncovid_2019_agesex_S
> EX, replace
(note: file ./analysis/output/models/an_noncovid_2019_agesex_SEX.ster not found)
file ./analysis/output/models/an_noncovid_2019_agesex_SEX.ster saved
.                 }

.  cap logistic _d ib3.agegroup i.male

.                         if _rc==0{
.                         estimates
--------------------------------------------------------------------------------------------------------------------------------------------------------------------------
active results
--------------------------------------------------------------------------------------------------------------------------------------------------------------------------

Logistic regression                             Number of obs     = 17,419,661
                                                LR chi2(6)        =  280316.88
                                                Prob > chi2       =     0.0000
Log likelihood = -570311.46                     Pseudo R2         =     0.1973

------------------------------------------------------------------------------
          _d | Odds Ratio   Std. Err.      z    P>|z|     [95% Conf. Interval]
-------------+----------------------------------------------------------------
    agegroup |
     18-<40  |    .149359   .0039167   -72.51   0.000     .1418764    .1572363
     40-<50  |   .4336049   .0099865   -36.28   0.000     .4144669    .4536267
     60-<70  |    2.47659   .0376455    59.66   0.000     2.403894    2.551484
     70-<80  |   6.330455   .0874021   133.66   0.000     6.161447    6.504099
        80+  |   27.41966   .3557175   255.24   0.000     26.73125    28.12579
             |
      1.male |   1.267565   .0075176    39.98   0.000     1.252916    1.282385
       _cons |   .0018889   .0000242  -490.11   0.000     .0018422    .0019369
------------------------------------------------------------------------------
Note: _cons estimates baseline odds.
.                         estimates save ./analysis/output/models/an_noncovid_2019_agesex_AGEGROUP, replace
file ./analysis/output/models/an_noncovid_2019_agesex_AGEGROUP.ster saved
.                 }

. 
. log close
      name:  <unnamed>
       log:  E:\analyses\covid-vs-noncovid-deaths-research\analysis/output/an_noncovid_2019
> _agesex.log
  log type:  text
 closed on:  20 Nov 2020, 09:29:02
-------------------------------------------------------------------------------------------
--------------------------------------------------------------------------------------------------------------------------------------------------------------------------
 