-----------------------------------------------------------------------------------------------------------------------------------------------------------------------
      name:  <unnamed>
       log:  c:\github\covid-vs-noncovid-deaths-research\analysis/output/an_covidvsnoncovid_agesex.log
  log type:  text
 opened on:  10 Dec 2020, 21:22:24

. 
.         cap prog drop baselogistic 

.         prog define baselogistic
  1.                 syntax , age(string) addvariable(string)
  2. 
.         cap logistic _d `age'                   ///
>                                 i.male                          ///
>                                 i.`addvariable'                 
  3.         end                     

.         
.         
.         use  ./analysis/cr_create_analysis_dataset_STSET_ONSCSDEATH.dta, clear
(covid vs noncovid 2020)

.         
.         assert onsdeath>=1 & onsdeath<. if _d==1

.                 
.         gen coviddeath = onsdeath==1 

.         gen noncoviddeath = onsdeath>1 & onsdeath<. 

.         
.         tab coviddeath

 coviddeath |      Freq.     Percent        Cum.
------------+-----------------------------------
          0 |     78,257       99.18       99.18
          1 |        649        0.82      100.00
------------+-----------------------------------
      Total |     78,906      100.00

.         tab noncoviddeath

noncoviddea |
         th |      Freq.     Percent        Cum.
------------+-----------------------------------
          0 |     76,465       96.91       96.91
          1 |      2,441        3.09      100.00
------------+-----------------------------------
      Total |     78,906      100.00

.         
.         foreach run of any covid noncovid {
  2.         
.         foreach addvariable of any asthmacat    ///
>                 cancer_exhaem_cat                                       ///
>                 cancer_haem_cat                                         ///
>                 chronic_cardiac_disease                         ///
>                 reduced_kidney_function_cat2            ///
>                 dialysis                                                        ///
>                 chronic_liver_disease                           ///
>                 chronic_respiratory_disease             ///
>                 diabcat                                                         ///
>                 ethnicity                                                       ///
>                 htdiag_or_highbp                                        ///
>                  bpcat                                                          ///
>                  hypertension                                           ///
>                 imd                                                             ///
>                 obese4cat                                                       ///
>                  bmicat                                                         ///
>                 organ_transplant                                        ///
>                 other_immunosuppression                         ///
>                 other_neuro                                             ///
>                 ra_sle_psoriasis                                        ///  
>                 smoke                                                           ///
>                 smoke_nomiss                                            ///
>                 spleen                                                          ///
>                 stroke                                                          ///
>                 dementia {
  3.                         cap logistic `run'death age1 age2 age3 male i.`addvariable'
  4.                         if _rc==0{
  5.                         estimates
  6.                         estimates save ./analysis/output/models/an_covidvsnoncovid_agesex_`run'_`addvariable', replace
  7.                         }
  8.                 else di "MODEL DID NOT FIT (adding `addvariable')"
  9.          }
 10. 
.          cap logistic `run'death age1 age2 age3 i.male
 11.                         if _rc==0{
 12.                         estimates
 13.                         estimates save ./analysis/output/models/an_covidvsnoncovid_agesex_`run'_MALE, replace
 14.                         }
 15.          cap logistic `run'death ib3.agegroup i.male
 16.                         if _rc==0{
 17.                         estimates
 18.                         estimates save ./analysis/output/models/an_covidvsnoncovid_agesex_`run'_AGEGROUP, replace
 19.                         }
 20.          
. }

-----------------------------------------------------------------------------------------------------------------------------------------------------------------------
active results
-----------------------------------------------------------------------------------------------------------------------------------------------------------------------

Logistic regression                             Number of obs     =     78,906
                                                LR chi2(6)        =       3.30
                                                Prob > chi2       =     0.7701
Log likelihood = -3760.2488                     Pseudo R2         =     0.0004

-------------------------------------------------------------------------------
   coviddeath | Odds Ratio   Std. Err.      z    P>|z|     [95% Conf. Interval]
--------------+----------------------------------------------------------------
         age1 |    1.01695   .0112877     1.51   0.130     .9950655    1.039316
         age2 |    .951722   .0376907    -1.25   0.211     .8806439    1.028537
         age3 |    1.12736   .1177346     1.15   0.251     .9186884    1.383429
         male |   1.016444   .0801358     0.21   0.836     .8709145    1.186292
              |
    asthmacat |
 Yes, no OCS  |     1.1648   .3058285     0.58   0.561     .6962429    1.948686
Yes with OCS  |   1.120232   .3041586     0.42   0.676      .657953    1.907309
              |
        _cons |   .0048688   .0016176   -16.03   0.000     .0025387    .0093374
-------------------------------------------------------------------------------
Note: _cons estimates baseline odds.
file ./analysis/output/models/an_covidvsnoncovid_agesex_covid_asthmacat.ster saved

-----------------------------------------------------------------------------------------------------------------------------------------------------------------------
active results
-----------------------------------------------------------------------------------------------------------------------------------------------------------------------

Logistic regression                             Number of obs     =     78,906
                                                LR chi2(7)        =       3.47
                                                Prob > chi2       =     0.8386
Log likelihood = -3760.1658                     Pseudo R2         =     0.0005

-----------------------------------------------------------------------------------
       coviddeath | Odds Ratio   Std. Err.      z    P>|z|     [95% Conf. Interval]
------------------+----------------------------------------------------------------
             age1 |   1.016922   .0112881     1.51   0.131     .9950366    1.039289
             age2 |   .9518595    .037699    -1.25   0.213     .8807658    1.028692
             age3 |   1.126897   .1176951     1.14   0.253     .9182968    1.382882
             male |   1.016198    .080116     0.20   0.838     .8707044    1.186004
                  |
cancer_exhaem_cat |
       Last year  |   1.348636   .5168518     0.78   0.435     .6363262    2.858312
   2-5 years ago  |   1.041264   .2393595     0.18   0.860     .6635775    1.633917
        5+ years  |   .9839406   .0844883    -0.19   0.850     .8315312    1.164285
                  |
            _cons |   .0049052   .0016359   -15.94   0.000     .0025514    .0094305
-----------------------------------------------------------------------------------
Note: _cons estimates baseline odds.
file ./analysis/output/models/an_covidvsnoncovid_agesex_covid_cancer_exhaem_cat.ster saved

-----------------------------------------------------------------------------------------------------------------------------------------------------------------------
active results
-----------------------------------------------------------------------------------------------------------------------------------------------------------------------

Logistic regression                             Number of obs     =     78,906
                                                LR chi2(7)        =       6.13
                                                Prob > chi2       =     0.5245
Log likelihood = -3758.8344                     Pseudo R2         =     0.0008

---------------------------------------------------------------------------------
     coviddeath | Odds Ratio   Std. Err.      z    P>|z|     [95% Conf. Interval]
----------------+----------------------------------------------------------------
           age1 |   1.017005   .0112906     1.52   0.129     .9951154    1.039377
           age2 |   .9515249   .0376901    -1.25   0.210     .8804483    1.028339
           age3 |   1.127929   .1178141     1.15   0.249     .9191197    1.384175
           male |   1.015954   .0801004     0.20   0.841     .8704888    1.185728
                |
cancer_haem_cat |
     Last year  |   1.557787   .7870016     0.88   0.380     .5787309    4.193139
 2-5 years ago  |   .5854618   .2409597    -1.30   0.193     .2613171    1.311684
      5+ years  |   .9174294   .0975899    -0.81   0.418     .7447793    1.130102
                |
          _cons |   .0049843   .0016579   -15.94   0.000      .002597     .009566
---------------------------------------------------------------------------------
Note: _cons estimates baseline odds.
file ./analysis/output/models/an_covidvsnoncovid_agesex_covid_cancer_haem_cat.ster saved

-----------------------------------------------------------------------------------------------------------------------------------------------------------------------
active results
-----------------------------------------------------------------------------------------------------------------------------------------------------------------------

Logistic regression                             Number of obs     =     78,906
                                                LR chi2(5)        =       7.92
                                                Prob > chi2       =     0.1610
Log likelihood = -3757.9424                     Pseudo R2         =     0.0011

-------------------------------------------------------------------------------------------
               coviddeath | Odds Ratio   Std. Err.      z    P>|z|     [95% Conf. Interval]
--------------------------+----------------------------------------------------------------
                     age1 |   1.016934   .0112894     1.51   0.130     .9950464    1.039304
                     age2 |   .9517029    .037696    -1.25   0.211     .8806151    1.028529
                     age3 |   1.127444   .1177637     1.15   0.251     .9187243    1.383581
                     male |   1.016342   .0801292     0.21   0.837     .8708241    1.186176
1.chronic_cardiac_disease |   1.239558   .1156975     2.30   0.021     1.032328    1.488388
                    _cons |   .0046801   .0015577   -16.12   0.000     .0024375     .008986
-------------------------------------------------------------------------------------------
Note: _cons estimates baseline odds.
file ./analysis/output/models/an_covidvsnoncovid_agesex_covid_chronic_cardiac_disease.ster saved

-----------------------------------------------------------------------------------------------------------------------------------------------------------------------
active results
-----------------------------------------------------------------------------------------------------------------------------------------------------------------------

Logistic regression                             Number of obs     =     78,906
                                                LR chi2(6)        =       4.25
                                                Prob > chi2       =     0.6432
Log likelihood =  -3759.776                     Pseudo R2         =     0.0006

-----------------------------------------------------------------------------------------------
                   coviddeath | Odds Ratio   Std. Err.      z    P>|z|     [95% Conf. Interval]
------------------------------+----------------------------------------------------------------
                         age1 |   1.016986   .0112904     1.52   0.129     .9950962    1.039357
                         age2 |   .9516165   .0376928    -1.25   0.211     .8805348    1.028436
                         age3 |     1.1282   .1178574     1.15   0.248     .9193169    1.384544
                         male |   1.013157   .0801578     0.17   0.869     .8676253    1.183099
                              |
 reduced_kidney_function_cat2 |
Stage 3a/3b egfr 30-60        |   .8363128   .3817179    -0.39   0.695     .3418654     2.04589
Stage 5 egfr <15 or dialysis  |    .890672   .0913844    -1.13   0.259     .7284222    1.089062
                              |
                        _cons |   .0050078   .0016657   -15.92   0.000     .0026093     .009611
-----------------------------------------------------------------------------------------------
Note: _cons estimates baseline odds.
file ./analysis/output/models/an_covidvsnoncovid_agesex_covid_reduced_kidney_function_cat2.ster saved

-----------------------------------------------------------------------------------------------------------------------------------------------------------------------
active results
-----------------------------------------------------------------------------------------------------------------------------------------------------------------------

Logistic regression                             Number of obs     =     78,906
                                                LR chi2(5)        =       4.09
                                                Prob > chi2       =     0.5371
Log likelihood = -3759.8571                     Pseudo R2         =     0.0005

------------------------------------------------------------------------------
  coviddeath | Odds Ratio   Std. Err.      z    P>|z|     [95% Conf. Interval]
-------------+----------------------------------------------------------------
        age1 |   1.016956   .0112893     1.51   0.130     .9950678    1.039325
        age2 |    .951703   .0376934    -1.25   0.211     .8806199    1.028524
        age3 |   1.127434    .117753     1.15   0.251     .9187318    1.383546
        male |   1.016019   .0801019     0.20   0.840     .8705506    1.185795
  1.dialysis |   .8923323    .091471    -1.11   0.266     .7299142    1.090891
       _cons |   .0050027   .0016639   -15.93   0.000     .0026068     .009601
------------------------------------------------------------------------------
Note: _cons estimates baseline odds.
file ./analysis/output/models/an_covidvsnoncovid_agesex_covid_dialysis.ster saved

-----------------------------------------------------------------------------------------------------------------------------------------------------------------------
active results
-----------------------------------------------------------------------------------------------------------------------------------------------------------------------

Logistic regression                             Number of obs     =     78,906
                                                LR chi2(5)        =       3.50
                                                Prob > chi2       =     0.6229
Log likelihood = -3760.1483                     Pseudo R2         =     0.0005

-----------------------------------------------------------------------------------------
             coviddeath | Odds Ratio   Std. Err.      z    P>|z|     [95% Conf. Interval]
------------------------+----------------------------------------------------------------
                   age1 |   1.016888   .0112875     1.51   0.131     .9950036    1.039253
                   age2 |   .9519392   .0377009    -1.24   0.214     .8808419    1.028775
                   age3 |   1.126651   .1176619     1.14   0.254     .9181086    1.382562
                   male |   1.016363   .0801287     0.21   0.837     .8708459    1.186196
1.chronic_liver_disease |   1.083972   .1050048     0.83   0.405     .8965242    1.310613
                  _cons |   .0048256   .0016052   -16.03   0.000     .0025142    .0092619
-----------------------------------------------------------------------------------------
Note: _cons estimates baseline odds.
file ./analysis/output/models/an_covidvsnoncovid_agesex_covid_chronic_liver_disease.ster saved

-----------------------------------------------------------------------------------------------------------------------------------------------------------------------
active results
-----------------------------------------------------------------------------------------------------------------------------------------------------------------------

Logistic regression                             Number of obs     =     78,906
                                                LR chi2(5)        =       3.07
                                                Prob > chi2       =     0.6897
Log likelihood = -3760.3665                     Pseudo R2         =     0.0004

-----------------------------------------------------------------------------------------------
                   coviddeath | Odds Ratio   Std. Err.      z    P>|z|     [95% Conf. Interval]
------------------------------+----------------------------------------------------------------
                         age1 |   1.016926   .0112883     1.51   0.131     .9950408    1.039294
                         age2 |   .9518523   .0376975    -1.25   0.213     .8807614    1.028681
                         age3 |   1.126894   .1176894     1.14   0.253     .9183036    1.382866
                         male |   1.016184   .0801143     0.20   0.839     .8706934    1.185987
1.chronic_respiratory_disease |   1.049994   .1028352     0.50   0.618     .8666046    1.272191
                        _cons |   .0048519   .0016144   -16.01   0.000     .0025274    .0093142
-----------------------------------------------------------------------------------------------
Note: _cons estimates baseline odds.
file ./analysis/output/models/an_covidvsnoncovid_agesex_covid_chronic_respiratory_disease.ster saved

-----------------------------------------------------------------------------------------------------------------------------------------------------------------------
active results
-----------------------------------------------------------------------------------------------------------------------------------------------------------------------

note: 3.diabcat != 0 predicts failure perfectly
      3.diabcat dropped and 104 obs not used

Logistic regression                             Number of obs     =     78,802
                                                LR chi2(6)        =       4.14
                                                Prob > chi2       =     0.6579
Log likelihood =  -3758.971                     Pseudo R2         =     0.0006

---------------------------------------------------------------------------------------------
                 coviddeath | Odds Ratio   Std. Err.      z    P>|z|     [95% Conf. Interval]
----------------------------+----------------------------------------------------------------
                       age1 |   1.016838   .0112861     1.50   0.132     .9949563    1.039201
                       age2 |   .9521671   .0377069    -1.24   0.216     .8810582    1.029015
                       age3 |   1.125976   .1175847     1.14   0.256     .9175689    1.381718
                       male |   1.016582   .0801483     0.21   0.835     .8710293    1.186457
                            |
                    diabcat |
       Controlled diabetes  |    1.27757   .4887203     0.64   0.522     .6036249    2.703974
     Uncontrolled diabetes  |          1  (empty)
Diabetes, no hba1c measure  |   1.104065   .1086079     1.01   0.314     .9104601    1.338838
                            |
                      _cons |    .004811   .0016001   -16.05   0.000     .0025069    .0092329
---------------------------------------------------------------------------------------------
Note: _cons estimates baseline odds.
file ./analysis/output/models/an_covidvsnoncovid_agesex_covid_diabcat.ster saved

-----------------------------------------------------------------------------------------------------------------------------------------------------------------------
active results
-----------------------------------------------------------------------------------------------------------------------------------------------------------------------

Logistic regression                             Number of obs     =     59,214
                                                LR chi2(8)        =       5.98
                                                Prob > chi2       =     0.6496
Log likelihood = -2747.7973                     Pseudo R2         =     0.0011

-----------------------------------------------------------------------------------------
             coviddeath | Odds Ratio   Std. Err.      z    P>|z|     [95% Conf. Interval]
------------------------+----------------------------------------------------------------
                   age1 |   1.025389   .0136608     1.88   0.060     .9989604    1.052516
                   age2 |    .933963   .0438727    -1.45   0.146     .8518137    1.024035
                   age3 |   1.170892   .1446103     1.28   0.201     .9191573    1.491571
                   male |   1.079346   .0997839     0.83   0.409     .9004682    1.293758
                        |
              ethnicity |
                 Mixed  |   1.047007   .2176443     0.22   0.825     .6966392    1.573589
Asian or Asian British  |   1.134885   .2276909     0.63   0.528     .7659071    1.681619
                 Black  |   .9158026   .2020311    -0.40   0.690     .5943224    1.411177
                 Other  |    1.00028   .1559979     0.00   0.999     .7368395    1.357907
                        |
                  _cons |    .003499   .0014102   -14.03   0.000     .0015882     .007709
-----------------------------------------------------------------------------------------
Note: _cons estimates baseline odds.
file ./analysis/output/models/an_covidvsnoncovid_agesex_covid_ethnicity.ster saved

-----------------------------------------------------------------------------------------------------------------------------------------------------------------------
active results
-----------------------------------------------------------------------------------------------------------------------------------------------------------------------

Logistic regression                             Number of obs     =     78,906
                                                LR chi2(5)        =       6.38
                                                Prob > chi2       =     0.2707
Log likelihood = -3758.7083                     Pseudo R2         =     0.0008

------------------------------------------------------------------------------------
        coviddeath | Odds Ratio   Std. Err.      z    P>|z|     [95% Conf. Interval]
-------------------+----------------------------------------------------------------
              age1 |   1.016896   .0112855     1.51   0.131     .9950155    1.039257
              age2 |   .9519131   .0376969    -1.24   0.213     .8808232    1.028741
              age3 |    1.12665   .1176624     1.14   0.254     .9181072    1.382563
              male |   1.016998   .0801809     0.21   0.831     .8713859    1.186941
1.htdiag_or_highbp |   1.348982     .22353     1.81   0.071     .9748997    1.866606
             _cons |   .0037113   .0013607   -15.26   0.000      .001809    .0076139
------------------------------------------------------------------------------------
Note: _cons estimates baseline odds.
file ./analysis/output/models/an_covidvsnoncovid_agesex_covid_htdiag_or_highbp.ster saved

-----------------------------------------------------------------------------------------------------------------------------------------------------------------------
active results
-----------------------------------------------------------------------------------------------------------------------------------------------------------------------

note: 1b.bpcat != 0 predicts failure perfectly
      1b.bpcat dropped and 2 obs not used
note: 3.bpcat != 0 predicts failure perfectly
      3.bpcat dropped and 104 obs not used
note: 4.bpcat omitted because of collinearity

Logistic regression                             Number of obs     =     71,112
                                                LR chi2(4)        =       3.29
                                                Prob > chi2       =     0.5102
Log likelihood = -3470.3944                     Pseudo R2         =     0.0005

---------------------------------------------------------------------------------
     coviddeath | Odds Ratio   Std. Err.      z    P>|z|     [95% Conf. Interval]
----------------+----------------------------------------------------------------
           age1 |   1.018981   .0117784     1.63   0.104     .9961555     1.04233
           age2 |   .9446616   .0388723    -1.38   0.167     .8714646    1.024007
           age3 |   1.150824   .1247476     1.30   0.195     .9305505    1.423239
           male |   1.021337   .0836152     0.26   0.796     .8699269    1.199101
                |
          bpcat |
        Normal  |          1  (empty)
 High, stage I  |          1  (empty)
High, stage II  |          1  (omitted)
                |
          _cons |    .004739   .0016416   -15.45   0.000     .0024034    .0093444
---------------------------------------------------------------------------------
Note: _cons estimates baseline odds.
file ./analysis/output/models/an_covidvsnoncovid_agesex_covid_bpcat.ster saved

-----------------------------------------------------------------------------------------------------------------------------------------------------------------------
active results
-----------------------------------------------------------------------------------------------------------------------------------------------------------------------

Logistic regression                             Number of obs     =     78,906
                                                LR chi2(5)        =       8.03
                                                Prob > chi2       =     0.1544
Log likelihood = -3757.8834                     Pseudo R2         =     0.0011

--------------------------------------------------------------------------------
    coviddeath | Odds Ratio   Std. Err.      z    P>|z|     [95% Conf. Interval]
---------------+----------------------------------------------------------------
          age1 |   1.016955   .0112865     1.51   0.130     .9950725    1.039318
          age2 |   .9517305   .0376914    -1.25   0.212      .880651    1.028547
          age3 |   1.127427   .1177508     1.15   0.251      .918728    1.383533
          male |   1.015598   .0800708     0.20   0.844     .8701864    1.185309
1.hypertension |   .7882553   .0843243    -2.22   0.026      .639159    .9721312
         _cons |   .0051084   .0016983   -15.87   0.000     .0026625    .0098011
--------------------------------------------------------------------------------
Note: _cons estimates baseline odds.
file ./analysis/output/models/an_covidvsnoncovid_agesex_covid_hypertension.ster saved

-----------------------------------------------------------------------------------------------------------------------------------------------------------------------
active results
-----------------------------------------------------------------------------------------------------------------------------------------------------------------------

Logistic regression                             Number of obs     =     78,906
                                                LR chi2(6)        =       5.64
                                                Prob > chi2       =     0.4649
Log likelihood = -3759.0808                     Pseudo R2         =     0.0007

----------------------------------------------------------------------------------
      coviddeath | Odds Ratio   Std. Err.      z    P>|z|     [95% Conf. Interval]
-----------------+----------------------------------------------------------------
            age1 |    1.01691   .0112901     1.51   0.131     .9950208    1.039281
            age2 |   .9517097   .0376989    -1.25   0.211     .8806167    1.028542
            age3 |   1.127555   .1177805     1.15   0.250     .9188064     1.38373
            male |   1.015772   .0800841     0.20   0.843     .8703362    1.185511
                 |
             imd |
              4  |   1.039032   .1041255     0.38   0.702     .8537422    1.264536
5 most deprived  |   1.236104   .1525744     1.72   0.086     .9704876    1.574419
                 |
           _cons |   .0047562   .0015848   -16.05   0.000     .0024753    .0091389
----------------------------------------------------------------------------------
Note: _cons estimates baseline odds.
file ./analysis/output/models/an_covidvsnoncovid_agesex_covid_imd.ster saved

-----------------------------------------------------------------------------------------------------------------------------------------------------------------------
active results
-----------------------------------------------------------------------------------------------------------------------------------------------------------------------

Logistic regression                             Number of obs     =     78,906
                                                LR chi2(7)        =       4.75
                                                Prob > chi2       =     0.6900
Log likelihood = -3759.5233                     Pseudo R2         =     0.0006

-------------------------------------------------------------------------------------
         coviddeath | Odds Ratio   Std. Err.      z    P>|z|     [95% Conf. Interval]
--------------------+----------------------------------------------------------------
               age1 |   1.016969   .0112902     1.52   0.130     .9950799     1.03934
               age2 |    .951541     .03769    -1.25   0.210     .8804646    1.028355
               age3 |   1.128077   .1178257     1.15   0.249     .9192466    1.384348
               male |   1.016478   .0801397     0.21   0.836     .8709413    1.186335
                    |
          obese4cat |
 Obese I (30-34.9)  |   1.004046   .1095735     0.04   0.970     .8107002    1.243503
Obese II (35-39.9)  |   .8715733   .0995992    -1.20   0.229      .696679    1.090373
   Obese III (40+)  |   .9233967   .0954771    -0.77   0.441     .7540081    1.130839
                    |
              _cons |   .0050996   .0017093   -15.75   0.000     .0026438    .0098366
-------------------------------------------------------------------------------------
Note: _cons estimates baseline odds.
file ./analysis/output/models/an_covidvsnoncovid_agesex_covid_obese4cat.ster saved

-----------------------------------------------------------------------------------------------------------------------------------------------------------------------
active results
-----------------------------------------------------------------------------------------------------------------------------------------------------------------------

Logistic regression                             Number of obs     =     68,113
                                                LR chi2(9)        =      11.47
                                                Prob > chi2       =     0.2451
Log likelihood = -3250.0931                     Pseudo R2         =     0.0018

---------------------------------------------------------------------------------------
           coviddeath | Odds Ratio   Std. Err.      z    P>|z|     [95% Conf. Interval]
----------------------+----------------------------------------------------------------
                 age1 |   1.020091   .0122082     1.66   0.096     .9964419    1.044301
                 age2 |    .937051   .0398798    -1.53   0.127     .8620591    1.018567
                 age3 |   1.182155   .1324113     1.49   0.135     .9491451    1.472367
                 male |   1.045384   .0885753     0.52   0.600     .8854284    1.234235
                      |
               bmicat |
  Normal (18.5-24.9)  |   .7485862   .2033045    -1.07   0.286      .439611    1.274721
Overweight (25-29.9)  |   1.077935   .2745434     0.29   0.768       .65433    1.775777
   Obese I (30-34.9)  |   .9226314    .234053    -0.32   0.751     .5611714    1.516914
  Obese II (35-39.9)  |   .8005105    .204882    -0.87   0.385     .4847426    1.321974
     Obese III (40+)  |   .8482115   .2131289    -0.66   0.512     .5183511    1.387984
                      |
                _cons |   .0050363   .0021587   -12.34   0.000      .002174    .0116672
---------------------------------------------------------------------------------------
Note: _cons estimates baseline odds.
file ./analysis/output/models/an_covidvsnoncovid_agesex_covid_bmicat.ster saved

-----------------------------------------------------------------------------------------------------------------------------------------------------------------------
active results
-----------------------------------------------------------------------------------------------------------------------------------------------------------------------

Logistic regression                             Number of obs     =     78,906
                                                LR chi2(5)        =       6.27
                                                Prob > chi2       =     0.2810
Log likelihood = -3758.7657                     Pseudo R2         =     0.0008

------------------------------------------------------------------------------------
        coviddeath | Odds Ratio   Std. Err.      z    P>|z|     [95% Conf. Interval]
-------------------+----------------------------------------------------------------
              age1 |   1.016882   .0112872     1.51   0.131     .9949988    1.039247
              age2 |   .9518583   .0376972    -1.25   0.213     .8807679    1.028687
              age3 |   1.127055   .1177034     1.15   0.252     .9184394    1.383057
              male |   1.016538   .0801438     0.21   0.835      .870994    1.186404
1.organ_transplant |   .8261181    .086751    -1.82   0.069     .6724456    1.014909
             _cons |   .0050816   .0016901   -15.88   0.000     .0026479    .0097521
------------------------------------------------------------------------------------
Note: _cons estimates baseline odds.
file ./analysis/output/models/an_covidvsnoncovid_agesex_covid_organ_transplant.ster saved

-----------------------------------------------------------------------------------------------------------------------------------------------------------------------
active results
-----------------------------------------------------------------------------------------------------------------------------------------------------------------------

Logistic regression                             Number of obs     =     78,906
                                                LR chi2(5)        =       2.94
                                                Prob > chi2       =     0.7085
Log likelihood = -3760.4276                     Pseudo R2         =     0.0004

-------------------------------------------------------------------------------------------
               coviddeath | Odds Ratio   Std. Err.      z    P>|z|     [95% Conf. Interval]
--------------------------+----------------------------------------------------------------
                     age1 |    1.01693   .0112884     1.51   0.130     .9950436    1.039297
                     age2 |   .9518238   .0376968    -1.25   0.213     .8807342    1.028651
                     age3 |   1.127017   .1177036     1.14   0.252     .9184015     1.38302
                     male |   1.016272   .0801211     0.20   0.838     .8707682    1.186089
1.other_immunosuppression |   1.029242   .0842646     0.35   0.725      .876656    1.208387
                    _cons |    .004848   .0016171   -15.98   0.000     .0025214    .0093216
-------------------------------------------------------------------------------------------
Note: _cons estimates baseline odds.
file ./analysis/output/models/an_covidvsnoncovid_agesex_covid_other_immunosuppression.ster saved

-----------------------------------------------------------------------------------------------------------------------------------------------------------------------
active results
-----------------------------------------------------------------------------------------------------------------------------------------------------------------------

Logistic regression                             Number of obs     =     78,906
                                                LR chi2(5)        =       2.88
                                                Prob > chi2       =     0.7182
Log likelihood = -3760.4589                     Pseudo R2         =     0.0004

-------------------------------------------------------------------------------
   coviddeath | Odds Ratio   Std. Err.      z    P>|z|     [95% Conf. Interval]
--------------+----------------------------------------------------------------
         age1 |   1.016919   .0112878     1.51   0.131     .9950346    1.039285
         age2 |   .9518397   .0376964    -1.25   0.213     .8807509    1.028666
         age3 |   1.126989   .1176974     1.14   0.252     .9183833    1.382977
         male |   1.016322    .080126     0.21   0.837     .8708095    1.186149
1.other_neuro |   .9756888   .0975222    -0.25   0.806     .8021062    1.186836
        _cons |   .0049239   .0016378   -15.97   0.000     .0025655    .0094502
-------------------------------------------------------------------------------
Note: _cons estimates baseline odds.
file ./analysis/output/models/an_covidvsnoncovid_agesex_covid_other_neuro.ster saved

-----------------------------------------------------------------------------------------------------------------------------------------------------------------------
active results
-----------------------------------------------------------------------------------------------------------------------------------------------------------------------

Logistic regression                             Number of obs     =     78,906
                                                LR chi2(5)        =       3.59
                                                Prob > chi2       =     0.6104
Log likelihood =  -3760.107                     Pseudo R2         =     0.0005

------------------------------------------------------------------------------------
        coviddeath | Odds Ratio   Std. Err.      z    P>|z|     [95% Conf. Interval]
-------------------+----------------------------------------------------------------
              age1 |   1.016909    .011289     1.51   0.131     .9950216    1.039277
              age2 |   .9518756   .0377026    -1.25   0.213     .8807753    1.028715
              age3 |   1.126907   .1177057     1.14   0.253       .91829    1.382918
              male |   1.016182   .0801143     0.20   0.839     .8706909    1.185984
1.ra_sle_psoriasis |   1.089163   .1055085     0.88   0.378     .9008156    1.316891
             _cons |   .0048178   .0016031   -16.04   0.000     .0025097    .0092485
------------------------------------------------------------------------------------
Note: _cons estimates baseline odds.
file ./analysis/output/models/an_covidvsnoncovid_agesex_covid_ra_sle_psoriasis.ster saved

-----------------------------------------------------------------------------------------------------------------------------------------------------------------------
active results
-----------------------------------------------------------------------------------------------------------------------------------------------------------------------

Logistic regression                             Number of obs     =     14,232
                                                LR chi2(6)        =       7.18
                                                Prob > chi2       =     0.3041
Log likelihood = -665.04833                     Pseudo R2         =     0.0054

------------------------------------------------------------------------------
  coviddeath | Odds Ratio   Std. Err.      z    P>|z|     [95% Conf. Interval]
-------------+----------------------------------------------------------------
        age1 |   1.051245   .0298992     1.76   0.079     .9942466     1.11151
        age2 |   .8730799     .08524    -1.39   0.164     .7210244    1.057202
        age3 |   1.357873   .3469464     1.20   0.231     .8229456    2.240513
        male |   .9563534   .1793567    -0.24   0.812     .6621893    1.381194
             |
       smoke |
     Former  |   .7012705   .2374472    -1.05   0.295     .3611373    1.361754
    Current  |   .6875004   .1459507    -1.76   0.078     .4534922     1.04226
             |
       _cons |   .0023022   .0020448    -6.84   0.000     .0004038     .013127
------------------------------------------------------------------------------
Note: _cons estimates baseline odds.
file ./analysis/output/models/an_covidvsnoncovid_agesex_covid_smoke.ster saved

-----------------------------------------------------------------------------------------------------------------------------------------------------------------------
active results
-----------------------------------------------------------------------------------------------------------------------------------------------------------------------

Logistic regression                             Number of obs     =     78,906
                                                LR chi2(6)        =       4.06
                                                Prob > chi2       =     0.6690
Log likelihood = -3759.8717                     Pseudo R2         =     0.0005

------------------------------------------------------------------------------
  coviddeath | Odds Ratio   Std. Err.      z    P>|z|     [95% Conf. Interval]
-------------+----------------------------------------------------------------
        age1 |   1.016984   .0112896     1.52   0.129     .9950953    1.039353
        age2 |   .9516107   .0376872    -1.25   0.210     .8805393    1.028419
        age3 |   1.127725   .1177692     1.15   0.250     .9189915    1.383868
        male |   1.016646    .080152     0.21   0.834      .871087    1.186529
             |
smoke_nomiss |
     Former  |   .8911465   .2609444    -0.39   0.694     .5019972    1.581965
    Current  |    .876304    .111439    -1.04   0.299       .68298     1.12435
             |
       _cons |   .0049763   .0016541   -15.95   0.000      .002594    .0095463
------------------------------------------------------------------------------
Note: _cons estimates baseline odds.
file ./analysis/output/models/an_covidvsnoncovid_agesex_covid_smoke_nomiss.ster saved

-----------------------------------------------------------------------------------------------------------------------------------------------------------------------
active results
-----------------------------------------------------------------------------------------------------------------------------------------------------------------------

Logistic regression                             Number of obs     =     78,906
                                                LR chi2(5)        =       4.59
                                                Prob > chi2       =     0.4679
Log likelihood = -3759.6049                     Pseudo R2         =     0.0006

------------------------------------------------------------------------------
  coviddeath | Odds Ratio   Std. Err.      z    P>|z|     [95% Conf. Interval]
-------------+----------------------------------------------------------------
        age1 |   1.016936   .0112884     1.51   0.130     .9950499    1.039303
        age2 |   .9517238   .0376929    -1.25   0.212     .8806417    1.028544
        age3 |   1.127344   .1177381     1.15   0.251      .918667    1.383422
        male |   1.016062   .0801054     0.20   0.840     .8705873    1.185846
    1.spleen |   .8950866   .0750379    -1.32   0.186     .7594621    1.054931
       _cons |     .00509   .0016963   -15.85   0.000     .0026488     .009781
------------------------------------------------------------------------------
Note: _cons estimates baseline odds.
file ./analysis/output/models/an_covidvsnoncovid_agesex_covid_spleen.ster saved

-----------------------------------------------------------------------------------------------------------------------------------------------------------------------
active results
-----------------------------------------------------------------------------------------------------------------------------------------------------------------------

Logistic regression                             Number of obs     =     78,906
                                                LR chi2(5)        =       4.22
                                                Prob > chi2       =     0.5182
Log likelihood = -3759.7899                     Pseudo R2         =     0.0006

------------------------------------------------------------------------------
  coviddeath | Odds Ratio   Std. Err.      z    P>|z|     [95% Conf. Interval]
-------------+----------------------------------------------------------------
        age1 |   1.016994   .0112894     1.52   0.129     .9951067    1.039364
        age2 |   .9516264   .0376898    -1.25   0.211     .8805502     1.02844
        age3 |   1.127562   .1177633     1.15   0.250     .9188407    1.383695
        male |   1.016404   .0801323     0.21   0.836     .8708803    1.186245
    1.stroke |   .8868049   .0912092    -1.17   0.243     .7249044    1.084864
       _cons |   .0050012    .001663   -15.93   0.000     .0026063    .0095967
------------------------------------------------------------------------------
Note: _cons estimates baseline odds.
file ./analysis/output/models/an_covidvsnoncovid_agesex_covid_stroke.ster saved

-----------------------------------------------------------------------------------------------------------------------------------------------------------------------
active results
-----------------------------------------------------------------------------------------------------------------------------------------------------------------------

Logistic regression                             Number of obs     =     78,906
                                                LR chi2(5)        =       3.96
                                                Prob > chi2       =     0.5557
Log likelihood = -3759.9216                     Pseudo R2         =     0.0005

------------------------------------------------------------------------------
  coviddeath | Odds Ratio   Std. Err.      z    P>|z|     [95% Conf. Interval]
-------------+----------------------------------------------------------------
        age1 |   1.016845   .0112869     1.50   0.132     .9949615    1.039209
        age2 |   .9519411   .0377004    -1.24   0.214     .8808447    1.028776
        age3 |   1.126875   .1176867     1.14   0.253     .9182891    1.382841
        male |   1.016563   .0801453     0.21   0.835     .8710163    1.186432
  1.dementia |   1.109276   .1068959     1.08   0.282     .9183603     1.33988
       _cons |   .0048093   .0015995   -16.05   0.000      .002506    .0092296
------------------------------------------------------------------------------
Note: _cons estimates baseline odds.
file ./analysis/output/models/an_covidvsnoncovid_agesex_covid_dementia.ster saved

-----------------------------------------------------------------------------------------------------------------------------------------------------------------------
active results
-----------------------------------------------------------------------------------------------------------------------------------------------------------------------

Logistic regression                             Number of obs     =     78,906
                                                LR chi2(4)        =       2.82
                                                Prob > chi2       =     0.5882
Log likelihood = -3760.4894                     Pseudo R2         =     0.0004

------------------------------------------------------------------------------
  coviddeath | Odds Ratio   Std. Err.      z    P>|z|     [95% Conf. Interval]
-------------+----------------------------------------------------------------
        age1 |    1.01692   .0112879     1.51   0.131     .9950348    1.039286
        age2 |   .9518279   .0376964    -1.25   0.213     .8807391    1.028655
        age3 |   1.127021   .1177021     1.14   0.252     .9184079     1.38302
      1.male |   1.016222    .080117     0.20   0.838     .8707257     1.18603
       _cons |   .0049009   .0016276   -16.01   0.000     .0025562    .0093963
------------------------------------------------------------------------------
Note: _cons estimates baseline odds.
file ./analysis/output/models/an_covidvsnoncovid_agesex_covid_MALE.ster saved

-----------------------------------------------------------------------------------------------------------------------------------------------------------------------
active results
-----------------------------------------------------------------------------------------------------------------------------------------------------------------------

Logistic regression                             Number of obs     =     78,906
                                                LR chi2(6)        =       2.36
                                                Prob > chi2       =     0.8841
Log likelihood = -3760.7213                     Pseudo R2         =     0.0003

------------------------------------------------------------------------------
  coviddeath | Odds Ratio   Std. Err.      z    P>|z|     [95% Conf. Interval]
-------------+----------------------------------------------------------------
    agegroup |
     18-<40  |   .9965301   .1169558    -0.03   0.976      .791755    1.254267
     40-<50  |   1.139739   .1527368     0.98   0.329     .8764675    1.482092
     60-<70  |   .9657989   .1420191    -0.24   0.813     .7239673    1.288411
     70-<80  |   1.109186   .1694775     0.68   0.498     .8221395    1.496454
        80+  |   1.083037   .1961209     0.44   0.660     .7594582     1.54448
             |
      1.male |   1.015784   .0800823     0.20   0.843     .8703509    1.185518
       _cons |   .0079627   .0008295   -46.39   0.000     .0064921    .0097664
------------------------------------------------------------------------------
Note: _cons estimates baseline odds.
file ./analysis/output/models/an_covidvsnoncovid_agesex_covid_AGEGROUP.ster saved

-----------------------------------------------------------------------------------------------------------------------------------------------------------------------
active results
-----------------------------------------------------------------------------------------------------------------------------------------------------------------------

Logistic regression                             Number of obs     =     78,906
                                                LR chi2(6)        =       2.35
                                                Prob > chi2       =     0.8850
Log likelihood = -10886.222                     Pseudo R2         =     0.0001

-------------------------------------------------------------------------------
noncoviddeath | Odds Ratio   Std. Err.      z    P>|z|     [95% Conf. Interval]
--------------+----------------------------------------------------------------
         age1 |   1.005924   .0056478     1.05   0.293     .9949149    1.017054
         age2 |   .9766777   .0199164    -1.16   0.247     .9384121    1.016504
         age3 |   1.063736    .057531     1.14   0.253     .9567476    1.182688
         male |   1.013892    .041697     0.34   0.737     .9353742    1.099001
              |
    asthmacat |
 Yes, no OCS  |   .9381522   .1417562    -0.42   0.673     .6976786    1.261511
Yes with OCS  |   .8794416   .1388291    -0.81   0.416     .6454103    1.198335
              |
        _cons |   .0272116    .004522   -21.69   0.000     .0196473    .0376883
-------------------------------------------------------------------------------
Note: _cons estimates baseline odds.
file ./analysis/output/models/an_covidvsnoncovid_agesex_noncovid_asthmacat.ster saved

-----------------------------------------------------------------------------------------------------------------------------------------------------------------------
active results
-----------------------------------------------------------------------------------------------------------------------------------------------------------------------

Logistic regression                             Number of obs     =     78,906
                                                LR chi2(7)        =      12.20
                                                Prob > chi2       =     0.0943
Log likelihood = -10881.298                     Pseudo R2         =     0.0006

-----------------------------------------------------------------------------------
    noncoviddeath | Odds Ratio   Std. Err.      z    P>|z|     [95% Conf. Interval]
------------------+----------------------------------------------------------------
             age1 |   1.005897   .0056479     1.05   0.295     .9948877    1.017027
             age2 |   .9766927   .0199186    -1.16   0.248     .9384229    1.016523
             age3 |   1.063733   .0575379     1.14   0.253     .9567324      1.1827
             male |   1.013884    .041699     0.34   0.737     .9353632    1.098997
                  |
cancer_exhaem_cat |
       Last year  |    .531978   .1623626    -2.07   0.039     .2924841     .967576
   2-5 years ago  |   .8752733   .1114876    -1.05   0.296     .6819025    1.123479
        5+ years  |    .900551   .0407379    -2.32   0.021     .8241435    .9840424
                  |
            _cons |   .0282507   .0047124   -21.38   0.000     .0203724    .0391757
-----------------------------------------------------------------------------------
Note: _cons estimates baseline odds.
file ./analysis/output/models/an_covidvsnoncovid_agesex_noncovid_cancer_exhaem_cat.ster saved

-----------------------------------------------------------------------------------------------------------------------------------------------------------------------
active results
-----------------------------------------------------------------------------------------------------------------------------------------------------------------------

Logistic regression                             Number of obs     =     78,906
                                                LR chi2(7)        =       3.00
                                                Prob > chi2       =     0.8849
Log likelihood = -10885.896                     Pseudo R2         =     0.0001

---------------------------------------------------------------------------------
  noncoviddeath | Odds Ratio   Std. Err.      z    P>|z|     [95% Conf. Interval]
----------------+----------------------------------------------------------------
           age1 |   1.005959   .0056479     1.06   0.290       .99495     1.01709
           age2 |   .9765899   .0199148    -1.16   0.245     .9383273    1.016413
           age3 |   1.063975   .0575451     1.15   0.252     .9569605    1.182956
           male |    1.01375   .0416923     0.33   0.740     .9352415    1.098849
                |
cancer_haem_cat |
     Last year  |   .9326358   .3162442    -0.21   0.837     .4798231    1.812771
 2-5 years ago  |   .8612463   .1532618    -0.84   0.401     .6076494     1.22068
      5+ years  |   .9516346   .0522101    -0.90   0.366     .8546144    1.059669
                |
          _cons |   .0273835    .004556   -21.62   0.000     .0197636    .0379412
---------------------------------------------------------------------------------
Note: _cons estimates baseline odds.
file ./analysis/output/models/an_covidvsnoncovid_agesex_noncovid_cancer_haem_cat.ster saved

-----------------------------------------------------------------------------------------------------------------------------------------------------------------------
active results
-----------------------------------------------------------------------------------------------------------------------------------------------------------------------

Logistic regression                             Number of obs     =     78,906
                                                LR chi2(5)        =       1.90
                                                Prob > chi2       =     0.8622
Log likelihood = -10886.444                     Pseudo R2         =     0.0001

-------------------------------------------------------------------------------------------
            noncoviddeath | Odds Ratio   Std. Err.      z    P>|z|     [95% Conf. Interval]
--------------------------+----------------------------------------------------------------
                     age1 |   1.005951   .0056475     1.06   0.291     .9949426    1.017081
                     age2 |   .9766042   .0199135    -1.16   0.246      .938344    1.016424
                     age3 |   1.063931   .0575383     1.15   0.252     .9569289    1.182897
                     male |   1.014023    .041702     0.34   0.735     .9354961    1.099142
1.chronic_cardiac_disease |   .9671112   .0504972    -0.64   0.522     .8730344    1.071326
                    _cons |   .0272657   .0045371   -21.65   0.000     .0196777    .0377798
-------------------------------------------------------------------------------------------
Note: _cons estimates baseline odds.
file ./analysis/output/models/an_covidvsnoncovid_agesex_noncovid_chronic_cardiac_disease.ster saved

-----------------------------------------------------------------------------------------------------------------------------------------------------------------------
active results
-----------------------------------------------------------------------------------------------------------------------------------------------------------------------

Logistic regression                             Number of obs     =     78,906
                                                LR chi2(6)        =       1.70
                                                Prob > chi2       =     0.9452
Log likelihood = -10886.547                     Pseudo R2         =     0.0001

-----------------------------------------------------------------------------------------------
                noncoviddeath | Odds Ratio   Std. Err.      z    P>|z|     [95% Conf. Interval]
------------------------------+----------------------------------------------------------------
                         age1 |    1.00594   .0056476     1.05   0.291     .9949317     1.01707
                         age2 |   .9766198   .0199139    -1.16   0.246     .9383588    1.016441
                         age3 |   1.063639   .0575294     1.14   0.254     .9566543    1.182588
                         male |   1.015541   .0419428     0.37   0.709     .9365738    1.101166
                              |
 reduced_kidney_function_cat2 |
Stage 3a/3b egfr 30-60        |   1.092108   .2364933     0.41   0.684     .7143976    1.669519
Stage 5 egfr <15 or dialysis  |   .9898969    .051347    -0.20   0.845     .8942053    1.095829
                              |
                        _cons |   .0271307   .0045144   -21.68   0.000     .0195806    .0375922
-----------------------------------------------------------------------------------------------
Note: _cons estimates baseline odds.
file ./analysis/output/models/an_covidvsnoncovid_agesex_noncovid_reduced_kidney_function_cat2.ster saved

-----------------------------------------------------------------------------------------------------------------------------------------------------------------------
active results
-----------------------------------------------------------------------------------------------------------------------------------------------------------------------

Logistic regression                             Number of obs     =     78,906
                                                LR chi2(5)        =       1.54
                                                Prob > chi2       =     0.9086
Log likelihood = -10886.627                     Pseudo R2         =     0.0001

-------------------------------------------------------------------------------
noncoviddeath | Odds Ratio   Std. Err.      z    P>|z|     [95% Conf. Interval]
--------------+----------------------------------------------------------------
         age1 |   1.005955   .0056476     1.06   0.290      .994947    1.017086
         age2 |   .9765759   .0199133    -1.16   0.245     .9383162    1.016396
         age3 |   1.064019   .0575443     1.15   0.251      .957006    1.182998
         male |   1.014029   .0417022     0.34   0.735     .9355016    1.099149
   1.dialysis |   .9889057   .0512332    -0.22   0.830     .8934203    1.094596
        _cons |   .0271462   .0045169   -21.68   0.000     .0195919    .0376132
-------------------------------------------------------------------------------
Note: _cons estimates baseline odds.
file ./analysis/output/models/an_covidvsnoncovid_agesex_noncovid_dialysis.ster saved

-----------------------------------------------------------------------------------------------------------------------------------------------------------------------
active results
-----------------------------------------------------------------------------------------------------------------------------------------------------------------------

Logistic regression                             Number of obs     =     78,906
                                                LR chi2(5)        =       1.54
                                                Prob > chi2       =     0.9085
Log likelihood = -10886.627                     Pseudo R2         =     0.0001

-----------------------------------------------------------------------------------------
          noncoviddeath | Odds Ratio   Std. Err.      z    P>|z|     [95% Conf. Interval]
------------------------+----------------------------------------------------------------
                   age1 |   1.005948   .0056476     1.06   0.291     .9949397    1.017078
                   age2 |   .9766028   .0199138    -1.16   0.246     .9383422    1.016424
                   age3 |   1.063936   .0575395     1.15   0.252     .9569322    1.182905
                   male |   1.014069   .0417039     0.34   0.734     .9355382    1.099191
1.chronic_liver_disease |   1.011352   .0521614     0.22   0.827     .9141153    1.118933
                  _cons |   .0270318   .0044977   -21.70   0.000     .0195096    .0374543
-----------------------------------------------------------------------------------------
Note: _cons estimates baseline odds.
file ./analysis/output/models/an_covidvsnoncovid_agesex_noncovid_chronic_liver_disease.ster saved

-----------------------------------------------------------------------------------------------------------------------------------------------------------------------
active results
-----------------------------------------------------------------------------------------------------------------------------------------------------------------------

Logistic regression                             Number of obs     =     78,906
                                                LR chi2(5)        =       1.56
                                                Prob > chi2       =     0.9057
Log likelihood = -10886.615                     Pseudo R2         =     0.0001

-----------------------------------------------------------------------------------------------
                noncoviddeath | Odds Ratio   Std. Err.      z    P>|z|     [95% Conf. Interval]
------------------------------+----------------------------------------------------------------
                         age1 |   1.005954   .0056476     1.06   0.290     .9949453    1.017084
                         age2 |   .9765957   .0199136    -1.16   0.245     .9383355    1.016416
                         age3 |   1.063947     .05754     1.15   0.252     .9569416    1.182917
                         male |   1.014038   .0417025     0.34   0.735     .9355095    1.099157
1.chronic_respiratory_disease |   1.013874   .0523339     0.27   0.790     .9163193    1.121815
                        _cons |   .0270135    .004496   -21.70   0.000     .0194945    .0374327
-----------------------------------------------------------------------------------------------
Note: _cons estimates baseline odds.
file ./analysis/output/models/an_covidvsnoncovid_agesex_noncovid_chronic_respiratory_disease.ster saved

-----------------------------------------------------------------------------------------------------------------------------------------------------------------------
active results
-----------------------------------------------------------------------------------------------------------------------------------------------------------------------

Logistic regression                             Number of obs     =     78,906
                                                LR chi2(7)        =       5.69
                                                Prob > chi2       =     0.5767
Log likelihood = -10884.553                     Pseudo R2         =     0.0003

---------------------------------------------------------------------------------------------
              noncoviddeath | Odds Ratio   Std. Err.      z    P>|z|     [95% Conf. Interval]
----------------------------+----------------------------------------------------------------
                       age1 |   1.005986   .0056486     1.06   0.288     .9949752    1.017118
                       age2 |   .9764421   .0199132    -1.17   0.242     .9381827    1.016262
                       age3 |   1.064437   .0575744     1.15   0.248     .9573685    1.183479
                       male |   1.013962    .041701     0.34   0.736     .9354371    1.099079
                            |
                    diabcat |
       Controlled diabetes  |    .885143    .206947    -0.52   0.602     .5597602    1.399667
     Uncontrolled diabetes  |   .3003048   .3017932    -1.20   0.231     .0418931    2.152695
Diabetes, no hba1c measure  |   .9300705    .050167    -1.34   0.179      .836764    1.033782
                            |
                      _cons |   .0274786   .0045713   -21.61   0.000     .0198331    .0380715
---------------------------------------------------------------------------------------------
Note: _cons estimates baseline odds.
file ./analysis/output/models/an_covidvsnoncovid_agesex_noncovid_diabcat.ster saved

-----------------------------------------------------------------------------------------------------------------------------------------------------------------------
active results
-----------------------------------------------------------------------------------------------------------------------------------------------------------------------

Logistic regression                             Number of obs     =     59,214
                                                LR chi2(8)        =       5.20
                                                Prob > chi2       =     0.7357
Log likelihood =  -8140.763                     Pseudo R2         =     0.0003

-----------------------------------------------------------------------------------------
          noncoviddeath | Odds Ratio   Std. Err.      z    P>|z|     [95% Conf. Interval]
------------------------+----------------------------------------------------------------
                   age1 |   1.007821   .0065387     1.20   0.230     .9950861    1.020718
                   age2 |   .9700443   .0228926    -1.29   0.197     .9261974    1.015967
                   age3 |    1.07728   .0675529     1.19   0.235     .9526918    1.218161
                   male |   .9592828   .0456715    -0.87   0.383     .8738179    1.053107
                        |
              ethnicity |
                 Mixed  |    .992336   .1091485    -0.07   0.944     .7998965    1.231073
Asian or Asian British  |   1.134535    .118021     1.21   0.225     .9252748    1.391121
                 Black  |    1.04067   .1117184     0.37   0.710     .8432077    1.284374
                 Other  |   1.035938   .0821467     0.45   0.656      .886821    1.210128
                        |
                  _cons |   .0263364   .0050741   -18.88   0.000     .0180534    .0384196
-----------------------------------------------------------------------------------------
Note: _cons estimates baseline odds.
file ./analysis/output/models/an_covidvsnoncovid_agesex_noncovid_ethnicity.ster saved

-----------------------------------------------------------------------------------------------------------------------------------------------------------------------
active results
-----------------------------------------------------------------------------------------------------------------------------------------------------------------------

Logistic regression                             Number of obs     =     78,906
                                                LR chi2(5)        =       2.38
                                                Prob > chi2       =     0.7949
Log likelihood = -10886.208                     Pseudo R2         =     0.0001

------------------------------------------------------------------------------------
     noncoviddeath | Odds Ratio   Std. Err.      z    P>|z|     [95% Conf. Interval]
-------------------+----------------------------------------------------------------
              age1 |   1.005957   .0056479     1.06   0.290     .9949484    1.017088
              age2 |   .9765678   .0199135    -1.16   0.245     .9383076    1.016388
              age3 |   1.064068    .057547     1.15   0.251       .95705    1.183053
              male |   1.013846   .0416954     0.33   0.738     .9353315    1.098951
1.htdiag_or_highbp |   .9321097   .0690127    -0.95   0.342     .8062036    1.077679
             _cons |   .0288922   .0051824   -19.76   0.000     .0203284    .0410639
------------------------------------------------------------------------------------
Note: _cons estimates baseline odds.
file ./analysis/output/models/an_covidvsnoncovid_agesex_noncovid_htdiag_or_highbp.ster saved

-----------------------------------------------------------------------------------------------------------------------------------------------------------------------
active results
-----------------------------------------------------------------------------------------------------------------------------------------------------------------------

note: 1b.bpcat != 0 predicts failure perfectly
      1b.bpcat dropped and 2 obs not used
note: 4.bpcat omitted because of collinearity

Logistic regression                             Number of obs     =     71,216
                                                LR chi2(5)        =       3.96
                                                Prob > chi2       =     0.5551
Log likelihood = -9820.5464                     Pseudo R2         =     0.0002

---------------------------------------------------------------------------------
  noncoviddeath | Odds Ratio   Std. Err.      z    P>|z|     [95% Conf. Interval]
----------------+----------------------------------------------------------------
           age1 |   1.009324   .0059875     1.56   0.118     .9976564    1.021128
           age2 |   .9644159   .0207175    -1.69   0.092     .9246533    1.005888
           age3 |   1.100233   .0626149     1.68   0.093     .9841067    1.230062
           male |   1.021076   .0442123     0.48   0.630     .9379963    1.111514
                |
          bpcat |
        Normal  |          1  (empty)
 High, stage I  |   1.576717   .7235575     0.99   0.321     .6414107    3.875888
High, stage II  |          1  (omitted)
                |
          _cons |   .0245091    .004313   -21.08   0.000     .0173594    .0346034
---------------------------------------------------------------------------------
Note: _cons estimates baseline odds.
file ./analysis/output/models/an_covidvsnoncovid_agesex_noncovid_bpcat.ster saved

-----------------------------------------------------------------------------------------------------------------------------------------------------------------------
active results
-----------------------------------------------------------------------------------------------------------------------------------------------------------------------

Logistic regression                             Number of obs     =     78,906
                                                LR chi2(5)        =       1.49
                                                Prob > chi2       =     0.9140
Log likelihood =  -10886.65                     Pseudo R2         =     0.0001

--------------------------------------------------------------------------------
 noncoviddeath | Odds Ratio   Std. Err.      z    P>|z|     [95% Conf. Interval]
---------------+----------------------------------------------------------------
          age1 |   1.005952   .0056476     1.06   0.290      .994944    1.017083
          age2 |   .9765873   .0199134    -1.16   0.245     .9383274    1.016407
          age3 |   1.063984   .0575419     1.15   0.251     .9569755    1.182958
          male |   1.014047   .0417031     0.34   0.734      .935518    1.099168
1.hypertension |   .9993495   .0517393    -0.01   0.990     .9029177     1.10608
         _cons |   .0270924   .0045081   -21.69   0.000     .0195529     .037539
--------------------------------------------------------------------------------
Note: _cons estimates baseline odds.
file ./analysis/output/models/an_covidvsnoncovid_agesex_noncovid_hypertension.ster saved

-----------------------------------------------------------------------------------------------------------------------------------------------------------------------
active results
-----------------------------------------------------------------------------------------------------------------------------------------------------------------------

Logistic regression                             Number of obs     =     78,906
                                                LR chi2(6)        =       4.18
                                                Prob > chi2       =     0.6529
Log likelihood = -10885.309                     Pseudo R2         =     0.0002

----------------------------------------------------------------------------------
   noncoviddeath | Odds Ratio   Std. Err.      z    P>|z|     [95% Conf. Interval]
-----------------+----------------------------------------------------------------
            age1 |   1.005951   .0056481     1.06   0.291      .994942    1.017083
            age2 |   .9765157   .0199134    -1.17   0.244     .9382559    1.016336
            age3 |   1.064262   .0575608     1.15   0.250     .9572189    1.183276
            male |    1.01373   .0416911     0.33   0.740     .9352233    1.098826
                 |
             imd |
              4  |   .9860521    .051981    -0.27   0.790     .8892577    1.093382
5 most deprived  |   1.110258    .074117     1.57   0.117     .9740932    1.265456
                 |
           _cons |   .0268783   .0044792   -21.70   0.000     .0193889    .0372607
----------------------------------------------------------------------------------
Note: _cons estimates baseline odds.
file ./analysis/output/models/an_covidvsnoncovid_agesex_noncovid_imd.ster saved

-----------------------------------------------------------------------------------------------------------------------------------------------------------------------
active results
-----------------------------------------------------------------------------------------------------------------------------------------------------------------------

Logistic regression                             Number of obs     =     78,906
                                                LR chi2(7)        =       4.64
                                                Prob > chi2       =     0.7042
Log likelihood = -10885.078                     Pseudo R2         =     0.0002

-------------------------------------------------------------------------------------
      noncoviddeath | Odds Ratio   Std. Err.      z    P>|z|     [95% Conf. Interval]
--------------------+----------------------------------------------------------------
               age1 |   1.005949   .0056464     1.06   0.291     .9949431    1.017077
               age2 |   .9766476   .0199128    -1.16   0.246     .9383888    1.016466
               age3 |    1.06376   .0575274     1.14   0.253     .9567778    1.182704
               male |   1.013631   .0416873     0.33   0.742     .9351318     1.09872
                    |
          obese4cat |
 Obese I (30-34.9)  |   1.087944   .0628252     1.46   0.144     .9715219    1.218318
Obese II (35-39.9)  |    1.05111   .0611824     0.86   0.392     .9377818    1.178133
   Obese III (40+)  |   1.079925   .0577637     1.44   0.151     .9724425    1.199287
                    |
              _cons |   .0259674    .004362   -21.73   0.000     .0186829    .0360921
-------------------------------------------------------------------------------------
Note: _cons estimates baseline odds.
file ./analysis/output/models/an_covidvsnoncovid_agesex_noncovid_obese4cat.ster saved

-----------------------------------------------------------------------------------------------------------------------------------------------------------------------
active results
-----------------------------------------------------------------------------------------------------------------------------------------------------------------------

Logistic regression                             Number of obs     =     68,113
                                                LR chi2(9)        =      12.75
                                                Prob > chi2       =     0.1742
Log likelihood = -9367.2986                     Pseudo R2         =     0.0007

---------------------------------------------------------------------------------------
        noncoviddeath | Odds Ratio   Std. Err.      z    P>|z|     [95% Conf. Interval]
----------------------+----------------------------------------------------------------
                 age1 |   1.010484   .0061705     1.71   0.088     .9984623    1.022651
                 age2 |   .9652199   .0212907    -1.60   0.109     .9243801    1.007864
                 age3 |   1.092833   .0638535     1.52   0.129     .9745825    1.225431
                 male |   1.018622    .045166     0.42   0.677     .9338357    1.111106
                      |
               bmicat |
  Normal (18.5-24.9)  |   .9692111   .1395496    -0.22   0.828     .7309036    1.285218
Overweight (25-29.9)  |   .8189921   .1159848    -1.41   0.159     .6204881    1.081001
   Obese I (30-34.9)  |   1.003897   .1381121     0.03   0.977      .766627    1.314601
  Obese II (35-39.9)  |   .9698476   .1336179    -0.22   0.824     .7403409    1.270502
     Obese III (40+)  |    .996575   .1353794    -0.03   0.980     .7636227    1.300592
                      |
                _cons |   .0243217   .0053996   -16.74   0.000     .0157405     .037581
---------------------------------------------------------------------------------------
Note: _cons estimates baseline odds.
file ./analysis/output/models/an_covidvsnoncovid_agesex_noncovid_bmicat.ster saved

-----------------------------------------------------------------------------------------------------------------------------------------------------------------------
active results
-----------------------------------------------------------------------------------------------------------------------------------------------------------------------

Logistic regression                             Number of obs     =     78,906
                                                LR chi2(5)        =       1.77
                                                Prob > chi2       =     0.8805
Log likelihood = -10886.513                     Pseudo R2         =     0.0001

------------------------------------------------------------------------------------
     noncoviddeath | Odds Ratio   Std. Err.      z    P>|z|     [95% Conf. Interval]
-------------------+----------------------------------------------------------------
              age1 |   1.005947   .0056475     1.06   0.291     .9949386    1.017077
              age2 |   .9765916   .0199134    -1.16   0.245     .9383316    1.016412
              age3 |    1.06399    .057542     1.15   0.251     .9569808    1.182964
              male |   1.014099   .0417052     0.34   0.734     .9355657    1.099224
1.organ_transplant |    .973181   .0506124    -0.52   0.601     .8788707    1.077611
             _cons |   .0272381   .0045331   -21.65   0.000     .0196569    .0377433
------------------------------------------------------------------------------------
Note: _cons estimates baseline odds.
file ./analysis/output/models/an_covidvsnoncovid_agesex_noncovid_organ_transplant.ster saved

-----------------------------------------------------------------------------------------------------------------------------------------------------------------------
active results
-----------------------------------------------------------------------------------------------------------------------------------------------------------------------

Logistic regression                             Number of obs     =     78,906
                                                LR chi2(5)        =       1.89
                                                Prob > chi2       =     0.8642
Log likelihood = -10886.451                     Pseudo R2         =     0.0001

-------------------------------------------------------------------------------------------
            noncoviddeath | Odds Ratio   Std. Err.      z    P>|z|     [95% Conf. Interval]
--------------------------+----------------------------------------------------------------
                     age1 |   1.005944   .0056474     1.06   0.291     .9949364    1.017074
                     age2 |    .976588   .0199132    -1.16   0.245     .9383285    1.016408
                     age3 |   1.063996   .0575419     1.15   0.251     .9569874     1.18297
                     male |   1.013997    .041701     0.34   0.735     .9354719    1.099114
1.other_immunosuppression |   .9732481   .0418761    -0.63   0.529      .894538    1.058884
                    _cons |   .0273617   .0045652   -21.57   0.000     .0197298    .0379457
-------------------------------------------------------------------------------------------
Note: _cons estimates baseline odds.
file ./analysis/output/models/an_covidvsnoncovid_agesex_noncovid_other_immunosuppression.ster saved

-----------------------------------------------------------------------------------------------------------------------------------------------------------------------
active results
-----------------------------------------------------------------------------------------------------------------------------------------------------------------------

Logistic regression                             Number of obs     =     78,906
                                                LR chi2(5)        =       1.50
                                                Prob > chi2       =     0.9135
Log likelihood = -10886.648                     Pseudo R2         =     0.0001

-------------------------------------------------------------------------------
noncoviddeath | Odds Ratio   Std. Err.      z    P>|z|     [95% Conf. Interval]
--------------+----------------------------------------------------------------
         age1 |   1.005952   .0056475     1.06   0.290     .9949439    1.017082
         age2 |   .9765892   .0199134    -1.16   0.245     .9383293    1.016409
         age3 |   1.063979   .0575415     1.15   0.252     .9569711    1.182952
         male |   1.014062   .0417039     0.34   0.734     .9355311    1.099185
1.other_neuro |   .9966068   .0516372    -0.07   0.948      .900369    1.103131
        _cons |   .0271066   .0045105   -21.68   0.000     .0195631     .037559
-------------------------------------------------------------------------------
Note: _cons estimates baseline odds.
file ./analysis/output/models/an_covidvsnoncovid_agesex_noncovid_other_neuro.ster saved

-----------------------------------------------------------------------------------------------------------------------------------------------------------------------
active results
-----------------------------------------------------------------------------------------------------------------------------------------------------------------------

Logistic regression                             Number of obs     =     78,906
                                                LR chi2(5)        =       3.51
                                                Prob > chi2       =     0.6226
Log likelihood = -10885.644                     Pseudo R2         =     0.0002

------------------------------------------------------------------------------------
     noncoviddeath | Odds Ratio   Std. Err.      z    P>|z|     [95% Conf. Interval]
-------------------+----------------------------------------------------------------
              age1 |   1.005964   .0056472     1.06   0.290     .9949562    1.017093
              age2 |   .9765386   .0199109    -1.16   0.244     .9382835    1.016353
              age3 |   1.064096   .0575428     1.15   0.251     .9570853    1.183072
              male |   1.014087    .041705     0.34   0.734      .935554    1.099212
1.ra_sle_psoriasis |   .9281347   .0491372    -1.41   0.159     .8366557    1.029616
             _cons |   .0274701   .0045702   -21.61   0.000     .0198265    .0380606
------------------------------------------------------------------------------------
Note: _cons estimates baseline odds.
file ./analysis/output/models/an_covidvsnoncovid_agesex_noncovid_ra_sle_psoriasis.ster saved

-----------------------------------------------------------------------------------------------------------------------------------------------------------------------
active results
-----------------------------------------------------------------------------------------------------------------------------------------------------------------------

Logistic regression                             Number of obs     =     14,232
                                                LR chi2(6)        =       7.13
                                                Prob > chi2       =     0.3090
Log likelihood = -1996.9654                     Pseudo R2         =     0.0018

-------------------------------------------------------------------------------
noncoviddeath | Odds Ratio   Std. Err.      z    P>|z|     [95% Conf. Interval]
--------------+----------------------------------------------------------------
         age1 |   .9999404   .0126783    -0.00   0.996     .9753975    1.025101
         age2 |   .9804926    .045974    -0.42   0.674     .8944017     1.07487
         age3 |   1.063938   .1332159     0.49   0.621     .8324102    1.359864
         male |   1.058777   .1013943     0.60   0.551     .8775843    1.277381
              |
        smoke |
      Former  |   1.304771   .2117997     1.64   0.101     .9492075    1.793525
     Current  |   .9510228   .1130926    -0.42   0.673     .7533014    1.200641
              |
        _cons |   .0344919   .0132235    -8.78   0.000     .0162699    .0731224
-------------------------------------------------------------------------------
Note: _cons estimates baseline odds.
file ./analysis/output/models/an_covidvsnoncovid_agesex_noncovid_smoke.ster saved

-----------------------------------------------------------------------------------------------------------------------------------------------------------------------
active results
-----------------------------------------------------------------------------------------------------------------------------------------------------------------------

Logistic regression                             Number of obs     =     78,906
                                                LR chi2(6)        =       6.67
                                                Prob > chi2       =     0.3529
Log likelihood = -10884.063                     Pseudo R2         =     0.0003

-------------------------------------------------------------------------------
noncoviddeath | Odds Ratio   Std. Err.      z    P>|z|     [95% Conf. Interval]
--------------+----------------------------------------------------------------
         age1 |    1.00601   .0056486     1.07   0.286     .9949993    1.017142
         age2 |   .9764102   .0199132    -1.17   0.242     .9381508     1.01623
         age3 |    1.06452   .0575821     1.16   0.248     .9574376    1.183578
         male |   1.013943   .0417006     0.34   0.736     .9354184    1.099059
              |
 smoke_nomiss |
      Former  |   1.344095   .1715714     2.32   0.021     1.046587    1.726173
     Current  |   .9770263   .0624627    -0.36   0.716     .8619612    1.107452
              |
        _cons |   .0269279   .0044781   -21.74   0.000     .0194379     .037304
-------------------------------------------------------------------------------
Note: _cons estimates baseline odds.
file ./analysis/output/models/an_covidvsnoncovid_agesex_noncovid_smoke_nomiss.ster saved

-----------------------------------------------------------------------------------------------------------------------------------------------------------------------
active results
-----------------------------------------------------------------------------------------------------------------------------------------------------------------------

Logistic regression                             Number of obs     =     78,906
                                                LR chi2(5)        =       1.50
                                                Prob > chi2       =     0.9126
Log likelihood = -10886.644                     Pseudo R2         =     0.0001

-------------------------------------------------------------------------------
noncoviddeath | Odds Ratio   Std. Err.      z    P>|z|     [95% Conf. Interval]
--------------+----------------------------------------------------------------
         age1 |   1.005952   .0056476     1.06   0.291     .9949433    1.017082
         age2 |   .9765922   .0199135    -1.16   0.245      .938332    1.016412
         age3 |    1.06397   .0575412     1.15   0.252     .9569627    1.182943
         male |   1.014057   .0417033     0.34   0.734      .935527    1.099178
     1.spleen |   1.004774    .043159     0.11   0.912     .9236471    1.093027
        _cons |   .0270433   .0045109   -21.64   0.000     .0195019    .0375008
-------------------------------------------------------------------------------
Note: _cons estimates baseline odds.
file ./analysis/output/models/an_covidvsnoncovid_agesex_noncovid_spleen.ster saved

-----------------------------------------------------------------------------------------------------------------------------------------------------------------------
active results
-----------------------------------------------------------------------------------------------------------------------------------------------------------------------

Logistic regression                             Number of obs     =     78,906
                                                LR chi2(5)        =       1.51
                                                Prob > chi2       =     0.9123
Log likelihood = -10886.643                     Pseudo R2         =     0.0001

-------------------------------------------------------------------------------
noncoviddeath | Odds Ratio   Std. Err.      z    P>|z|     [95% Conf. Interval]
--------------+----------------------------------------------------------------
         age1 |   1.005956   .0056477     1.06   0.290     .9949477    1.017087
         age2 |   .9765765   .0199134    -1.16   0.245     .9383167    1.016396
         age3 |    1.06401   .0575437     1.15   0.251     .9569982    1.182988
         male |   1.014058   .0417034     0.34   0.734     .9355287     1.09918
     1.stroke |   .9936292   .0514809    -0.12   0.902     .8976824    1.099831
        _cons |   .0271197   .0045115   -21.69   0.000     .0195742    .0375738
-------------------------------------------------------------------------------
Note: _cons estimates baseline odds.
file ./analysis/output/models/an_covidvsnoncovid_agesex_noncovid_stroke.ster saved

-----------------------------------------------------------------------------------------------------------------------------------------------------------------------
active results
-----------------------------------------------------------------------------------------------------------------------------------------------------------------------

Logistic regression                             Number of obs     =     78,906
                                                LR chi2(5)        =       1.63
                                                Prob > chi2       =     0.8979
Log likelihood = -10886.582                     Pseudo R2         =     0.0001

-------------------------------------------------------------------------------
noncoviddeath | Odds Ratio   Std. Err.      z    P>|z|     [95% Conf. Interval]
--------------+----------------------------------------------------------------
         age1 |   1.005939   .0056476     1.05   0.292     .9949307    1.017069
         age2 |   .9766079   .0199138    -1.16   0.246     .9383472    1.016429
         age3 |   1.063959   .0575405     1.15   0.252     .9569534    1.182931
         male |   1.014109   .0417058     0.34   0.733     .9355749    1.099236
   1.dementia |   1.019247   .0525348     0.37   0.711     .9213109    1.127594
        _cons |   .0269983   .0044912   -21.71   0.000     .0194866    .0374055
-------------------------------------------------------------------------------
Note: _cons estimates baseline odds.
file ./analysis/output/models/an_covidvsnoncovid_agesex_noncovid_dementia.ster saved

-----------------------------------------------------------------------------------------------------------------------------------------------------------------------
active results
-----------------------------------------------------------------------------------------------------------------------------------------------------------------------

Logistic regression                             Number of obs     =     78,906
                                                LR chi2(4)        =       1.49
                                                Prob > chi2       =     0.8281
Log likelihood = -10886.651                     Pseudo R2         =     0.0001

-------------------------------------------------------------------------------
noncoviddeath | Odds Ratio   Std. Err.      z    P>|z|     [95% Conf. Interval]
--------------+----------------------------------------------------------------
         age1 |   1.005952   .0056476     1.06   0.290     .9949439    1.017082
         age2 |   .9765876   .0199134    -1.16   0.245     .9383278    1.016408
         age3 |   1.063983   .0575418     1.15   0.251     .9569745    1.182957
       1.male |   1.014049   .0417029     0.34   0.734       .93552     1.09917
        _cons |    .027089   .0044995   -21.73   0.000     .0195617    .0375128
-------------------------------------------------------------------------------
Note: _cons estimates baseline odds.
file ./analysis/output/models/an_covidvsnoncovid_agesex_noncovid_MALE.ster saved

-----------------------------------------------------------------------------------------------------------------------------------------------------------------------
active results
-----------------------------------------------------------------------------------------------------------------------------------------------------------------------

Logistic regression                             Number of obs     =     78,906
                                                LR chi2(6)        =       4.58
                                                Prob > chi2       =     0.5989
Log likelihood = -10885.107                     Pseudo R2         =     0.0002

-------------------------------------------------------------------------------
noncoviddeath | Odds Ratio   Std. Err.      z    P>|z|     [95% Conf. Interval]
--------------+----------------------------------------------------------------
     agegroup |
      18-<40  |   1.010586   .0612198     0.17   0.862     .8974473    1.137989
      40-<50  |    1.07102   .0754165     0.97   0.330     .9329525    1.229519
      60-<70  |     1.0013   .0754039     0.02   0.986     .8638999    1.160552
      70-<80  |   .9360091   .0778371    -0.80   0.426     .7952348    1.101703
         80+  |   1.123139   .1040776     1.25   0.210     .9366023    1.346826
              |
       1.male |   1.014104    .041706     0.34   0.733     .9355699    1.099232
        _cons |   .0311816    .001682   -64.29   0.000     .0280532    .0346589
-------------------------------------------------------------------------------
Note: _cons estimates baseline odds.
file ./analysis/output/models/an_covidvsnoncovid_agesex_noncovid_AGEGROUP.ster saved

. 
. log close
      name:  <unnamed>
       log:  c:\github\covid-vs-noncovid-deaths-research\analysis/output/an_covidvsnoncovid_agesex.log
  log type:  text
 closed on:  10 Dec 2020, 21:22:41
-----------------------------------------------------------------------------------------------------------------------------------------------------------------------
