-----------------------------------------------------------------------------------------------------------------------------------------------------------------------
      name:  <unnamed>
       log:  C:\Github\covid-vs-noncovid-deaths-research\analysis\output/an_noncovid_full.log
  log type:  text
 opened on:   4 Sep 2020, 12:39:08

. 
.         cap prog drop baselogistic 

.         prog define baselogistic
  1.         syntax , age(string) bp(string) [ethnicity(real 0) if(string)] 
  2. 
.         if `ethnicity'==1 local ethnicity "i.ethnicity"
  3.         else local ethnicity
  4.         
.                 cap logistic _d `age'                   ///
>                         i.male                                                  ///
>                         i.obese4cat                                             ///
>                         i.smoke_nomiss                                  ///
>                         `ethnicity'                                             ///
>                         i.imd                                                   ///
>                         `bp'                                                    ///
>                         i.chronic_respiratory_disease   ///
>                         i.asthmacat                                             ///
>                         i.chronic_cardiac_disease               ///
>                         i.diabcat                                               ///
>                         i.cancer_exhaem_cat                             ///
>                         i.cancer_haem_cat                               ///
>                         i.chronic_liver_disease                 ///
>                         i.stroke_dementia                               ///
>                         i.other_neuro                                   ///
>                         i.reduced_kidney_function_cat   ///
>                         i.organ_transplant                              ///
>                         i.spleen                                                ///
>                         i.ra_sle_psoriasis                      ///
>                         i.other_immunosuppression
  5.                                         
.         end                     

. 
. foreach year of numlist 2019 2020{
  2.         if `year'==2019 use cr_create_analysis_dataset_2019, clear
  3.         else if `year'==2020 use cr_create_analysis_dataset, clear
  4.         
.         stset stime_primarycaredeath, fail(primarycaredeath) id(patient_id) enter(enter_date) origin(enter_date)
  5.         
.         baselogistic, age("age1 age2 age3")  bp("i.htdiag_or_highbp") ethnicity(0)
  6.         if _rc==0{
  7.         estimates
  8.         estimates save ./output/models/an_noncovid_full_`year'_agespline_bmicat_noeth, replace
  9.         }
 10.         else di "WARNING AGE SPLINE MODEL DID NOT FIT (OUTCOME `outcome')"
 11.          
.         *Age group model (not adj ethnicity)
.         baselogistic, age("ib3.agegroup") bp("i.htdiag_or_highbp") ethnicity(0)
 12.         if _rc==0{
 13.         estimates
 14.         estimates save ./output/models/an_noncovid_full_`year'_agegroup_bmicat_noeth, replace
 15.         }
 16.         else di "WARNING GROUP MODEL DID NOT FIT (OUTCOME `outcome')"
 17. 
.         *Complete case ethnicity model
.         baselogistic, age("age1 age2 age3") bp("i.htdiag_or_highbp") ethnicity(1)
 18.         if _rc==0{
 19.         estimates
 20.         estimates save ./output/models/an_noncovid_full_`year'_agespline_bmicat_CCeth, replace
 21.          }
 22.          else di "WARNING CC ETHNICITY MODEL WITH AGESPLINE DID NOT FIT (OUTCOME `outcome')"
 23.          
. 
.          
. }
(covid vs non covid 2019)

                id:  patient_id
     failure event:  primarycaredeath != 0 & primarycaredeath < .
obs. time interval:  (stime_primarycaredeath[_n-1], stime_primarycaredeath]
 enter on or after:  time enter_date
 exit on or before:  failure
    t for analysis:  (time-origin)
            origin:  time enter_date

------------------------------------------------------------------------------
      7,895  total observations
          0  exclusions
------------------------------------------------------------------------------
      7,895  observations remaining, representing
      7,895  subjects
          0  failures in single-failure-per-subject data
  1,539,525  total analysis time at risk and under observation
                                                at risk from t =         0
                                     earliest observed entry t =         0
                                          last observed exit t =       195
WARNING AGE SPLINE MODEL DID NOT FIT (OUTCOME )
WARNING GROUP MODEL DID NOT FIT (OUTCOME )
WARNING CC ETHNICITY MODEL WITH AGESPLINE DID NOT FIT (OUTCOME )
(covid vs noncovid ()2020))

                id:  patient_id
     failure event:  primarycaredeath != 0 & primarycaredeath < .
obs. time interval:  (stime_primarycaredeath[_n-1], stime_primarycaredeath]
 enter on or after:  time enter_date
 exit on or before:  failure
    t for analysis:  (time-origin)
            origin:  time enter_date

------------------------------------------------------------------------------
      7,895  total observations
          0  exclusions
------------------------------------------------------------------------------
      7,895  observations remaining, representing
      7,895  subjects
      1,547  failures in single-failure-per-subject data
  1,385,956  total analysis time at risk and under observation
                                                at risk from t =         0
                                     earliest observed entry t =         0
                                          last observed exit t =       195

-----------------------------------------------------------------------------------------------------------------------------------------------------------------------
active results
-----------------------------------------------------------------------------------------------------------------------------------------------------------------------

Logistic regression                             Number of obs     =      7,895
                                                LR chi2(33)       =      25.77
                                                Prob > chi2       =     0.8110
Log likelihood = -3893.0255                     Pseudo R2         =     0.0033

-----------------------------------------------------------------------------------------------
                           _d | Odds Ratio   Std. Err.      z    P>|z|     [95% Conf. Interval]
------------------------------+----------------------------------------------------------------
                         age1 |   .9985975   .0079219    -0.18   0.860     .9831909    1.014245
                         age2 |   1.009194   .0288071     0.32   0.749     .9542831    1.067264
                         age3 |   .9732284   .0760255    -0.35   0.728     .8350676    1.134248
                       1.male |   1.045137   .0597698     0.77   0.440      .934317    1.169101
                              |
                    obese4cat |
           Obese I (30-34.9)  |   1.027652    .081818     0.34   0.732     .8791773    1.201201
          Obese II (35-39.9)  |   .9663195   .0779844    -0.42   0.671     .8249481    1.131918
             Obese III (40+)  |   1.029462    .076503     0.39   0.696     .8899275    1.190875
                              |
                 smoke_nomiss |
                      Former  |   .5581063   .1414737    -2.30   0.021     .3395837    .9172485
                     Current  |   .9981313   .0862975    -0.02   0.983      .842546    1.182447
                              |
                          imd |
                           4  |   .9373138   .0690357    -0.88   0.379     .8113191    1.082875
             5 most deprived  |   .8307519   .0841703    -1.83   0.067     .6811285    1.013243
                              |
           1.htdiag_or_highbp |   .8994461    .093508    -1.02   0.308     .7336395    1.102726
1.chronic_respiratory_disease |   .9819079    .070343    -0.25   0.799     .8532797    1.129926
                              |
                    asthmacat |
                 Yes, no OCS  |   .7493135   .1561442    -1.38   0.166     .4980668      1.1273
                Yes with OCS  |   .9545984   .2027043    -0.22   0.827     .6296109    1.447335
                              |
    1.chronic_cardiac_disease |   1.007255   .0711724     0.10   0.919     .8769879    1.156871
                              |
                      diabcat |
         Controlled diabetes  |   1.588985   .4334532     1.70   0.090     .9309445    2.712164
       Uncontrolled diabetes  |    .739739   .5716506    -0.39   0.696     .1626644    3.364065
  Diabetes, no hba1c measure  |   1.057053   .0764737     0.77   0.443     .9173086    1.218086
                              |
            cancer_exhaem_cat |
                   Last year  |    1.39592   .4227149     1.10   0.271     .7710776    2.527102
               2-5 years ago  |   1.020021   .1615938     0.13   0.900     .7477565     1.39142
                    5+ years  |   .9044533   .0565921    -1.60   0.108     .8000665     1.02246
                              |
              cancer_haem_cat |
                   Last year  |   1.716425   .7284963     1.27   0.203     .7470546    3.943641
               2-5 years ago  |   .9314433   .2131442    -0.31   0.756     .5948043    1.458608
                    5+ years  |   1.007085   .0748804     0.09   0.924     .8705153    1.165081
                              |
      1.chronic_liver_disease |    .965196   .0693721    -0.49   0.622     .8383716    1.111206
            1.stroke_dementia |   .9916568   .0589632    -0.14   0.888     .8825708    1.114226
                1.other_neuro |   1.021429   .0724267     0.30   0.765     .8888975     1.17372
                              |
  reduced_kidney_function_cat |
Stage 3a/3b egfr 30-60        |   1.033595   .2789013     0.12   0.903     .6090676    1.754023
           1.organ_transplant |   .9870262   .0710317    -0.18   0.856     .8571793    1.136543
                     1.spleen |   1.033248   .0610993     0.55   0.580     .9201746    1.160216
           1.ra_sle_psoriasis |   .9161842   .0661751    -1.21   0.226     .7952457    1.055515
    1.other_immunosuppression |   1.003692   .0594537     0.06   0.950     .8936744    1.127253
                        _cons |   .2870893   .0758591    -4.72   0.000     .1710408    .4818749
-----------------------------------------------------------------------------------------------
Note: _cons estimates baseline odds.
(note: file ./output/models/an_noncovid_full_2020_agespline_bmicat_noeth.ster not found)
file ./output/models/an_noncovid_full_2020_agespline_bmicat_noeth.ster saved

-----------------------------------------------------------------------------------------------------------------------------------------------------------------------
active results
-----------------------------------------------------------------------------------------------------------------------------------------------------------------------

Logistic regression                             Number of obs     =      7,895
                                                LR chi2(35)       =      26.40
                                                Prob > chi2       =     0.8520
Log likelihood =  -3892.708                     Pseudo R2         =     0.0034

-----------------------------------------------------------------------------------------------
                           _d | Odds Ratio   Std. Err.      z    P>|z|     [95% Conf. Interval]
------------------------------+----------------------------------------------------------------
                     agegroup |
                      18-<40  |   .9651698   .0797847    -0.43   0.668     .8208052    1.134926
                      40-<50  |    .930863   .0900608    -0.74   0.459     .7700735    1.125225
                      60-<70  |   .9619816   .1005443    -0.37   0.711     .7837922    1.180681
                      70-<80  |   .9518088    .106912    -0.44   0.660     .7637274    1.186208
                         80+  |   1.030189   .1382568     0.22   0.825     .7919195    1.340147
                              |
                       1.male |   1.045534   .0598016     0.78   0.436     .9346558    1.169565
                              |
                    obese4cat |
           Obese I (30-34.9)  |   1.028767    .081934     0.36   0.722     .8800853    1.202567
          Obese II (35-39.9)  |   .9661135    .077982    -0.43   0.669     .8247485    1.131709
             Obese III (40+)  |   1.030403    .076596     0.40   0.687      .890702    1.192016
                              |
                 smoke_nomiss |
                      Former  |   .5587302   .1416429    -2.30   0.022     .3399501    .9183095
                     Current  |   .9983283   .0862862    -0.02   0.985      .842759    1.182615
                              |
                          imd |
                           4  |   .9361906   .0689654    -0.90   0.371     .8103257    1.081606
             5 most deprived  |   .8317401   .0842838    -1.82   0.069     .6819173     1.01448
                              |
           1.htdiag_or_highbp |   .8989333   .0934666    -1.02   0.305     .7332022    1.102126
1.chronic_respiratory_disease |   .9814608   .0703282    -0.26   0.794     .8528619    1.129451
                              |
                    asthmacat |
                 Yes, no OCS  |    .750574   .1564093    -1.38   0.169     .4989015    1.129204
                Yes with OCS  |   .9559102   .2029867    -0.21   0.832     .6304711    1.449336
                              |
    1.chronic_cardiac_disease |   1.008348   .0713035     0.12   0.906     .8778479    1.158248
                              |
                      diabcat |
         Controlled diabetes  |   1.589081   .4335752     1.70   0.090     .9308907    2.712648
       Uncontrolled diabetes  |   .7364069   .5692065    -0.40   0.692     .1618753    3.350079
  Diabetes, no hba1c measure  |   1.057349   .0765012     0.77   0.441     .9175554    1.218441
                              |
            cancer_exhaem_cat |
                   Last year  |   1.389286   .4207937     1.09   0.278     .7673188    2.515404
               2-5 years ago  |   1.016951   .1611441     0.11   0.916     .7454532     1.38733
                    5+ years  |   .9043031   .0565888    -1.61   0.108      .799923    1.022304
                              |
              cancer_haem_cat |
                   Last year  |   1.713614   .7274169     1.27   0.205      .745734    3.937694
               2-5 years ago  |   .9305128   .2129807    -0.31   0.753     .5941482    1.457303
                    5+ years  |   1.005943   .0748156     0.08   0.936     .8694938    1.163805
                              |
      1.chronic_liver_disease |   .9650477   .0693555    -0.50   0.621      .838253    1.111021
            1.stroke_dementia |   .9927162   .0590528    -0.12   0.902     .8834673    1.115475
                1.other_neuro |    1.02148   .0724381     0.30   0.764     .8889286    1.173796
                              |
  reduced_kidney_function_cat |
Stage 3a/3b egfr 30-60        |   1.022571   .2756684     0.08   0.934     .6028695    1.734457
           1.organ_transplant |   .9854438   .0709369    -0.20   0.839     .8557726    1.134764
                     1.spleen |   1.033609   .0611321     0.56   0.576     .9204756    1.160646
           1.ra_sle_psoriasis |   .9154898   .0661546    -1.22   0.222     .7945926    1.054782
    1.other_immunosuppression |   1.002613   .0594135     0.04   0.965      .892673    1.126094
                        _cons |   .2901939    .041552    -8.64   0.000     .2191832    .3842106
-----------------------------------------------------------------------------------------------
Note: _cons estimates baseline odds.
(note: file ./output/models/an_noncovid_full_2020_agegroup_bmicat_noeth.ster not found)
file ./output/models/an_noncovid_full_2020_agegroup_bmicat_noeth.ster saved

-----------------------------------------------------------------------------------------------------------------------------------------------------------------------
active results
-----------------------------------------------------------------------------------------------------------------------------------------------------------------------

Logistic regression                             Number of obs     =      5,912
                                                LR chi2(35)       =      25.62
                                                Prob > chi2       =     0.8769
Log likelihood = -2945.0164                     Pseudo R2         =     0.0043

-----------------------------------------------------------------------------------------------
                           _d | Odds Ratio   Std. Err.      z    P>|z|     [95% Conf. Interval]
------------------------------+----------------------------------------------------------------
                         age1 |   1.001811   .0090225     0.20   0.841     .9842821    1.019651
                         age2 |   .9920075   .0323265    -0.25   0.805     .9306298    1.057433
                         age3 |   1.021831    .091398     0.24   0.809      .857518    1.217629
                       1.male |   .9978561    .065507    -0.03   0.974     .8773815    1.134873
                              |
                    obese4cat |
           Obese I (30-34.9)  |   1.011324   .0926855     0.12   0.902      .845045    1.210323
          Obese II (35-39.9)  |   .9495744    .088649    -0.55   0.579     .7907948    1.140235
             Obese III (40+)  |   1.040558   .0882894     0.47   0.639     .8811366    1.228822
                              |
                 smoke_nomiss |
                      Former  |   .6894765   .1945005    -1.32   0.187       .39664    1.198512
                     Current  |   .9840694   .0976131    -0.16   0.871        .8102    1.195251
                              |
                    ethnicity |
      Asian or Asian British  |   1.065233   .1122105     0.60   0.549      .866523    1.309512
                       Other  |   .9311678   .1044666    -0.64   0.525     .7473648    1.160174
                              |
                          imd |
                           4  |    .949194   .0805488    -0.61   0.539     .8037515    1.120955
             5 most deprived  |   .7758732   .0916269    -2.15   0.032     .6155565    .9779429
                              |
           1.htdiag_or_highbp |   .9662992   .1182214    -0.28   0.779     .7602769     1.22815
1.chronic_respiratory_disease |   .9752701   .0808329    -0.30   0.763     .8290393    1.147294
                              |
                    asthmacat |
                 Yes, no OCS  |   .8896752   .2001758    -0.52   0.603     .5724166    1.382773
                Yes with OCS  |   .9416466   .2310728    -0.25   0.806     .5821162    1.523233
                              |
    1.chronic_cardiac_disease |   1.034146   .0831833     0.42   0.676     .8833114    1.210737
                              |
                      diabcat |
         Controlled diabetes  |   1.770011   .5533785     1.83   0.068     .9590806    3.266605
       Uncontrolled diabetes  |   .5694216   .6104132    -0.53   0.599     .0696556    4.654917
  Diabetes, no hba1c measure  |    1.02092   .0851318     0.25   0.804     .8669868    1.202185
                              |
            cancer_exhaem_cat |
                   Last year  |   1.925116   .6605316     1.91   0.056       .98265    3.771507
               2-5 years ago  |   .9984941   .1869569    -0.01   0.994     .6917792    1.441198
                    5+ years  |   .8677584   .0626792    -1.96   0.050     .7532091    .9997285
                              |
              cancer_haem_cat |
                   Last year  |   2.172238   1.026749     1.64   0.101     .8601439    5.485849
               2-5 years ago  |   .8811578   .2388325    -0.47   0.641     .5180129     1.49888
                    5+ years  |   1.064502   .0893413     0.74   0.456       .90304    1.254833
                              |
      1.chronic_liver_disease |   .9681919   .0797512    -0.39   0.695     .8238476    1.137826
            1.stroke_dementia |   .9969005   .0681659    -0.05   0.964     .8718635     1.13987
                1.other_neuro |   .9298585    .077179    -0.88   0.381     .7902536    1.094126
                              |
  reduced_kidney_function_cat |
Stage 3a/3b egfr 30-60        |   .9982097   .3166167    -0.01   0.995     .5360852    1.858702
           1.organ_transplant |   .9666653   .0797593    -0.41   0.681     .8223255    1.136341
                     1.spleen |   1.036061   .0703932     0.52   0.602      .906885    1.183637
           1.ra_sle_psoriasis |    .956499   .0790579    -0.54   0.591     .8134481    1.124707
    1.other_immunosuppression |   1.014998   .0690532     0.22   0.827     .8882918    1.159778
                        _cons |   .2669391   .0806192    -4.37   0.000     .1476855    .4824879
-----------------------------------------------------------------------------------------------
Note: _cons estimates baseline odds.
(note: file ./output/models/an_noncovid_full_2020_agespline_bmicat_CCeth.ster not found)
file ./output/models/an_noncovid_full_2020_agespline_bmicat_CCeth.ster saved

. 
end of do-file

. 
end of do-file

