-----------------------------------------------------------------------------------------------------------------------------------------------------------------------
      name:  <unnamed>
       log:  C:\Github\covid-vs-noncovid-deaths-research\analysis\output/an_noncovid_agesex.log
  log type:  text
 opened on:   4 Sep 2020, 12:39:04

. 
.         cap prog drop baselogistic 

.         prog define baselogistic
  1.                 syntax , age(string) addvariable(string)
  2. 
.                 cap logistic _d `age'                   ///
>                                         i.male                          ///
>                                         i.`addvariable'                 
  3.         end                     

. 
. foreach year of numlist 2019 2020{
  2.         if `year'==2019 use cr_create_analysis_dataset_2019, clear
  3.         else if `year'==2020 use cr_create_analysis_dataset, clear
  4.         
.         stset stime_primarycaredeath, fail(primarycaredeath) id(patient_id) enter(enter_date) origin(enter_date)
  5. 
.         foreach addvariable of any asthmacat    ///
>                         cancer_exhaem_cat                                       ///
>                         cancer_haem_cat                                         ///
>                         chronic_cardiac_disease                         ///
>                         reduced_kidney_function_cat                     ///
>                         dialysis                                                        ///
>                         chronic_liver_disease                           ///
>                         chronic_respiratory_disease             ///
>                         diabcat                                                         ///
>                         ethnicity                                                       ///
>                         htdiag_or_highbp                                        ///
>                          bpcat                                                          ///
>                          hypertension                                           ///
>                         imd                                                             ///
>                         obese4cat                                                       ///
>                          bmicat                                                         ///
>                         organ_transplant                                        ///
>                         other_immunosuppression                         ///
>                         other_neuro                                             ///
>                         ra_sle_psoriasis                                        ///  
>                         smoke                                                           ///
>                         smoke_nomiss                                            ///
>                         spleen                                                          ///
>                         stroke_dementia {
  6.                                 baselogistic, age("age1 age2 age3")  addvariable("i.`addvariable'") 
  7.                                 if _rc==0{
  8.                                 estimates
  9.                                 estimates save ./output/models/an_noncovid_`year'_agesex_`addvariable'
 10.                                 }
 11.                         else di "MODEL DID NOT FIT (adding `addvariable')"
 12.          }
 13. 
.          cap logistic _d age1 age2 age3 i.male
 14.                                 if _rc==0{
 15.                                 estimates
 16.                                 estimates save ./output/models/an_noncovid_`year'_agesex_SEX
 17.                         }
 18.          cap logistic _d i.agegroup i.male
 19.                                 if _rc==0{
 20.                                 estimates
 21.                                 estimates save ./output/models/an_noncovid_`year'_agesex_AGEGROUP
 22.                         }
 23.          
. }
(covid vs non covid 2019)

                id:  patient_id
     failure event:  primarycaredeath != 0 & primarycaredeath < .
obs. time interval:  (stime_primarycaredeath[_n-1], stime_primarycaredeath]
 enter on or after:  time enter_date
 exit on or before:  failure
    t for analysis:  (time-origin)
            origin:  time enter_date

------------------------------------------------------------------------------
      7,895  total observations
          0  exclusions
------------------------------------------------------------------------------
      7,895  observations remaining, representing
      7,895  subjects
          0  failures in single-failure-per-subject data
  1,539,525  total analysis time at risk and under observation
                                                at risk from t =         0
                                     earliest observed entry t =         0
                                          last observed exit t =       195
MODEL DID NOT FIT (adding asthmacat)
MODEL DID NOT FIT (adding cancer_exhaem_cat)
MODEL DID NOT FIT (adding cancer_haem_cat)
MODEL DID NOT FIT (adding chronic_cardiac_disease)
MODEL DID NOT FIT (adding reduced_kidney_function_cat)
MODEL DID NOT FIT (adding dialysis)
MODEL DID NOT FIT (adding chronic_liver_disease)
MODEL DID NOT FIT (adding chronic_respiratory_disease)
MODEL DID NOT FIT (adding diabcat)
MODEL DID NOT FIT (adding ethnicity)
MODEL DID NOT FIT (adding htdiag_or_highbp)
MODEL DID NOT FIT (adding bpcat)
MODEL DID NOT FIT (adding hypertension)
MODEL DID NOT FIT (adding imd)
MODEL DID NOT FIT (adding obese4cat)
MODEL DID NOT FIT (adding bmicat)
MODEL DID NOT FIT (adding organ_transplant)
MODEL DID NOT FIT (adding other_immunosuppression)
MODEL DID NOT FIT (adding other_neuro)
MODEL DID NOT FIT (adding ra_sle_psoriasis)
MODEL DID NOT FIT (adding smoke)
MODEL DID NOT FIT (adding smoke_nomiss)
MODEL DID NOT FIT (adding spleen)
MODEL DID NOT FIT (adding stroke_dementia)
(covid vs noncovid ()2020))

                id:  patient_id
     failure event:  primarycaredeath != 0 & primarycaredeath < .
obs. time interval:  (stime_primarycaredeath[_n-1], stime_primarycaredeath]
 enter on or after:  time enter_date
 exit on or before:  failure
    t for analysis:  (time-origin)
            origin:  time enter_date

------------------------------------------------------------------------------
      7,895  total observations
          0  exclusions
------------------------------------------------------------------------------
      7,895  observations remaining, representing
      7,895  subjects
      1,547  failures in single-failure-per-subject data
  1,385,956  total analysis time at risk and under observation
                                                at risk from t =         0
                                     earliest observed entry t =         0
                                          last observed exit t =       195

-----------------------------------------------------------------------------------------------------------------------------------------------------------------------
active results
-----------------------------------------------------------------------------------------------------------------------------------------------------------------------

Logistic regression                             Number of obs     =      7,895
                                                LR chi2(6)        =       2.63
                                                Prob > chi2       =     0.8537
Log likelihood = -3904.5935                     Pseudo R2         =     0.0003

-------------------------------------------------------------------------------
           _d | Odds Ratio   Std. Err.      z    P>|z|     [95% Conf. Interval]
--------------+----------------------------------------------------------------
         age1 |   .9991455   .0078954    -0.11   0.914       .98379    1.014741
         age2 |   1.006965    .028635     0.24   0.807     .9523767    1.064682
         age3 |   .9781366   .0761215    -0.28   0.776     .8397626    1.139312
       1.male |   1.043632   .0592141     0.75   0.452     .9337948    1.166388
              |
    asthmacat |
 Yes, no OCS  |    .761127   .1582629    -1.31   0.189     .5063664    1.144062
Yes with OCS  |   .9403675    .199131    -0.29   0.772     .6209381    1.424121
              |
        _cons |   .2429615   .0565376    -6.08   0.000     .1539789    .3833662
-------------------------------------------------------------------------------
Note: _cons estimates baseline odds.
file ./output/models/an_noncovid_2020_agesex_asthmacat.ster saved

-----------------------------------------------------------------------------------------------------------------------------------------------------------------------
active results
-----------------------------------------------------------------------------------------------------------------------------------------------------------------------

Logistic regression                             Number of obs     =      7,895
                                                LR chi2(7)        =       4.60
                                                Prob > chi2       =     0.7091
Log likelihood = -3903.6102                     Pseudo R2         =     0.0006

-----------------------------------------------------------------------------------
               _d | Odds Ratio   Std. Err.      z    P>|z|     [95% Conf. Interval]
------------------+----------------------------------------------------------------
             age1 |   .9991073   .0078972    -0.11   0.910     .9837483    1.014706
             age2 |   1.006828   .0286333     0.24   0.811     .9522432    1.064542
             age3 |    .978976   .0761825    -0.27   0.785     .8404904    1.140279
           1.male |   1.042532    .059155     0.73   0.463     .9328045    1.165166
                  |
cancer_exhaem_cat |
       Last year  |    1.39243   .4204796     1.10   0.273     .7704273    2.516607
   2-5 years ago  |   1.022361   .1614501     0.14   0.889     .7502115    1.393238
        5+ years  |   .9081681   .0566311    -1.54   0.122      .803688    1.026231
                  |
            _cons |   .2482181   .0580783    -5.96   0.000     .1569165    .3926435
-----------------------------------------------------------------------------------
Note: _cons estimates baseline odds.
file ./output/models/an_noncovid_2020_agesex_cancer_exhaem_cat.ster saved

-----------------------------------------------------------------------------------------------------------------------------------------------------------------------
active results
-----------------------------------------------------------------------------------------------------------------------------------------------------------------------

Logistic regression                             Number of obs     =      7,895
                                                LR chi2(7)        =       2.44
                                                Prob > chi2       =     0.9314
Log likelihood = -3904.6874                     Pseudo R2         =     0.0003

---------------------------------------------------------------------------------
             _d | Odds Ratio   Std. Err.      z    P>|z|     [95% Conf. Interval]
----------------+----------------------------------------------------------------
           age1 |   .9992346   .0078971    -0.10   0.923     .9838758    1.014833
           age2 |   1.006646   .0286293     0.23   0.816     .9520686    1.064351
           age3 |   .9790776    .076203    -0.27   0.786     .8405563    1.140427
         1.male |   1.044219   .0592379     0.76   0.446     .9343371    1.167024
                |
cancer_haem_cat |
     Last year  |   1.734879   .7335538     1.30   0.193     .7574574    3.973565
 2-5 years ago  |   .9216956   .2102609    -0.36   0.721     .5893971    1.441342
      5+ years  |    1.00724   .0746922     0.10   0.923      .870987    1.164807
                |
          _cons |   .2400415   .0559556    -6.12   0.000     .1520072    .3790604
---------------------------------------------------------------------------------
Note: _cons estimates baseline odds.
file ./output/models/an_noncovid_2020_agesex_cancer_haem_cat.ster saved

-----------------------------------------------------------------------------------------------------------------------------------------------------------------------
active results
-----------------------------------------------------------------------------------------------------------------------------------------------------------------------

Logistic regression                             Number of obs     =      7,895
                                                LR chi2(5)        =       0.74
                                                Prob > chi2       =     0.9808
Log likelihood = -3905.5393                     Pseudo R2         =     0.0001

-------------------------------------------------------------------------------------------
                       _d | Odds Ratio   Std. Err.      z    P>|z|     [95% Conf. Interval]
--------------------------+----------------------------------------------------------------
                     age1 |   .9992792   .0078955    -0.09   0.927     .9839234    1.014875
                     age2 |   1.006345    .028614     0.22   0.824     .9517971     1.06402
                     age3 |   .9798689   .0762495    -0.26   0.794     .8412612    1.141314
                   1.male |    1.04415   .0592256     0.76   0.446     .9342895    1.166928
1.chronic_cardiac_disease |   1.005761   .0708568     0.08   0.935     .8760462    1.154683
                    _cons |    .240169   .0559802    -6.12   0.000     .1520944    .3792458
-------------------------------------------------------------------------------------------
Note: _cons estimates baseline odds.
file ./output/models/an_noncovid_2020_agesex_chronic_cardiac_disease.ster saved

-----------------------------------------------------------------------------------------------------------------------------------------------------------------------
active results
-----------------------------------------------------------------------------------------------------------------------------------------------------------------------

Logistic regression                             Number of obs     =      7,895
                                                LR chi2(5)        =       0.74
                                                Prob > chi2       =     0.9809
Log likelihood = -3905.5402                     Pseudo R2         =     0.0001

-----------------------------------------------------------------------------------------------
                           _d | Odds Ratio   Std. Err.      z    P>|z|     [95% Conf. Interval]
------------------------------+----------------------------------------------------------------
                         age1 |   .9992733   .0078955    -0.09   0.927     .9839177    1.014869
                         age2 |    1.00637   .0286136     0.22   0.823     .9518228    1.064044
                         age3 |   .9797277   .0762417    -0.26   0.792     .8411347    1.141157
                       1.male |   1.044602   .0595645     0.77   0.444     .9341454     1.16812
                              |
  reduced_kidney_function_cat |
Stage 3a/3b egfr 30-60        |   1.018917    .274277     0.07   0.944     .6011853    1.726909
                        _cons |   .2404297   .0559254    -6.13   0.000      .152403    .3792998
-----------------------------------------------------------------------------------------------
Note: _cons estimates baseline odds.
file ./output/models/an_noncovid_2020_agesex_reduced_kidney_function_cat.ster saved

-----------------------------------------------------------------------------------------------------------------------------------------------------------------------
active results
-----------------------------------------------------------------------------------------------------------------------------------------------------------------------

Logistic regression                             Number of obs     =      7,895
                                                LR chi2(5)        =       0.81
                                                Prob > chi2       =     0.9762
Log likelihood = -3905.5019                     Pseudo R2         =     0.0001

------------------------------------------------------------------------------
          _d | Odds Ratio   Std. Err.      z    P>|z|     [95% Conf. Interval]
-------------+----------------------------------------------------------------
        age1 |   .9992642   .0078955    -0.09   0.926     .9839086     1.01486
        age2 |   1.006363   .0286136     0.22   0.823     .9518154    1.064037
        age3 |   .9798776   .0762461    -0.26   0.794     .8412755    1.141315
      1.male |   1.044311   .0592358     0.76   0.445     .9344319    1.167111
  1.dialysis |   .9799109   .0697735    -0.29   0.776     .8522709    1.126667
       _cons |   .2415185   .0562982    -6.10   0.000     .1529447    .3813875
------------------------------------------------------------------------------
Note: _cons estimates baseline odds.
file ./output/models/an_noncovid_2020_agesex_dialysis.ster saved

-----------------------------------------------------------------------------------------------------------------------------------------------------------------------
active results
-----------------------------------------------------------------------------------------------------------------------------------------------------------------------

Logistic regression                             Number of obs     =      7,895
                                                LR chi2(5)        =       0.96
                                                Prob > chi2       =     0.9661
Log likelihood = -3905.4307                     Pseudo R2         =     0.0001

-----------------------------------------------------------------------------------------
                     _d | Odds Ratio   Std. Err.      z    P>|z|     [95% Conf. Interval]
------------------------+----------------------------------------------------------------
                   age1 |   .9993258   .0078971    -0.09   0.932      .983967    1.014924
                   age2 |   1.006129   .0286133     0.21   0.830     .9515824    1.063802
                   age3 |   .9805203   .0763168    -0.25   0.800     .8417924    1.142111
                 1.male |   1.044303   .0592347     0.76   0.445     .9344257      1.1671
1.chronic_liver_disease |   .9667157   .0693052    -0.47   0.637     .8399915    1.112558
                  _cons |   .2417209   .0562899    -6.10   0.000     .1531418    .3815352
-----------------------------------------------------------------------------------------
Note: _cons estimates baseline odds.
file ./output/models/an_noncovid_2020_agesex_chronic_liver_disease.ster saved

-----------------------------------------------------------------------------------------------------------------------------------------------------------------------
active results
-----------------------------------------------------------------------------------------------------------------------------------------------------------------------

Logistic regression                             Number of obs     =      7,895
                                                LR chi2(5)        =       0.76
                                                Prob > chi2       =     0.9797
Log likelihood = -3905.5299                     Pseudo R2         =     0.0001

-----------------------------------------------------------------------------------------------
                           _d | Odds Ratio   Std. Err.      z    P>|z|     [95% Conf. Interval]
------------------------------+----------------------------------------------------------------
                         age1 |   .9992538   .0078961    -0.09   0.925     .9838969     1.01485
                         age2 |   1.006441   .0286187     0.23   0.821     .9518834    1.064125
                         age3 |   .9796041   .0762336    -0.26   0.791      .841026    1.141016
                       1.male |   1.044118    .059224     0.76   0.447     .9342603    1.166893
1.chronic_respiratory_disease |   .9886699   .0706075    -0.16   0.873     .8595307    1.137212
                        _cons |   .2411722   .0562684    -6.10   0.000     .1526623    .3809981
-----------------------------------------------------------------------------------------------
Note: _cons estimates baseline odds.
file ./output/models/an_noncovid_2020_agesex_chronic_respiratory_disease.ster saved

-----------------------------------------------------------------------------------------------------------------------------------------------------------------------
active results
-----------------------------------------------------------------------------------------------------------------------------------------------------------------------

Logistic regression                             Number of obs     =      7,895
                                                LR chi2(7)        =       4.09
                                                Prob > chi2       =     0.7693
Log likelihood = -3903.8631                     Pseudo R2         =     0.0005

---------------------------------------------------------------------------------------------
                         _d | Odds Ratio   Std. Err.      z    P>|z|     [95% Conf. Interval]
----------------------------+----------------------------------------------------------------
                       age1 |    .999392   .0079004    -0.08   0.939     .9840269    1.014997
                       age2 |   1.005813   .0286148     0.20   0.839     .9512641     1.06349
                       age3 |   .9816249   .0764329    -0.24   0.812       .84269    1.143466
                     1.male |   1.044772   .0592794     0.77   0.440     .9348142    1.167664
                            |
                    diabcat |
       Controlled diabetes  |   1.581779   .4294205     1.69   0.091     .9290994    2.692958
     Uncontrolled diabetes  |   .7512772   .5780907    -0.37   0.710     .1662723    3.394536
Diabetes, no hba1c measure  |   1.060431   .0764378     0.81   0.416     .9207175    1.221346
                            |
                      _cons |   .2359138   .0550102    -6.19   0.000     .1493726    .3725939
---------------------------------------------------------------------------------------------
Note: _cons estimates baseline odds.
file ./output/models/an_noncovid_2020_agesex_diabcat.ster saved

-----------------------------------------------------------------------------------------------------------------------------------------------------------------------
active results
-----------------------------------------------------------------------------------------------------------------------------------------------------------------------

Logistic regression                             Number of obs     =      5,912
                                                LR chi2(6)        =       1.06
                                                Prob > chi2       =     0.9834
Log likelihood = -2957.2966                     Pseudo R2         =     0.0002

-----------------------------------------------------------------------------------------
                     _d | Odds Ratio   Std. Err.      z    P>|z|     [95% Conf. Interval]
------------------------+----------------------------------------------------------------
                   age1 |   1.002127   .0089838     0.24   0.813     .9846726     1.01989
                   age2 |    .989886   .0321103    -0.31   0.754     .9289099    1.054865
                   age3 |   1.027385   .0914687     0.30   0.762     .8628794    1.223252
                 1.male |   .9970846   .0648805    -0.04   0.964     .8776959    1.132713
                        |
              ethnicity |
Asian or Asian British  |   1.057912    .110889     0.54   0.591     .8614452    1.299186
                 Other  |    .928251   .1035027    -0.67   0.504      .746026    1.154986
                        |
                  _cons |   .2394498   .0633274    -5.40   0.000     .1425926     .402098
-----------------------------------------------------------------------------------------
Note: _cons estimates baseline odds.
file ./output/models/an_noncovid_2020_agesex_ethnicity.ster saved

-----------------------------------------------------------------------------------------------------------------------------------------------------------------------
active results
-----------------------------------------------------------------------------------------------------------------------------------------------------------------------

Logistic regression                             Number of obs     =      7,895
                                                LR chi2(5)        =       1.74
                                                Prob > chi2       =     0.8844
Log likelihood = -3905.0406                     Pseudo R2         =     0.0002

------------------------------------------------------------------------------------
                _d | Odds Ratio   Std. Err.      z    P>|z|     [95% Conf. Interval]
-------------------+----------------------------------------------------------------
              age1 |    .999215   .0078956    -0.10   0.921     .9838592     1.01481
              age2 |    1.00674   .0286276     0.24   0.813     .9521658    1.064442
              age3 |   .9786914   .0761651    -0.28   0.782     .8402381    1.139959
            1.male |   1.044019   .0592212     0.76   0.448     .9341676    1.166789
1.htdiag_or_highbp |   .9006897    .093218    -1.01   0.312     .7353245    1.103243
             _cons |   .2651141   .0667512    -5.27   0.000     .1618508    .4342609
------------------------------------------------------------------------------------
Note: _cons estimates baseline odds.
file ./output/models/an_noncovid_2020_agesex_htdiag_or_highbp.ster saved

-----------------------------------------------------------------------------------------------------------------------------------------------------------------------
active results
-----------------------------------------------------------------------------------------------------------------------------------------------------------------------

note: 1b.bpcat != 0 predicts failure perfectly
      1b.bpcat dropped and 2 obs not used
note: 4.bpcat omitted because of collinearity

Logistic regression                             Number of obs     =      7,115
                                                LR chi2(5)        =       2.41
                                                Prob > chi2       =     0.7895
Log likelihood = -3515.7572                     Pseudo R2         =     0.0003

---------------------------------------------------------------------------------
             _d | Odds Ratio   Std. Err.      z    P>|z|     [95% Conf. Interval]
----------------+----------------------------------------------------------------
           age1 |   1.001335   .0083458     0.16   0.873     .9851104    1.017827
           age2 |   .9975307   .0299004    -0.08   0.934     .9406153     1.05789
           age3 |   1.005331   .0824194     0.06   0.948     .8561022    1.180572
         1.male |   1.073003   .0641645     1.18   0.239     .9543334     1.20643
                |
          bpcat |
        Normal  |          1  (empty)
 High, stage I  |   2.065261   1.462002     1.02   0.306     .5157129    8.270693
High, stage II  |          1  (omitted)
                |
          _cons |   .2236631   .0548819    -6.10   0.000     .1382702     .361793
---------------------------------------------------------------------------------
Note: _cons estimates baseline odds.
file ./output/models/an_noncovid_2020_agesex_bpcat.ster saved

-----------------------------------------------------------------------------------------------------------------------------------------------------------------------
active results
-----------------------------------------------------------------------------------------------------------------------------------------------------------------------

Logistic regression                             Number of obs     =      7,895
                                                LR chi2(5)        =       2.12
                                                Prob > chi2       =     0.8317
Log likelihood = -3904.8463                     Pseudo R2         =     0.0003

--------------------------------------------------------------------------------
            _d | Odds Ratio   Std. Err.      z    P>|z|     [95% Conf. Interval]
---------------+----------------------------------------------------------------
          age1 |   .9993138   .0078957    -0.09   0.931     .9839578    1.014909
          age2 |   1.006346   .0286142     0.22   0.824     .9517969     1.06402
          age3 |   .9796904   .0762382    -0.26   0.792     .8411035    1.141112
        1.male |   1.044758   .0592664     0.77   0.440     .9348224    1.167621
1.hypertension |   1.086806   .0762904     1.19   0.236     .9471099    1.247107
         _cons |   .2360983   .0550429    -6.19   0.000     .1495021    .3728536
--------------------------------------------------------------------------------
Note: _cons estimates baseline odds.
file ./output/models/an_noncovid_2020_agesex_hypertension.ster saved

-----------------------------------------------------------------------------------------------------------------------------------------------------------------------
active results
-----------------------------------------------------------------------------------------------------------------------------------------------------------------------

Logistic regression                             Number of obs     =      7,895
                                                LR chi2(6)        =       4.48
                                                Prob > chi2       =     0.6120
Log likelihood = -3903.6683                     Pseudo R2         =     0.0006

----------------------------------------------------------------------------------
              _d | Odds Ratio   Std. Err.      z    P>|z|     [95% Conf. Interval]
-----------------+----------------------------------------------------------------
            age1 |   .9990699   .0078977    -0.12   0.906     .9837099     1.01467
            age2 |   1.007149     .02865     0.25   0.802     .9525327    1.064897
            age3 |   .9780107   .0761356    -0.29   0.775     .8396142     1.13922
          1.male |   1.044997   .0592885     0.78   0.438     .9350215    1.167908
                 |
             imd |
              4  |   .9355028   .0686607    -0.91   0.364     .8101617    1.080236
5 most deprived  |   .8334899   .0842307    -1.80   0.072     .6837222    1.016064
                 |
           _cons |   .2488184   .0581171    -5.96   0.000      .157422     .393278
----------------------------------------------------------------------------------
Note: _cons estimates baseline odds.
file ./output/models/an_noncovid_2020_agesex_imd.ster saved

-----------------------------------------------------------------------------------------------------------------------------------------------------------------------
active results
-----------------------------------------------------------------------------------------------------------------------------------------------------------------------

Logistic regression                             Number of obs     =      7,895
                                                LR chi2(7)        =       1.52
                                                Prob > chi2       =     0.9815
Log likelihood = -3905.1462                     Pseudo R2         =     0.0002

-------------------------------------------------------------------------------------
                 _d | Odds Ratio   Std. Err.      z    P>|z|     [95% Conf. Interval]
--------------------+----------------------------------------------------------------
               age1 |   .9993407    .007898    -0.08   0.933     .9839802    1.014941
               age2 |   1.005965   .0286116     0.21   0.834     .9514215    1.063635
               age3 |    .980975   .0763574    -0.25   0.805     .8421742    1.142652
             1.male |   1.044704   .0592692     0.77   0.441     .9347639    1.167574
                    |
          obese4cat |
 Obese I (30-34.9)  |    1.03642   .0822351     0.45   0.652     .8871497    1.210806
Obese II (35-39.9)  |   .9639546   .0775874    -0.46   0.648     .8232743    1.128674
   Obese III (40+)  |   1.030219   .0763422     0.40   0.688     .8909499    1.191259
                    |
              _cons |   .2384915    .056074    -6.10   0.000     .1504316    .3781002
-------------------------------------------------------------------------------------
Note: _cons estimates baseline odds.
file ./output/models/an_noncovid_2020_agesex_obese4cat.ster saved

-----------------------------------------------------------------------------------------------------------------------------------------------------------------------
active results
-----------------------------------------------------------------------------------------------------------------------------------------------------------------------

Logistic regression                             Number of obs     =      6,822
                                                LR chi2(9)        =       4.40
                                                Prob > chi2       =     0.8830
Log likelihood = -3360.4723                     Pseudo R2         =     0.0007

---------------------------------------------------------------------------------------
                   _d | Odds Ratio   Std. Err.      z    P>|z|     [95% Conf. Interval]
----------------------+----------------------------------------------------------------
                 age1 |   .9961664   .0085349    -0.45   0.654      .979578    1.013036
                 age2 |   1.021953   .0314835     0.70   0.481      .962072     1.08556
                 age3 |   .9367323   .0789065    -0.78   0.438     .7941704    1.104885
               1.male |   1.076618    .065926     1.21   0.228      .954858    1.213904
                      |
               bmicat |
  Normal (18.5-24.9)  |   1.212393   .2518931     0.93   0.354     .8068507     1.82177
Overweight (25-29.9)  |   1.195411    .242147     0.88   0.378     .8037017    1.778034
   Obese I (30-34.9)  |   1.260987   .2508137     1.17   0.244     .8538949     1.86216
  Obese II (35-39.9)  |   1.174114   .2340779     0.81   0.421     .7943468    1.735444
     Obese III (40+)  |   1.255138   .2470724     1.15   0.248     .8533622    1.846075
                      |
                _cons |   .2079624    .064908    -5.03   0.000      .112801    .3834042
---------------------------------------------------------------------------------------
Note: _cons estimates baseline odds.
file ./output/models/an_noncovid_2020_agesex_bmicat.ster saved

-----------------------------------------------------------------------------------------------------------------------------------------------------------------------
active results
-----------------------------------------------------------------------------------------------------------------------------------------------------------------------

Logistic regression                             Number of obs     =      7,895
                                                LR chi2(5)        =       0.75
                                                Prob > chi2       =     0.9800
Log likelihood = -3905.5322                     Pseudo R2         =     0.0001

------------------------------------------------------------------------------------
                _d | Odds Ratio   Std. Err.      z    P>|z|     [95% Conf. Interval]
-------------------+----------------------------------------------------------------
              age1 |   .9992651   .0078956    -0.09   0.926     .9839093    1.014861
              age2 |   1.006382   .0286139     0.22   0.823      .951834    1.064056
              age3 |   .9797859   .0762382    -0.26   0.793      .841198    1.141206
            1.male |   1.044123   .0592243     0.76   0.447     .9342647    1.166898
1.organ_transplant |   .9897045   .0709451    -0.14   0.885     .8599808    1.138996
             _cons |   .2410446   .0562085    -6.10   0.000     .1526188    .3807034
------------------------------------------------------------------------------------
Note: _cons estimates baseline odds.
file ./output/models/an_noncovid_2020_agesex_organ_transplant.ster saved

-----------------------------------------------------------------------------------------------------------------------------------------------------------------------
active results
-----------------------------------------------------------------------------------------------------------------------------------------------------------------------

Logistic regression                             Number of obs     =      7,895
                                                LR chi2(5)        =       0.74
                                                Prob > chi2       =     0.9805
Log likelihood = -3905.5366                     Pseudo R2         =     0.0001

-------------------------------------------------------------------------------------------
                       _d | Odds Ratio   Std. Err.      z    P>|z|     [95% Conf. Interval]
--------------------------+----------------------------------------------------------------
                     age1 |   .9992859    .007896    -0.09   0.928     .9839293    1.014882
                     age2 |   1.006347   .0286134     0.22   0.824     .9518001     1.06402
                     age3 |    .979834   .0762431    -0.26   0.793     .8412374    1.141265
                   1.male |   1.044308   .0592453     0.76   0.445     .9344128    1.167129
1.other_immunosuppression |   1.006496   .0594386     0.11   0.913     .8964881    1.130004
                    _cons |   .2398089   .0560979    -6.10   0.000     .1516162    .3793016
-------------------------------------------------------------------------------------------
Note: _cons estimates baseline odds.
file ./output/models/an_noncovid_2020_agesex_other_immunosuppression.ster saved

-----------------------------------------------------------------------------------------------------------------------------------------------------------------------
active results
-----------------------------------------------------------------------------------------------------------------------------------------------------------------------

Logistic regression                             Number of obs     =      7,895
                                                LR chi2(5)        =       0.78
                                                Prob > chi2       =     0.9783
Log likelihood = -3905.5183                     Pseudo R2         =     0.0001

-------------------------------------------------------------------------------
           _d | Odds Ratio   Std. Err.      z    P>|z|     [95% Conf. Interval]
--------------+----------------------------------------------------------------
         age1 |   .9992719   .0078957    -0.09   0.927     .9839159    1.014868
         age2 |   1.006353   .0286141     0.22   0.824     .9518041    1.064027
         age3 |   .9798804   .0762489    -0.26   0.794     .8412736    1.141324
       1.male |   1.044377   .0592444     0.77   0.444     .9344822    1.167195
1.other_neuro |   1.015705   .0717736     0.22   0.825     .8843386    1.166586
        _cons |    .239726   .0558621    -6.13   0.000     .1518323    .3785002
-------------------------------------------------------------------------------
Note: _cons estimates baseline odds.
file ./output/models/an_noncovid_2020_agesex_other_neuro.ster saved

-----------------------------------------------------------------------------------------------------------------------------------------------------------------------
active results
-----------------------------------------------------------------------------------------------------------------------------------------------------------------------

Logistic regression                             Number of obs     =      7,895
                                                LR chi2(5)        =       2.33
                                                Prob > chi2       =     0.8024
Log likelihood =  -3904.745                     Pseudo R2         =     0.0003

------------------------------------------------------------------------------------
                _d | Odds Ratio   Std. Err.      z    P>|z|     [95% Conf. Interval]
-------------------+----------------------------------------------------------------
              age1 |    .999361   .0078976    -0.08   0.936     .9840013     1.01496
              age2 |   1.006501   .0286207     0.23   0.820     .9519403     1.06419
              age3 |   .9790853   .0761941    -0.27   0.786      .840579    1.140414
            1.male |   1.044152   .0592305     0.76   0.446     .9342834    1.166941
1.ra_sle_psoriasis |    .913515   .0658036    -1.26   0.209     .7932329    1.052036
             _cons |   .2438229   .0567818    -6.06   0.000     .1544705    .3848606
------------------------------------------------------------------------------------
Note: _cons estimates baseline odds.
file ./output/models/an_noncovid_2020_agesex_ra_sle_psoriasis.ster saved

-----------------------------------------------------------------------------------------------------------------------------------------------------------------------
active results
-----------------------------------------------------------------------------------------------------------------------------------------------------------------------

Logistic regression                             Number of obs     =      1,438
                                                LR chi2(6)        =       8.87
                                                Prob > chi2       =     0.1812
Log likelihood = -695.88468                     Pseudo R2         =     0.0063

------------------------------------------------------------------------------
          _d | Odds Ratio   Std. Err.      z    P>|z|     [95% Conf. Interval]
-------------+----------------------------------------------------------------
        age1 |    .979701   .0182925    -1.10   0.272     .9444965    1.016218
        age2 |    1.04886   .0705546     0.71   0.478     .9193033    1.196674
        age3 |   .8972421   .1658211    -0.59   0.557     .6245933    1.288908
      1.male |    .904303   .1219437    -0.75   0.456     .6942741    1.177869
             |
       smoke |
     Former  |   .5238289   .1509722    -2.24   0.025     .2977595    .9215382
    Current  |   .9649579   .1561014    -0.22   0.825     .7027638    1.324974
             |
       _cons |   .5278103   .2990578    -1.13   0.259     .1738546    1.602395
------------------------------------------------------------------------------
Note: _cons estimates baseline odds.
file ./output/models/an_noncovid_2020_agesex_smoke.ster saved

-----------------------------------------------------------------------------------------------------------------------------------------------------------------------
active results
-----------------------------------------------------------------------------------------------------------------------------------------------------------------------

Logistic regression                             Number of obs     =      7,895
                                                LR chi2(6)        =       7.21
                                                Prob > chi2       =     0.3018
Log likelihood = -3902.3028                     Pseudo R2         =     0.0009

------------------------------------------------------------------------------
          _d | Odds Ratio   Std. Err.      z    P>|z|     [95% Conf. Interval]
-------------+----------------------------------------------------------------
        age1 |   .9989593   .0079028    -0.13   0.895     .9835896    1.014569
        age2 |   1.007505    .028679     0.26   0.793     .9528343    1.065312
        age3 |   .9770346   .0761032    -0.30   0.765     .8387029    1.138182
      1.male |   1.044159   .0592466     0.76   0.446     .9342622    1.166983
             |
smoke_nomiss |
     Former  |   .5498273   .1391226    -2.36   0.018     .3348475    .9028291
    Current  |   1.001252   .0863139     0.01   0.988        .8456    1.185556
             |
       _cons |   .2447807   .0569945    -6.04   0.000     .1550901    .3863405
------------------------------------------------------------------------------
Note: _cons estimates baseline odds.
file ./output/models/an_noncovid_2020_agesex_smoke_nomiss.ster saved

-----------------------------------------------------------------------------------------------------------------------------------------------------------------------
active results
-----------------------------------------------------------------------------------------------------------------------------------------------------------------------

Logistic regression                             Number of obs     =      7,895
                                                LR chi2(5)        =       1.00
                                                Prob > chi2       =     0.9626
Log likelihood = -3905.4085                     Pseudo R2         =     0.0001

------------------------------------------------------------------------------
          _d | Odds Ratio   Std. Err.      z    P>|z|     [95% Conf. Interval]
-------------+----------------------------------------------------------------
        age1 |   .9992604   .0078956    -0.09   0.925     .9839045    1.014856
        age2 |   1.006423   .0286165     0.23   0.822     .9518699    1.064103
        age3 |   .9796606   .0762341    -0.26   0.792      .841081    1.141073
      1.male |   1.044738   .0592689     0.77   0.440     .9347988    1.167608
    1.spleen |   1.031013   .0607533     0.52   0.604     .9185577    1.157236
       _cons |   .2378529   .0555552    -6.15   0.000     .1504851    .3759441
------------------------------------------------------------------------------
Note: _cons estimates baseline odds.
file ./output/models/an_noncovid_2020_agesex_spleen.ster saved

-----------------------------------------------------------------------------------------------------------------------------------------------------------------------
active results
-----------------------------------------------------------------------------------------------------------------------------------------------------------------------

Logistic regression                             Number of obs     =      7,895
                                                LR chi2(5)        =       0.78
                                                Prob > chi2       =     0.9781
Log likelihood = -3905.5168                     Pseudo R2         =     0.0001

-----------------------------------------------------------------------------------
               _d | Odds Ratio   Std. Err.      z    P>|z|     [95% Conf. Interval]
------------------+----------------------------------------------------------------
             age1 |   .9992672   .0078953    -0.09   0.926     .9839119    1.014862
             age2 |   1.006404   .0286142     0.22   0.822     .9518553    1.064079
             age3 |   .9796936   .0762308    -0.26   0.792     .8411193    1.141098
           1.male |   1.044447   .0592532     0.77   0.443     .9345362    1.167283
1.stroke_dementia |   .9866448   .0584386    -0.23   0.820     .8785054    1.108095
            _cons |   .2416478   .0564469    -6.08   0.000     .1528796    .3819586
-----------------------------------------------------------------------------------
Note: _cons estimates baseline odds.
file ./output/models/an_noncovid_2020_agesex_stroke_dementia.ster saved

-----------------------------------------------------------------------------------------------------------------------------------------------------------------------
active results
-----------------------------------------------------------------------------------------------------------------------------------------------------------------------

Logistic regression                             Number of obs     =      7,895
                                                LR chi2(4)        =       0.73
                                                Prob > chi2       =     0.9474
Log likelihood = -3905.5426                     Pseudo R2         =     0.0001

------------------------------------------------------------------------------
          _d | Odds Ratio   Std. Err.      z    P>|z|     [95% Conf. Interval]
-------------+----------------------------------------------------------------
        age1 |    .999276   .0078954    -0.09   0.927     .9839205    1.014871
        age2 |   1.006366   .0286136     0.22   0.823      .951818    1.064039
        age3 |   .9798035   .0762407    -0.26   0.793     .8412113    1.141229
      1.male |   1.044179   .0592262     0.76   0.446     .9343178    1.166959
       _cons |   .2404644   .0559312    -6.13   0.000     .1524278    .3793478
------------------------------------------------------------------------------
Note: _cons estimates baseline odds.
file ./output/models/an_noncovid_2020_agesex_SEX.ster saved

-----------------------------------------------------------------------------------------------------------------------------------------------------------------------
active results
-----------------------------------------------------------------------------------------------------------------------------------------------------------------------

Logistic regression                             Number of obs     =      7,895
                                                LR chi2(6)        =       1.40
                                                Prob > chi2       =     0.9661
Log likelihood = -3905.2104                     Pseudo R2         =     0.0002

------------------------------------------------------------------------------
          _d | Odds Ratio   Std. Err.      z    P>|z|     [95% Conf. Interval]
-------------+----------------------------------------------------------------
    agegroup |
     40-<50  |   .9641735   .0803981    -0.44   0.662      .818799    1.135359
     50-<60  |    1.03513   .0851936     0.42   0.675     .8809251    1.216328
     60-<70  |   .9865673   .0908815    -0.15   0.883     .8235973    1.181785
     70-<80  |    .975493   .0983046    -0.25   0.806     .8006542    1.188511
        80+  |   1.049466   .1298256     0.39   0.696     .8235111    1.337419
             |
      1.male |   1.044785   .0592769     0.77   0.440     .9348312    1.167671
       _cons |   .2387808   .0131881   -25.93   0.000     .2142826    .2660799
------------------------------------------------------------------------------
Note: _cons estimates baseline odds.
file ./output/models/an_noncovid_2020_agesex_AGEGROUP.ster saved

. 
end of do-file

. do an_noncovid_full /*primary care deaths*/

. cap log close
